2024-03-24T13:38:43.6768423Z,Updating submodules.,1eae912d-aca6-427d-a4f1-09bb3a983806,0
2024-03-24T13:38:44.7784545Z,Preparing deployment for commit id '14d01186-6'.,1acc1a5d-495d-4a89-b9cb-121b9732fe1a,0
2024-03-24T13:38:45.2106039Z,PreDeployment: context.CleanOutputPath False,fc4cb47f-cf51-4f31-b641-24212f54b68d,0
2024-03-24T13:38:45.3527745Z,PreDeployment: context.OutputPath /home/site/wwwroot,c3a811a3-9f0f-47b2-a908-557ade92530a,0
2024-03-24T13:38:45.4981387Z,Repository path is /tmp/zipdeploy/extracted,102cfb84-8ba5-477c-a38f-73d529260ea4,0
2024-03-24T13:38:45.6096712Z,Running oryx build...,0568aae3-7a0f-4ce1-b7f3-312bef1768f9,0
	2024-03-24T13:38:45.6162352Z,Command: oryx build /tmp/zipdeploy/extracted -o /home/site/wwwroot --platform python --platform-version 3.11 -p virtualenv_name=antenv --log-file /tmp/build-debug.log  -i /tmp/8dc4c07ba084061 --compress-destination-dir | tee /tmp/oryx-build.log,,0
	2024-03-24T13:38:47.7619409Z,Operation performed by Microsoft Oryx&comma; https://github.com/Microsoft/Oryx,,0
	2024-03-24T13:38:47.8000197Z,You can report issues at https://github.com/Microsoft/Oryx/issues,,0
	2024-03-24T13:38:47.8112457Z,,,0
	2024-03-24T13:38:47.8593976Z,Oryx Version: 0.2.20230508.1&comma; Commit: 7fe2bf39b357dd68572b438a85ca50b5ecfb4592&comma; ReleaseTagName: 20230508.1,,0
	2024-03-24T13:38:47.8885129Z,,,0
	2024-03-24T13:38:47.9166621Z,Build Operation ID: 50bda3467589558d,,0
	2024-03-24T13:38:47.9388576Z,Repository Commit : 14d01186-6735-4f60-9433-a3ba270b5798,,0
	2024-03-24T13:38:47.9668430Z,OS Type           : bullseye,,0
	2024-03-24T13:38:48.0352416Z,Image Type        : githubactions,,0
	2024-03-24T13:38:48.1037775Z,,,0
	2024-03-24T13:38:48.1447905Z,Detecting platforms...,,0
	2024-03-24T13:38:49.9122842Z,Detected following platforms:,,0
	2024-03-24T13:38:49.9309778Z,  python: 3.11.8,,0
	2024-03-24T13:38:50.4504999Z,,,0
	2024-03-24T13:38:50.5597416Z,Using intermediate directory '/tmp/8dc4c07ba084061'.,,0
	2024-03-24T13:38:50.5945765Z,,,0
	2024-03-24T13:38:50.6064975Z,Copying files to the intermediate directory...,,0
	2024-03-24T13:38:50.7625562Z,Done in 0 sec(s).,,0
	2024-03-24T13:38:50.7926523Z,,,0
	2024-03-24T13:38:50.8119047Z,Source directory     : /tmp/8dc4c07ba084061,,0
	2024-03-24T13:38:50.8482889Z,Destination directory: /home/site/wwwroot,,0
	2024-03-24T13:38:50.8776092Z,,,0
	2024-03-24T13:38:51.2286065Z,Python Version: /tmp/oryx/platforms/python/3.11.8/bin/python3.11,,0
	2024-03-24T13:38:51.2608671Z,Creating directory for command manifest file if it does not exist,,0
	2024-03-24T13:38:51.2960700Z,Removing existing manifest file,,0
	2024-03-24T13:38:51.3247238Z,Python Virtual Environment: antenv,,0
	2024-03-24T13:38:51.3548762Z,Creating virtual environment...,,0
	2024-03-24T13:39:09.4621874Z,Activating virtual environment...,,0
	2024-03-24T13:39:09.5213844Z,Running pip install...,,0
	2024-03-24T13:40:46.1179755Z,[13:39:11+0000] Collecting blinker==1.6.2 (from -r requirements.txt (line 1)),,0
	2024-03-24T13:40:46.1639672Z,[13:39:11+0000]   Using cached blinker-1.6.2-py3-none-any.whl.metadata (2.0 kB),,0
	2024-03-24T13:40:46.1912856Z,[13:39:11+0000] Collecting cachetools==5.3.1 (from -r requirements.txt (line 2)),,0
	2024-03-24T13:40:46.2115154Z,[13:39:11+0000]   Using cached cachetools-5.3.1-py3-none-any.whl.metadata (5.2 kB),,0
	2024-03-24T13:40:46.2223887Z,[13:39:11+0000] Collecting certifi==2023.7.22 (from -r requirements.txt (line 3)),,0
	2024-03-24T13:40:46.2427763Z,[13:39:11+0000]   Using cached certifi-2023.7.22-py3-none-any.whl.metadata (2.2 kB),,0
	2024-03-24T13:40:46.2695883Z,[13:39:12+0000] Collecting charset-normalizer==3.2.0 (from -r requirements.txt (line 4)),,0
	2024-03-24T13:40:46.2803020Z,[13:39:12+0000]   Using cached charset_normalizer-3.2.0-cp311-cp311-manylinux_2_17_x86_64.manylinux2014_x86_64.whl.metadata (31 kB),,0
	2024-03-24T13:40:46.3012905Z,[13:39:12+0000] Collecting click==8.1.7 (from -r requirements.txt (line 5)),,0
	2024-03-24T13:40:46.3214004Z,[13:39:12+0000]   Using cached click-8.1.7-py3-none-any.whl.metadata (3.0 kB),,0
	2024-03-24T13:40:46.3679090Z,[13:39:12+0000] Collecting colorama==0.4.6 (from -r requirements.txt (line 6)),,0
	2024-03-24T13:40:46.3868374Z,[13:39:12+0000]   Using cached colorama-0.4.6-py2.py3-none-any.whl.metadata (17 kB),,0
	2024-03-24T13:40:46.4078889Z,[13:39:12+0000] Collecting config==0.5.1 (from -r requirements.txt (line 7)),,0
	2024-03-24T13:40:46.4359517Z,[13:39:12+0000]   Using cached config-0.5.1-py2.py3-none-any.whl.metadata (1.4 kB),,0
	2024-03-24T13:40:46.4563905Z,[13:39:12+0000] Collecting DateTime==5.4 (from -r requirements.txt (line 8)),,0
	2024-03-24T13:40:46.4850857Z,[13:39:12+0000]   Using cached DateTime-5.4-py3-none-any.whl.metadata (33 kB),,0
	2024-03-24T13:40:46.5321394Z,[13:39:12+0000] Collecting Flask==2.3.2 (from -r requirements.txt (line 9)),,0
	2024-03-24T13:40:46.5914583Z,[13:39:12+0000]   Using cached Flask-2.3.2-py3-none-any.whl.metadata (3.7 kB),,0
	2024-03-24T13:40:46.6392253Z,[13:39:12+0000] Collecting Flask-Cors==4.0.0 (from -r requirements.txt (line 10)),,0
	2024-03-24T13:40:46.6609255Z,[13:39:12+0000]   Using cached Flask_Cors-4.0.0-py2.py3-none-any.whl.metadata (5.4 kB),,0
	2024-03-24T13:40:46.6875170Z,[13:39:13+0000] Collecting Flask-SQLAlchemy==3.0.5 (from -r requirements.txt (line 11)),,0
	2024-03-24T13:40:46.7001981Z,[13:39:13+0000]   Using cached flask_sqlalchemy-3.0.5-py3-none-any.whl.metadata (3.3 kB),,0
	2024-03-24T13:40:46.7205099Z,[13:39:13+0000] Collecting google-api-core==2.11.1 (from -r requirements.txt (line 12)),,0
	2024-03-24T13:40:46.7569536Z,[13:39:13+0000]   Using cached google_api_core-2.11.1-py3-none-any.whl.metadata (2.7 kB),,0
	2024-03-24T13:40:46.7687597Z,[13:39:13+0000] Collecting google-api-python-client==2.100.0 (from -r requirements.txt (line 13)),,0
	2024-03-24T13:40:46.8063926Z,[13:39:13+0000]   Using cached google_api_python_client-2.100.0-py2.py3-none-any.whl.metadata (6.6 kB),,0
	2024-03-24T13:40:46.8272374Z,[13:39:14+0000] Collecting google-auth==2.23.0 (from -r requirements.txt (line 14)),,0
	2024-03-24T13:40:46.8819831Z,[13:39:14+0000]   Using cached google_auth-2.23.0-py2.py3-none-any.whl.metadata (4.2 kB),,0
	2024-03-24T13:40:46.8921733Z,[13:39:14+0000] Collecting google-auth-httplib2==0.1.1 (from -r requirements.txt (line 15)),,0
	2024-03-24T13:40:46.9138551Z,[13:39:14+0000]   Using cached google_auth_httplib2-0.1.1-py2.py3-none-any.whl.metadata (2.1 kB),,0
	2024-03-24T13:40:46.9410406Z,[13:39:14+0000] Collecting google-auth-oauthlib==1.1.0 (from -r requirements.txt (line 16)),,0
	2024-03-24T13:40:46.9518308Z,[13:39:14+0000]   Using cached google_auth_oauthlib-1.1.0-py2.py3-none-any.whl.metadata (2.7 kB),,0
	2024-03-24T13:40:46.9636583Z,[13:39:14+0000] Collecting googleapis-common-protos==1.60.0 (from -r requirements.txt (line 17)),,0
	2024-03-24T13:40:46.9823839Z,[13:39:14+0000]   Using cached googleapis_common_protos-1.60.0-py2.py3-none-any.whl.metadata (1.5 kB),,0
	2024-03-24T13:40:47.0018350Z,[13:39:15+0000] Collecting greenlet==2.0.2 (from -r requirements.txt (line 18)),,0
	2024-03-24T13:40:47.0310489Z,[13:39:15+0000]   Using cached greenlet-2.0.2-cp311-cp311-manylinux_2_17_x86_64.manylinux2014_x86_64.whl.metadata (4.1 kB),,0
	2024-03-24T13:40:47.0495259Z,[13:39:15+0000] Collecting gspread==5.11.2 (from -r requirements.txt (line 19)),,0
	2024-03-24T13:40:47.0783028Z,[13:39:15+0000]   Using cached gspread-5.11.2-py3-none-any.whl.metadata (7.0 kB),,0
	2024-03-24T13:40:47.1076401Z,[13:39:15+0000] Collecting gunicorn==21.2.0 (from -r requirements.txt (line 20)),,0
	2024-03-24T13:40:47.1190667Z,[13:39:15+0000]   Using cached gunicorn-21.2.0-py3-none-any.whl.metadata (4.1 kB),,0
	2024-03-24T13:40:47.1580666Z,[13:39:15+0000] Collecting httplib2==0.22.0 (from -r requirements.txt (line 21)),,0
	2024-03-24T13:40:47.1884829Z,[13:39:15+0000]   Using cached httplib2-0.22.0-py3-none-any.whl.metadata (2.6 kB),,0
	2024-03-24T13:40:47.2152306Z,[13:39:15+0000] Collecting idna==3.4 (from -r requirements.txt (line 22)),,0
	2024-03-24T13:40:47.2397704Z,[13:39:15+0000]   Using cached idna-3.4-py3-none-any.whl.metadata (9.8 kB),,0
	2024-03-24T13:40:47.2659535Z,[13:39:16+0000] Collecting itsdangerous==2.1.2 (from -r requirements.txt (line 23)),,0
	2024-03-24T13:40:47.3053698Z,[13:39:16+0000]   Using cached itsdangerous-2.1.2-py3-none-any.whl.metadata (2.9 kB),,0
	2024-03-24T13:40:47.3417668Z,[13:39:16+0000] Collecting Jinja2==3.1.2 (from -r requirements.txt (line 24)),,0
	2024-03-24T13:40:47.3898388Z,[13:39:16+0000]   Using cached Jinja2-3.1.2-py3-none-any.whl.metadata (3.5 kB),,0
	2024-03-24T13:40:47.4121902Z,[13:39:16+0000] Collecting MarkupSafe==2.1.3 (from -r requirements.txt (line 25)),,0
	2024-03-24T13:40:47.4488313Z,[13:39:16+0000]   Using cached MarkupSafe-2.1.3-cp311-cp311-manylinux_2_17_x86_64.manylinux2014_x86_64.whl.metadata (3.0 kB),,0
	2024-03-24T13:40:47.4704316Z,[13:39:17+0000] Collecting numpy==1.26.4 (from -r requirements.txt (line 26)),,0
	2024-03-24T13:40:47.5085360Z,[13:39:17+0000]   Using cached numpy-1.26.4-cp311-cp311-manylinux_2_17_x86_64.manylinux2014_x86_64.whl.metadata (61 kB),,0
	2024-03-24T13:40:47.5194741Z,[13:39:17+0000] Collecting oauth2client==4.1.3 (from -r requirements.txt (line 27)),,0
	2024-03-24T13:40:47.5470920Z,[13:39:17+0000]   Using cached oauth2client-4.1.3-py2.py3-none-any.whl.metadata (1.2 kB),,0
	2024-03-24T13:40:47.5662978Z,[13:39:17+0000] Collecting oauthlib==3.2.2 (from -r requirements.txt (line 28)),,0
	2024-03-24T13:40:47.5772181Z,[13:39:17+0000]   Using cached oauthlib-3.2.2-py3-none-any.whl.metadata (7.5 kB),,0
	2024-03-24T13:40:47.5956813Z,[13:39:17+0000] Collecting packaging==23.2 (from -r requirements.txt (line 29)),,0
	2024-03-24T13:40:47.6155639Z,[13:39:17+0000]   Using cached packaging-23.2-py3-none-any.whl.metadata (3.2 kB),,0
	2024-03-24T13:40:47.6361383Z,[13:39:18+0000] Collecting pandas==2.2.1 (from -r requirements.txt (line 30)),,0
	2024-03-24T13:40:47.6558249Z,[13:39:18+0000]   Using cached pandas-2.2.1-cp311-cp311-manylinux_2_17_x86_64.manylinux2014_x86_64.whl.metadata (19 kB),,0
	2024-03-24T13:40:47.7024456Z,[13:39:19+0000] Collecting protobuf==4.24.3 (from -r requirements.txt (line 31)),,0
	2024-03-24T13:40:47.7430307Z,[13:39:19+0000]   Using cached protobuf-4.24.3-cp37-abi3-manylinux2014_x86_64.whl.metadata (540 bytes),,0
	2024-03-24T13:40:47.7637557Z,[13:39:20+0000] Collecting pyasn1==0.5.0 (from -r requirements.txt (line 32)),,0
	2024-03-24T13:40:47.7920410Z,[13:39:20+0000]   Using cached pyasn1-0.5.0-py2.py3-none-any.whl.metadata (8.5 kB),,0
	2024-03-24T13:40:47.8027480Z,[13:39:20+0000] Collecting pyasn1-modules==0.3.0 (from -r requirements.txt (line 33)),,0
	2024-03-24T13:40:47.8196666Z,[13:39:20+0000]   Using cached pyasn1_modules-0.3.0-py2.py3-none-any.whl.metadata (3.6 kB),,0
	2024-03-24T13:40:47.8304921Z,[13:39:20+0000] Collecting pyodbc==4.0.39 (from -r requirements.txt (line 34)),,0
	2024-03-24T13:40:47.8417120Z,[13:39:20+0000]   Using cached pyodbc-4.0.39-cp311-cp311-manylinux_2_17_x86_64.manylinux2014_x86_64.whl.metadata (3.2 kB),,0
	2024-03-24T13:40:47.8526156Z,[13:39:20+0000] Collecting pyparsing==3.1.1 (from -r requirements.txt (line 35)),,0
	2024-03-24T13:40:47.8783244Z,[13:39:20+0000]   Using cached pyparsing-3.1.1-py3-none-any.whl.metadata (5.1 kB),,0
	2024-03-24T13:40:47.9084857Z,[13:39:20+0000] Collecting python-dateutil==2.9.0.post0 (from -r requirements.txt (line 36)),,0
	2024-03-24T13:40:47.9456888Z,[13:39:20+0000]   Using cached python_dateutil-2.9.0.post0-py2.py3-none-any.whl.metadata (8.4 kB),,0
	2024-03-24T13:40:47.9741800Z,[13:39:21+0000] Collecting pytz==2024.1 (from -r requirements.txt (line 37)),,0
	2024-03-24T13:40:47.9980692Z,[13:39:21+0000]   Using cached pytz-2024.1-py2.py3-none-any.whl.metadata (22 kB),,0
	2024-03-24T13:40:48.0860829Z,[13:39:21+0000] Collecting requests==2.31.0 (from -r requirements.txt (line 38)),,0
	2024-03-24T13:40:48.1422554Z,[13:39:21+0000]   Using cached requests-2.31.0-py3-none-any.whl.metadata (4.6 kB),,0
	2024-03-24T13:40:48.1631052Z,[13:39:21+0000] Collecting requests-oauthlib==1.3.1 (from -r requirements.txt (line 39)),,0
	2024-03-24T13:40:48.2016893Z,[13:39:21+0000]   Using cached requests_oauthlib-1.3.1-py2.py3-none-any.whl.metadata (10 kB),,0
	2024-03-24T13:40:48.2231473Z,[13:39:21+0000] Collecting rsa==4.9 (from -r requirements.txt (line 40)),,0
	2024-03-24T13:40:48.2501823Z,[13:39:21+0000]   Using cached rsa-4.9-py3-none-any.whl.metadata (4.2 kB),,0
	2024-03-24T13:40:48.2794836Z,[13:39:21+0000] Collecting six==1.16.0 (from -r requirements.txt (line 41)),,0
	2024-03-24T13:40:48.3209233Z,[13:39:21+0000]   Using cached six-1.16.0-py2.py3-none-any.whl.metadata (1.8 kB),,0
	2024-03-24T13:40:48.3581429Z,[13:39:23+0000] Collecting SQLAlchemy==2.0.20 (from -r requirements.txt (line 42)),,0
	2024-03-24T13:40:48.3902941Z,[13:39:23+0000]   Using cached SQLAlchemy-2.0.20-cp311-cp311-manylinux_2_17_x86_64.manylinux2014_x86_64.whl.metadata (9.4 kB),,0
	2024-03-24T13:40:48.4665070Z,[13:39:23+0000] Collecting StrEnum==0.4.15 (from -r requirements.txt (line 43)),,0
	2024-03-24T13:40:48.5451325Z,[13:39:23+0000]   Using cached StrEnum-0.4.15-py3-none-any.whl.metadata (5.3 kB),,0
	2024-03-24T13:40:48.5827630Z,[13:39:23+0000] Collecting typing_extensions==4.7.1 (from -r requirements.txt (line 44)),,0
	2024-03-24T13:40:48.6207160Z,[13:39:23+0000]   Using cached typing_extensions-4.7.1-py3-none-any.whl.metadata (3.1 kB),,0
	2024-03-24T13:40:48.7062432Z,[13:39:23+0000] Collecting tzdata==2024.1 (from -r requirements.txt (line 45)),,0
	2024-03-24T13:40:48.7494251Z,[13:39:23+0000]   Using cached tzdata-2024.1-py2.py3-none-any.whl.metadata (1.4 kB),,0
	2024-03-24T13:40:48.7886867Z,[13:39:24+0000] Collecting uritemplate==4.1.1 (from -r requirements.txt (line 46)),,0
	2024-03-24T13:40:48.8177408Z,[13:39:24+0000]   Using cached uritemplate-4.1.1-py2.py3-none-any.whl.metadata (2.9 kB),,0
	2024-03-24T13:40:48.8390065Z,[13:39:24+0000] Collecting urllib3==1.26.16 (from -r requirements.txt (line 47)),,0
	2024-03-24T13:40:48.8774969Z,[13:39:24+0000]   Using cached urllib3-1.26.16-py2.py3-none-any.whl.metadata (48 kB),,0
	2024-03-24T13:40:48.8980588Z,[13:39:24+0000] Collecting Werkzeug==2.3.7 (from -r requirements.txt (line 48)),,0
	2024-03-24T13:40:48.9289263Z,[13:39:24+0000]   Using cached werkzeug-2.3.7-py3-none-any.whl.metadata (4.1 kB),,0
	2024-03-24T13:40:48.9759528Z,[13:39:26+0000] Collecting zope.interface==6.2 (from -r requirements.txt (line 49)),,0
	2024-03-24T13:40:49.0242631Z,[13:39:26+0000]   Using cached zope.interface-6.2-cp311-cp311-manylinux_2_5_x86_64.manylinux1_x86_64.manylinux_2_17_x86_64.manylinux2014_x86_64.whl.metadata (41 kB),,0
	2024-03-24T13:40:49.0817983Z,[13:39:29+0000] Requirement already satisfied: setuptools in ./antenv/lib/python3.11/site-packages (from zope.interface==6.2->-r requirements.txt (line 49)) (65.5.0),,0
	2024-03-24T13:40:49.1139360Z,[13:39:29+0000] Using cached blinker-1.6.2-py3-none-any.whl (13 kB),,0
	2024-03-24T13:40:49.1606244Z,[13:39:29+0000] Using cached cachetools-5.3.1-py3-none-any.whl (9.3 kB),,0
	2024-03-24T13:40:49.1993344Z,[13:39:29+0000] Using cached certifi-2023.7.22-py3-none-any.whl (158 kB),,0
	2024-03-24T13:40:49.2639393Z,[13:39:30+0000] Using cached charset_normalizer-3.2.0-cp311-cp311-manylinux_2_17_x86_64.manylinux2014_x86_64.whl (199 kB),,0
	2024-03-24T13:40:49.2949380Z,[13:39:30+0000] Using cached click-8.1.7-py3-none-any.whl (97 kB),,0
	2024-03-24T13:40:49.3512815Z,[13:39:30+0000] Using cached colorama-0.4.6-py2.py3-none-any.whl (25 kB),,0
	2024-03-24T13:40:49.3977191Z,[13:39:30+0000] Using cached config-0.5.1-py2.py3-none-any.whl (20 kB),,0
	2024-03-24T13:40:49.5131948Z,[13:39:30+0000] Using cached DateTime-5.4-py3-none-any.whl (52 kB),,0
	2024-03-24T13:40:49.5379603Z,[13:39:30+0000] Using cached Flask-2.3.2-py3-none-any.whl (96 kB),,0
	2024-03-24T13:40:49.6118051Z,[13:39:30+0000] Using cached Flask_Cors-4.0.0-py2.py3-none-any.whl (14 kB),,0
	2024-03-24T13:40:49.6626608Z,[13:39:30+0000] Using cached flask_sqlalchemy-3.0.5-py3-none-any.whl (24 kB),,0
	2024-03-24T13:40:49.7305929Z,[13:39:30+0000] Using cached google_api_core-2.11.1-py3-none-any.whl (120 kB),,0
	2024-03-24T13:40:49.8067782Z,[13:39:30+0000] Using cached google_api_python_client-2.100.0-py2.py3-none-any.whl (12.2 MB),,0
	2024-03-24T13:40:49.8559450Z,[13:39:30+0000] Using cached google_auth-2.23.0-py2.py3-none-any.whl (181 kB),,0
	2024-03-24T13:40:49.9051200Z,[13:39:30+0000] Using cached google_auth_httplib2-0.1.1-py2.py3-none-any.whl (9.3 kB),,0
	2024-03-24T13:40:49.9520028Z,[13:39:30+0000] Using cached google_auth_oauthlib-1.1.0-py2.py3-none-any.whl (19 kB),,0
	2024-03-24T13:40:50.2933776Z,[13:39:30+0000] Using cached googleapis_common_protos-1.60.0-py2.py3-none-any.whl (227 kB),,0
	2024-03-24T13:40:50.3241603Z,[13:39:30+0000] Using cached greenlet-2.0.2-cp311-cp311-manylinux_2_17_x86_64.manylinux2014_x86_64.whl (618 kB),,0
	2024-03-24T13:40:50.3354883Z,[13:39:30+0000] Using cached gspread-5.11.2-py3-none-any.whl (46 kB),,0
	2024-03-24T13:40:50.3516716Z,[13:39:30+0000] Using cached gunicorn-21.2.0-py3-none-any.whl (80 kB),,0
	2024-03-24T13:40:50.3648332Z,[13:39:30+0000] Using cached httplib2-0.22.0-py3-none-any.whl (96 kB),,0
	2024-03-24T13:40:50.3909821Z,[13:39:30+0000] Using cached idna-3.4-py3-none-any.whl (61 kB),,0
	2024-03-24T13:40:50.4199575Z,[13:39:30+0000] Using cached itsdangerous-2.1.2-py3-none-any.whl (15 kB),,0
	2024-03-24T13:40:50.4883481Z,[13:39:30+0000] Using cached Jinja2-3.1.2-py3-none-any.whl (133 kB),,0
	2024-03-24T13:40:50.5298242Z,[13:39:30+0000] Using cached MarkupSafe-2.1.3-cp311-cp311-manylinux_2_17_x86_64.manylinux2014_x86_64.whl (28 kB),,0
	2024-03-24T13:40:50.5598991Z,[13:39:30+0000] Using cached numpy-1.26.4-cp311-cp311-manylinux_2_17_x86_64.manylinux2014_x86_64.whl (18.3 MB),,0
	2024-03-24T13:40:50.5863119Z,[13:39:30+0000] Using cached oauth2client-4.1.3-py2.py3-none-any.whl (98 kB),,0
	2024-03-24T13:40:50.5979880Z,[13:39:30+0000] Using cached oauthlib-3.2.2-py3-none-any.whl (151 kB),,0
	2024-03-24T13:40:50.6087316Z,[13:39:30+0000] Using cached packaging-23.2-py3-none-any.whl (53 kB),,0
	2024-03-24T13:40:50.6315788Z,[13:39:30+0000] Using cached pandas-2.2.1-cp311-cp311-manylinux_2_17_x86_64.manylinux2014_x86_64.whl (13.0 MB),,0
	2024-03-24T13:40:50.6576335Z,[13:39:31+0000] Using cached protobuf-4.24.3-cp37-abi3-manylinux2014_x86_64.whl (311 kB),,0
	2024-03-24T13:40:50.7229224Z,[13:39:31+0000] Using cached pyasn1-0.5.0-py2.py3-none-any.whl (83 kB),,0
	2024-03-24T13:40:50.7457528Z,[13:39:31+0000] Using cached pyasn1_modules-0.3.0-py2.py3-none-any.whl (181 kB),,0
	2024-03-24T13:40:50.7749382Z,[13:39:31+0000] Using cached pyodbc-4.0.39-cp311-cp311-manylinux_2_17_x86_64.manylinux2014_x86_64.whl (352 kB),,0
	2024-03-24T13:40:50.7943704Z,[13:39:31+0000] Using cached pyparsing-3.1.1-py3-none-any.whl (103 kB),,0
	2024-03-24T13:40:50.8329633Z,[13:39:31+0000] Using cached python_dateutil-2.9.0.post0-py2.py3-none-any.whl (229 kB),,0
	2024-03-24T13:40:50.8718448Z,[13:39:31+0000] Using cached pytz-2024.1-py2.py3-none-any.whl (505 kB),,0
	2024-03-24T13:40:50.9085774Z,[13:39:31+0000] Using cached requests-2.31.0-py3-none-any.whl (62 kB),,0
	2024-03-24T13:40:50.9315140Z,[13:39:31+0000] Using cached requests_oauthlib-1.3.1-py2.py3-none-any.whl (23 kB),,0
	2024-03-24T13:40:50.9570826Z,[13:39:31+0000] Using cached rsa-4.9-py3-none-any.whl (34 kB),,0
	2024-03-24T13:40:50.9796254Z,[13:39:31+0000] Using cached six-1.16.0-py2.py3-none-any.whl (11 kB),,0
	2024-03-24T13:40:51.0165606Z,[13:39:31+0000] Using cached SQLAlchemy-2.0.20-cp311-cp311-manylinux_2_17_x86_64.manylinux2014_x86_64.whl (3.2 MB),,0
	2024-03-24T13:40:51.0383984Z,[13:39:31+0000] Using cached StrEnum-0.4.15-py3-none-any.whl (8.9 kB),,0
	2024-03-24T13:40:51.0956308Z,[13:39:31+0000] Using cached typing_extensions-4.7.1-py3-none-any.whl (33 kB),,0
	2024-03-24T13:40:51.1241726Z,[13:39:31+0000] Using cached tzdata-2024.1-py2.py3-none-any.whl (345 kB),,0
	2024-03-24T13:40:51.1355920Z,[13:39:31+0000] Using cached uritemplate-4.1.1-py2.py3-none-any.whl (10 kB),,0
	2024-03-24T13:40:51.1459683Z,[13:39:31+0000] Using cached urllib3-1.26.16-py2.py3-none-any.whl (143 kB),,0
	2024-03-24T13:40:51.1628120Z,[13:39:31+0000] Using cached werkzeug-2.3.7-py3-none-any.whl (242 kB),,0
	2024-03-24T13:40:51.1821138Z,[13:39:31+0000] Using cached zope.interface-6.2-cp311-cp311-manylinux_2_5_x86_64.manylinux1_x86_64.manylinux_2_17_x86_64.manylinux2014_x86_64.whl (249 kB),,0
	2024-03-24T13:40:51.1939123Z,[13:39:35+0000] Installing collected packages: StrEnum&comma; pytz&comma; config&comma; zope.interface&comma; urllib3&comma; uritemplate&comma; tzdata&comma; typing_extensions&comma; six&comma; pyparsing&comma; pyodbc&comma; pyasn1&comma; protobuf&comma; packaging&comma; oauthlib&comma; numpy&comma; MarkupSafe&comma; itsdangerous&comma; idna&comma; greenlet&comma; colorama&comma; click&comma; charset-normalizer&comma; certifi&comma; cachetools&comma; blinker&comma; Werkzeug&comma; SQLAlchemy&comma; rsa&comma; requests&comma; python-dateutil&comma; pyasn1-modules&comma; Jinja2&comma; httplib2&comma; gunicorn&comma; googleapis-common-protos&comma; DateTime&comma; requests-oauthlib&comma; pandas&comma; oauth2client&comma; google-auth&comma; Flask&comma; google-auth-oauthlib&comma; google-auth-httplib2&comma; google-api-core&comma; Flask-SQLAlchemy&comma; Flask-Cors&comma; gspread&comma; google-api-python-client,,0
	2024-03-24T13:40:51.2248322Z,[13:40:43+0000] Successfully installed DateTime-5.4 Flask-2.3.2 Flask-Cors-4.0.0 Flask-SQLAlchemy-3.0.5 Jinja2-3.1.2 MarkupSafe-2.1.3 SQLAlchemy-2.0.20 StrEnum-0.4.15 Werkzeug-2.3.7 blinker-1.6.2 cachetools-5.3.1 certifi-2023.7.22 charset-normalizer-3.2.0 click-8.1.7 colorama-0.4.6 config-0.5.1 google-api-core-2.11.1 google-api-python-client-2.100.0 google-auth-2.23.0 google-auth-httplib2-0.1.1 google-auth-oauthlib-1.1.0 googleapis-common-protos-1.60.0 greenlet-2.0.2 gspread-5.11.2 gunicorn-21.2.0 httplib2-0.22.0 idna-3.4 itsdangerous-2.1.2 numpy-1.26.4 oauth2client-4.1.3 oauthlib-3.2.2 packaging-23.2 pandas-2.2.1 protobuf-4.24.3 pyasn1-0.5.0 pyasn1-modules-0.3.0 pyodbc-4.0.39 pyparsing-3.1.1 python-dateutil-2.9.0.post0 pytz-2024.1 requests-2.31.0 requests-oauthlib-1.3.1 rsa-4.9 six-1.16.0 typing_extensions-4.7.1 tzdata-2024.1 uritemplate-4.1.1 urllib3-1.26.16 zope.interface-6.2,,0
	2024-03-24T13:40:51.2410871Z,Not a vso image&comma; so not writing build commands,,0
	2024-03-24T13:40:51.2534147Z,Preparing output...,,0
	2024-03-24T13:40:52.1985474Z,,,0
	2024-03-24T13:40:52.2474143Z,Copying files to destination directory '/tmp/_preCompressedDestinationDir'...,,0
	2024-03-24T13:41:21.2962492Z,Done in 28 sec(s).,,0
	2024-03-24T13:41:21.3414063Z,Compressing content of directory '/tmp/_preCompressedDestinationDir'...,,0
	2024-03-24T13:42:33.7097628Z,Copied the compressed output to '/home/site/wwwroot',,0
	2024-03-24T13:42:33.8121559Z,,,0
	2024-03-24T13:42:33.8176339Z,Removing existing manifest file,,0
	2024-03-24T13:42:33.9034363Z,Creating a manifest file...,,0
	2024-03-24T13:42:33.9420351Z,Manifest file created.,,0
	2024-03-24T13:42:33.9685121Z,Copying .ostype to manifest output directory.,,0
	2024-03-24T13:42:34.0111075Z,,,0
	2024-03-24T13:42:34.0777758Z,Done in 224 sec(s).,,0
2024-03-24T13:42:34.9433264Z,Running post deployment command(s)...,a5bcdbf7-bcea-4052-8855-4742bdf5c8cb,0
2024-03-24T13:42:35.1194262Z,,4d088186-f226-489b-b618-693e4e409921,0
2024-03-24T13:42:35.2366099Z,Generating summary of Oryx build,17ffde5c-9cdf-4304-8c23-eaf8f8ff7a06,0
2024-03-24T13:42:35.3792382Z,Parsing the build logs,7662a3b6-07c5-4704-86d5-a500b333706f,0
2024-03-24T13:42:35.4914176Z,Found 0 issue(s),a48121ca-6f12-464b-b0fc-bd19d8900cbb,0
2024-03-24T13:42:35.5701422Z,,d8f98bd4-c993-4e24-9c48-4ed78e25b7eb,0
2024-03-24T13:42:35.6351117Z,Build Summary :,8cc61960-6dc1-44ff-b40e-87ecd64eea83,0
2024-03-24T13:42:35.7129885Z,===============,2f80da71-d624-446c-8e5a-4690ba9d44f4,0
2024-03-24T13:42:35.8401667Z,Errors (0),efcfa696-4e3d-4244-b320-c845121edb66,0
2024-03-24T13:42:36.0377575Z,Warnings (0),e6ee15f5-443e-46b4-9679-c12b88613622,0
2024-03-24T13:42:36.1714320Z,,aa8db388-38ea-4cce-be7a-af1271ab9884,0
2024-03-24T13:42:36.3594435Z,Triggering recycle (preview mode disabled).,7e2c5831-88dd-4139-8d16-ed17aecb450a,0
2024-03-24T13:42:36.5751775Z,Deployment successful. deployer = GITHUB_ZIP_DEPLOY deploymentPath = ZipDeploy. Extract zip. Remote build.,b8b20bdf-3f70-41be-9275-7655bc0ef458,0
