2024-03-24T16:25:47.8716441Z,Updating submodules.,d416c231-dcba-4a2a-a58a-db1c0452e15d,0
2024-03-24T16:25:48.9490013Z,Preparing deployment for commit id '1266d4a4-3'.,ffda0091-39e9-4070-864d-ef0d87994591,0
2024-03-24T16:25:49.1887110Z,PreDeployment: context.CleanOutputPath False,68d1c9d4-aaa9-4166-a89d-2fc48ea4a373,0
2024-03-24T16:25:49.2716208Z,PreDeployment: context.OutputPath /home/site/wwwroot,480206af-86f3-4697-901e-21a948d23176,0
2024-03-24T16:25:49.3683998Z,Repository path is /tmp/zipdeploy/extracted,5a1e8716-868c-4f26-9de6-97aff63fa06b,0
2024-03-24T16:25:49.4305813Z,Running oryx build...,936b6594-f8fc-4157-b21c-e5a83a9ae36a,0
	2024-03-24T16:25:49.4350904Z,Command: oryx build /tmp/zipdeploy/extracted -o /home/site/wwwroot --platform python --platform-version 3.11 -p virtualenv_name=antenv --log-file /tmp/build-debug.log  -i /tmp/8dc4c1f10dfe93d --compress-destination-dir | tee /tmp/oryx-build.log,,0
	2024-03-24T16:25:52.1324541Z,Operation performed by Microsoft Oryx&comma; https://github.com/Microsoft/Oryx,,0
	2024-03-24T16:25:52.1599107Z,You can report issues at https://github.com/Microsoft/Oryx/issues,,0
	2024-03-24T16:25:52.1801450Z,,,0
	2024-03-24T16:25:52.1931830Z,Oryx Version: 0.2.20230508.1&comma; Commit: 7fe2bf39b357dd68572b438a85ca50b5ecfb4592&comma; ReleaseTagName: 20230508.1,,0
	2024-03-24T16:25:52.2197532Z,,,0
	2024-03-24T16:25:52.2381708Z,Build Operation ID: d3eb7842218e1795,,0
	2024-03-24T16:25:52.2581894Z,Repository Commit : 1266d4a4-354c-4b0a-a4c2-72b1a8ccc045,,0
	2024-03-24T16:25:52.2698115Z,OS Type           : bullseye,,0
	2024-03-24T16:25:52.2810760Z,Image Type        : githubactions,,0
	2024-03-24T16:25:52.3158880Z,,,0
	2024-03-24T16:25:52.3361849Z,Detecting platforms...,,0
	2024-03-24T16:25:58.0080854Z,Detected following platforms:,,0
	2024-03-24T16:25:58.0296554Z,  python: 3.11.8,,0
	2024-03-24T16:25:58.5726349Z,,,0
	2024-03-24T16:25:58.7071903Z,Using intermediate directory '/tmp/8dc4c1f10dfe93d'.,,0
	2024-03-24T16:25:58.7456130Z,,,0
	2024-03-24T16:25:58.7582368Z,Copying files to the intermediate directory...,,0
	2024-03-24T16:25:58.8647722Z,Done in 0 sec(s).,,0
	2024-03-24T16:25:58.8736951Z,,,0
	2024-03-24T16:25:58.8836138Z,Source directory     : /tmp/8dc4c1f10dfe93d,,0
	2024-03-24T16:25:58.9025169Z,Destination directory: /home/site/wwwroot,,0
	2024-03-24T16:25:58.9211072Z,,,0
	2024-03-24T16:25:59.3885135Z,Python Version: /tmp/oryx/platforms/python/3.11.8/bin/python3.11,,0
	2024-03-24T16:25:59.4067124Z,Creating directory for command manifest file if it does not exist,,0
	2024-03-24T16:25:59.4748452Z,Removing existing manifest file,,0
	2024-03-24T16:25:59.5210987Z,Python Virtual Environment: antenv,,0
	2024-03-24T16:25:59.5674313Z,Creating virtual environment...,,0
	2024-03-24T16:26:20.9578537Z,Activating virtual environment...,,0
	2024-03-24T16:26:20.9875694Z,Running pip install...,,0
	2024-03-24T16:28:21.6188674Z,[16:26:23+0000] Collecting blinker==1.6.2 (from -r requirements.txt (line 1)),,0
	2024-03-24T16:28:21.6561958Z,[16:26:23+0000]   Using cached blinker-1.6.2-py3-none-any.whl.metadata (2.0 kB),,0
	2024-03-24T16:28:21.6858820Z,[16:26:24+0000] Collecting cachetools==5.3.1 (from -r requirements.txt (line 2)),,0
	2024-03-24T16:28:21.7042694Z,[16:26:24+0000]   Using cached cachetools-5.3.1-py3-none-any.whl.metadata (5.2 kB),,0
	2024-03-24T16:28:21.7251050Z,[16:26:24+0000] Collecting certifi==2023.7.22 (from -r requirements.txt (line 3)),,0
	2024-03-24T16:28:21.7459961Z,[16:26:24+0000]   Using cached certifi-2023.7.22-py3-none-any.whl.metadata (2.2 kB),,0
	2024-03-24T16:28:21.7622265Z,[16:26:24+0000] Collecting charset-normalizer==3.2.0 (from -r requirements.txt (line 4)),,0
	2024-03-24T16:28:21.7741325Z,[16:26:24+0000]   Using cached charset_normalizer-3.2.0-cp311-cp311-manylinux_2_17_x86_64.manylinux2014_x86_64.whl.metadata (31 kB),,0
	2024-03-24T16:28:21.8048370Z,[16:26:24+0000] Collecting click==8.1.7 (from -r requirements.txt (line 5)),,0
	2024-03-24T16:28:21.8997836Z,[16:26:24+0000]   Using cached click-8.1.7-py3-none-any.whl.metadata (3.0 kB),,0
	2024-03-24T16:28:21.9401821Z,[16:26:24+0000] Collecting colorama==0.4.6 (from -r requirements.txt (line 6)),,0
	2024-03-24T16:28:21.9583100Z,[16:26:24+0000]   Using cached colorama-0.4.6-py2.py3-none-any.whl.metadata (17 kB),,0
	2024-03-24T16:28:21.9687405Z,[16:26:24+0000] Collecting config==0.5.1 (from -r requirements.txt (line 7)),,0
	2024-03-24T16:28:21.9892789Z,[16:26:24+0000]   Using cached config-0.5.1-py2.py3-none-any.whl.metadata (1.4 kB),,0
	2024-03-24T16:28:22.0267620Z,[16:26:24+0000] Collecting DateTime==5.4 (from -r requirements.txt (line 8)),,0
	2024-03-24T16:28:22.0485684Z,[16:26:24+0000]   Using cached DateTime-5.4-py3-none-any.whl.metadata (33 kB),,0
	2024-03-24T16:28:22.1230736Z,[16:26:25+0000] Collecting Flask==2.3.2 (from -r requirements.txt (line 9)),,0
	2024-03-24T16:28:22.1521895Z,[16:26:25+0000]   Using cached Flask-2.3.2-py3-none-any.whl.metadata (3.7 kB),,0
	2024-03-24T16:28:22.1618697Z,[16:26:25+0000] Collecting Flask-Cors==4.0.0 (from -r requirements.txt (line 10)),,0
	2024-03-24T16:28:22.2072752Z,[16:26:25+0000]   Using cached Flask_Cors-4.0.0-py2.py3-none-any.whl.metadata (5.4 kB),,0
	2024-03-24T16:28:22.2642578Z,[16:26:25+0000] Collecting Flask-SQLAlchemy==3.0.5 (from -r requirements.txt (line 11)),,0
	2024-03-24T16:28:22.2894291Z,[16:26:25+0000]   Using cached flask_sqlalchemy-3.0.5-py3-none-any.whl.metadata (3.3 kB),,0
	2024-03-24T16:28:22.3249338Z,[16:26:25+0000] Collecting google-api-core==2.11.1 (from -r requirements.txt (line 12)),,0
	2024-03-24T16:28:22.3435258Z,[16:26:25+0000]   Using cached google_api_core-2.11.1-py3-none-any.whl.metadata (2.7 kB),,0
	2024-03-24T16:28:22.3602164Z,[16:26:26+0000] Collecting google-api-python-client==2.100.0 (from -r requirements.txt (line 13)),,0
	2024-03-24T16:28:22.3704545Z,[16:26:26+0000]   Using cached google_api_python_client-2.100.0-py2.py3-none-any.whl.metadata (6.6 kB),,0
	2024-03-24T16:28:22.3808282Z,[16:26:26+0000] Collecting google-auth==2.23.0 (from -r requirements.txt (line 14)),,0
	2024-03-24T16:28:22.4097112Z,[16:26:26+0000]   Using cached google_auth-2.23.0-py2.py3-none-any.whl.metadata (4.2 kB),,0
	2024-03-24T16:28:22.4257893Z,[16:26:26+0000] Collecting google-auth-httplib2==0.1.1 (from -r requirements.txt (line 15)),,0
	2024-03-24T16:28:22.4361343Z,[16:26:26+0000]   Using cached google_auth_httplib2-0.1.1-py2.py3-none-any.whl.metadata (2.1 kB),,0
	2024-03-24T16:28:22.4666069Z,[16:26:26+0000] Collecting google-auth-oauthlib==1.1.0 (from -r requirements.txt (line 16)),,0
	2024-03-24T16:28:22.5441622Z,[16:26:26+0000]   Using cached google_auth_oauthlib-1.1.0-py2.py3-none-any.whl.metadata (2.7 kB),,0
	2024-03-24T16:28:22.5707020Z,[16:26:27+0000] Collecting googleapis-common-protos==1.60.0 (from -r requirements.txt (line 17)),,0
	2024-03-24T16:28:22.6004737Z,[16:26:27+0000]   Using cached googleapis_common_protos-1.60.0-py2.py3-none-any.whl.metadata (1.5 kB),,0
	2024-03-24T16:28:22.6787074Z,[16:26:27+0000] Collecting greenlet==2.0.2 (from -r requirements.txt (line 18)),,0
	2024-03-24T16:28:22.7699195Z,[16:26:27+0000]   Using cached greenlet-2.0.2-cp311-cp311-manylinux_2_17_x86_64.manylinux2014_x86_64.whl.metadata (4.1 kB),,0
	2024-03-24T16:28:22.7897969Z,[16:26:27+0000] Collecting gspread==5.11.2 (from -r requirements.txt (line 19)),,0
	2024-03-24T16:28:22.8087099Z,[16:26:27+0000]   Using cached gspread-5.11.2-py3-none-any.whl.metadata (7.0 kB),,0
	2024-03-24T16:28:22.8922461Z,[16:26:28+0000] Collecting gunicorn==21.2.0 (from -r requirements.txt (line 20)),,0
	2024-03-24T16:28:22.9140014Z,[16:26:28+0000]   Using cached gunicorn-21.2.0-py3-none-any.whl.metadata (4.1 kB),,0
	2024-03-24T16:28:22.9715185Z,[16:26:28+0000] Collecting httplib2==0.22.0 (from -r requirements.txt (line 21)),,0
	2024-03-24T16:28:23.0273963Z,[16:26:28+0000]   Using cached httplib2-0.22.0-py3-none-any.whl.metadata (2.6 kB),,0
	2024-03-24T16:28:23.0700423Z,[16:26:28+0000] Collecting idna==3.4 (from -r requirements.txt (line 22)),,0
	2024-03-24T16:28:23.1154951Z,[16:26:28+0000]   Using cached idna-3.4-py3-none-any.whl.metadata (9.8 kB),,0
	2024-03-24T16:28:23.1632692Z,[16:26:28+0000] Collecting itsdangerous==2.1.2 (from -r requirements.txt (line 23)),,0
	2024-03-24T16:28:23.2049175Z,[16:26:28+0000]   Using cached itsdangerous-2.1.2-py3-none-any.whl.metadata (2.9 kB),,0
	2024-03-24T16:28:23.2219626Z,[16:26:28+0000] Collecting Jinja2==3.1.2 (from -r requirements.txt (line 24)),,0
	2024-03-24T16:28:23.2413156Z,[16:26:28+0000]   Using cached Jinja2-3.1.2-py3-none-any.whl.metadata (3.5 kB),,0
	2024-03-24T16:28:23.2536473Z,[16:26:28+0000] Collecting MarkupSafe==2.1.3 (from -r requirements.txt (line 25)),,0
	2024-03-24T16:28:23.2707427Z,[16:26:28+0000]   Using cached MarkupSafe-2.1.3-cp311-cp311-manylinux_2_17_x86_64.manylinux2014_x86_64.whl.metadata (3.0 kB),,0
	2024-03-24T16:28:23.2892735Z,[16:26:29+0000] Collecting numpy==1.26.4 (from -r requirements.txt (line 26)),,0
	2024-03-24T16:28:23.3194879Z,[16:26:29+0000]   Using cached numpy-1.26.4-cp311-cp311-manylinux_2_17_x86_64.manylinux2014_x86_64.whl.metadata (61 kB),,0
	2024-03-24T16:28:23.3272082Z,[16:26:29+0000] Collecting oauth2client==4.1.3 (from -r requirements.txt (line 27)),,0
	2024-03-24T16:28:23.3475705Z,[16:26:29+0000]   Using cached oauth2client-4.1.3-py2.py3-none-any.whl.metadata (1.2 kB),,0
	2024-03-24T16:28:23.3583608Z,[16:26:29+0000] Collecting oauthlib==3.2.2 (from -r requirements.txt (line 28)),,0
	2024-03-24T16:28:23.4558870Z,[16:26:29+0000]   Using cached oauthlib-3.2.2-py3-none-any.whl.metadata (7.5 kB),,0
	2024-03-24T16:28:23.6872753Z,[16:26:30+0000] Collecting packaging==23.2 (from -r requirements.txt (line 29)),,0
	2024-03-24T16:28:23.7780339Z,[16:26:30+0000]   Using cached packaging-23.2-py3-none-any.whl.metadata (3.2 kB),,0
	2024-03-24T16:28:23.8261525Z,[16:26:30+0000] Collecting pandas==2.2.1 (from -r requirements.txt (line 30)),,0
	2024-03-24T16:28:23.8447117Z,[16:26:30+0000]   Using cached pandas-2.2.1-cp311-cp311-manylinux_2_17_x86_64.manylinux2014_x86_64.whl.metadata (19 kB),,0
	2024-03-24T16:28:23.8644120Z,[16:26:32+0000] Collecting protobuf==4.24.3 (from -r requirements.txt (line 31)),,0
	2024-03-24T16:28:23.9133196Z,[16:26:32+0000]   Using cached protobuf-4.24.3-cp37-abi3-manylinux2014_x86_64.whl.metadata (540 bytes),,0
	2024-03-24T16:28:24.0013306Z,[16:26:32+0000] Collecting pyasn1==0.5.0 (from -r requirements.txt (line 32)),,0
	2024-03-24T16:28:24.0569970Z,[16:26:32+0000]   Using cached pyasn1-0.5.0-py2.py3-none-any.whl.metadata (8.5 kB),,0
	2024-03-24T16:28:24.0863337Z,[16:26:32+0000] Collecting pyasn1-modules==0.3.0 (from -r requirements.txt (line 33)),,0
	2024-03-24T16:28:24.2595299Z,[16:26:32+0000]   Using cached pyasn1_modules-0.3.0-py2.py3-none-any.whl.metadata (3.6 kB),,0
	2024-03-24T16:28:24.3198750Z,[16:26:33+0000] Collecting pyodbc==4.0.39 (from -r requirements.txt (line 34)),,0
	2024-03-24T16:28:24.4676930Z,[16:26:33+0000]   Using cached pyodbc-4.0.39-cp311-cp311-manylinux_2_17_x86_64.manylinux2014_x86_64.whl.metadata (3.2 kB),,0
	2024-03-24T16:28:24.4964264Z,[16:26:33+0000] Collecting pyparsing==3.1.1 (from -r requirements.txt (line 35)),,0
	2024-03-24T16:28:24.5354876Z,[16:26:33+0000]   Using cached pyparsing-3.1.1-py3-none-any.whl.metadata (5.1 kB),,0
	2024-03-24T16:28:24.5545917Z,[16:26:33+0000] Collecting python-dateutil==2.9.0.post0 (from -r requirements.txt (line 36)),,0
	2024-03-24T16:28:24.5718130Z,[16:26:33+0000]   Using cached python_dateutil-2.9.0.post0-py2.py3-none-any.whl.metadata (8.4 kB),,0
	2024-03-24T16:28:24.5933526Z,[16:26:34+0000] Collecting pytz==2024.1 (from -r requirements.txt (line 37)),,0
	2024-03-24T16:28:24.6714399Z,[16:26:34+0000]   Using cached pytz-2024.1-py2.py3-none-any.whl.metadata (22 kB),,0
	2024-03-24T16:28:24.7290049Z,[16:26:34+0000] Collecting requests==2.31.0 (from -r requirements.txt (line 38)),,0
	2024-03-24T16:28:24.7691998Z,[16:26:34+0000]   Using cached requests-2.31.0-py3-none-any.whl.metadata (4.6 kB),,0
	2024-03-24T16:28:24.8165367Z,[16:26:34+0000] Collecting requests-oauthlib==1.3.1 (from -r requirements.txt (line 39)),,0
	2024-03-24T16:28:24.9173527Z,[16:26:34+0000]   Using cached requests_oauthlib-1.3.1-py2.py3-none-any.whl.metadata (10 kB),,0
	2024-03-24T16:28:24.9540708Z,[16:26:34+0000] Collecting rsa==4.9 (from -r requirements.txt (line 40)),,0
	2024-03-24T16:28:25.0140183Z,[16:26:34+0000]   Using cached rsa-4.9-py3-none-any.whl.metadata (4.2 kB),,0
	2024-03-24T16:28:25.0539539Z,[16:26:34+0000] Collecting six==1.16.0 (from -r requirements.txt (line 41)),,0
	2024-03-24T16:28:25.0715193Z,[16:26:34+0000]   Using cached six-1.16.0-py2.py3-none-any.whl.metadata (1.8 kB),,0
	2024-03-24T16:28:25.0906587Z,[16:26:36+0000] Collecting SQLAlchemy==2.0.20 (from -r requirements.txt (line 42)),,0
	2024-03-24T16:28:25.1094933Z,[16:26:36+0000]   Using cached SQLAlchemy-2.0.20-cp311-cp311-manylinux_2_17_x86_64.manylinux2014_x86_64.whl.metadata (9.4 kB),,0
	2024-03-24T16:28:25.1322025Z,[16:26:36+0000] Collecting StrEnum==0.4.15 (from -r requirements.txt (line 43)),,0
	2024-03-24T16:28:25.1680494Z,[16:26:36+0000]   Using cached StrEnum-0.4.15-py3-none-any.whl.metadata (5.3 kB),,0
	2024-03-24T16:28:25.1884748Z,[16:26:36+0000] Collecting typing_extensions==4.7.1 (from -r requirements.txt (line 44)),,0
	2024-03-24T16:28:25.2659022Z,[16:26:36+0000]   Using cached typing_extensions-4.7.1-py3-none-any.whl.metadata (3.1 kB),,0
	2024-03-24T16:28:25.3732080Z,[16:26:36+0000] Collecting tzdata==2024.1 (from -r requirements.txt (line 45)),,0
	2024-03-24T16:28:25.4117467Z,[16:26:36+0000]   Using cached tzdata-2024.1-py2.py3-none-any.whl.metadata (1.4 kB),,0
	2024-03-24T16:28:25.4530911Z,[16:26:36+0000] Collecting uritemplate==4.1.1 (from -r requirements.txt (line 46)),,0
	2024-03-24T16:28:25.5887775Z,[16:26:36+0000]   Using cached uritemplate-4.1.1-py2.py3-none-any.whl.metadata (2.9 kB),,0
	2024-03-24T16:28:25.6864105Z,[16:26:36+0000] Collecting urllib3==1.26.16 (from -r requirements.txt (line 47)),,0
	2024-03-24T16:28:25.7348421Z,[16:26:36+0000]   Using cached urllib3-1.26.16-py2.py3-none-any.whl.metadata (48 kB),,0
	2024-03-24T16:28:25.7926899Z,[16:26:37+0000] Collecting Werkzeug==2.3.7 (from -r requirements.txt (line 48)),,0
	2024-03-24T16:28:25.8334935Z,[16:26:37+0000]   Using cached werkzeug-2.3.7-py3-none-any.whl.metadata (4.1 kB),,0
	2024-03-24T16:28:25.8992132Z,[16:26:38+0000] Collecting zope.interface==6.2 (from -r requirements.txt (line 49)),,0
	2024-03-24T16:28:26.0293702Z,[16:26:38+0000]   Using cached zope.interface-6.2-cp311-cp311-manylinux_2_5_x86_64.manylinux1_x86_64.manylinux_2_17_x86_64.manylinux2014_x86_64.whl.metadata (41 kB),,0
	2024-03-24T16:28:26.1057607Z,[16:26:43+0000] Requirement already satisfied: setuptools in ./antenv/lib/python3.11/site-packages (from zope.interface==6.2->-r requirements.txt (line 49)) (65.5.0),,0
	2024-03-24T16:28:26.1450540Z,[16:26:44+0000] Using cached blinker-1.6.2-py3-none-any.whl (13 kB),,0
	2024-03-24T16:28:26.2105730Z,[16:26:44+0000] Using cached cachetools-5.3.1-py3-none-any.whl (9.3 kB),,0
	2024-03-24T16:28:26.2406901Z,[16:26:44+0000] Using cached certifi-2023.7.22-py3-none-any.whl (158 kB),,0
	2024-03-24T16:28:26.2862212Z,[16:26:44+0000] Using cached charset_normalizer-3.2.0-cp311-cp311-manylinux_2_17_x86_64.manylinux2014_x86_64.whl (199 kB),,0
	2024-03-24T16:28:26.2990895Z,[16:26:44+0000] Using cached click-8.1.7-py3-none-any.whl (97 kB),,0
	2024-03-24T16:28:26.3160801Z,[16:26:44+0000] Using cached colorama-0.4.6-py2.py3-none-any.whl (25 kB),,0
	2024-03-24T16:28:26.3260074Z,[16:26:44+0000] Using cached config-0.5.1-py2.py3-none-any.whl (20 kB),,0
	2024-03-24T16:28:26.3432475Z,[16:26:44+0000] Using cached DateTime-5.4-py3-none-any.whl (52 kB),,0
	2024-03-24T16:28:26.3537492Z,[16:26:44+0000] Using cached Flask-2.3.2-py3-none-any.whl (96 kB),,0
	2024-03-24T16:28:26.3744002Z,[16:26:44+0000] Using cached Flask_Cors-4.0.0-py2.py3-none-any.whl (14 kB),,0
	2024-03-24T16:28:26.3913989Z,[16:26:44+0000] Using cached flask_sqlalchemy-3.0.5-py3-none-any.whl (24 kB),,0
	2024-03-24T16:28:26.4031112Z,[16:26:44+0000] Using cached google_api_core-2.11.1-py3-none-any.whl (120 kB),,0
	2024-03-24T16:28:26.4222084Z,[16:26:44+0000] Using cached google_api_python_client-2.100.0-py2.py3-none-any.whl (12.2 MB),,0
	2024-03-24T16:28:26.4390808Z,[16:26:44+0000] Using cached google_auth-2.23.0-py2.py3-none-any.whl (181 kB),,0
	2024-03-24T16:28:26.4496388Z,[16:26:44+0000] Using cached google_auth_httplib2-0.1.1-py2.py3-none-any.whl (9.3 kB),,0
	2024-03-24T16:28:26.4606885Z,[16:26:44+0000] Using cached google_auth_oauthlib-1.1.0-py2.py3-none-any.whl (19 kB),,0
	2024-03-24T16:28:26.4949242Z,[16:26:44+0000] Using cached googleapis_common_protos-1.60.0-py2.py3-none-any.whl (227 kB),,0
	2024-03-24T16:28:26.5338403Z,[16:26:44+0000] Using cached greenlet-2.0.2-cp311-cp311-manylinux_2_17_x86_64.manylinux2014_x86_64.whl (618 kB),,0
	2024-03-24T16:28:26.5541475Z,[16:26:44+0000] Using cached gspread-5.11.2-py3-none-any.whl (46 kB),,0
	2024-03-24T16:28:26.5891170Z,[16:26:44+0000] Using cached gunicorn-21.2.0-py3-none-any.whl (80 kB),,0
	2024-03-24T16:28:26.6273006Z,[16:26:44+0000] Using cached httplib2-0.22.0-py3-none-any.whl (96 kB),,0
	2024-03-24T16:28:26.6478228Z,[16:26:44+0000] Using cached idna-3.4-py3-none-any.whl (61 kB),,0
	2024-03-24T16:28:26.6845341Z,[16:26:44+0000] Using cached itsdangerous-2.1.2-py3-none-any.whl (15 kB),,0
	2024-03-24T16:28:26.7040679Z,[16:26:44+0000] Using cached Jinja2-3.1.2-py3-none-any.whl (133 kB),,0
	2024-03-24T16:28:26.7435566Z,[16:26:44+0000] Using cached MarkupSafe-2.1.3-cp311-cp311-manylinux_2_17_x86_64.manylinux2014_x86_64.whl (28 kB),,0
	2024-03-24T16:28:26.8203413Z,[16:26:44+0000] Using cached numpy-1.26.4-cp311-cp311-manylinux_2_17_x86_64.manylinux2014_x86_64.whl (18.3 MB),,0
	2024-03-24T16:28:26.8765332Z,[16:26:45+0000] Using cached oauth2client-4.1.3-py2.py3-none-any.whl (98 kB),,0
	2024-03-24T16:28:26.8872280Z,[16:26:45+0000] Using cached oauthlib-3.2.2-py3-none-any.whl (151 kB),,0
	2024-03-24T16:28:26.8972187Z,[16:26:45+0000] Using cached packaging-23.2-py3-none-any.whl (53 kB),,0
	2024-03-24T16:28:26.9235219Z,[16:26:45+0000] Using cached pandas-2.2.1-cp311-cp311-manylinux_2_17_x86_64.manylinux2014_x86_64.whl (13.0 MB),,0
	2024-03-24T16:28:26.9441429Z,[16:26:45+0000] Using cached protobuf-4.24.3-cp37-abi3-manylinux2014_x86_64.whl (311 kB),,0
	2024-03-24T16:28:26.9658688Z,[16:26:45+0000] Using cached pyasn1-0.5.0-py2.py3-none-any.whl (83 kB),,0
	2024-03-24T16:28:27.0032524Z,[16:26:45+0000] Using cached pyasn1_modules-0.3.0-py2.py3-none-any.whl (181 kB),,0
	2024-03-24T16:28:27.0579966Z,[16:26:45+0000] Using cached pyodbc-4.0.39-cp311-cp311-manylinux_2_17_x86_64.manylinux2014_x86_64.whl (352 kB),,0
	2024-03-24T16:28:27.0689018Z,[16:26:45+0000] Using cached pyparsing-3.1.1-py3-none-any.whl (103 kB),,0
	2024-03-24T16:28:27.1247340Z,[16:26:45+0000] Using cached python_dateutil-2.9.0.post0-py2.py3-none-any.whl (229 kB),,0
	2024-03-24T16:28:27.1360913Z,[16:26:45+0000] Using cached pytz-2024.1-py2.py3-none-any.whl (505 kB),,0
	2024-03-24T16:28:27.1754711Z,[16:26:45+0000] Using cached requests-2.31.0-py3-none-any.whl (62 kB),,0
	2024-03-24T16:28:27.2201300Z,[16:26:45+0000] Using cached requests_oauthlib-1.3.1-py2.py3-none-any.whl (23 kB),,0
	2024-03-24T16:28:27.2770520Z,[16:26:45+0000] Using cached rsa-4.9-py3-none-any.whl (34 kB),,0
	2024-03-24T16:28:27.3260754Z,[16:26:46+0000] Using cached six-1.16.0-py2.py3-none-any.whl (11 kB),,0
	2024-03-24T16:28:27.3638834Z,[16:26:46+0000] Using cached SQLAlchemy-2.0.20-cp311-cp311-manylinux_2_17_x86_64.manylinux2014_x86_64.whl (3.2 MB),,0
	2024-03-24T16:28:27.3807211Z,[16:26:46+0000] Using cached StrEnum-0.4.15-py3-none-any.whl (8.9 kB),,0
	2024-03-24T16:28:27.3998385Z,[16:26:46+0000] Using cached typing_extensions-4.7.1-py3-none-any.whl (33 kB),,0
	2024-03-24T16:28:27.4221674Z,[16:26:46+0000] Using cached tzdata-2024.1-py2.py3-none-any.whl (345 kB),,0
	2024-03-24T16:28:27.4596156Z,[16:26:46+0000] Using cached uritemplate-4.1.1-py2.py3-none-any.whl (10 kB),,0
	2024-03-24T16:28:27.4704296Z,[16:26:46+0000] Using cached urllib3-1.26.16-py2.py3-none-any.whl (143 kB),,0
	2024-03-24T16:28:27.5141210Z,[16:26:46+0000] Using cached werkzeug-2.3.7-py3-none-any.whl (242 kB),,0
	2024-03-24T16:28:27.5336923Z,[16:26:46+0000] Using cached zope.interface-6.2-cp311-cp311-manylinux_2_5_x86_64.manylinux1_x86_64.manylinux_2_17_x86_64.manylinux2014_x86_64.whl (249 kB),,0
	2024-03-24T16:28:27.5554081Z,[16:26:49+0000] Installing collected packages: StrEnum&comma; pytz&comma; config&comma; zope.interface&comma; urllib3&comma; uritemplate&comma; tzdata&comma; typing_extensions&comma; six&comma; pyparsing&comma; pyodbc&comma; pyasn1&comma; protobuf&comma; packaging&comma; oauthlib&comma; numpy&comma; MarkupSafe&comma; itsdangerous&comma; idna&comma; greenlet&comma; colorama&comma; click&comma; charset-normalizer&comma; certifi&comma; cachetools&comma; blinker&comma; Werkzeug&comma; SQLAlchemy&comma; rsa&comma; requests&comma; python-dateutil&comma; pyasn1-modules&comma; Jinja2&comma; httplib2&comma; gunicorn&comma; googleapis-common-protos&comma; DateTime&comma; requests-oauthlib&comma; pandas&comma; oauth2client&comma; google-auth&comma; Flask&comma; google-auth-oauthlib&comma; google-auth-httplib2&comma; google-api-core&comma; Flask-SQLAlchemy&comma; Flask-Cors&comma; gspread&comma; google-api-python-client,,0
	2024-03-24T16:28:27.5713319Z,[16:28:18+0000] Successfully installed DateTime-5.4 Flask-2.3.2 Flask-Cors-4.0.0 Flask-SQLAlchemy-3.0.5 Jinja2-3.1.2 MarkupSafe-2.1.3 SQLAlchemy-2.0.20 StrEnum-0.4.15 Werkzeug-2.3.7 blinker-1.6.2 cachetools-5.3.1 certifi-2023.7.22 charset-normalizer-3.2.0 click-8.1.7 colorama-0.4.6 config-0.5.1 google-api-core-2.11.1 google-api-python-client-2.100.0 google-auth-2.23.0 google-auth-httplib2-0.1.1 google-auth-oauthlib-1.1.0 googleapis-common-protos-1.60.0 greenlet-2.0.2 gspread-5.11.2 gunicorn-21.2.0 httplib2-0.22.0 idna-3.4 itsdangerous-2.1.2 numpy-1.26.4 oauth2client-4.1.3 oauthlib-3.2.2 packaging-23.2 pandas-2.2.1 protobuf-4.24.3 pyasn1-0.5.0 pyasn1-modules-0.3.0 pyodbc-4.0.39 pyparsing-3.1.1 python-dateutil-2.9.0.post0 pytz-2024.1 requests-2.31.0 requests-oauthlib-1.3.1 rsa-4.9 six-1.16.0 typing_extensions-4.7.1 tzdata-2024.1 uritemplate-4.1.1 urllib3-1.26.16 zope.interface-6.2,,0
	2024-03-24T16:28:27.5922285Z,Not a vso image&comma; so not writing build commands,,0
	2024-03-24T16:28:27.6289422Z,Preparing output...,,0
	2024-03-24T16:28:27.6398776Z,,,0
	2024-03-24T16:28:27.6611477Z,Copying files to destination directory '/tmp/_preCompressedDestinationDir'...,,0
	2024-03-24T16:28:46.3187724Z,Done in 19 sec(s).,,0
	2024-03-24T16:28:46.3439917Z,Compressing content of directory '/tmp/_preCompressedDestinationDir'...,,0
	2024-03-24T16:29:45.1824336Z,Copied the compressed output to '/home/site/wwwroot',,0
	2024-03-24T16:29:45.2721669Z,,,0
	2024-03-24T16:29:45.2829938Z,Removing existing manifest file,,0
	2024-03-24T16:29:45.3176798Z,Creating a manifest file...,,0
	2024-03-24T16:29:45.3654144Z,Manifest file created.,,0
	2024-03-24T16:29:45.4105194Z,Copying .ostype to manifest output directory.,,0
	2024-03-24T16:29:45.4327918Z,,,0
	2024-03-24T16:29:45.4653616Z,Done in 227 sec(s).,,0
2024-03-24T16:29:46.0569788Z,Running post deployment command(s)...,5bf04e8f-152c-4e5b-947a-b595bd2abf77,0
2024-03-24T16:29:46.1602283Z,,46cdf732-5296-436e-8722-7fa49b009d7b,0
2024-03-24T16:29:46.2431974Z,Generating summary of Oryx build,695ea944-a7d8-46f7-b09d-72a0c8695307,0
2024-03-24T16:29:46.3855824Z,Parsing the build logs,47ad770a-4683-48b2-9728-42ccd33d1620,0
2024-03-24T16:29:46.4844980Z,Found 0 issue(s),1320ab9d-2179-461f-aec7-46f544d5ae72,0
2024-03-24T16:29:46.5525384Z,,49a53f4d-28b2-4b68-828e-9854dbae14f5,0
2024-03-24T16:29:46.6218545Z,Build Summary :,580e8f1b-6641-4dfd-b392-401909d21944,0
2024-03-24T16:29:46.6816042Z,===============,adfca9d6-1af0-4fd7-8717-56989822ed67,0
2024-03-24T16:29:46.7574321Z,Errors (0),44de2c68-c1ff-4695-8694-464e68649541,0
2024-03-24T16:29:46.8327665Z,Warnings (0),71db975d-f53f-4c0b-aa0a-9f77bde1ba50,0
2024-03-24T16:29:46.9026823Z,,ae145104-4ff6-403d-9fa7-45dc5d29a5d6,0
2024-03-24T16:29:46.9977483Z,Triggering recycle (preview mode disabled).,70b7252c-45db-424e-906f-b882e4a9b1a0,0
2024-03-24T16:29:47.1470105Z,Deployment successful. deployer = GITHUB_ZIP_DEPLOY deploymentPath = ZipDeploy. Extract zip. Remote build.,afa46615-a2c3-4315-8737-4d8ab3fd4d2b,0
