2024-03-24T11:48:36.710Z INFO  - Pulling image: mcr.microsoft.com/appsvc/middleware:stage3
2024-03-24T11:48:38.881Z INFO  - stage3 Pulling from appsvc/middleware
2024-03-24T11:48:38.969Z INFO  -  Digest: sha256:7af9fa507b866115cc83a4f197a966fd4b7ae4193fe53d525470b9a77801daed
2024-03-24T11:48:38.970Z INFO  -  Status: Image is up to date for mcr.microsoft.com/appsvc/middleware:stage3
2024-03-24T11:48:39.001Z INFO  - Pull Image successful, Time taken: 2 Seconds
2024-03-24T11:48:46.267Z INFO  - Starting container for site
2024-03-24T11:48:46.268Z INFO  - docker run -d --expose=8181 --name python-flask-webapp-t_0_9e106d27_middleware -e WEBSITE_CORS_ALLOWED_ORIGINS=https://witty-mud-09afa6410.3.azurestaticapps.net -e WEBSITE_CORS_SUPPORT_CREDENTIALS=True -e WEBSITE_AUTH_ENABLED=False -e WEBSITE_SITE_NAME=python-flask-webapp-t -e WEBSITE_ROLE_INSTANCE_ID=0 -e WEBSITE_HOSTNAME=python-flask-webapp-t.azurewebsites.net -e WEBSITE_INSTANCE_ID=0fe1e59899343760e874df09464bea20bcaf305629db644825fe57ceb27d120b -e HTTP_LOGGING_ENABLED=1 mcr.microsoft.com/appsvc/middleware:stage3 /Host.ListenUrl=http://0.0.0.0:8181 /Host.DestinationHostUrl=http://169.254.130.3:8000 /Host.UseFileLogging=true
2024-03-24T11:56:44.061Z INFO  - Pulling image: mcr.microsoft.com/appsvc/middleware:stage3
2024-03-24T11:56:45.597Z INFO  - stage3 Pulling from appsvc/middleware
2024-03-24T11:56:45.636Z INFO  -  Digest: sha256:7af9fa507b866115cc83a4f197a966fd4b7ae4193fe53d525470b9a77801daed
2024-03-24T11:56:45.654Z INFO  -  Status: Image is up to date for mcr.microsoft.com/appsvc/middleware:stage3
2024-03-24T11:56:45.783Z INFO  - Pull Image successful, Time taken: 1 Seconds
2024-03-24T11:56:46.457Z INFO  - Starting container for site
2024-03-24T11:56:46.464Z INFO  - docker run -d --expose=8181 --name python-flask-webapp-t_1_9ea2f4d1_middleware -e WEBSITE_CORS_ALLOWED_ORIGINS=https://witty-mud-09afa6410.3.azurestaticapps.net -e WEBSITE_CORS_SUPPORT_CREDENTIALS=True -e WEBSITE_AUTH_ENABLED=False -e WEBSITE_SITE_NAME=python-flask-webapp-t -e WEBSITE_ROLE_INSTANCE_ID=0 -e WEBSITE_HOSTNAME=python-flask-webapp-t.azurewebsites.net -e WEBSITE_INSTANCE_ID=0fe1e59899343760e874df09464bea20bcaf305629db644825fe57ceb27d120b -e HTTP_LOGGING_ENABLED=1 mcr.microsoft.com/appsvc/middleware:stage3 /Host.ListenUrl=http://0.0.0.0:8181 /Host.DestinationHostUrl=http://169.254.130.5:8000 /Host.UseFileLogging=true
2024-03-24T12:30:34.326Z INFO  - Pulling image: mcr.microsoft.com/appsvc/middleware:stage3
2024-03-24T12:30:34.877Z INFO  - stage3 Pulling from appsvc/middleware
2024-03-24T12:30:34.913Z INFO  -  Digest: sha256:7af9fa507b866115cc83a4f197a966fd4b7ae4193fe53d525470b9a77801daed
2024-03-24T12:30:34.914Z INFO  -  Status: Image is up to date for mcr.microsoft.com/appsvc/middleware:stage3
2024-03-24T12:30:34.972Z INFO  - Pull Image successful, Time taken: 0 Seconds
2024-03-24T12:30:35.423Z INFO  - Starting container for site
2024-03-24T12:30:35.430Z INFO  - docker run -d --expose=8181 --name python-flask-webapp-t_2_97c57f70_middleware -e WEBSITE_CORS_ALLOWED_ORIGINS=https://witty-mud-09afa6410.3.azurestaticapps.net -e WEBSITE_CORS_SUPPORT_CREDENTIALS=True -e WEBSITE_AUTH_ENABLED=False -e WEBSITE_SITE_NAME=python-flask-webapp-t -e WEBSITE_ROLE_INSTANCE_ID=0 -e WEBSITE_HOSTNAME=python-flask-webapp-t.azurewebsites.net -e WEBSITE_INSTANCE_ID=0fe1e59899343760e874df09464bea20bcaf305629db644825fe57ceb27d120b -e HTTP_LOGGING_ENABLED=1 mcr.microsoft.com/appsvc/middleware:stage3 /Host.ListenUrl=http://0.0.0.0:8181 /Host.DestinationHostUrl=http://169.254.130.3:8000 /Host.UseFileLogging=true
2024-03-24T12:34:32.520Z INFO  - Pulling image: mcr.microsoft.com/appsvc/middleware:stage3
2024-03-24T12:34:33.538Z INFO  - stage3 Pulling from appsvc/middleware
2024-03-24T12:34:33.604Z INFO  -  Digest: sha256:7af9fa507b866115cc83a4f197a966fd4b7ae4193fe53d525470b9a77801daed
2024-03-24T12:34:33.605Z INFO  -  Status: Image is up to date for mcr.microsoft.com/appsvc/middleware:stage3
2024-03-24T12:34:33.752Z INFO  - Pull Image successful, Time taken: 1 Seconds
2024-03-24T12:34:34.926Z INFO  - Starting container for site
2024-03-24T12:34:34.927Z INFO  - docker run -d --expose=8181 --name python-flask-webapp-t_3_ff0f6ded_middleware -e WEBSITE_CORS_ALLOWED_ORIGINS=https://witty-mud-09afa6410.3.azurestaticapps.net -e WEBSITE_CORS_SUPPORT_CREDENTIALS=True -e WEBSITE_AUTH_ENABLED=False -e WEBSITE_SITE_NAME=python-flask-webapp-t -e WEBSITE_ROLE_INSTANCE_ID=0 -e WEBSITE_HOSTNAME=python-flask-webapp-t.azurewebsites.net -e WEBSITE_INSTANCE_ID=0fe1e59899343760e874df09464bea20bcaf305629db644825fe57ceb27d120b -e HTTP_LOGGING_ENABLED=1 mcr.microsoft.com/appsvc/middleware:stage3 /Host.ListenUrl=http://0.0.0.0:8181 /Host.DestinationHostUrl=http://169.254.130.6:8000 /Host.UseFileLogging=true
2024-03-24T12:58:18.772Z INFO  - Pulling image: mcr.microsoft.com/appsvc/middleware:stage3
2024-03-24T12:58:20.160Z INFO  - stage3 Pulling from appsvc/middleware
2024-03-24T12:58:20.200Z INFO  -  Digest: sha256:7af9fa507b866115cc83a4f197a966fd4b7ae4193fe53d525470b9a77801daed
2024-03-24T12:58:20.209Z INFO  -  Status: Image is up to date for mcr.microsoft.com/appsvc/middleware:stage3
2024-03-24T12:58:20.252Z INFO  - Pull Image successful, Time taken: 1 Seconds
2024-03-24T12:58:20.686Z INFO  - Starting container for site
2024-03-24T12:58:20.687Z INFO  - docker run -d --expose=8181 --name python-flask-webapp-t_4_0e652c0f_middleware -e WEBSITE_CORS_ALLOWED_ORIGINS=https://witty-mud-09afa6410.3.azurestaticapps.net -e WEBSITE_CORS_SUPPORT_CREDENTIALS=True -e WEBSITE_AUTH_ENABLED=False -e WEBSITE_SITE_NAME=python-flask-webapp-t -e WEBSITE_ROLE_INSTANCE_ID=0 -e WEBSITE_HOSTNAME=python-flask-webapp-t.azurewebsites.net -e WEBSITE_INSTANCE_ID=0fe1e59899343760e874df09464bea20bcaf305629db644825fe57ceb27d120b -e HTTP_LOGGING_ENABLED=1 mcr.microsoft.com/appsvc/middleware:stage3 /Host.ListenUrl=http://0.0.0.0:8181 /Host.DestinationHostUrl=http://169.254.130.3:8000 /Host.UseFileLogging=true
2024-03-24T13:07:16.226Z INFO  - Pulling image: mcr.microsoft.com/appsvc/middleware:stage3
2024-03-24T13:07:20.946Z INFO  - stage3 Pulling from appsvc/middleware
2024-03-24T13:07:21.527Z INFO  -  Digest: sha256:7af9fa507b866115cc83a4f197a966fd4b7ae4193fe53d525470b9a77801daed
2024-03-24T13:07:21.528Z INFO  -  Status: Image is up to date for mcr.microsoft.com/appsvc/middleware:stage3
2024-03-24T13:07:22.656Z INFO  - Pull Image successful, Time taken: 6 Seconds
2024-03-24T13:07:23.145Z INFO  - Starting container for site
2024-03-24T13:07:23.146Z INFO  - docker run -d --expose=8181 --name python-flask-webapp-t_5_10a9cb1e_middleware -e WEBSITE_CORS_ALLOWED_ORIGINS=https://witty-mud-09afa6410.3.azurestaticapps.net -e WEBSITE_CORS_SUPPORT_CREDENTIALS=True -e WEBSITE_AUTH_ENABLED=False -e WEBSITE_SITE_NAME=python-flask-webapp-t -e WEBSITE_ROLE_INSTANCE_ID=0 -e WEBSITE_HOSTNAME=python-flask-webapp-t.azurewebsites.net -e WEBSITE_INSTANCE_ID=0fe1e59899343760e874df09464bea20bcaf305629db644825fe57ceb27d120b -e HTTP_LOGGING_ENABLED=1 mcr.microsoft.com/appsvc/middleware:stage3 /Host.ListenUrl=http://0.0.0.0:8181 /Host.DestinationHostUrl=http://169.254.130.6:8000 /Host.UseFileLogging=true
2024-03-24T13:43:01.519Z INFO  - Pulling image: mcr.microsoft.com/appsvc/middleware:stage3
2024-03-24T13:43:04.598Z INFO  - stage3 Pulling from appsvc/middleware
2024-03-24T13:43:04.695Z INFO  -  Digest: sha256:7af9fa507b866115cc83a4f197a966fd4b7ae4193fe53d525470b9a77801daed
2024-03-24T13:43:04.697Z INFO  -  Status: Image is up to date for mcr.microsoft.com/appsvc/middleware:stage3
2024-03-24T13:43:04.752Z INFO  - Pull Image successful, Time taken: 3 Seconds
2024-03-24T13:43:05.910Z INFO  - Starting container for site
2024-03-24T13:43:05.919Z INFO  - docker run -d --expose=8181 --name python-flask-webapp-t_6_5c8c5d04_middleware -e WEBSITE_CORS_ALLOWED_ORIGINS=https://witty-mud-09afa6410.3.azurestaticapps.net -e WEBSITE_CORS_SUPPORT_CREDENTIALS=True -e WEBSITE_AUTH_ENABLED=False -e WEBSITE_SITE_NAME=python-flask-webapp-t -e WEBSITE_ROLE_INSTANCE_ID=0 -e WEBSITE_HOSTNAME=python-flask-webapp-t.azurewebsites.net -e WEBSITE_INSTANCE_ID=0fe1e59899343760e874df09464bea20bcaf305629db644825fe57ceb27d120b -e HTTP_LOGGING_ENABLED=1 mcr.microsoft.com/appsvc/middleware:stage3 /Host.ListenUrl=http://0.0.0.0:8181 /Host.DestinationHostUrl=http://169.254.130.4:8000 /Host.UseFileLogging=true
2024-03-24T13:47:10.333Z INFO  - Pulling image: mcr.microsoft.com/appsvc/middleware:stage3
2024-03-24T13:47:15.563Z INFO  - stage3 Pulling from appsvc/middleware
2024-03-24T13:47:15.653Z INFO  -  Digest: sha256:7af9fa507b866115cc83a4f197a966fd4b7ae4193fe53d525470b9a77801daed
2024-03-24T13:47:15.661Z INFO  -  Status: Image is up to date for mcr.microsoft.com/appsvc/middleware:stage3
2024-03-24T13:47:15.713Z INFO  - Pull Image successful, Time taken: 5 Seconds
2024-03-24T13:47:16.421Z INFO  - Starting container for site
2024-03-24T13:47:16.428Z INFO  - docker run -d --expose=8181 --name python-flask-webapp-t_7_18acfb0f_middleware -e WEBSITE_CORS_ALLOWED_ORIGINS=https://witty-mud-09afa6410.3.azurestaticapps.net -e WEBSITE_CORS_SUPPORT_CREDENTIALS=True -e WEBSITE_AUTH_ENABLED=False -e WEBSITE_SITE_NAME=python-flask-webapp-t -e WEBSITE_ROLE_INSTANCE_ID=0 -e WEBSITE_HOSTNAME=python-flask-webapp-t.azurewebsites.net -e WEBSITE_INSTANCE_ID=0fe1e59899343760e874df09464bea20bcaf305629db644825fe57ceb27d120b -e HTTP_LOGGING_ENABLED=1 mcr.microsoft.com/appsvc/middleware:stage3 /Host.ListenUrl=http://0.0.0.0:8181 /Host.DestinationHostUrl=http://169.254.130.7:8000 /Host.UseFileLogging=true
2024-03-24T13:54:35.476Z INFO  - Pulling image: mcr.microsoft.com/appsvc/middleware:stage3
2024-03-24T13:54:38.162Z INFO  - stage3 Pulling from appsvc/middleware
2024-03-24T13:54:38.201Z INFO  -  Digest: sha256:7af9fa507b866115cc83a4f197a966fd4b7ae4193fe53d525470b9a77801daed
2024-03-24T13:54:38.208Z INFO  -  Status: Image is up to date for mcr.microsoft.com/appsvc/middleware:stage3
2024-03-24T13:54:38.237Z INFO  - Pull Image successful, Time taken: 2 Seconds
2024-03-24T13:54:38.704Z INFO  - Starting container for site
2024-03-24T13:54:38.705Z INFO  - docker run -d --expose=8181 --name python-flask-webapp-t_8_ec4acf57_middleware -e WEBSITE_CORS_ALLOWED_ORIGINS=https://witty-mud-09afa6410.3.azurestaticapps.net -e WEBSITE_CORS_SUPPORT_CREDENTIALS=True -e WEBSITE_AUTH_ENABLED=False -e WEBSITE_SITE_NAME=python-flask-webapp-t -e WEBSITE_ROLE_INSTANCE_ID=0 -e WEBSITE_HOSTNAME=python-flask-webapp-t.azurewebsites.net -e WEBSITE_INSTANCE_ID=0fe1e59899343760e874df09464bea20bcaf305629db644825fe57ceb27d120b -e HTTP_LOGGING_ENABLED=1 mcr.microsoft.com/appsvc/middleware:stage3 /Host.ListenUrl=http://0.0.0.0:8181 /Host.DestinationHostUrl=http://169.254.130.4:8000 /Host.UseFileLogging=true
2024-03-24T13:59:46.539Z INFO  - Pulling image: mcr.microsoft.com/appsvc/middleware:stage3
2024-03-24T13:59:47.666Z INFO  - stage3 Pulling from appsvc/middleware
2024-03-24T13:59:47.695Z INFO  -  Digest: sha256:7af9fa507b866115cc83a4f197a966fd4b7ae4193fe53d525470b9a77801daed
2024-03-24T13:59:47.702Z INFO  -  Status: Image is up to date for mcr.microsoft.com/appsvc/middleware:stage3
2024-03-24T13:59:47.772Z INFO  - Pull Image successful, Time taken: 1 Seconds
2024-03-24T13:59:48.421Z INFO  - Starting container for site
2024-03-24T13:59:48.422Z INFO  - docker run -d --expose=8181 --name python-flask-webapp-t_9_1649cf76_middleware -e WEBSITE_CORS_ALLOWED_ORIGINS=https://witty-mud-09afa6410.3.azurestaticapps.net -e WEBSITE_CORS_SUPPORT_CREDENTIALS=True -e WEBSITE_AUTH_ENABLED=False -e WEBSITE_SITE_NAME=python-flask-webapp-t -e WEBSITE_ROLE_INSTANCE_ID=0 -e WEBSITE_HOSTNAME=python-flask-webapp-t.azurewebsites.net -e WEBSITE_INSTANCE_ID=0fe1e59899343760e874df09464bea20bcaf305629db644825fe57ceb27d120b -e HTTP_LOGGING_ENABLED=1 mcr.microsoft.com/appsvc/middleware:stage3 /Host.ListenUrl=http://0.0.0.0:8181 /Host.DestinationHostUrl=http://169.254.130.7:8000 /Host.UseFileLogging=true
2024-03-24T15:06:13.745Z INFO  - 

2024-03-24T15:17:20.602Z INFO  - Pulling image: mcr.microsoft.com/appsvc/middleware:stage3
2024-03-24T15:17:23.230Z INFO  - stage3 Pulling from appsvc/middleware
2024-03-24T15:17:23.401Z INFO  -  Digest: sha256:7af9fa507b866115cc83a4f197a966fd4b7ae4193fe53d525470b9a77801daed
2024-03-24T15:17:23.402Z INFO  -  Status: Image is up to date for mcr.microsoft.com/appsvc/middleware:stage3
2024-03-24T15:17:23.490Z INFO  - Pull Image successful, Time taken: 2 Seconds
2024-03-24T15:17:25.099Z INFO  - Starting container for site
2024-03-24T15:17:25.107Z INFO  - docker run -d --expose=8181 --name python-flask-webapp-t_10_36eb5252_middleware -e WEBSITE_CORS_ALLOWED_ORIGINS=https://witty-mud-09afa6410.3.azurestaticapps.net -e WEBSITE_CORS_SUPPORT_CREDENTIALS=True -e WEBSITE_AUTH_ENABLED=False -e WEBSITE_SITE_NAME=python-flask-webapp-t -e WEBSITE_ROLE_INSTANCE_ID=0 -e WEBSITE_HOSTNAME=python-flask-webapp-t.azurewebsites.net -e WEBSITE_INSTANCE_ID=0fe1e59899343760e874df09464bea20bcaf305629db644825fe57ceb27d120b -e HTTP_LOGGING_ENABLED=1 mcr.microsoft.com/appsvc/middleware:stage3 /Host.ListenUrl=http://0.0.0.0:8181 /Host.DestinationHostUrl=http://169.254.130.4:8000 /Host.UseFileLogging=true
2024-03-24T15:34:53.684Z INFO  - Pulling image: mcr.microsoft.com/appsvc/middleware:stage3
2024-03-24T15:34:55.193Z INFO  - stage3 Pulling from appsvc/middleware
2024-03-24T15:34:55.294Z INFO  -  Digest: sha256:7af9fa507b866115cc83a4f197a966fd4b7ae4193fe53d525470b9a77801daed
2024-03-24T15:34:55.300Z INFO  -  Status: Image is up to date for mcr.microsoft.com/appsvc/middleware:stage3
2024-03-24T15:34:55.381Z INFO  - Pull Image successful, Time taken: 1 Seconds
2024-03-24T15:34:55.913Z INFO  - Starting container for site
2024-03-24T15:34:55.913Z INFO  - docker run -d --expose=8181 --name python-flask-webapp-t_11_e54cff41_middleware -e WEBSITE_CORS_ALLOWED_ORIGINS=https://witty-mud-09afa6410.3.azurestaticapps.net -e WEBSITE_CORS_SUPPORT_CREDENTIALS=True -e WEBSITE_AUTH_ENABLED=False -e WEBSITE_SITE_NAME=python-flask-webapp-t -e WEBSITE_ROLE_INSTANCE_ID=0 -e WEBSITE_HOSTNAME=python-flask-webapp-t.azurewebsites.net -e WEBSITE_INSTANCE_ID=0fe1e59899343760e874df09464bea20bcaf305629db644825fe57ceb27d120b -e HTTP_LOGGING_ENABLED=1 mcr.microsoft.com/appsvc/middleware:stage3 /Host.ListenUrl=http://0.0.0.0:8181 /Host.DestinationHostUrl=http://169.254.130.7:8000 /Host.UseFileLogging=true
2024-03-24T15:59:27.592Z INFO  - Pulling image: mcr.microsoft.com/appsvc/middleware:stage3
2024-03-24T15:59:29.296Z INFO  - stage3 Pulling from appsvc/middleware
2024-03-24T15:59:29.336Z INFO  -  Digest: sha256:7af9fa507b866115cc83a4f197a966fd4b7ae4193fe53d525470b9a77801daed
2024-03-24T15:59:29.343Z INFO  -  Status: Image is up to date for mcr.microsoft.com/appsvc/middleware:stage3
2024-03-24T15:59:29.430Z INFO  - Pull Image successful, Time taken: 1 Seconds
2024-03-24T15:59:30.824Z INFO  - Starting container for site
2024-03-24T15:59:30.825Z INFO  - docker run -d --expose=8181 --name python-flask-webapp-t_12_c4d8d9bd_middleware -e WEBSITE_CORS_ALLOWED_ORIGINS=https://witty-mud-09afa6410.3.azurestaticapps.net -e WEBSITE_CORS_SUPPORT_CREDENTIALS=True -e WEBSITE_AUTH_ENABLED=False -e WEBSITE_SITE_NAME=python-flask-webapp-t -e WEBSITE_ROLE_INSTANCE_ID=0 -e WEBSITE_HOSTNAME=python-flask-webapp-t.azurewebsites.net -e WEBSITE_INSTANCE_ID=0fe1e59899343760e874df09464bea20bcaf305629db644825fe57ceb27d120b -e HTTP_LOGGING_ENABLED=1 mcr.microsoft.com/appsvc/middleware:stage3 /Host.ListenUrl=http://0.0.0.0:8181 /Host.DestinationHostUrl=http://169.254.130.8:8000 /Host.UseFileLogging=true
2024-03-24T16:30:08.268Z INFO  - Pulling image: mcr.microsoft.com/appsvc/middleware:stage3
2024-03-24T16:30:11.292Z INFO  - stage3 Pulling from appsvc/middleware
2024-03-24T16:30:11.359Z INFO  -  Digest: sha256:7af9fa507b866115cc83a4f197a966fd4b7ae4193fe53d525470b9a77801daed
2024-03-24T16:30:11.369Z INFO  -  Status: Image is up to date for mcr.microsoft.com/appsvc/middleware:stage3
2024-03-24T16:30:11.426Z INFO  - Pull Image successful, Time taken: 3 Seconds
2024-03-24T16:30:11.882Z INFO  - Starting container for site
2024-03-24T16:30:11.890Z INFO  - docker run -d --expose=8181 --name python-flask-webapp-t_13_3e044660_middleware -e WEBSITE_CORS_ALLOWED_ORIGINS=https://witty-mud-09afa6410.3.azurestaticapps.net -e WEBSITE_CORS_SUPPORT_CREDENTIALS=True -e WEBSITE_AUTH_ENABLED=False -e WEBSITE_SITE_NAME=python-flask-webapp-t -e WEBSITE_ROLE_INSTANCE_ID=0 -e WEBSITE_HOSTNAME=python-flask-webapp-t.azurewebsites.net -e WEBSITE_INSTANCE_ID=0fe1e59899343760e874df09464bea20bcaf305629db644825fe57ceb27d120b -e HTTP_LOGGING_ENABLED=1 mcr.microsoft.com/appsvc/middleware:stage3 /Host.ListenUrl=http://0.0.0.0:8181 /Host.DestinationHostUrl=http://169.254.130.7:8000 /Host.UseFileLogging=true

2024-03-24T11:46:44.960Z INFO  - f27dc4dc2fd1 Downloading 10MB / 69MB
2024-03-24T11:46:44.977Z INFO  - 030a88ad1147 Downloading 13MB / 56MB
2024-03-24T11:46:44.977Z INFO  - 5df0cf3d3f9a Downloading 11MB / 109MB
2024-03-24T11:46:44.977Z INFO  - 3e4531da2f06 Downloading 13MB / 15MB
2024-03-24T11:46:44.977Z INFO  - e455cf41eadb Downloading 10MB / 52MB
2024-03-24T11:46:45.077Z INFO  - 2d1d783fc119 Downloading 10MB / 36MB
2024-03-24T11:46:45.173Z INFO  - 030a88ad1147 Downloading 14MB / 56MB
2024-03-24T11:46:45.201Z INFO  - 2d1d783fc119 Downloading 12MB / 36MB
2024-03-24T11:46:45.202Z INFO  - f27dc4dc2fd1 Downloading 11MB / 69MB
2024-03-24T11:46:45.309Z INFO  - e455cf41eadb Downloading 13MB / 52MB
2024-03-24T11:46:45.326Z INFO  - 030a88ad1147 Downloading 16MB / 56MB
2024-03-24T11:46:45.326Z INFO  - 3e4531da2f06 Verifying Checksum
2024-03-24T11:46:45.326Z INFO  - 3e4531da2f06 Download complete
2024-03-24T11:46:45.326Z INFO  - 6ca1483d6e6b Downloading 14MB / 33MB
2024-03-24T11:46:45.425Z INFO  - 030a88ad1147 Downloading 17MB / 56MB
2024-03-24T11:46:45.426Z INFO  - 5df0cf3d3f9a Downloading 13MB / 109MB
2024-03-24T11:46:45.434Z INFO  - 6ca1483d6e6b Downloading 14MB / 33MB
2024-03-24T11:46:45.434Z INFO  - e455cf41eadb Downloading 15MB / 52MB
2024-03-24T11:46:45.523Z INFO  - e455cf41eadb Downloading 16MB / 52MB
2024-03-24T11:46:45.523Z INFO  - 030a88ad1147 Downloading 18MB / 56MB
2024-03-24T11:46:45.524Z INFO  - 2d1d783fc119 Downloading 14MB / 36MB
2024-03-24T11:46:45.531Z INFO  - 6ca1483d6e6b Downloading 16MB / 33MB
2024-03-24T11:46:45.561Z INFO  - f27dc4dc2fd1 Downloading 14MB / 69MB
2024-03-24T11:46:45.650Z INFO  - 2d1d783fc119 Downloading 15MB / 36MB
2024-03-24T11:46:45.668Z INFO  - 030a88ad1147 Downloading 20MB / 56MB
2024-03-24T11:46:45.668Z INFO  - 5df0cf3d3f9a Downloading 15MB / 109MB
2024-03-24T11:46:45.669Z INFO  - 6ca1483d6e6b Downloading 16MB / 33MB
2024-03-24T11:46:45.783Z INFO  - 2d1d783fc119 Downloading 15MB / 36MB
2024-03-24T11:46:45.783Z INFO  - 030a88ad1147 Downloading 22MB / 56MB
2024-03-24T11:46:45.803Z INFO  - e455cf41eadb Downloading 19MB / 52MB
2024-03-24T11:46:45.804Z INFO  - f27dc4dc2fd1 Downloading 15MB / 69MB
2024-03-24T11:46:45.918Z INFO  - 5df0cf3d3f9a Downloading 18MB / 109MB
2024-03-24T11:46:46.027Z INFO  - 2d1d783fc119 Downloading 19MB / 36MB
2024-03-24T11:46:46.135Z INFO  - 5df0cf3d3f9a Downloading 20MB / 109MB
2024-03-24T11:46:46.154Z INFO  - 6ca1483d6e6b Downloading 19MB / 33MB
2024-03-24T11:46:46.249Z INFO  - f27dc4dc2fd1 Downloading 18MB / 69MB
2024-03-24T11:46:46.250Z INFO  - 5df0cf3d3f9a Downloading 20MB / 109MB
2024-03-24T11:46:46.259Z INFO  - 2d1d783fc119 Downloading 20MB / 36MB
2024-03-24T11:46:46.260Z INFO  - e455cf41eadb Downloading 22MB / 52MB
2024-03-24T11:46:46.354Z INFO  - f27dc4dc2fd1 Downloading 19MB / 69MB
2024-03-24T11:46:46.371Z INFO  - 2d1d783fc119 Downloading 22MB / 36MB
2024-03-24T11:46:46.371Z INFO  - e455cf41eadb Downloading 23MB / 52MB
2024-03-24T11:46:46.573Z INFO  - 5df0cf3d3f9a Downloading 22MB / 109MB
2024-03-24T11:46:46.594Z INFO  - f27dc4dc2fd1 Downloading 22MB / 69MB
2024-03-24T11:46:46.720Z INFO  - 2d1d783fc119 Downloading 25MB / 36MB
2024-03-24T11:46:46.868Z INFO  - e455cf41eadb Downloading 27MB / 52MB
2024-03-24T11:46:46.869Z INFO  - 030a88ad1147 Downloading 30MB / 56MB
2024-03-24T11:46:46.876Z INFO  - f27dc4dc2fd1 Downloading 23MB / 69MB
2024-03-24T11:46:46.876Z INFO  - 2d1d783fc119 Downloading 26MB / 36MB
2024-03-24T11:46:46.986Z INFO  - 6ca1483d6e6b Downloading 25MB / 33MB
2024-03-24T11:46:47.103Z INFO  - 030a88ad1147 Downloading 32MB / 56MB
2024-03-24T11:46:47.103Z INFO  - f27dc4dc2fd1 Downloading 25MB / 69MB
2024-03-24T11:46:47.103Z INFO  - 5df0cf3d3f9a Downloading 26MB / 109MB
2024-03-24T11:46:47.103Z INFO  - 6ca1483d6e6b Downloading 26MB / 33MB
2024-03-24T11:46:47.103Z INFO  - e455cf41eadb Downloading 30MB / 52MB
2024-03-24T11:46:47.182Z INFO  - e455cf41eadb Downloading 31MB / 52MB
2024-03-24T11:46:47.235Z INFO  - e455cf41eadb Downloading 32MB / 52MB
2024-03-24T11:46:47.253Z INFO  - 030a88ad1147 Downloading 35MB / 56MB
2024-03-24T11:46:47.378Z INFO  - 5df0cf3d3f9a Downloading 29MB / 109MB
2024-03-24T11:46:47.379Z INFO  - 6ca1483d6e6b Downloading 28MB / 33MB
2024-03-24T11:46:47.380Z INFO  - 030a88ad1147 Downloading 36MB / 56MB
2024-03-24T11:46:47.495Z INFO  - 6ca1483d6e6b Downloading 30MB / 33MB
2024-03-24T11:46:47.495Z INFO  - f27dc4dc2fd1 Downloading 29MB / 69MB
2024-03-24T11:46:47.495Z INFO  - 030a88ad1147 Downloading 38MB / 56MB
2024-03-24T11:46:47.605Z INFO  - 5df0cf3d3f9a Downloading 30MB / 109MB
2024-03-24T11:46:47.621Z INFO  - 5df0cf3d3f9a Downloading 31MB / 109MB
2024-03-24T11:46:47.727Z INFO  - 6ca1483d6e6b Downloading 32MB / 33MB
2024-03-24T11:46:47.728Z INFO  - 2d1d783fc119 Downloading 34MB / 36MB
2024-03-24T11:46:47.728Z INFO  - f27dc4dc2fd1 Downloading 32MB / 69MB
2024-03-24T11:46:47.728Z INFO  - 030a88ad1147 Downloading 41MB / 56MB
2024-03-24T11:46:47.788Z INFO  - 6ca1483d6e6b Downloading 33MB / 33MB
2024-03-24T11:46:47.846Z INFO  - e455cf41eadb Downloading 37MB / 52MB
2024-03-24T11:46:47.847Z INFO  - 2d1d783fc119 Downloading 36MB / 36MB
2024-03-24T11:46:47.848Z INFO  - 6ca1483d6e6b Verifying Checksum
2024-03-24T11:46:47.855Z INFO  - 6ca1483d6e6b Download complete
2024-03-24T11:46:47.866Z INFO  - f27dc4dc2fd1 Downloading 33MB / 69MB
2024-03-24T11:46:47.874Z INFO  - 2d1d783fc119 Verifying Checksum
2024-03-24T11:46:47.874Z INFO  - 2d1d783fc119 Download complete
2024-03-24T11:46:47.936Z INFO  - e455cf41eadb Downloading 39MB / 52MB
2024-03-24T11:46:48.003Z INFO  - 5df0cf3d3f9a Downloading 33MB / 109MB
2024-03-24T11:46:48.003Z INFO  - f27dc4dc2fd1 Downloading 36MB / 69MB
2024-03-24T11:46:48.003Z INFO  - 030a88ad1147 Downloading 44MB / 56MB
2024-03-24T11:46:48.062Z INFO  - e455cf41eadb Downloading 41MB / 52MB
2024-03-24T11:46:48.083Z INFO  - 5df0cf3d3f9a Downloading 36MB / 109MB
2024-03-24T11:46:48.140Z INFO  - 030a88ad1147 Downloading 46MB / 56MB
2024-03-24T11:46:48.160Z INFO  - e455cf41eadb Downloading 43MB / 52MB
2024-03-24T11:46:48.220Z INFO  - 5df0cf3d3f9a Downloading 37MB / 109MB
2024-03-24T11:46:48.355Z INFO  - 5df0cf3d3f9a Downloading 39MB / 109MB
2024-03-24T11:46:48.358Z INFO  - f27dc4dc2fd1 Downloading 40MB / 69MB
2024-03-24T11:46:48.590Z INFO  - f27dc4dc2fd1 Downloading 44MB / 69MB
2024-03-24T11:46:48.591Z INFO  - 030a88ad1147 Downloading 51MB / 56MB
2024-03-24T11:46:48.592Z INFO  - e455cf41eadb Downloading 49MB / 52MB
2024-03-24T11:46:48.668Z INFO  - 5df0cf3d3f9a Downloading 42MB / 109MB
2024-03-24T11:46:48.757Z INFO  - f27dc4dc2fd1 Downloading 47MB / 69MB
2024-03-24T11:46:48.823Z INFO  - e455cf41eadb Verifying Checksum
2024-03-24T11:46:48.823Z INFO  - e455cf41eadb Download complete
2024-03-24T11:46:48.856Z INFO  - 030a88ad1147 Verifying Checksum
2024-03-24T11:46:48.856Z INFO  - 030a88ad1147 Download complete
2024-03-24T11:46:48.992Z INFO  - 5df0cf3d3f9a Downloading 50MB / 109MB
2024-03-24T11:46:49.250Z INFO  - f27dc4dc2fd1 Downloading 55MB / 69MB
2024-03-24T11:46:49.298Z INFO  - 5df0cf3d3f9a Downloading 55MB / 109MB
2024-03-24T11:46:49.337Z INFO  - f27dc4dc2fd1 Downloading 57MB / 69MB
2024-03-24T11:46:49.452Z INFO  - f27dc4dc2fd1 Downloading 58MB / 69MB
2024-03-24T11:46:49.484Z INFO  - 5df0cf3d3f9a Downloading 59MB / 109MB
2024-03-24T11:46:49.571Z INFO  - f27dc4dc2fd1 Downloading 61MB / 69MB
2024-03-24T11:46:49.795Z INFO  - f27dc4dc2fd1 Downloading 66MB / 69MB
2024-03-24T11:46:49.846Z INFO  - f27dc4dc2fd1 Verifying Checksum
2024-03-24T11:46:49.863Z INFO  - f27dc4dc2fd1 Download complete
2024-03-24T11:46:49.952Z INFO  - 5df0cf3d3f9a Downloading 73MB / 109MB
2024-03-24T11:46:50.194Z INFO  - 5df0cf3d3f9a Downloading 83MB / 109MB
2024-03-24T11:46:50.409Z INFO  - 5df0cf3d3f9a Downloading 92MB / 109MB
2024-03-24T11:46:50.536Z INFO  - 5df0cf3d3f9a Downloading 97MB / 109MB
2024-03-24T11:46:50.869Z INFO  - 5df0cf3d3f9a Downloading 106MB / 109MB
2024-03-24T11:46:50.935Z INFO  - 5df0cf3d3f9a Verifying Checksum
2024-03-24T11:46:50.936Z INFO  - 5df0cf3d3f9a Download complete
2024-03-24T11:46:51.343Z INFO  - e455cf41eadb Extracting 2MB / 52MB
2024-03-24T11:46:52.185Z INFO  - e455cf41eadb Extracting 6MB / 52MB
2024-03-24T11:46:52.321Z INFO  - e455cf41eadb Extracting 7MB / 52MB
2024-03-24T11:46:53.065Z INFO  - e455cf41eadb Extracting 11MB / 52MB
2024-03-24T11:46:53.327Z INFO  - e455cf41eadb Extracting 12MB / 52MB
2024-03-24T11:46:53.475Z INFO  - e455cf41eadb Extracting 13MB / 52MB
2024-03-24T11:46:53.650Z INFO  - e455cf41eadb Extracting 14MB / 52MB
2024-03-24T11:46:54.247Z INFO  - e455cf41eadb Extracting 18MB / 52MB
2024-03-24T11:46:54.332Z INFO  - e455cf41eadb Extracting 19MB / 52MB
2024-03-24T11:46:54.459Z INFO  - e455cf41eadb Extracting 20MB / 52MB
2024-03-24T11:46:54.594Z INFO  - e455cf41eadb Extracting 21MB / 52MB
2024-03-24T11:46:54.714Z INFO  - e455cf41eadb Extracting 22MB / 52MB
2024-03-24T11:46:54.847Z INFO  - e455cf41eadb Extracting 23MB / 52MB
2024-03-24T11:46:55.024Z INFO  - e455cf41eadb Extracting 24MB / 52MB
2024-03-24T11:46:55.336Z INFO  - e455cf41eadb Extracting 25MB / 52MB
2024-03-24T11:46:56.071Z INFO  - e455cf41eadb Extracting 27MB / 52MB
2024-03-24T11:46:56.828Z INFO  - e455cf41eadb Extracting 35MB / 52MB
2024-03-24T11:46:57.095Z INFO  - e455cf41eadb Extracting 38MB / 52MB
2024-03-24T11:46:57.309Z INFO  - e455cf41eadb Extracting 39MB / 52MB
2024-03-24T11:46:57.495Z INFO  - e455cf41eadb Extracting 40MB / 52MB
2024-03-24T11:46:57.777Z INFO  - e455cf41eadb Extracting 41MB / 52MB
2024-03-24T11:46:58.277Z INFO  - e455cf41eadb Extracting 43MB / 52MB
2024-03-24T11:46:58.592Z INFO  - e455cf41eadb Extracting 45MB / 52MB
2024-03-24T11:46:58.782Z INFO  - e455cf41eadb Extracting 46MB / 52MB
2024-03-24T11:46:59.431Z INFO  - e455cf41eadb Extracting 49MB / 52MB
2024-03-24T11:46:59.703Z INFO  - e455cf41eadb Extracting 50MB / 52MB
2024-03-24T11:47:00.743Z INFO  - e455cf41eadb Extracting 51MB / 52MB
2024-03-24T11:47:01.300Z INFO  - e455cf41eadb Extracting 52MB / 52MB
2024-03-24T11:47:01.564Z INFO  - e455cf41eadb Pull complete
2024-03-24T11:47:02.190Z INFO  - 3e4531da2f06 Extracting 960KB / 15MB
2024-03-24T11:47:02.644Z INFO  - 3e4531da2f06 Extracting 2MB / 15MB
2024-03-24T11:47:02.771Z INFO  - 3e4531da2f06 Extracting 3MB / 15MB
2024-03-24T11:47:02.875Z INFO  - 3e4531da2f06 Extracting 3MB / 15MB
2024-03-24T11:47:02.976Z INFO  - 3e4531da2f06 Extracting 4MB / 15MB
2024-03-24T11:47:03.216Z INFO  - 3e4531da2f06 Extracting 5MB / 15MB
2024-03-24T11:47:03.427Z INFO  - 3e4531da2f06 Extracting 10MB / 15MB
2024-03-24T11:47:03.563Z INFO  - 3e4531da2f06 Extracting 11MB / 15MB
2024-03-24T11:47:03.660Z INFO  - 3e4531da2f06 Extracting 12MB / 15MB
2024-03-24T11:47:03.764Z INFO  - 3e4531da2f06 Extracting 12MB / 15MB
2024-03-24T11:47:03.887Z INFO  - 3e4531da2f06 Extracting 13MB / 15MB
2024-03-24T11:47:03.986Z INFO  - 3e4531da2f06 Extracting 14MB / 15MB
2024-03-24T11:47:04.311Z INFO  - 3e4531da2f06 Extracting 15MB / 15MB
2024-03-24T11:47:05.111Z INFO  - 3e4531da2f06 Pull complete
2024-03-24T11:47:05.111Z INFO  - fab276c5b688 Extracting 32KB / 316KB
2024-03-24T11:47:05.111Z INFO  - fab276c5b688 Extracting 96KB / 316KB
2024-03-24T11:47:05.111Z INFO  - fab276c5b688 Extracting 316KB / 316KB
2024-03-24T11:47:05.111Z INFO  - fab276c5b688 Extracting 316KB / 316KB
2024-03-24T11:47:05.111Z INFO  - fab276c5b688 Pull complete
2024-03-24T11:47:05.111Z INFO  - e7627caf8387 Extracting 64KB / 77KB
2024-03-24T11:47:05.111Z INFO  - e7627caf8387 Extracting 77KB / 77KB
2024-03-24T11:47:05.111Z INFO  - e7627caf8387 Extracting 77KB / 77KB
2024-03-24T11:47:05.111Z INFO  - e7627caf8387 Pull complete
2024-03-24T11:47:05.111Z INFO  - 76cbd545fe97 Extracting 32KB / 50KB
2024-03-24T11:47:05.295Z INFO  - 76cbd545fe97 Extracting 50KB / 50KB
2024-03-24T11:47:05.331Z INFO  - 76cbd545fe97 Extracting 50KB / 50KB
2024-03-24T11:47:05.420Z INFO  - 76cbd545fe97 Pull complete
2024-03-24T11:47:05.423Z INFO  - 7e1cd48051c5 Extracting 13KB / 13KB
2024-03-24T11:47:05.564Z INFO  - 7e1cd48051c5 Extracting 13KB / 13KB
2024-03-24T11:47:05.589Z INFO  - 7e1cd48051c5 Pull complete
2024-03-24T11:47:05.595Z INFO  - 2424767f91e7 Extracting 10KB / 10KB
2024-03-24T11:47:05.608Z INFO  - 2424767f91e7 Extracting 10KB / 10KB
2024-03-24T11:47:06.620Z INFO  - 2424767f91e7 Pull complete
2024-03-24T11:47:06.620Z INFO  - 030a88ad1147 Extracting 544KB / 56MB
2024-03-24T11:47:06.620Z INFO  - 030a88ad1147 Extracting 1MB / 56MB
2024-03-24T11:47:06.620Z INFO  - 030a88ad1147 Extracting 2MB / 56MB
2024-03-24T11:47:06.824Z INFO  - 030a88ad1147 Extracting 3MB / 56MB
2024-03-24T11:47:07.307Z INFO  - 030a88ad1147 Extracting 5MB / 56MB
2024-03-24T11:47:07.622Z INFO  - 030a88ad1147 Extracting 6MB / 56MB
2024-03-24T11:47:07.862Z INFO  - 030a88ad1147 Extracting 7MB / 56MB
2024-03-24T11:47:07.975Z INFO  - 030a88ad1147 Extracting 8MB / 56MB
2024-03-24T11:47:08.108Z INFO  - 030a88ad1147 Extracting 9MB / 56MB
2024-03-24T11:47:08.206Z INFO  - 030a88ad1147 Extracting 10MB / 56MB
2024-03-24T11:47:08.379Z INFO  - 030a88ad1147 Extracting 11MB / 56MB
2024-03-24T11:47:08.555Z INFO  - 030a88ad1147 Extracting 12MB / 56MB
2024-03-24T11:47:08.691Z INFO  - 030a88ad1147 Extracting 13MB / 56MB
2024-03-24T11:47:08.825Z INFO  - 030a88ad1147 Extracting 14MB / 56MB
2024-03-24T11:47:08.935Z INFO  - 030a88ad1147 Extracting 15MB / 56MB
2024-03-24T11:47:09.260Z INFO  - 030a88ad1147 Extracting 17MB / 56MB
2024-03-24T11:47:09.387Z INFO  - 030a88ad1147 Extracting 18MB / 56MB
2024-03-24T11:47:09.502Z INFO  - 030a88ad1147 Extracting 19MB / 56MB
2024-03-24T11:47:10.053Z INFO  - 030a88ad1147 Extracting 22MB / 56MB
2024-03-24T11:47:10.294Z INFO  - 030a88ad1147 Extracting 23MB / 56MB
2024-03-24T11:47:10.478Z INFO  - 030a88ad1147 Extracting 24MB / 56MB
2024-03-24T11:47:11.138Z INFO  - 030a88ad1147 Extracting 26MB / 56MB
2024-03-24T11:47:11.292Z INFO  - 030a88ad1147 Extracting 27MB / 56MB
2024-03-24T11:47:11.484Z INFO  - 030a88ad1147 Extracting 28MB / 56MB
2024-03-24T11:47:11.608Z INFO  - 030a88ad1147 Extracting 29MB / 56MB
2024-03-24T11:47:11.720Z INFO  - 030a88ad1147 Extracting 30MB / 56MB
2024-03-24T11:47:11.847Z INFO  - 030a88ad1147 Extracting 31MB / 56MB
2024-03-24T11:47:12.552Z INFO  - 030a88ad1147 Extracting 37MB / 56MB
2024-03-24T11:47:13.647Z INFO  - 030a88ad1147 Extracting 39MB / 56MB
2024-03-24T11:47:13.647Z INFO  - 030a88ad1147 Extracting 40MB / 56MB
2024-03-24T11:47:13.763Z INFO  - 030a88ad1147 Extracting 41MB / 56MB
2024-03-24T11:47:14.198Z INFO  - 030a88ad1147 Extracting 42MB / 56MB
2024-03-24T11:47:14.351Z INFO  - 030a88ad1147 Extracting 43MB / 56MB
2024-03-24T11:47:14.470Z INFO  - 030a88ad1147 Extracting 44MB / 56MB
2024-03-24T11:47:14.795Z INFO  - 030a88ad1147 Extracting 45MB / 56MB
2024-03-24T11:47:14.927Z INFO  - 030a88ad1147 Extracting 46MB / 56MB
2024-03-24T11:47:15.441Z INFO  - 030a88ad1147 Extracting 47MB / 56MB
2024-03-24T11:47:15.577Z INFO  - 030a88ad1147 Extracting 48MB / 56MB
2024-03-24T11:47:16.079Z INFO  - 030a88ad1147 Extracting 50MB / 56MB
2024-03-24T11:47:16.212Z INFO  - 030a88ad1147 Extracting 51MB / 56MB
2024-03-24T11:47:17.012Z INFO  - 030a88ad1147 Extracting 55MB / 56MB
2024-03-24T11:47:17.112Z INFO  - 030a88ad1147 Extracting 56MB / 56MB
2024-03-24T11:47:17.298Z INFO  - 030a88ad1147 Extracting 56MB / 56MB
2024-03-24T11:47:17.386Z INFO  - 030a88ad1147 Pull complete
2024-03-24T11:47:17.396Z INFO  - 65b9799a7114 Extracting 19KB / 19KB
2024-03-24T11:47:18.186Z INFO  - 65b9799a7114 Extracting 19KB / 19KB
2024-03-24T11:47:18.235Z INFO  - 65b9799a7114 Pull complete
2024-03-24T11:47:18.261Z INFO  - 794cd67e00af Extracting 10KB / 10KB
2024-03-24T11:47:18.274Z INFO  - 794cd67e00af Extracting 10KB / 10KB
2024-03-24T11:47:18.715Z INFO  - 794cd67e00af Pull complete
2024-03-24T11:47:18.716Z INFO  - 99eb07288124 Extracting 13KB / 13KB
2024-03-24T11:47:19.117Z INFO  - 99eb07288124 Extracting 13KB / 13KB
2024-03-24T11:47:19.159Z INFO  - 99eb07288124 Pull complete
2024-03-24T11:47:19.194Z INFO  - 27d8d88dc5fe Extracting 10KB / 10KB
2024-03-24T11:47:19.284Z INFO  - 27d8d88dc5fe Extracting 10KB / 10KB
2024-03-24T11:47:19.682Z INFO  - 27d8d88dc5fe Pull complete
2024-03-24T11:47:19.682Z INFO  - 4f4fb700ef54 Extracting 32B / 32B
2024-03-24T11:47:19.711Z INFO  - 4f4fb700ef54 Extracting 32B / 32B
2024-03-24T11:47:20.004Z INFO  - 4f4fb700ef54 Pull complete
2024-03-24T11:47:22.448Z INFO  - 8eac62777bff Extracting 1KB / 1KB
2024-03-24T11:47:22.475Z INFO  - 8eac62777bff Extracting 1KB / 1KB
2024-03-24T11:47:23.645Z INFO  - 8eac62777bff Pull complete
2024-03-24T11:47:24.105Z INFO  - 1e3292972000 Extracting 2KB / 2KB
2024-03-24T11:47:24.137Z INFO  - 1e3292972000 Extracting 2KB / 2KB
2024-03-24T11:47:24.575Z INFO  - 1e3292972000 Pull complete
2024-03-24T11:47:25.203Z INFO  - a4bd13f5316c Extracting 423B / 423B
2024-03-24T11:47:25.248Z INFO  - a4bd13f5316c Extracting 423B / 423B
2024-03-24T11:47:25.627Z INFO  - a4bd13f5316c Pull complete
2024-03-24T11:47:26.254Z INFO  - af49b434832c Extracting 530B / 530B
2024-03-24T11:47:26.332Z INFO  - af49b434832c Extracting 530B / 530B
2024-03-24T11:47:26.654Z INFO  - af49b434832c Pull complete
2024-03-24T11:47:27.096Z INFO  - 8056c343c77e Extracting 529B / 529B
2024-03-24T11:47:27.141Z INFO  - 8056c343c77e Extracting 529B / 529B
2024-03-24T11:47:27.777Z INFO  - 8056c343c77e Pull complete
2024-03-24T11:47:29.088Z INFO  - 5df0cf3d3f9a Extracting 544KB / 109MB
2024-03-24T11:47:29.255Z INFO  - 5df0cf3d3f9a Extracting 1MB / 109MB
2024-03-24T11:47:29.809Z INFO  - 5df0cf3d3f9a Extracting 2MB / 109MB
2024-03-24T11:47:29.984Z INFO  - 5df0cf3d3f9a Extracting 3MB / 109MB
2024-03-24T11:47:30.509Z INFO  - 5df0cf3d3f9a Extracting 4MB / 109MB
2024-03-24T11:47:30.641Z INFO  - 5df0cf3d3f9a Extracting 5MB / 109MB
2024-03-24T11:47:31.187Z INFO  - 5df0cf3d3f9a Extracting 6MB / 109MB
2024-03-24T11:47:31.571Z INFO  - 5df0cf3d3f9a Extracting 9MB / 109MB
2024-03-24T11:47:31.691Z INFO  - 5df0cf3d3f9a Extracting 9MB / 109MB
2024-03-24T11:47:32.027Z INFO  - 5df0cf3d3f9a Extracting 11MB / 109MB
2024-03-24T11:47:32.171Z INFO  - 5df0cf3d3f9a Extracting 11MB / 109MB
2024-03-24T11:47:32.483Z INFO  - 5df0cf3d3f9a Extracting 13MB / 109MB
2024-03-24T11:47:32.585Z INFO  - 5df0cf3d3f9a Extracting 13MB / 109MB
2024-03-24T11:47:33.170Z INFO  - 5df0cf3d3f9a Extracting 15MB / 109MB
2024-03-24T11:47:33.659Z INFO  - 5df0cf3d3f9a Extracting 18MB / 109MB
2024-03-24T11:47:33.882Z INFO  - 5df0cf3d3f9a Extracting 20MB / 109MB
2024-03-24T11:47:34.206Z INFO  - 5df0cf3d3f9a Extracting 22MB / 109MB
2024-03-24T11:47:34.412Z INFO  - 5df0cf3d3f9a Extracting 24MB / 109MB
2024-03-24T11:47:34.693Z INFO  - 5df0cf3d3f9a Extracting 27MB / 109MB
2024-03-24T11:47:34.917Z INFO  - 5df0cf3d3f9a Extracting 29MB / 109MB
2024-03-24T11:47:35.239Z INFO  - 5df0cf3d3f9a Extracting 31MB / 109MB
2024-03-24T11:47:35.586Z INFO  - 5df0cf3d3f9a Extracting 33MB / 109MB
2024-03-24T11:47:35.926Z INFO  - 5df0cf3d3f9a Extracting 36MB / 109MB
2024-03-24T11:47:36.344Z INFO  - 5df0cf3d3f9a Extracting 39MB / 109MB
2024-03-24T11:47:36.674Z INFO  - 5df0cf3d3f9a Extracting 42MB / 109MB
2024-03-24T11:47:36.822Z INFO  - 5df0cf3d3f9a Extracting 44MB / 109MB
2024-03-24T11:47:37.054Z INFO  - 5df0cf3d3f9a Extracting 46MB / 109MB
2024-03-24T11:47:37.319Z INFO  - 5df0cf3d3f9a Extracting 48MB / 109MB
2024-03-24T11:47:37.536Z INFO  - 5df0cf3d3f9a Extracting 51MB / 109MB
2024-03-24T11:47:37.777Z INFO  - 5df0cf3d3f9a Extracting 53MB / 109MB
2024-03-24T11:47:38.012Z INFO  - 5df0cf3d3f9a Extracting 55MB / 109MB
2024-03-24T11:47:38.159Z INFO  - 5df0cf3d3f9a Extracting 57MB / 109MB
2024-03-24T11:47:38.984Z INFO  - 5df0cf3d3f9a Extracting 59MB / 109MB
2024-03-24T11:47:39.364Z INFO  - 5df0cf3d3f9a Extracting 60MB / 109MB
2024-03-24T11:47:39.959Z INFO  - 5df0cf3d3f9a Extracting 63MB / 109MB
2024-03-24T11:47:40.078Z INFO  - 5df0cf3d3f9a Extracting 64MB / 109MB
2024-03-24T11:47:40.722Z INFO  - 5df0cf3d3f9a Extracting 65MB / 109MB
2024-03-24T11:47:40.840Z INFO  - 5df0cf3d3f9a Extracting 66MB / 109MB
2024-03-24T11:47:41.153Z INFO  - 5df0cf3d3f9a Extracting 68MB / 109MB
2024-03-24T11:47:41.515Z INFO  - 5df0cf3d3f9a Extracting 70MB / 109MB
2024-03-24T11:47:41.634Z INFO  - 5df0cf3d3f9a Extracting 71MB / 109MB
2024-03-24T11:47:42.163Z INFO  - 5df0cf3d3f9a Extracting 72MB / 109MB
2024-03-24T11:47:42.399Z INFO  - 5df0cf3d3f9a Extracting 73MB / 109MB
2024-03-24T11:47:42.846Z INFO  - 5df0cf3d3f9a Extracting 74MB / 109MB
2024-03-24T11:47:42.990Z INFO  - 5df0cf3d3f9a Extracting 75MB / 109MB
2024-03-24T11:47:43.495Z INFO  - 5df0cf3d3f9a Extracting 77MB / 109MB
2024-03-24T11:47:43.630Z INFO  - 5df0cf3d3f9a Extracting 77MB / 109MB
2024-03-24T11:47:44.091Z INFO  - 5df0cf3d3f9a Extracting 79MB / 109MB
2024-03-24T11:47:44.271Z INFO  - 5df0cf3d3f9a Extracting 79MB / 109MB
2024-03-24T11:47:44.620Z INFO  - 5df0cf3d3f9a Extracting 81MB / 109MB
2024-03-24T11:47:45.056Z INFO  - 5df0cf3d3f9a Extracting 83MB / 109MB
2024-03-24T11:47:45.253Z INFO  - 5df0cf3d3f9a Extracting 83MB / 109MB
2024-03-24T11:47:46.083Z INFO  - 5df0cf3d3f9a Extracting 86MB / 109MB
2024-03-24T11:47:46.083Z INFO  - 5df0cf3d3f9a Extracting 86MB / 109MB
2024-03-24T11:47:46.752Z INFO  - 5df0cf3d3f9a Extracting 88MB / 109MB
2024-03-24T11:47:46.916Z INFO  - 5df0cf3d3f9a Extracting 88MB / 109MB
2024-03-24T11:47:47.599Z INFO  - 5df0cf3d3f9a Extracting 90MB / 109MB
2024-03-24T11:47:47.669Z INFO  - 5df0cf3d3f9a Extracting 90MB / 109MB
2024-03-24T11:47:48.010Z INFO  - 5df0cf3d3f9a Extracting 92MB / 109MB
2024-03-24T11:47:48.146Z INFO  - 5df0cf3d3f9a Extracting 92MB / 109MB
2024-03-24T11:47:48.452Z INFO  - 5df0cf3d3f9a Extracting 94MB / 109MB
2024-03-24T11:47:48.901Z INFO  - 5df0cf3d3f9a Extracting 96MB / 109MB
2024-03-24T11:47:49.046Z INFO  - 5df0cf3d3f9a Extracting 97MB / 109MB
2024-03-24T11:47:49.479Z INFO  - 5df0cf3d3f9a Extracting 98MB / 109MB
2024-03-24T11:47:49.738Z INFO  - 5df0cf3d3f9a Extracting 99MB / 109MB
2024-03-24T11:47:50.304Z INFO  - 5df0cf3d3f9a Extracting 101MB / 109MB
2024-03-24T11:47:50.424Z INFO  - 5df0cf3d3f9a Extracting 102MB / 109MB
2024-03-24T11:47:51.128Z INFO  - 5df0cf3d3f9a Extracting 103MB / 109MB
2024-03-24T11:47:51.424Z INFO  - 5df0cf3d3f9a Extracting 104MB / 109MB
2024-03-24T11:47:51.978Z INFO  - 5df0cf3d3f9a Extracting 105MB / 109MB
2024-03-24T11:47:52.165Z INFO  - 5df0cf3d3f9a Extracting 106MB / 109MB
2024-03-24T11:47:52.722Z INFO  - 5df0cf3d3f9a Extracting 107MB / 109MB
2024-03-24T11:47:52.877Z INFO  - 5df0cf3d3f9a Extracting 108MB / 109MB
2024-03-24T11:47:53.394Z INFO  - 5df0cf3d3f9a Extracting 109MB / 109MB
2024-03-24T11:47:53.772Z INFO  - 5df0cf3d3f9a Pull complete
2024-03-24T11:47:53.786Z INFO  - 9d4e73ba95aa Extracting 4KB / 4KB
2024-03-24T11:47:53.807Z INFO  - 9d4e73ba95aa Extracting 4KB / 4KB
2024-03-24T11:47:53.960Z INFO  - 9d4e73ba95aa Pull complete
2024-03-24T11:47:54.489Z INFO  - 2d1d783fc119 Extracting 2MB / 36MB
2024-03-24T11:47:54.826Z INFO  - 2d1d783fc119 Extracting 3MB / 36MB
2024-03-24T11:47:55.429Z INFO  - 2d1d783fc119 Extracting 4MB / 36MB
2024-03-24T11:47:55.795Z INFO  - 2d1d783fc119 Extracting 5MB / 36MB
2024-03-24T11:47:56.410Z INFO  - 2d1d783fc119 Extracting 6MB / 36MB
2024-03-24T11:47:56.527Z INFO  - 2d1d783fc119 Extracting 6MB / 36MB
2024-03-24T11:47:56.727Z INFO  - 2d1d783fc119 Extracting 7MB / 36MB
2024-03-24T11:47:57.111Z INFO  - 2d1d783fc119 Extracting 9MB / 36MB
2024-03-24T11:47:58.639Z INFO  - 2d1d783fc119 Extracting 17MB / 36MB
2024-03-24T11:47:58.670Z INFO  - 2d1d783fc119 Extracting 18MB / 36MB
2024-03-24T11:47:58.796Z INFO  - 2d1d783fc119 Extracting 18MB / 36MB
2024-03-24T11:47:59.771Z INFO  - 2d1d783fc119 Extracting 23MB / 36MB
2024-03-24T11:48:00.268Z INFO  - 2d1d783fc119 Extracting 27MB / 36MB
2024-03-24T11:48:00.532Z INFO  - 2d1d783fc119 Extracting 28MB / 36MB
2024-03-24T11:48:02.151Z INFO  - 2d1d783fc119 Extracting 28MB / 36MB
2024-03-24T11:48:02.151Z INFO  - 2d1d783fc119 Extracting 30MB / 36MB
2024-03-24T11:48:02.151Z INFO  - 2d1d783fc119 Extracting 31MB / 36MB
2024-03-24T11:48:02.151Z INFO  - 2d1d783fc119 Extracting 31MB / 36MB
2024-03-24T11:48:02.151Z INFO  - 2d1d783fc119 Extracting 32MB / 36MB
2024-03-24T11:48:02.379Z INFO  - 2d1d783fc119 Extracting 33MB / 36MB
2024-03-24T11:48:02.785Z INFO  - 2d1d783fc119 Extracting 34MB / 36MB
2024-03-24T11:48:03.224Z INFO  - 2d1d783fc119 Extracting 34MB / 36MB
2024-03-24T11:48:03.880Z INFO  - 2d1d783fc119 Extracting 35MB / 36MB
2024-03-24T11:48:04.455Z INFO  - 2d1d783fc119 Extracting 36MB / 36MB
2024-03-24T11:48:04.659Z INFO  - 2d1d783fc119 Extracting 36MB / 36MB
2024-03-24T11:48:04.819Z INFO  - 2d1d783fc119 Pull complete
2024-03-24T11:48:05.255Z INFO  - 6ca1483d6e6b Extracting 704KB / 33MB
2024-03-24T11:48:05.429Z INFO  - 6ca1483d6e6b Extracting 1MB / 33MB
2024-03-24T11:48:05.709Z INFO  - 6ca1483d6e6b Extracting 2MB / 33MB
2024-03-24T11:48:06.134Z INFO  - 6ca1483d6e6b Extracting 4MB / 33MB
2024-03-24T11:48:06.973Z INFO  - 6ca1483d6e6b Extracting 4MB / 33MB
2024-03-24T11:48:07.573Z INFO  - 6ca1483d6e6b Extracting 6MB / 33MB
2024-03-24T11:48:07.787Z INFO  - 6ca1483d6e6b Extracting 6MB / 33MB
2024-03-24T11:48:07.940Z INFO  - 6ca1483d6e6b Extracting 7MB / 33MB
2024-03-24T11:48:08.175Z INFO  - 6ca1483d6e6b Extracting 8MB / 33MB
2024-03-24T11:48:09.254Z INFO  - 6ca1483d6e6b Extracting 12MB / 33MB
2024-03-24T11:48:09.647Z INFO  - 6ca1483d6e6b Extracting 14MB / 33MB
2024-03-24T11:48:10.347Z INFO  - 6ca1483d6e6b Extracting 16MB / 33MB
2024-03-24T11:48:10.610Z INFO  - 6ca1483d6e6b Extracting 16MB / 33MB
2024-03-24T11:48:10.958Z INFO  - 6ca1483d6e6b Extracting 17MB / 33MB
2024-03-24T11:48:11.520Z INFO  - 6ca1483d6e6b Extracting 22MB / 33MB
2024-03-24T11:48:11.743Z INFO  - 6ca1483d6e6b Extracting 27MB / 33MB
2024-03-24T11:48:11.870Z INFO  - 6ca1483d6e6b Extracting 29MB / 33MB
2024-03-24T11:48:11.967Z INFO  - 6ca1483d6e6b Extracting 30MB / 33MB
2024-03-24T11:48:12.129Z INFO  - 6ca1483d6e6b Extracting 33MB / 33MB
2024-03-24T11:48:12.229Z INFO  - 6ca1483d6e6b Pull complete
2024-03-24T11:48:12.383Z INFO  - 318854ddcaf3 Extracting 128KB / 5MB
2024-03-24T11:48:12.608Z INFO  - 318854ddcaf3 Extracting 1MB / 5MB
2024-03-24T11:48:12.704Z INFO  - 318854ddcaf3 Extracting 2MB / 5MB
2024-03-24T11:48:12.804Z INFO  - 318854ddcaf3 Extracting 5MB / 5MB
2024-03-24T11:48:12.821Z INFO  - 318854ddcaf3 Pull complete
2024-03-24T11:48:13.102Z INFO  - f27dc4dc2fd1 Extracting 544KB / 69MB
2024-03-24T11:48:13.381Z INFO  - f27dc4dc2fd1 Extracting 1MB / 69MB
2024-03-24T11:48:13.810Z INFO  - f27dc4dc2fd1 Extracting 3MB / 69MB
2024-03-24T11:48:14.196Z INFO  - f27dc4dc2fd1 Extracting 4MB / 69MB
2024-03-24T11:48:14.564Z INFO  - f27dc4dc2fd1 Extracting 5MB / 69MB
2024-03-24T11:48:15.348Z INFO  - f27dc4dc2fd1 Extracting 7MB / 69MB
2024-03-24T11:48:15.786Z INFO  - f27dc4dc2fd1 Extracting 11MB / 69MB
2024-03-24T11:48:15.894Z INFO  - f27dc4dc2fd1 Extracting 11MB / 69MB
2024-03-24T11:48:16.021Z INFO  - f27dc4dc2fd1 Extracting 15MB / 69MB
2024-03-24T11:48:16.131Z INFO  - f27dc4dc2fd1 Extracting 17MB / 69MB
2024-03-24T11:48:16.256Z INFO  - f27dc4dc2fd1 Extracting 18MB / 69MB
2024-03-24T11:48:16.419Z INFO  - f27dc4dc2fd1 Extracting 19MB / 69MB
2024-03-24T11:48:16.914Z INFO  - f27dc4dc2fd1 Extracting 22MB / 69MB
2024-03-24T11:48:17.072Z INFO  - f27dc4dc2fd1 Extracting 23MB / 69MB
2024-03-24T11:48:17.328Z INFO  - f27dc4dc2fd1 Extracting 26MB / 69MB
2024-03-24T11:48:17.737Z INFO  - f27dc4dc2fd1 Extracting 29MB / 69MB
2024-03-24T11:48:18.132Z INFO  - f27dc4dc2fd1 Extracting 32MB / 69MB
2024-03-24T11:48:18.280Z INFO  - f27dc4dc2fd1 Extracting 33MB / 69MB
2024-03-24T11:48:18.772Z INFO  - f27dc4dc2fd1 Extracting 36MB / 69MB
2024-03-24T11:48:18.906Z INFO  - f27dc4dc2fd1 Extracting 37MB / 69MB
2024-03-24T11:48:19.408Z INFO  - f27dc4dc2fd1 Extracting 41MB / 69MB
2024-03-24T11:48:19.629Z INFO  - f27dc4dc2fd1 Extracting 43MB / 69MB
2024-03-24T11:48:19.828Z INFO  - f27dc4dc2fd1 Extracting 44MB / 69MB
2024-03-24T11:48:20.325Z INFO  - f27dc4dc2fd1 Extracting 46MB / 69MB
2024-03-24T11:48:20.629Z INFO  - f27dc4dc2fd1 Extracting 47MB / 69MB
2024-03-24T11:48:21.037Z INFO  - f27dc4dc2fd1 Extracting 48MB / 69MB
2024-03-24T11:48:21.533Z INFO  - f27dc4dc2fd1 Extracting 50MB / 69MB
2024-03-24T11:48:21.955Z INFO  - f27dc4dc2fd1 Extracting 53MB / 69MB
2024-03-24T11:48:22.396Z INFO  - f27dc4dc2fd1 Extracting 54MB / 69MB
2024-03-24T11:48:22.580Z INFO  - f27dc4dc2fd1 Extracting 54MB / 69MB
2024-03-24T11:48:22.827Z INFO  - f27dc4dc2fd1 Extracting 55MB / 69MB
2024-03-24T11:48:23.081Z INFO  - f27dc4dc2fd1 Extracting 58MB / 69MB
2024-03-24T11:48:23.381Z INFO  - f27dc4dc2fd1 Extracting 61MB / 69MB
2024-03-24T11:48:23.517Z INFO  - f27dc4dc2fd1 Extracting 62MB / 69MB
2024-03-24T11:48:23.831Z INFO  - f27dc4dc2fd1 Extracting 65MB / 69MB
2024-03-24T11:48:23.955Z INFO  - f27dc4dc2fd1 Extracting 66MB / 69MB
2024-03-24T11:48:24.084Z INFO  - f27dc4dc2fd1 Extracting 68MB / 69MB
2024-03-24T11:48:24.363Z INFO  - f27dc4dc2fd1 Extracting 69MB / 69MB
2024-03-24T11:48:24.525Z INFO  - f27dc4dc2fd1 Pull complete
2024-03-24T11:48:24.529Z INFO  - d01f4d564d10 Extracting 1KB / 1KB
2024-03-24T11:48:24.558Z INFO  - d01f4d564d10 Extracting 1KB / 1KB
2024-03-24T11:48:24.882Z INFO  - d01f4d564d10 Pull complete
2024-03-24T11:48:24.885Z INFO  - c6631cb758bb Extracting 1KB / 1KB
2024-03-24T11:48:24.901Z INFO  - c6631cb758bb Extracting 1KB / 1KB
2024-03-24T11:48:25.175Z INFO  - c6631cb758bb Pull complete
2024-03-24T11:48:25.186Z INFO  - 9b4618a4b3d7 Extracting 133B / 133B
2024-03-24T11:48:25.214Z INFO  - 9b4618a4b3d7 Extracting 133B / 133B
2024-03-24T11:48:25.357Z INFO  - 9b4618a4b3d7 Pull complete
2024-03-24T11:48:25.363Z INFO  - 6abcdc071cf9 Extracting 270B / 270B
2024-03-24T11:48:25.408Z INFO  - 6abcdc071cf9 Extracting 270B / 270B
2024-03-24T11:48:25.568Z INFO  - 6abcdc071cf9 Pull complete
2024-03-24T11:48:25.596Z INFO  - eb6eb10708a8 Extracting 272B / 272B
2024-03-24T11:48:25.636Z INFO  - eb6eb10708a8 Extracting 272B / 272B
2024-03-24T11:48:25.799Z INFO  - eb6eb10708a8 Pull complete
2024-03-24T11:48:25.799Z INFO  - c3c0f42ae16d Extracting 836B / 836B
2024-03-24T11:48:25.809Z INFO  - c3c0f42ae16d Extracting 836B / 836B
2024-03-24T11:48:25.951Z INFO  - c3c0f42ae16d Pull complete
2024-03-24T11:48:25.956Z INFO  - 19c77a8eeb05 Extracting 123B / 123B
2024-03-24T11:48:25.975Z INFO  - 19c77a8eeb05 Extracting 123B / 123B
2024-03-24T11:48:26.123Z INFO  - 19c77a8eeb05 Pull complete
2024-03-24T11:48:26.127Z INFO  - 7f16a7f0cc3b Extracting 419B / 419B
2024-03-24T11:48:26.152Z INFO  - 7f16a7f0cc3b Extracting 419B / 419B
2024-03-24T11:48:26.343Z INFO  - 7f16a7f0cc3b Pull complete
2024-03-24T11:48:26.376Z INFO  - eeb7a1346937 Extracting 1KB / 1KB
2024-03-24T11:48:26.378Z INFO  - eeb7a1346937 Extracting 1KB / 1KB
2024-03-24T11:48:26.513Z INFO  - eeb7a1346937 Pull complete
2024-03-24T11:48:26.533Z INFO  - 0042726f9bbd Extracting 888B / 888B
2024-03-24T11:48:26.533Z INFO  - 0042726f9bbd Extracting 888B / 888B
2024-03-24T11:48:26.679Z INFO  - 0042726f9bbd Pull complete
2024-03-24T11:48:26.686Z INFO  - f8c630c85fc7 Extracting 1KB / 1KB
2024-03-24T11:48:26.707Z INFO  - f8c630c85fc7 Extracting 1KB / 1KB
2024-03-24T11:48:26.875Z INFO  - f8c630c85fc7 Pull complete
2024-03-24T11:48:26.877Z INFO  - 8478730f39e0 Extracting 121B / 121B
2024-03-24T11:48:26.904Z INFO  - 8478730f39e0 Extracting 121B / 121B
2024-03-24T11:48:27.038Z INFO  - 8478730f39e0 Pull complete
2024-03-24T11:48:27.043Z INFO  - 70c54c808dec Extracting 1KB / 1KB
2024-03-24T11:48:27.053Z INFO  - 70c54c808dec Extracting 1KB / 1KB
2024-03-24T11:48:27.208Z INFO  - 70c54c808dec Pull complete
2024-03-24T11:48:27.218Z INFO  - 4535cc496438 Extracting 1KB / 1KB
2024-03-24T11:48:27.229Z INFO  - 4535cc496438 Extracting 1KB / 1KB
2024-03-24T11:48:27.384Z INFO  - 4535cc496438 Pull complete
2024-03-24T11:48:27.389Z INFO  - ff31a6bb9138 Extracting 357B / 357B
2024-03-24T11:48:27.405Z INFO  - ff31a6bb9138 Extracting 357B / 357B
2024-03-24T11:48:27.593Z INFO  - ff31a6bb9138 Pull complete
2024-03-24T11:48:27.596Z INFO  - 44790a7a865d Extracting 842B / 842B
2024-03-24T11:48:27.611Z INFO  - 44790a7a865d Extracting 842B / 842B
2024-03-24T11:48:27.752Z INFO  - 44790a7a865d Pull complete
2024-03-24T11:48:27.757Z INFO  - 9acaaf4b93b4 Extracting 138B / 138B
2024-03-24T11:48:27.787Z INFO  - 9acaaf4b93b4 Extracting 138B / 138B
2024-03-24T11:48:27.909Z INFO  - 9acaaf4b93b4 Pull complete
2024-03-24T11:48:27.913Z INFO  - fcb164292ffa Extracting 2KB / 2KB
2024-03-24T11:48:27.934Z INFO  - fcb164292ffa Extracting 2KB / 2KB
2024-03-24T11:48:28.131Z INFO  - fcb164292ffa Pull complete
2024-03-24T11:48:28.137Z INFO  - 2bac3defb6ee Extracting 143B / 143B
2024-03-24T11:48:28.158Z INFO  - 2bac3defb6ee Extracting 143B / 143B
2024-03-24T11:48:28.298Z INFO  - 2bac3defb6ee Pull complete
2024-03-24T11:48:28.305Z INFO  - 7e0d6c2144d2 Extracting 11KB / 11KB
2024-03-24T11:48:28.324Z INFO  - 7e0d6c2144d2 Extracting 11KB / 11KB
2024-03-24T11:48:28.467Z INFO  - 7e0d6c2144d2 Pull complete
2024-03-24T11:48:29.075Z INFO  - 282ae8d95333 Extracting 1MB / 4MB
2024-03-24T11:48:29.297Z INFO  - 282ae8d95333 Extracting 2MB / 4MB
2024-03-24T11:48:29.629Z INFO  - 282ae8d95333 Extracting 3MB / 4MB
2024-03-24T11:48:29.812Z INFO  - 282ae8d95333 Extracting 4MB / 4MB
2024-03-24T11:48:29.890Z INFO  - 282ae8d95333 Pull complete
2024-03-24T11:48:29.894Z INFO  - 02c6dfab9d1d Extracting 16KB / 16KB
2024-03-24T11:48:29.921Z INFO  - 02c6dfab9d1d Extracting 16KB / 16KB
2024-03-24T11:48:30.086Z INFO  - 02c6dfab9d1d Pull complete
2024-03-24T11:48:30.093Z INFO  - f223ac80ef1b Extracting 1KB / 1KB
2024-03-24T11:48:30.106Z INFO  - f223ac80ef1b Extracting 1KB / 1KB
2024-03-24T11:48:30.247Z INFO  - f223ac80ef1b Pull complete
2024-03-24T11:48:30.480Z INFO  -  Digest: sha256:6d9dcd89738bc68a6ee4424f05a51d4976414551019f521174429503141193a8
2024-03-24T11:48:30.491Z INFO  -  Status: Downloaded newer image for 10.1.0.5:13209/appsvc/python:3.11_20240207.3.tuxprod
2024-03-24T11:48:30.532Z INFO  - Pull Image successful, Time taken: 109 Seconds
2024-03-24T11:48:31.783Z INFO  - Starting container for site
2024-03-24T11:48:31.783Z INFO  - docker run -d --expose=8000 --name python-flask-webapp-t_0_9e106d27 -e WEBSITE_USE_DIAGNOSTIC_SERVER=false -e WEBSITE_CORS_ALLOWED_ORIGINS=https://witty-mud-09afa6410.3.azurestaticapps.net -e WEBSITE_CORS_SUPPORT_CREDENTIALS=True -e WEBSITE_AUTH_ENABLED=False -e WEBSITE_SITE_NAME=python-flask-webapp-t -e WEBSITE_ROLE_INSTANCE_ID=0 -e WEBSITE_HOSTNAME=python-flask-webapp-t.azurewebsites.net -e WEBSITE_INSTANCE_ID=0fe1e59899343760e874df09464bea20bcaf305629db644825fe57ceb27d120b -e HTTP_LOGGING_ENABLED=1 appsvc/python:3.11_20240207.3.tuxprod 
2024-03-24T11:48:51.263Z INFO  - Initiating warmup request to container python-flask-webapp-t_0_9e106d27 for site python-flask-webapp-t
2024-03-24T11:49:13.345Z INFO  - Container python-flask-webapp-t_0_9e106d27 for site python-flask-webapp-t initialized successfully and is ready to serve requests.
2024-03-24T11:49:13.347Z INFO  - Initiating warmup request to container python-flask-webapp-t_0_9e106d27_middleware for site python-flask-webapp-t
2024-03-24T11:49:14.287Z INFO  - Container python-flask-webapp-t_0_9e106d27_middleware for site python-flask-webapp-t initialized successfully and is ready to serve requests.
2024-03-24T11:56:32.906Z INFO  - 3.11_20240207.3.tuxprod Pulling from appsvc/python
2024-03-24T11:56:32.937Z INFO  -  Digest: sha256:6d9dcd89738bc68a6ee4424f05a51d4976414551019f521174429503141193a8
2024-03-24T11:56:32.938Z INFO  -  Status: Image is up to date for 10.1.0.5:13209/appsvc/python:3.11_20240207.3.tuxprod
2024-03-24T11:56:32.973Z INFO  - Pull Image successful, Time taken: 0 Seconds
2024-03-24T11:56:34.931Z INFO  - Starting container for site
2024-03-24T11:56:34.932Z INFO  - docker run -d --expose=8000 --name python-flask-webapp-t_1_9ea2f4d1 -e WEBSITE_USE_DIAGNOSTIC_SERVER=false -e WEBSITE_CORS_ALLOWED_ORIGINS=https://witty-mud-09afa6410.3.azurestaticapps.net -e WEBSITE_CORS_SUPPORT_CREDENTIALS=True -e WEBSITE_AUTH_ENABLED=False -e WEBSITE_SITE_NAME=python-flask-webapp-t -e WEBSITE_ROLE_INSTANCE_ID=0 -e WEBSITE_HOSTNAME=python-flask-webapp-t.azurewebsites.net -e WEBSITE_INSTANCE_ID=0fe1e59899343760e874df09464bea20bcaf305629db644825fe57ceb27d120b -e HTTP_LOGGING_ENABLED=1 appsvc/python:3.11_20240207.3.tuxprod 
2024-03-24T11:56:50.628Z INFO  - Initiating warmup request to container python-flask-webapp-t_1_9ea2f4d1 for site python-flask-webapp-t
2024-03-24T11:57:07.343Z INFO  - Waiting for response to warmup request for container python-flask-webapp-t_1_9ea2f4d1. Elapsed time = 16.7220084 sec
2024-03-24T11:57:33.054Z INFO  - Container python-flask-webapp-t_1_9ea2f4d1 for site python-flask-webapp-t initialized successfully and is ready to serve requests.
2024-03-24T11:57:33.167Z INFO  - Initiating warmup request to container python-flask-webapp-t_1_9ea2f4d1_middleware for site python-flask-webapp-t
2024-03-24T11:57:36.996Z INFO  - Container python-flask-webapp-t_1_9ea2f4d1_middleware for site python-flask-webapp-t initialized successfully and is ready to serve requests.
2024-03-24T12:30:21.664Z INFO  - Recycling container because of HealthCheckUrlChange and HealthCheckUrlChanged = /
2024-03-24T12:30:25.325Z INFO  - 3.11_20240207.3.tuxprod Pulling from appsvc/python
2024-03-24T12:30:25.395Z INFO  -  Digest: sha256:6d9dcd89738bc68a6ee4424f05a51d4976414551019f521174429503141193a8
2024-03-24T12:30:25.510Z INFO  -  Status: Downloaded newer image for 10.1.0.4:13209/appsvc/python:3.11_20240207.3.tuxprod
2024-03-24T12:30:25.731Z INFO  - Pull Image successful, Time taken: 1 Seconds
2024-03-24T12:30:26.509Z INFO  - Starting container for site
2024-03-24T12:30:26.511Z INFO  - docker run -d --expose=8000 --name python-flask-webapp-t_2_97c57f70 -e WEBSITE_USE_DIAGNOSTIC_SERVER=false -e WEBSITE_CORS_ALLOWED_ORIGINS=https://witty-mud-09afa6410.3.azurestaticapps.net -e WEBSITE_CORS_SUPPORT_CREDENTIALS=True -e WEBSITE_AUTH_ENABLED=False -e WEBSITE_SITE_NAME=python-flask-webapp-t -e WEBSITE_ROLE_INSTANCE_ID=0 -e WEBSITE_HOSTNAME=python-flask-webapp-t.azurewebsites.net -e WEBSITE_INSTANCE_ID=0fe1e59899343760e874df09464bea20bcaf305629db644825fe57ceb27d120b -e HTTP_LOGGING_ENABLED=1 appsvc/python:3.11_20240207.3.tuxprod 
2024-03-24T12:30:40.681Z INFO  - Initiating warmup request to container python-flask-webapp-t_2_97c57f70 for site python-flask-webapp-t
2024-03-24T12:31:04.187Z INFO  - Container python-flask-webapp-t_2_97c57f70 for site python-flask-webapp-t initialized successfully and is ready to serve requests.
2024-03-24T12:31:04.214Z INFO  - Initiating warmup request to container python-flask-webapp-t_2_97c57f70_middleware for site python-flask-webapp-t
2024-03-24T12:31:21.525Z INFO  - Container python-flask-webapp-t_2_97c57f70_middleware for site python-flask-webapp-t initialized successfully and is ready to serve requests.
2024-03-24T12:34:27.533Z INFO  - 3.11_20240207.3.tuxprod Pulling from appsvc/python
2024-03-24T12:34:27.584Z INFO  -  Digest: sha256:6d9dcd89738bc68a6ee4424f05a51d4976414551019f521174429503141193a8
2024-03-24T12:34:27.590Z INFO  -  Status: Image is up to date for 10.1.0.5:13209/appsvc/python:3.11_20240207.3.tuxprod
2024-03-24T12:34:27.655Z INFO  - Pull Image successful, Time taken: 0 Seconds
2024-03-24T12:34:27.958Z INFO  - Starting container for site
2024-03-24T12:34:27.959Z INFO  - docker run -d --expose=8000 --name python-flask-webapp-t_3_ff0f6ded -e WEBSITE_USE_DIAGNOSTIC_SERVER=false -e WEBSITE_CORS_ALLOWED_ORIGINS=https://witty-mud-09afa6410.3.azurestaticapps.net -e WEBSITE_CORS_SUPPORT_CREDENTIALS=True -e WEBSITE_AUTH_ENABLED=False -e WEBSITE_SITE_NAME=python-flask-webapp-t -e WEBSITE_ROLE_INSTANCE_ID=0 -e WEBSITE_HOSTNAME=python-flask-webapp-t.azurewebsites.net -e WEBSITE_INSTANCE_ID=0fe1e59899343760e874df09464bea20bcaf305629db644825fe57ceb27d120b -e HTTP_LOGGING_ENABLED=1 appsvc/python:3.11_20240207.3.tuxprod 
2024-03-24T12:34:40.077Z INFO  - Initiating warmup request to container python-flask-webapp-t_3_ff0f6ded for site python-flask-webapp-t
2024-03-24T12:35:04.389Z INFO  - Waiting for response to warmup request for container python-flask-webapp-t_3_ff0f6ded. Elapsed time = 24.3191595 sec
2024-03-24T12:35:25.666Z INFO  - Container python-flask-webapp-t_3_ff0f6ded for site python-flask-webapp-t initialized successfully and is ready to serve requests.
2024-03-24T12:35:25.673Z INFO  - Initiating warmup request to container python-flask-webapp-t_3_ff0f6ded_middleware for site python-flask-webapp-t
2024-03-24T12:35:26.581Z INFO  - Container python-flask-webapp-t_3_ff0f6ded_middleware for site python-flask-webapp-t initialized successfully and is ready to serve requests.
2024-03-24T12:58:13.075Z INFO  - 3.11_20240207.3.tuxprod Pulling from appsvc/python
2024-03-24T12:58:13.098Z INFO  -  Digest: sha256:6d9dcd89738bc68a6ee4424f05a51d4976414551019f521174429503141193a8
2024-03-24T12:58:13.099Z INFO  -  Status: Image is up to date for 10.1.0.5:13209/appsvc/python:3.11_20240207.3.tuxprod
2024-03-24T12:58:13.127Z INFO  - Pull Image successful, Time taken: 0 Seconds
2024-03-24T12:58:14.165Z INFO  - Starting container for site
2024-03-24T12:58:14.166Z INFO  - docker run -d --expose=8000 --name python-flask-webapp-t_4_0e652c0f -e WEBSITE_USE_DIAGNOSTIC_SERVER=false -e WEBSITE_CORS_ALLOWED_ORIGINS=https://witty-mud-09afa6410.3.azurestaticapps.net -e WEBSITE_CORS_SUPPORT_CREDENTIALS=True -e WEBSITE_AUTH_ENABLED=False -e WEBSITE_SITE_NAME=python-flask-webapp-t -e WEBSITE_ROLE_INSTANCE_ID=0 -e WEBSITE_HOSTNAME=python-flask-webapp-t.azurewebsites.net -e WEBSITE_INSTANCE_ID=0fe1e59899343760e874df09464bea20bcaf305629db644825fe57ceb27d120b -e HTTP_LOGGING_ENABLED=1 appsvc/python:3.11_20240207.3.tuxprod 
2024-03-24T12:58:26.144Z INFO  - Initiating warmup request to container python-flask-webapp-t_4_0e652c0f for site python-flask-webapp-t
2024-03-24T12:59:03.911Z INFO  - Container python-flask-webapp-t_4_0e652c0f for site python-flask-webapp-t initialized successfully and is ready to serve requests.
2024-03-24T12:59:03.920Z INFO  - Initiating warmup request to container python-flask-webapp-t_4_0e652c0f_middleware for site python-flask-webapp-t
2024-03-24T12:59:20.498Z INFO  - Container python-flask-webapp-t_4_0e652c0f_middleware for site python-flask-webapp-t initialized successfully and is ready to serve requests.
2024-03-24T13:07:04.570Z INFO  - 3.11_20240207.3.tuxprod Pulling from appsvc/python
2024-03-24T13:07:04.762Z INFO  -  Digest: sha256:6d9dcd89738bc68a6ee4424f05a51d4976414551019f521174429503141193a8
2024-03-24T13:07:04.763Z INFO  -  Status: Image is up to date for 10.1.0.5:13209/appsvc/python:3.11_20240207.3.tuxprod
2024-03-24T13:07:04.813Z INFO  - Pull Image successful, Time taken: 1 Seconds
2024-03-24T13:07:05.230Z INFO  - Starting container for site
2024-03-24T13:07:05.231Z INFO  - docker run -d --expose=8000 --name python-flask-webapp-t_5_10a9cb1e -e WEBSITE_USE_DIAGNOSTIC_SERVER=false -e WEBSITE_CORS_ALLOWED_ORIGINS=https://witty-mud-09afa6410.3.azurestaticapps.net -e WEBSITE_CORS_SUPPORT_CREDENTIALS=True -e WEBSITE_AUTH_ENABLED=False -e WEBSITE_SITE_NAME=python-flask-webapp-t -e WEBSITE_ROLE_INSTANCE_ID=0 -e WEBSITE_HOSTNAME=python-flask-webapp-t.azurewebsites.net -e WEBSITE_INSTANCE_ID=0fe1e59899343760e874df09464bea20bcaf305629db644825fe57ceb27d120b -e HTTP_LOGGING_ENABLED=1 appsvc/python:3.11_20240207.3.tuxprod 
2024-03-24T13:07:31.493Z INFO  - Initiating warmup request to container python-flask-webapp-t_5_10a9cb1e for site python-flask-webapp-t
2024-03-24T13:08:06.636Z INFO  - Container python-flask-webapp-t_5_10a9cb1e for site python-flask-webapp-t initialized successfully and is ready to serve requests.
2024-03-24T13:08:06.730Z INFO  - Initiating warmup request to container python-flask-webapp-t_5_10a9cb1e_middleware for site python-flask-webapp-t
2024-03-24T13:08:23.474Z INFO  - Container python-flask-webapp-t_5_10a9cb1e_middleware for site python-flask-webapp-t initialized successfully and is ready to serve requests.
2024-03-24T13:42:53.471Z INFO  - 3.11_20240207.3.tuxprod Pulling from appsvc/python
2024-03-24T13:42:54.005Z INFO  -  Digest: sha256:6d9dcd89738bc68a6ee4424f05a51d4976414551019f521174429503141193a8
2024-03-24T13:42:54.012Z INFO  -  Status: Image is up to date for 10.1.0.5:13209/appsvc/python:3.11_20240207.3.tuxprod
2024-03-24T13:42:54.537Z INFO  - Pull Image successful, Time taken: 3 Seconds
2024-03-24T13:42:55.488Z INFO  - Starting container for site
2024-03-24T13:42:55.489Z INFO  - docker run -d --expose=8000 --name python-flask-webapp-t_6_5c8c5d04 -e WEBSITE_USE_DIAGNOSTIC_SERVER=false -e WEBSITE_CORS_ALLOWED_ORIGINS=https://witty-mud-09afa6410.3.azurestaticapps.net -e WEBSITE_CORS_SUPPORT_CREDENTIALS=True -e WEBSITE_AUTH_ENABLED=False -e WEBSITE_SITE_NAME=python-flask-webapp-t -e WEBSITE_ROLE_INSTANCE_ID=0 -e WEBSITE_HOSTNAME=python-flask-webapp-t.azurewebsites.net -e WEBSITE_INSTANCE_ID=0fe1e59899343760e874df09464bea20bcaf305629db644825fe57ceb27d120b -e HTTP_LOGGING_ENABLED=1 appsvc/python:3.11_20240207.3.tuxprod 
2024-03-24T13:43:10.583Z INFO  - Initiating warmup request to container python-flask-webapp-t_6_5c8c5d04 for site python-flask-webapp-t
2024-03-24T13:43:15.049Z INFO  - Container python-flask-webapp-t_6_5c8c5d04 for site python-flask-webapp-t initialized successfully and is ready to serve requests.
2024-03-24T13:43:15.049Z INFO  - Initiating warmup request to container python-flask-webapp-t_6_5c8c5d04_middleware for site python-flask-webapp-t
2024-03-24T13:43:27.483Z INFO  - Container python-flask-webapp-t_6_5c8c5d04_middleware for site python-flask-webapp-t initialized successfully and is ready to serve requests.
2024-03-24T13:46:16.968Z INFO  - Recycling container because of AppSettingsChange and isMainSite = True
2024-03-24T13:47:04.033Z INFO  - 3.11_20240207.3.tuxprod Pulling from appsvc/python
2024-03-24T13:47:04.139Z INFO  -  Digest: sha256:6d9dcd89738bc68a6ee4424f05a51d4976414551019f521174429503141193a8
2024-03-24T13:47:04.146Z INFO  -  Status: Image is up to date for 10.1.0.4:13209/appsvc/python:3.11_20240207.3.tuxprod
2024-03-24T13:47:04.233Z INFO  - Pull Image successful, Time taken: 0 Seconds
2024-03-24T13:47:04.725Z INFO  - Starting container for site
2024-03-24T13:47:04.726Z INFO  - docker run -d --expose=8000 --name python-flask-webapp-t_7_18acfb0f -e WEBSITE_USE_DIAGNOSTIC_SERVER=false -e WEBSITE_CORS_ALLOWED_ORIGINS=https://witty-mud-09afa6410.3.azurestaticapps.net -e WEBSITE_CORS_SUPPORT_CREDENTIALS=True -e WEBSITE_AUTH_ENABLED=False -e WEBSITE_SITE_NAME=python-flask-webapp-t -e WEBSITE_ROLE_INSTANCE_ID=0 -e WEBSITE_HOSTNAME=python-flask-webapp-t.azurewebsites.net -e WEBSITE_INSTANCE_ID=0fe1e59899343760e874df09464bea20bcaf305629db644825fe57ceb27d120b -e HTTP_LOGGING_ENABLED=1 appsvc/python:3.11_20240207.3.tuxprod 
2024-03-24T13:47:20.384Z INFO  - Initiating warmup request to container python-flask-webapp-t_7_18acfb0f for site python-flask-webapp-t
2024-03-24T13:47:29.305Z INFO  - Container python-flask-webapp-t_7_18acfb0f for site python-flask-webapp-t initialized successfully and is ready to serve requests.
2024-03-24T13:47:29.306Z INFO  - Initiating warmup request to container python-flask-webapp-t_7_18acfb0f_middleware for site python-flask-webapp-t
2024-03-24T13:47:34.000Z INFO  - Container python-flask-webapp-t_7_18acfb0f_middleware for site python-flask-webapp-t initialized successfully and is ready to serve requests.
2024-03-24T13:54:28.721Z INFO  - 3.11_20240207.3.tuxprod Pulling from appsvc/python
2024-03-24T13:54:28.759Z INFO  -  Digest: sha256:6d9dcd89738bc68a6ee4424f05a51d4976414551019f521174429503141193a8
2024-03-24T13:54:28.760Z INFO  -  Status: Image is up to date for 10.1.0.4:13209/appsvc/python:3.11_20240207.3.tuxprod
2024-03-24T13:54:28.811Z INFO  - Pull Image successful, Time taken: 0 Seconds
2024-03-24T13:54:30.117Z INFO  - Starting container for site
2024-03-24T13:54:30.118Z INFO  - docker run -d --expose=8000 --name python-flask-webapp-t_8_ec4acf57 -e WEBSITE_USE_DIAGNOSTIC_SERVER=false -e WEBSITE_CORS_ALLOWED_ORIGINS=https://witty-mud-09afa6410.3.azurestaticapps.net -e WEBSITE_CORS_SUPPORT_CREDENTIALS=True -e WEBSITE_AUTH_ENABLED=False -e WEBSITE_SITE_NAME=python-flask-webapp-t -e WEBSITE_ROLE_INSTANCE_ID=0 -e WEBSITE_HOSTNAME=python-flask-webapp-t.azurewebsites.net -e WEBSITE_INSTANCE_ID=0fe1e59899343760e874df09464bea20bcaf305629db644825fe57ceb27d120b -e HTTP_LOGGING_ENABLED=1 appsvc/python:3.11_20240207.3.tuxprod 
2024-03-24T13:54:43.960Z INFO  - Initiating warmup request to container python-flask-webapp-t_8_ec4acf57 for site python-flask-webapp-t
2024-03-24T13:55:02.103Z INFO  - Waiting for response to warmup request for container python-flask-webapp-t_8_ec4acf57. Elapsed time = 18.2024013 sec
2024-03-24T13:55:19.477Z INFO  - Waiting for response to warmup request for container python-flask-webapp-t_8_ec4acf57. Elapsed time = 35.5770512 sec
2024-03-24T13:55:31.508Z INFO  - Container python-flask-webapp-t_8_ec4acf57 for site python-flask-webapp-t initialized successfully and is ready to serve requests.
2024-03-24T13:55:31.517Z INFO  - Initiating warmup request to container python-flask-webapp-t_8_ec4acf57_middleware for site python-flask-webapp-t
2024-03-24T13:55:49.989Z INFO  - Container python-flask-webapp-t_8_ec4acf57_middleware for site python-flask-webapp-t initialized successfully and is ready to serve requests.
2024-03-24T13:59:41.218Z INFO  - 3.11_20240207.3.tuxprod Pulling from appsvc/python
2024-03-24T13:59:41.252Z INFO  -  Digest: sha256:6d9dcd89738bc68a6ee4424f05a51d4976414551019f521174429503141193a8
2024-03-24T13:59:41.258Z INFO  -  Status: Image is up to date for 10.1.0.5:13209/appsvc/python:3.11_20240207.3.tuxprod
2024-03-24T13:59:41.299Z INFO  - Pull Image successful, Time taken: 0 Seconds
2024-03-24T13:59:41.668Z INFO  - Starting container for site
2024-03-24T13:59:41.669Z INFO  - docker run -d --expose=8000 --name python-flask-webapp-t_9_1649cf76 -e WEBSITE_USE_DIAGNOSTIC_SERVER=false -e WEBSITE_CORS_ALLOWED_ORIGINS=https://witty-mud-09afa6410.3.azurestaticapps.net -e WEBSITE_CORS_SUPPORT_CREDENTIALS=True -e WEBSITE_AUTH_ENABLED=False -e WEBSITE_SITE_NAME=python-flask-webapp-t -e WEBSITE_ROLE_INSTANCE_ID=0 -e WEBSITE_HOSTNAME=python-flask-webapp-t.azurewebsites.net -e WEBSITE_INSTANCE_ID=0fe1e59899343760e874df09464bea20bcaf305629db644825fe57ceb27d120b -e HTTP_LOGGING_ENABLED=1 appsvc/python:3.11_20240207.3.tuxprod 
2024-03-24T13:59:53.308Z INFO  - Initiating warmup request to container python-flask-webapp-t_9_1649cf76 for site python-flask-webapp-t
2024-03-24T14:00:18.917Z INFO  - Waiting for response to warmup request for container python-flask-webapp-t_9_1649cf76. Elapsed time = 25.6094505 sec
2024-03-24T14:00:43.367Z INFO  - Container python-flask-webapp-t_9_1649cf76 for site python-flask-webapp-t initialized successfully and is ready to serve requests.
2024-03-24T14:00:43.369Z INFO  - Initiating warmup request to container python-flask-webapp-t_9_1649cf76_middleware for site python-flask-webapp-t
2024-03-24T14:00:59.992Z INFO  - Container python-flask-webapp-t_9_1649cf76_middleware for site python-flask-webapp-t initialized successfully and is ready to serve requests.
2024-03-24T15:06:13.724Z INFO  - 

2024-03-24T15:17:14.153Z INFO  - 3.11_20240207.3.tuxprod Pulling from appsvc/python
2024-03-24T15:17:14.210Z INFO  -  Digest: sha256:6d9dcd89738bc68a6ee4424f05a51d4976414551019f521174429503141193a8
2024-03-24T15:17:14.211Z INFO  -  Status: Image is up to date for 10.1.0.5:13209/appsvc/python:3.11_20240207.3.tuxprod
2024-03-24T15:17:14.277Z INFO  - Pull Image successful, Time taken: 0 Seconds
2024-03-24T15:17:14.809Z INFO  - Starting container for site
2024-03-24T15:17:14.810Z INFO  - docker run -d --expose=8000 --name python-flask-webapp-t_10_36eb5252 -e WEBSITE_USE_DIAGNOSTIC_SERVER=false -e WEBSITE_CORS_ALLOWED_ORIGINS=https://witty-mud-09afa6410.3.azurestaticapps.net -e WEBSITE_CORS_SUPPORT_CREDENTIALS=True -e WEBSITE_AUTH_ENABLED=False -e WEBSITE_SITE_NAME=python-flask-webapp-t -e WEBSITE_ROLE_INSTANCE_ID=0 -e WEBSITE_HOSTNAME=python-flask-webapp-t.azurewebsites.net -e WEBSITE_INSTANCE_ID=0fe1e59899343760e874df09464bea20bcaf305629db644825fe57ceb27d120b -e HTTP_LOGGING_ENABLED=1 appsvc/python:3.11_20240207.3.tuxprod 
2024-03-24T15:17:32.254Z INFO  - Initiating warmup request to container python-flask-webapp-t_10_36eb5252 for site python-flask-webapp-t
2024-03-24T15:18:01.830Z INFO  - Waiting for response to warmup request for container python-flask-webapp-t_10_36eb5252. Elapsed time = 29.7496052 sec
2024-03-24T15:18:18.524Z INFO  - Waiting for response to warmup request for container python-flask-webapp-t_10_36eb5252. Elapsed time = 46.4347569 sec
2024-03-24T15:18:30.757Z INFO  - Container python-flask-webapp-t_10_36eb5252 for site python-flask-webapp-t initialized successfully and is ready to serve requests.
2024-03-24T15:18:30.758Z INFO  - Initiating warmup request to container python-flask-webapp-t_10_36eb5252_middleware for site python-flask-webapp-t
2024-03-24T15:18:47.958Z INFO  - Container python-flask-webapp-t_10_36eb5252_middleware for site python-flask-webapp-t initialized successfully and is ready to serve requests.
2024-03-24T15:34:46.920Z INFO  - 3.11_20240207.3.tuxprod Pulling from appsvc/python
2024-03-24T15:34:46.947Z INFO  -  Digest: sha256:6d9dcd89738bc68a6ee4424f05a51d4976414551019f521174429503141193a8
2024-03-24T15:34:46.948Z INFO  -  Status: Image is up to date for 10.1.0.4:13209/appsvc/python:3.11_20240207.3.tuxprod
2024-03-24T15:34:46.991Z INFO  - Pull Image successful, Time taken: 0 Seconds
2024-03-24T15:34:48.733Z INFO  - Starting container for site
2024-03-24T15:34:48.739Z INFO  - docker run -d --expose=8000 --name python-flask-webapp-t_11_e54cff41 -e WEBSITE_USE_DIAGNOSTIC_SERVER=false -e WEBSITE_CORS_ALLOWED_ORIGINS=https://witty-mud-09afa6410.3.azurestaticapps.net -e WEBSITE_CORS_SUPPORT_CREDENTIALS=True -e WEBSITE_AUTH_ENABLED=False -e WEBSITE_SITE_NAME=python-flask-webapp-t -e WEBSITE_ROLE_INSTANCE_ID=0 -e WEBSITE_HOSTNAME=python-flask-webapp-t.azurewebsites.net -e WEBSITE_INSTANCE_ID=0fe1e59899343760e874df09464bea20bcaf305629db644825fe57ceb27d120b -e HTTP_LOGGING_ENABLED=1 appsvc/python:3.11_20240207.3.tuxprod 
2024-03-24T15:35:03.185Z INFO  - Initiating warmup request to container python-flask-webapp-t_11_e54cff41 for site python-flask-webapp-t
2024-03-24T15:35:28.504Z INFO  - Waiting for response to warmup request for container python-flask-webapp-t_11_e54cff41. Elapsed time = 25.3262111 sec
2024-03-24T15:35:49.317Z INFO  - Waiting for response to warmup request for container python-flask-webapp-t_11_e54cff41. Elapsed time = 46.129965 sec
2024-03-24T15:35:58.619Z INFO  - Container python-flask-webapp-t_11_e54cff41 for site python-flask-webapp-t initialized successfully and is ready to serve requests.
2024-03-24T15:35:58.625Z INFO  - Initiating warmup request to container python-flask-webapp-t_11_e54cff41_middleware for site python-flask-webapp-t
2024-03-24T15:36:16.983Z INFO  - Container python-flask-webapp-t_11_e54cff41_middleware for site python-flask-webapp-t initialized successfully and is ready to serve requests.
2024-03-24T15:59:21.922Z INFO  - 3.11_20240207.3.tuxprod Pulling from appsvc/python
2024-03-24T15:59:21.971Z INFO  -  Digest: sha256:6d9dcd89738bc68a6ee4424f05a51d4976414551019f521174429503141193a8
2024-03-24T15:59:21.973Z INFO  -  Status: Image is up to date for 10.1.0.4:13209/appsvc/python:3.11_20240207.3.tuxprod
2024-03-24T15:59:22.113Z INFO  - Pull Image successful, Time taken: 0 Seconds
2024-03-24T15:59:22.538Z INFO  - Starting container for site
2024-03-24T15:59:22.539Z INFO  - docker run -d --expose=8000 --name python-flask-webapp-t_12_c4d8d9bd -e WEBSITE_USE_DIAGNOSTIC_SERVER=false -e WEBSITE_CORS_ALLOWED_ORIGINS=https://witty-mud-09afa6410.3.azurestaticapps.net -e WEBSITE_CORS_SUPPORT_CREDENTIALS=True -e WEBSITE_AUTH_ENABLED=False -e WEBSITE_SITE_NAME=python-flask-webapp-t -e WEBSITE_ROLE_INSTANCE_ID=0 -e WEBSITE_HOSTNAME=python-flask-webapp-t.azurewebsites.net -e WEBSITE_INSTANCE_ID=0fe1e59899343760e874df09464bea20bcaf305629db644825fe57ceb27d120b -e HTTP_LOGGING_ENABLED=1 appsvc/python:3.11_20240207.3.tuxprod 
2024-03-24T15:59:37.849Z INFO  - Initiating warmup request to container python-flask-webapp-t_12_c4d8d9bd for site python-flask-webapp-t
2024-03-24T16:00:07.389Z INFO  - Waiting for response to warmup request for container python-flask-webapp-t_12_c4d8d9bd. Elapsed time = 29.5475176 sec
2024-03-24T16:00:30.344Z INFO  - Container python-flask-webapp-t_12_c4d8d9bd for site python-flask-webapp-t initialized successfully and is ready to serve requests.
2024-03-24T16:00:30.345Z INFO  - Initiating warmup request to container python-flask-webapp-t_12_c4d8d9bd_middleware for site python-flask-webapp-t
2024-03-24T16:00:31.740Z INFO  - Container python-flask-webapp-t_12_c4d8d9bd_middleware for site python-flask-webapp-t initialized successfully and is ready to serve requests.
2024-03-24T16:29:58.521Z INFO  - 3.11_20240207.3.tuxprod Pulling from appsvc/python
2024-03-24T16:29:58.532Z INFO  -  Digest: sha256:6d9dcd89738bc68a6ee4424f05a51d4976414551019f521174429503141193a8
2024-03-24T16:29:58.533Z INFO  -  Status: Image is up to date for 10.1.0.4:13209/appsvc/python:3.11_20240207.3.tuxprod
2024-03-24T16:29:58.537Z INFO  - Pull Image successful, Time taken: 0 Seconds
2024-03-24T16:29:59.049Z INFO  - Starting container for site
2024-03-24T16:29:59.049Z INFO  - docker run -d --expose=8000 --name python-flask-webapp-t_13_3e044660 -e WEBSITE_USE_DIAGNOSTIC_SERVER=false -e WEBSITE_CORS_ALLOWED_ORIGINS=https://witty-mud-09afa6410.3.azurestaticapps.net -e WEBSITE_CORS_SUPPORT_CREDENTIALS=True -e WEBSITE_AUTH_ENABLED=False -e WEBSITE_SITE_NAME=python-flask-webapp-t -e WEBSITE_ROLE_INSTANCE_ID=0 -e WEBSITE_HOSTNAME=python-flask-webapp-t.azurewebsites.net -e WEBSITE_INSTANCE_ID=0fe1e59899343760e874df09464bea20bcaf305629db644825fe57ceb27d120b -e HTTP_LOGGING_ENABLED=1 appsvc/python:3.11_20240207.3.tuxprod 
2024-03-24T16:30:16.561Z INFO  - Initiating warmup request to container python-flask-webapp-t_13_3e044660 for site python-flask-webapp-t
2024-03-24T16:30:34.790Z INFO  - Waiting for response to warmup request for container python-flask-webapp-t_13_3e044660. Elapsed time = 18.2303459 sec
2024-03-24T16:31:00.474Z INFO  - Container python-flask-webapp-t_13_3e044660 for site python-flask-webapp-t initialized successfully and is ready to serve requests.
2024-03-24T16:31:00.477Z INFO  - Initiating warmup request to container python-flask-webapp-t_13_3e044660_middleware for site python-flask-webapp-t
2024-03-24T16:31:16.916Z INFO  - Container python-flask-webapp-t_13_3e044660_middleware for site python-flask-webapp-t initialized successfully and is ready to serve requests.
