2024-03-23T08:39:38.058Z INFO  - Pulling image: mcr.microsoft.com/appsvc/middleware:stage3
2024-03-23T08:39:38.964Z INFO  - stage3 Pulling from appsvc/middleware
2024-03-23T08:39:39.036Z INFO  -  Digest: sha256:7af9fa507b866115cc83a4f197a966fd4b7ae4193fe53d525470b9a77801daed
2024-03-23T08:39:39.044Z INFO  -  Status: Image is up to date for mcr.microsoft.com/appsvc/middleware:stage3
2024-03-23T08:39:39.116Z INFO  - Pull Image successful, Time taken: 1 Seconds
2024-03-23T08:39:39.478Z INFO  - Starting container for site
2024-03-23T08:39:39.478Z INFO  - docker run -d --expose=8181 --name python-flask-webapp-t_0_921879d4_middleware -e WEBSITE_CORS_ALLOWED_ORIGINS=https://witty-mud-09afa6410.3.azurestaticapps.net -e WEBSITE_CORS_SUPPORT_CREDENTIALS=True -e WEBSITE_AUTH_ENABLED=False -e WEBSITE_SITE_NAME=python-flask-webapp-t -e WEBSITE_ROLE_INSTANCE_ID=0 -e WEBSITE_HOSTNAME=python-flask-webapp-t.azurewebsites.net -e WEBSITE_INSTANCE_ID=13cd7b914b7727738423c2efe5af6e651e826a4ab73a656a010ff27495af5028 -e HTTP_LOGGING_ENABLED=12024-03-23T08:39:42.567Z INFO  - Initiating warmup request to container python-flask-webapp-t_0_921879d4 for site python-flask-webapp-t
2024-03-23T08:40:22.581Z ERROR - Container python-flask-webapp-t_0_921879d4 for site python-flask-webapp-t has exited, failing site start
2024-03-23T08:40:22.590Z INFO  - Initiating warmup request to container python-flask-webapp-t_0_921879d4_middleware for site python-flask-webapp-t
2024-03-23T08:40:23.684Z INFO  - Container python-flask-webapp-t_0_921879d4_middleware for site python-flask-webapp-t initialized successfully and is ready to serve requests.
2024-03-23T08:40:23.704Z ERROR - Container python-flask-webapp-t_0_921879d4 didn't respond to HTTP pings on port: 8000, failing site start. See container logs for debugging.
2024-03-23T08:40:23.808Z INFO  - Stopping site python-flask-webapp-t because it failed during startup.
2024-03-23T13:19:12.888Z INFO  - Pulling image: mcr.microsoft.com/appsvc/middleware:stage3
2024-03-23T13:19:13.411Z INFO  - stage3 Pulling from appsvc/middleware
2024-03-23T13:19:13.460Z INFO  -  Digest: sha256:7af9fa507b866115cc83a4f197a966fd4b7ae4193fe53d525470b9a77801daed
2024-03-23T13:19:13.462Z INFO  -  Status: Image is up to date for mcr.microsoft.com/appsvc/middleware:stage3
2024-03-23T13:19:13.511Z INFO  - Pull Image successful, Time taken: 0 Seconds
2024-03-23T13:19:14.140Z INFO  - Starting container for site
2024-03-23T13:19:14.142Z INFO  - docker run -d --expose=8181 --name python-flask-webapp-t_0_9b6ea80a_middleware -e WEBSITE_CORS_ALLOWED_ORIGINS=https://witty-mud-09afa6410.3.azurestaticapps.net -e WEBSITE_CORS_SUPPORT_CREDENTIALS=True -e WEBSITE_AUTH_ENABLED=False -e WEBSITE_SITE_NAME=python-flask-webapp-t -e WEBSITE_ROLE_INSTANCE_ID=0 -e WEBSITE_HOSTNAME=python-flask-webapp-t.azurewebsites.net -e WEBSITE_INSTANCE_ID=13cd7b914b7727738423c2efe5af6e651e826a4ab73a656a010ff27495af5028 -e HTTP_LOGGING_ENABLED=12024-03-23T13:19:17.887Z INFO  - Initiating warmup request to container python-flask-webapp-t_0_9b6ea80a for site python-flask-webapp-t
2024-03-23T13:19:52.113Z ERROR - Container python-flask-webapp-t_0_9b6ea80a for site python-flask-webapp-t has exited, failing site start
2024-03-23T13:19:52.118Z INFO  - Initiating warmup request to container python-flask-webapp-t_0_9b6ea80a_middleware for site python-flask-webapp-t
2024-03-23T13:19:53.172Z INFO  - Container python-flask-webapp-t_0_9b6ea80a_middleware for site python-flask-webapp-t initialized successfully and is ready to serve requests.
2024-03-23T13:19:53.190Z ERROR - Container python-flask-webapp-t_0_9b6ea80a didn't respond to HTTP pings on port: 8000, failing site start. See container logs for debugging.
2024-03-23T13:19:53.232Z INFO  - Stopping site python-flask-webapp-t because it failed during startup.
2024-03-23T13:31:59.186Z INFO  - Pulling image: mcr.microsoft.com/appsvc/middleware:stage3
2024-03-23T13:31:59.896Z INFO  - stage3 Pulling from appsvc/middleware
2024-03-23T13:31:59.926Z INFO  -  Digest: sha256:7af9fa507b866115cc83a4f197a966fd4b7ae4193fe53d525470b9a77801daed
2024-03-23T13:31:59.928Z INFO  -  Status: Image is up to date for mcr.microsoft.com/appsvc/middleware:stage3
2024-03-23T13:31:59.978Z INFO  - Pull Image successful, Time taken: 0 Seconds
2024-03-23T13:32:00.419Z INFO  - Starting container for site
2024-03-23T13:32:00.419Z INFO  - docker run -d --expose=8181 --name python-flask-webapp-t_0_749357ea_middleware -e WEBSITE_CORS_ALLOWED_ORIGINS=https://witty-mud-09afa6410.3.azurestaticapps.net -e WEBSITE_CORS_SUPPORT_CREDENTIALS=True -e WEBSITE_AUTH_ENABLED=False -e WEBSITE_SITE_NAME=python-flask-webapp-t -e WEBSITE_ROLE_INSTANCE_ID=0 -e WEBSITE_HOSTNAME=python-flask-webapp-t.azurewebsites.net -e WEBSITE_INSTANCE_ID=13cd7b914b7727738423c2efe5af6e651e826a4ab73a656a010ff27495af5028 -e HTTP_LOGGING_ENABLED=12024-03-23T13:32:04.218Z INFO  - Initiating warmup request to container python-flask-webapp-t_0_749357ea for site python-flask-webapp-t
2024-03-23T13:32:51.622Z ERROR - Container python-flask-webapp-t_0_749357ea for site python-flask-webapp-t has exited, failing site start
2024-03-23T13:32:51.623Z INFO  - Initiating warmup request to container python-flask-webapp-t_0_749357ea_middleware for site python-flask-webapp-t
2024-03-23T13:32:53.283Z INFO  - Container python-flask-webapp-t_0_749357ea_middleware for site python-flask-webapp-t initialized successfully and is ready to serve requests.
2024-03-23T13:32:53.325Z ERROR - Container python-flask-webapp-t_0_749357ea didn't respond to HTTP pings on port: 8000, failing site start. See container logs for debugging.
2024-03-23T13:32:53.405Z INFO  - Stopping site python-flask-webapp-t because it failed during startup.
