2024-03-24T03:30:31.108Z INFO  - Pulling image: mcr.microsoft.com/appsvc/middleware:stage3
2024-03-24T03:30:32.195Z INFO  - stage3 Pulling from appsvc/middleware
2024-03-24T03:30:32.404Z INFO  -  Digest: sha256:7af9fa507b866115cc83a4f197a966fd4b7ae4193fe53d525470b9a77801daed
2024-03-24T03:30:32.415Z INFO  -  Status: Image is up to date for mcr.microsoft.com/appsvc/middleware:stage3
2024-03-24T03:30:32.748Z INFO  - Pull Image successful, Time taken: 1 Seconds
2024-03-24T03:30:33.763Z INFO  - Starting container for site
2024-03-24T03:30:33.763Z INFO  - docker run -d --expose=8181 --name python-flask-webapp-t_0_d4e59eb7_middleware -e WEBSITE_CORS_ALLOWED_ORIGINS=https://witty-mud-09afa6410.3.azurestaticapps.net -e WEBSITE_CORS_SUPPORT_CREDENTIALS=True -e WEBSITE_AUTH_ENABLED=False -e WEBSITE_SITE_NAME=python-flask-webapp-t -e WEBSITE_ROLE_INSTANCE_ID=0 -e WEBSITE_HOSTNAME=python-flask-webapp-t.azurewebsites.net -e WEBSITE_INSTANCE_ID=13cd7b914b7727738423c2efe5af6e651e826a4ab73a656a010ff27495af5028 -e HTTP_LOGGING_ENABLED=12024-03-24T03:30:38.175Z INFO  - Initiating warmup request to container python-flask-webapp-t_0_d4e59eb7 for site python-flask-webapp-t
2024-03-24T03:30:54.640Z INFO  - Waiting for response to warmup request for container python-flask-webapp-t_0_d4e59eb7. Elapsed time = 16.4849018 sec
2024-03-24T03:31:10.944Z ERROR - Container python-flask-webapp-t_0_d4e59eb7 for site python-flask-webapp-t has exited, failing site start
2024-03-24T03:31:10.949Z INFO  - Initiating warmup request to container python-flask-webapp-t_0_d4e59eb7_middleware for site python-flask-webapp-t
2024-03-24T03:31:12.327Z INFO  - Container python-flask-webapp-t_0_d4e59eb7_middleware for site python-flask-webapp-t initialized successfully and is ready to serve requests.
2024-03-24T03:31:12.360Z ERROR - Container python-flask-webapp-t_0_d4e59eb7 didn't respond to HTTP pings on port: 8000, failing site start. See container logs for debugging.
2024-03-24T03:31:12.470Z INFO  - Stopping site python-flask-webapp-t because it failed during startup.
2024-03-24T07:08:09.492Z INFO  - Pulling image: mcr.microsoft.com/appsvc/middleware:stage3
2024-03-24T07:08:10.185Z INFO  - stage3 Pulling from appsvc/middleware
2024-03-24T07:08:10.224Z INFO  -  Digest: sha256:7af9fa507b866115cc83a4f197a966fd4b7ae4193fe53d525470b9a77801daed
2024-03-24T07:08:10.225Z INFO  -  Status: Image is up to date for mcr.microsoft.com/appsvc/middleware:stage3
2024-03-24T07:08:10.276Z INFO  - Pull Image successful, Time taken: 0 Seconds
2024-03-24T07:08:10.857Z INFO  - Starting container for site
2024-03-24T07:08:10.859Z INFO  - docker run -d --expose=8181 --name python-flask-webapp-t_0_4c8a39ac_middleware -e WEBSITE_CORS_ALLOWED_ORIGINS=https://witty-mud-09afa6410.3.azurestaticapps.net -e WEBSITE_CORS_SUPPORT_CREDENTIALS=True -e WEBSITE_AUTH_ENABLED=False -e WEBSITE_SITE_NAME=python-flask-webapp-t -e WEBSITE_ROLE_INSTANCE_ID=0 -e WEBSITE_HOSTNAME=python-flask-webapp-t.azurewebsites.net -e WEBSITE_INSTANCE_ID=13cd7b914b7727738423c2efe5af6e651e826a4ab73a656a010ff27495af5028 -e HTTP_LOGGING_ENABLED=12024-03-24T07:08:15.186Z INFO  - Initiating warmup request to container python-flask-webapp-t_0_4c8a39ac for site python-flask-webapp-t
2024-03-24T07:08:32.048Z INFO  - Waiting for response to warmup request for container python-flask-webapp-t_0_4c8a39ac. Elapsed time = 16.8794334 sec
2024-03-24T07:08:45.070Z ERROR - Container python-flask-webapp-t_0_4c8a39ac for site python-flask-webapp-t has exited, failing site start
2024-03-24T07:08:45.072Z INFO  - Initiating warmup request to container python-flask-webapp-t_0_4c8a39ac_middleware for site python-flask-webapp-t
2024-03-24T07:08:46.155Z INFO  - Container python-flask-webapp-t_0_4c8a39ac_middleware for site python-flask-webapp-t initialized successfully and is ready to serve requests.
2024-03-24T07:08:46.178Z ERROR - Container python-flask-webapp-t_0_4c8a39ac didn't respond to HTTP pings on port: 8000, failing site start. See container logs for debugging.
2024-03-24T07:08:46.306Z INFO  - Stopping site python-flask-webapp-t because it failed during startup.
2024-03-24T08:05:59.797Z INFO  - Pulling image: mcr.microsoft.com/appsvc/middleware:stage3
2024-03-24T08:06:00.710Z INFO  - stage3 Pulling from appsvc/middleware
2024-03-24T08:06:00.741Z INFO  -  Digest: sha256:7af9fa507b866115cc83a4f197a966fd4b7ae4193fe53d525470b9a77801daed
2024-03-24T08:06:00.749Z INFO  -  Status: Image is up to date for mcr.microsoft.com/appsvc/middleware:stage3
2024-03-24T08:06:00.810Z INFO  - Pull Image successful, Time taken: 0 Seconds
2024-03-24T08:06:01.151Z INFO  - Starting container for site
2024-03-24T08:06:01.153Z INFO  - docker run -d --expose=8181 --name python-flask-webapp-t_0_a95ffe90_middleware -e WEBSITE_CORS_ALLOWED_ORIGINS=https://witty-mud-09afa6410.3.azurestaticapps.net -e WEBSITE_CORS_SUPPORT_CREDENTIALS=True -e WEBSITE_AUTH_ENABLED=False -e WEBSITE_SITE_NAME=python-flask-webapp-t -e WEBSITE_ROLE_INSTANCE_ID=0 -e WEBSITE_HOSTNAME=python-flask-webapp-t.azurewebsites.net -e WEBSITE_INSTANCE_ID=13cd7b914b7727738423c2efe5af6e651e826a4ab73a656a010ff27495af5028 -e HTTP_LOGGING_ENABLED=12024-03-24T08:06:04.923Z INFO  - Initiating warmup request to container python-flask-webapp-t_0_a95ffe90 for site python-flask-webapp-t
2024-03-24T08:06:42.952Z ERROR - Container python-flask-webapp-t_0_a95ffe90 for site python-flask-webapp-t has exited, failing site start
2024-03-24T08:06:42.958Z INFO  - Initiating warmup request to container python-flask-webapp-t_0_a95ffe90_middleware for site python-flask-webapp-t
2024-03-24T08:06:43.890Z INFO  - Container python-flask-webapp-t_0_a95ffe90_middleware for site python-flask-webapp-t initialized successfully and is ready to serve requests.
2024-03-24T08:06:43.905Z ERROR - Container python-flask-webapp-t_0_a95ffe90 didn't respond to HTTP pings on port: 8000, failing site start. See container logs for debugging.
2024-03-24T08:06:43.982Z INFO  - Stopping site python-flask-webapp-t because it failed during startup.
2024-03-24T08:17:49.636Z INFO  - Pulling image: mcr.microsoft.com/appsvc/middleware:stage3
2024-03-24T08:17:50.280Z INFO  - stage3 Pulling from appsvc/middleware
2024-03-24T08:17:50.330Z INFO  -  Digest: sha256:7af9fa507b866115cc83a4f197a966fd4b7ae4193fe53d525470b9a77801daed
2024-03-24T08:17:50.341Z INFO  -  Status: Image is up to date for mcr.microsoft.com/appsvc/middleware:stage3
2024-03-24T08:17:50.440Z INFO  - Pull Image successful, Time taken: 0 Seconds
2024-03-24T08:17:50.929Z INFO  - Starting container for site
2024-03-24T08:17:50.937Z INFO  - docker run -d --expose=8181 --name python-flask-webapp-t_0_49057c29_middleware -e WEBSITE_CORS_ALLOWED_ORIGINS=https://witty-mud-09afa6410.3.azurestaticapps.net -e WEBSITE_CORS_SUPPORT_CREDENTIALS=True -e WEBSITE_AUTH_ENABLED=False -e WEBSITE_SITE_NAME=python-flask-webapp-t -e WEBSITE_ROLE_INSTANCE_ID=0 -e WEBSITE_HOSTNAME=python-flask-webapp-t.azurewebsites.net -e WEBSITE_INSTANCE_ID=13cd7b914b7727738423c2efe5af6e651e826a4ab73a656a010ff27495af5028 -e HTTP_LOGGING_ENABLED=12024-03-24T08:17:54.504Z INFO  - Initiating warmup request to container python-flask-webapp-t_0_49057c29 for site python-flask-webapp-t
2024-03-24T08:18:11.339Z INFO  - Waiting for response to warmup request for container python-flask-webapp-t_0_49057c29. Elapsed time = 16.8352006 sec
2024-03-24T08:18:30.697Z ERROR - Container python-flask-webapp-t_0_49057c29 for site python-flask-webapp-t has exited, failing site start
2024-03-24T08:18:30.698Z INFO  - Initiating warmup request to container python-flask-webapp-t_0_49057c29_middleware for site python-flask-webapp-t
2024-03-24T08:18:31.874Z INFO  - Container python-flask-webapp-t_0_49057c29_middleware for site python-flask-webapp-t initialized successfully and is ready to serve requests.
2024-03-24T08:18:31.890Z ERROR - Container python-flask-webapp-t_0_49057c29 didn't respond to HTTP pings on port: 8000, failing site start. See container logs for debugging.
2024-03-24T08:18:31.936Z INFO  - Stopping site python-flask-webapp-t because it failed during startup.
2024-03-24T08:24:45.327Z INFO  - Pulling image: mcr.microsoft.com/appsvc/middleware:stage3
2024-03-24T08:24:45.970Z INFO  - stage3 Pulling from appsvc/middleware
2024-03-24T08:24:46.002Z INFO  -  Digest: sha256:7af9fa507b866115cc83a4f197a966fd4b7ae4193fe53d525470b9a77801daed
2024-03-24T08:24:46.020Z INFO  -  Status: Image is up to date for mcr.microsoft.com/appsvc/middleware:stage3
2024-03-24T08:24:46.042Z INFO  - Pull Image successful, Time taken: 0 Seconds
2024-03-24T08:24:46.364Z INFO  - Starting container for site
2024-03-24T08:24:46.365Z INFO  - docker run -d --expose=8181 --name python-flask-webapp-t_0_6c72355f_middleware -e WEBSITE_CORS_ALLOWED_ORIGINS=https://witty-mud-09afa6410.3.azurestaticapps.net -e WEBSITE_CORS_SUPPORT_CREDENTIALS=True -e WEBSITE_AUTH_ENABLED=False -e WEBSITE_SITE_NAME=python-flask-webapp-t -e WEBSITE_ROLE_INSTANCE_ID=0 -e WEBSITE_HOSTNAME=python-flask-webapp-t.azurewebsites.net -e WEBSITE_INSTANCE_ID=13cd7b914b7727738423c2efe5af6e651e826a4ab73a656a010ff27495af5028 -e HTTP_LOGGING_ENABLED=12024-03-24T08:24:49.813Z INFO  - Initiating warmup request to container python-flask-webapp-t_0_6c72355f for site python-flask-webapp-t
2024-03-24T08:25:07.230Z INFO  - Waiting for response to warmup request for container python-flask-webapp-t_0_6c72355f. Elapsed time = 17.4175748 sec
2024-03-24T08:25:25.409Z ERROR - Container python-flask-webapp-t_0_6c72355f for site python-flask-webapp-t has exited, failing site start
2024-03-24T08:25:25.417Z INFO  - Initiating warmup request to container python-flask-webapp-t_0_6c72355f_middleware for site python-flask-webapp-t
2024-03-24T08:25:26.890Z INFO  - Container python-flask-webapp-t_0_6c72355f_middleware for site python-flask-webapp-t initialized successfully and is ready to serve requests.
2024-03-24T08:25:26.905Z ERROR - Container python-flask-webapp-t_0_6c72355f didn't respond to HTTP pings on port: 8000, failing site start. See container logs for debugging.
2024-03-24T08:25:26.992Z INFO  - Stopping site python-flask-webapp-t because it failed during startup.
2024-03-24T08:30:55.123Z INFO  - Pulling image: mcr.microsoft.com/appsvc/middleware:stage3
2024-03-24T08:30:59.354Z INFO  - stage3 Pulling from appsvc/middleware
2024-03-24T08:30:59.544Z INFO  -  Digest: sha256:7af9fa507b866115cc83a4f197a966fd4b7ae4193fe53d525470b9a77801daed
2024-03-24T08:30:59.545Z INFO  -  Status: Image is up to date for mcr.microsoft.com/appsvc/middleware:stage3
2024-03-24T08:30:59.756Z INFO  - Pull Image successful, Time taken: 4 Seconds
2024-03-24T08:31:00.056Z INFO  - Starting container for site
2024-03-24T08:31:00.058Z INFO  - docker run -d --expose=8181 --name python-flask-webapp-t_0_e01e6585_middleware -e WEBSITE_CORS_ALLOWED_ORIGINS=https://witty-mud-09afa6410.3.azurestaticapps.net -e WEBSITE_CORS_SUPPORT_CREDENTIALS=True -e WEBSITE_AUTH_ENABLED=False -e WEBSITE_SITE_NAME=python-flask-webapp-t -e WEBSITE_ROLE_INSTANCE_ID=0 -e WEBSITE_HOSTNAME=python-flask-webapp-t.azurewebsites.net -e WEBSITE_INSTANCE_ID=13cd7b914b7727738423c2efe5af6e651e826a4ab73a656a010ff27495af5028 -e HTTP_LOGGING_ENABLED=12024-03-24T08:31:04.607Z INFO  - Initiating warmup request to container python-flask-webapp-t_0_e01e6585 for site python-flask-webapp-t
2024-03-24T08:31:15.342024-03-24T08:33:13.544Z INFO  - Pulling image: mcr.microsoft.com/appsvc/middleware:stage3
2024-03-24T08:33:14.741Z INFO  - stage3 Pulling from appsvc/middleware
2024-03-24T08:33:14.841Z INFO  -  Digest: sha256:7af9fa507b866115cc83a4f197a966fd4b7ae4193fe53d525470b9a77801daed
2024-03-24T08:33:14.851Z INFO  -  Status: Image is up to date for mcr.microsoft.com/appsvc/middleware:stage3
2024-03-24T08:33:14.965Z INFO  - Pull Image successful, Time taken: 1 Seconds
2024-03-24T08:33:15.755Z INFO  - Starting container for site
2024-03-24T08:33:15.757Z INFO  - docker run -d --expose=8181 --name python-flask-webapp-t_1_6ca61237_middleware -e WEBSITE_CORS_ALLOWED_ORIGINS=https://witty-mud-09afa6410.3.azurestaticapps.net -e WEBSITE_CORS_SUPPORT_CREDENTIALS=True -e WEBSITE_AUTH_ENABLED=False -e WEBSITE_SITE_NAME=python-flask-webapp-t -e WEBSITE_ROLE_INSTANCE_ID=0 -e WEBSITE_HOSTNAME=python-flask-webapp-t.azurewebsites.net -e WEBSITE_INSTANCE_ID=13cd7b914b7727738423c2efe5af6e651e826a4ab73a656a010ff27495af5028 -e HTTP_LOGGING_ENABLED=1 mcr.microsoft.com/appsvc/middleware:stage3 /Host.ListenUrl=http://0.0.0.0:8181 /Host.DestinationHostUrl=http://169.254.130.14:8000 /Host.UseFileLogging=true
_AUTH_ENABLED=False -e WEBSITE_SITE_NAME=python-flask-webapp-t -e WEBSITE_ROLE_INSTANCE_ID=0 -e WEBSITE_HOSTNAME=python-flask-webapp-t.azurewebsites.net -e WEBSITE_INSTANCE_ID=13cd7b914b7727738423c2efe5af6e651e826a4ab73a656a010ff27495af5028 -e HTTP_LOGGING_ENABLED=1 appsvc/python:3.11_20240207.3.tuxprod 
2024-03-24T08:33:20.795Z INFO  - Initiating warmup request to container python-flask-webapp-t_1_6ca61237 for site python-flask-webapp-t
2024-03-24T08:33:39.786Z INFO  - Waiting for response to warmup request for container python-flask-webapp-t_1_6ca61237. Elapsed time = 18.9906863 sec
2024-03-24T08:33:53.809Z INFO  - Container python-flask-webapp-t_1_6ca61237 for site python-flask-webapp-t initialized successfully and is ready to serve requests.
2024-03-24T08:33:53.815Z INFO  - Initiating warmup request to container python-flask-webapp-t_1_6ca61237_middleware for site python-flask-webapp-t
2024-03-24T08:33:54.662Z INFO  - Container python-flask-webapp-t_1_6ca61237_middleware for site python-flask-webapp-t initialized successfully and is ready to serve requests.
2024-03-24T08:34:34.475Z INFO  - Pulling image: mcr.microsoft.com/appsvc/middleware:stage3
2024-03-24T08:34:35.468Z INFO  - stage3 Pulling from appsvc/middleware
2024-03-24T08:34:35.659Z INFO  -  Digest: sha256:7af9fa507b866115cc83a4f197a966fd4b7ae4193fe53d525470b9a77801daed
2024-03-24T08:34:35.670Z INFO  -  Status: Image is up to date for mcr.microsoft.com/appsvc/middleware:stage3
2024-03-24T08:34:35.739Z INFO  - Pull Image successful, Time taken: 1 Seconds
2024-03-24T08:34:36.475Z INFO  - Starting container for site
2024-03-24T08:34:36.482Z INFO  - docker run -d --expose=8181 --name python-flask-webapp-t_2_f96b17ae_middleware -e WEBSITE_CORS_ALLOWED_ORIGINS=https://witty-mud-09afa6410.3.azurestaticapps.net -e WEBSITE_CORS_SUPPORT_CREDENTIALS=True -e WEBSITE_AUTH_ENABLED=False -e WEBSITE_SITE_NAME=python-flask-webapp-t -e WEBSITE_ROLE_INSTANCE_ID=0 -e WEBSITE_HOSTNAME=python-flask-webapp-t.azurewebsites.net -e WEBSITE_INSTANCE_ID=13cd7b914b7727738423c2efe5af6e651e826a4ab73a656a010ff27495af5028 -e HTTP_LOGGING_ENABLED=12024-03-24T08:34:42.843Z INFO  - Initiating warmup request to container python-flask-webapp-t_2_f96b17ae for site python-flask-webapp-t
2024-03-24T08:35:00.22024-03-24T08:51:49.551Z INFO  - Pulling image: mcr.microsoft.com/appsvc/middleware:stage3
2024-03-24T08:51:56.454Z INFO  - stage3 Pulling from appsvc/middleware
2024-03-24T08:51:56.525Z INFO  -  Digest: sha256:7af9fa507b866115cc83a4f197a966fd4b7ae4193fe53d525470b9a77801daed
2024-03-24T08:51:56.646Z INFO  -  Status: Image is up to date for mcr.microsoft.com/appsvc/middleware:stage3
2024-03-24T08:51:57.783Z INFO  - Pull Image successful, Time taken: 7 Seconds
2024-03-24T08:51:59.421Z INFO  - Starting container for site
2024-03-24T08:51:59.422Z INFO  - docker run -d --expose=8181 --name python-flask-webapp-t_3_b2b953d4_middleware -e WEBSITE_CORS_ALLOWED_ORIGINS=https://witty-mud-09afa6410.3.azurestaticapps.net -e WEBSITE_CORS_SUPPORT_CREDENTIALS=True -e WEBSITE_AUTH_ENABLED=False -e WEBSITE_SITE_NAME=python-flask-webapp-t -e WEBSITE_ROLE_INSTANCE_ID=0 -e WEBSITE_HOSTNAME=python-flask-webapp-t.azurewebsites.net -e WEBSITE_INSTANCE_ID=13cd7b914b7727738423c2efe5af6e651e826a4ab73a656a010ff27495af5028 -e HTTP_LOGGING_ENABLED=1 mcr.microsoft.com/appsvc/middleware:stage3 /Host.ListenUrl=http://0.0.0.0:8181 /Host.DestinationHostUrl=http://169.254.130.15:8000 /Host.UseFileLogging=true
2024-03-24T09:19:05.800Z INFO  - Pulling image: mcr.microsoft.com/appsvc/middleware:stage3
2024-03-24T09:19:10.141Z INFO  - stage3 Pulling from appsvc/middleware
2024-03-24T09:19:10.190Z INFO  -  Digest: sha256:7af9fa507b866115cc83a4f197a966fd4b7ae4193fe53d525470b9a77801daed
2024-03-24T09:19:10.192Z INFO  -  Status: Image is up to date for mcr.microsoft.com/appsvc/middleware:stage3
2024-03-24T09:19:10.252Z INFO  - Pull Image successful, Time taken: 4 Seconds
2024-03-24T09:19:11.284Z INFO  - Starting container for site
2024-03-24T09:19:11.286Z INFO  - docker run -d --expose=8181 --name python-flask-webapp-t_4_b117df10_middleware -e WEBSITE_CORS_ALLOWED_ORIGINS=https://witty-mud-09afa6410.3.azurestaticapps.net -e WEBSITE_CORS_SUPPORT_CREDENTIALS=True -e WEBSITE_AUTH_ENABLED=False -e WEBSITE_SITE_NAME=python-flask-webapp-t -e WEBSITE_ROLE_INSTANCE_ID=0 -e WEBSITE_HOSTNAME=python-flask-webapp-t.azurewebsites.net -e WEBSITE_INSTANCE_ID=13cd7b914b7727738423c2efe5af6e651e826a4ab73a656a010ff27495af5028 -e HTTP_LOGGING_ENABLED=1 mcr.microsoft.com/appsvc/middleware:stage3 /Host.ListenUrl=http://0.0.0.0:8181 /Host.DestinationHostUrl=http://169.254.130.13:8000 /Host.UseFileLogging=true
sts.
2024-03-24T09:18:59.719Z INFO  - 3.11_20240207.3.tuxprod Pulling from appsvc/python
2024-03-24T09:18:59.730Z INFO  -  Digest: sha256:6d9dcd89738bc68a6ee4424f05a51d4976414551019f521174429503141193a8
2024-03-24T09:18:59.738Z INFO  -  Status: Image is up to date for 10.1.0.4:13209/appsvc/python:3.11_20240207.3.tuxprod
2024-03-24T09:18:59.789Z INFO  - Pull Image successful, Time taken: 2 Seconds
2024-03-24T09:19:00.075Z INFO  - Starting container for site
2024-03-24T09:19:00.077Z INFO  - docker run -d --expose=8000 --name python-flask-webapp-t_4_b117df10 -e WEBSITE_USE_DIAGNOSTIC_SERVER=false -e WEBSITE_CORS_ALLOWED_ORIGINS=https://witty-mud-09afa6410.3.azurestaticapps.net -e WEBSITE_CORS_SUPPORT_CREDENTIALS=True -e WEBSITE_AUTH_ENABLED=False -e WEBSITE_SITE_NAME=python-flask-webapp-t -e WEBSITE_ROLE_INSTANCE_ID=0 -e WEBSITE_HOSTNAME=python-flask-webapp-t.azurewebsites.net -e WEBSITE_INSTANCE_ID=13cd7b914b7727738423c2efe5af6e651e826a4ab73a656a010ff27495af5028 -e HTTP_LOGGING_ENABLED=1 appsvc/python:3.11_20240207.3.tuxprod 
2024-03-24T09:19:17.978Z INFO  - Initiating warmup request to container python-flask-webapp-t_4_b117df10 for site python-flask-webapp-t
2024-03-24T09:19:35.109Z INFO  - Waiting for response to warmup request for container python-flask-webapp-t_4_b117df10. Elapsed time = 17.1324059 sec
2024-03-24T09:19:45.095Z INFO  - Container python-flask-webapp-t_4_b117df10 for site python-flask-webapp-t initialized successfully and is ready to serve requests.
2024-03-24T09:19:45.097Z INFO  - Initiating warmup request to container python-flask-webapp-t_4_b117df10_middleware for site python-flask-webapp-t
2024-03-24T09:19:46.040Z INFO  - Container python-flask-webapp-t_4_b117df10_middleware for site python-flask-webapp-t initialized successfully and is ready to serve requests.
2024-03-24T09:20:13.270Z INFO  - Pulling image: mcr.microsoft.com/appsvc/middleware:stage3
2024-03-24T09:20:14.195Z INFO  - stage3 Pulling from appsvc/middleware
2024-03-24T09:20:14.285Z INFO  -  Digest: sha256:7af9fa507b866115cc83a4f197a966fd4b7ae4193fe53d525470b9a77801daed
2024-03-24T09:20:14.347Z INFO  -  Status: Image is up to date for mcr.microsoft.com/appsvc/middleware:stage3
2024-03-24T09:20:14.405Z INFO  - Pull Image successful, Time taken: 1 Seconds
2024-03-24T09:20:14.676Z INFO  - Starting container for site
2024-03-24T09:20:14.678Z INFO  - docker run -d --expose=8181 --name python-flask-webapp-t_5_5893674d_middleware -e WEBSITE_CORS_ALLOWED_ORIGINS=https://witty-mud-09afa6410.3.azurestaticapps.net -e WEBSITE_CORS_SUPPORT_CREDENTIALS=True -e WEBSITE_AUTH_ENABLED=False -e WEBSITE_SITE_NAME=python-flask-webapp-t -e WEBSITE_ROLE_INSTANCE_ID=0 -e WEBSITE_HOSTNAME=python-flask-webapp-t.azurewebsites.net -e WEBSITE_INSTANCE_ID=13cd7b914b7727738423c2efe5af6e651e826a4ab73a656a010ff27495af5028 -e HTTP_LOGGING_ENABLED=12024-03-24T09:20:19.784Z INFO  - Initiating warmup request to container python-flask-webapp-t_5_5893674d for site python-flask-webapp-t
2024-03-24T09:20:45.462024-03-24T09:53:04.915Z INFO  - Pulling image: mcr.microsoft.com/appsvc/middleware:stage3
2024-03-24T09:53:12.834Z INFO  - stage3 Pulling from appsvc/middleware
2024-03-24T09:53:12.895Z INFO  -  Digest: sha256:7af9fa507b866115cc83a4f197a966fd4b7ae4193fe53d525470b9a77801daed
2024-03-24T09:53:12.913Z INFO  -  Status: Image is up to date for mcr.microsoft.com/appsvc/middleware:stage3
2024-03-24T09:53:12.935Z INFO  - Pull Image successful, Time taken: 7 Seconds
2024-03-24T09:53:14.592Z INFO  - Starting container for site
2024-03-24T09:53:14.594Z INFO  - docker run -d --expose=8181 --name python-flask-webapp-t_6_28caaff5_middleware -e WEBSITE_CORS_ALLOWED_ORIGINS=https://witty-mud-09afa6410.3.azurestaticapps.net -e WEBSITE_CORS_SUPPORT_CREDENTIALS=True -e WEBSITE_AUTH_ENABLED=False -e WEBSITE_SITE_NAME=python-flask-webapp-t -e WEBSITE_ROLE_INSTANCE_ID=0 -e WEBSITE_HOSTNAME=python-flask-webapp-t.azurewebsites.net -e WEBSITE_INSTANCE_ID=13cd7b914b7727738423c2efe5af6e651e826a4ab73a656a010ff27495af5028 -e HTTP_LOGGING_ENABLED=1 mcr.microsoft.com/appsvc/middleware:stage3 /Host.ListenUrl=http://0.0.0.0:8181 /Host.DestinationHostUrl=http://169.254.130.16:8000 /Host.UseFileLogging=true
2024-03-24T09:54:07.566Z INFO  - Pulling image: mcr.microsoft.com/appsvc/middleware:stage3
2024-03-24T09:54:10.460Z INFO  - stage3 Pulling from appsvc/middleware
2024-03-24T09:54:10.573Z INFO  -  Digest: sha256:7af9fa507b866115cc83a4f197a966fd4b7ae4193fe53d525470b9a77801daed
2024-03-24T09:54:10.601Z INFO  -  Status: Image is up to date for mcr.microsoft.com/appsvc/middleware:stage3
2024-03-24T09:54:10.795Z INFO  - Pull Image successful, Time taken: 3 Seconds
2024-03-24T09:54:11.637Z INFO  - Starting container for site
2024-03-24T09:54:11.638Z INFO  - docker run -d --expose=8181 --name python-flask-webapp-t_7_ead1e42d_middleware -e WEBSITE_CORS_ALLOWED_ORIGINS=https://witty-mud-09afa6410.3.azurestaticapps.net -e WEBSITE_CORS_SUPPORT_CREDENTIALS=True -e WEBSITE_AUTH_ENABLED=False -e WEBSITE_SITE_NAME=python-flask-webapp-t -e WEBSITE_ROLE_INSTANCE_ID=0 -e WEBSITE_HOSTNAME=python-flask-webapp-t.azurewebsites.net -e WEBSITE_INSTANCE_ID=13cd7b914b7727738423c2efe5af6e651e826a4ab73a656a010ff27495af5028 -e HTTP_LOGGING_ENABLED=1 mcr.microsoft.com/appsvc/middleware:stage3 /Host.ListenUrl=http://0.0.0.0:8181 /Host.DestinationHostUrl=http://169.254.130.11:8000 /Host.UseFileLogging=true
2024-03-24T10:00:43.844Z INFO  - Pulling image: mcr.microsoft.com/appsvc/middleware:stage3
2024-03-24T10:00:46.321Z INFO  - stage3 Pulling from appsvc/middleware
2024-03-24T10:00:46.369Z INFO  -  Digest: sha256:7af9fa507b866115cc83a4f197a966fd4b7ae4193fe53d525470b9a77801daed
2024-03-24T10:00:46.371Z INFO  -  Status: Image is up to date for mcr.microsoft.com/appsvc/middleware:stage3
2024-03-24T10:00:46.442Z INFO  - Pull Image successful, Time taken: 2 Seconds
2024-03-24T10:00:47.245Z INFO  - Starting container for site
2024-03-24T10:00:47.246Z INFO  - docker run -d --expose=8181 --name python-flask-webapp-t_8_8f225d4f_middleware -e WEBSITE_CORS_ALLOWED_ORIGINS=https://witty-mud-09afa6410.3.azurestaticapps.net -e WEBSITE_CORS_SUPPORT_CREDENTIALS=True -e WEBSITE_AUTH_ENABLED=False -e WEBSITE_SITE_NAME=python-flask-webapp-t -e WEBSITE_ROLE_INSTANCE_ID=0 -e WEBSITE_HOSTNAME=python-flask-webapp-t.azurewebsites.net -e WEBSITE_INSTANCE_ID=13cd7b914b7727738423c2efe5af6e651e826a4ab73a656a010ff27495af5028 -e HTTP_LOGGING_ENABLED=1 mcr.microsoft.com/appsvc/middleware:stage3 /Host.ListenUrl=http://0.0.0.0:8181 /Host.DestinationHostUrl=http://169.254.130.18:8000 /Host.UseFileLogging=true
489Z INFO  - Initiating warmup request to container python-flask-webapp-t_7_ead1e42d for site python-flask-webapp-t
2024-03-24T09:54:33.991Z INFO  - Waiting for response to warmup request for container python-flask-webapp-t_7_ead1e42d. Elapsed time = 18.5023494 sec
2024-03-24T09:54:48.195Z INFO  - Container python-flask-webapp-t_7_ead1e42d for site python-flask-webapp-t initialized successfully and is ready to serve requests.
2024-03-24T09:54:48.203Z INFO  - Initiating warmup request to container python-flask-webapp-t_7_ead1e42d_middleware for site python-flask-webapp-t
2024-03-24T09:54:49.422Z INFO  - Container python-flask-webapp-t_7_ead1e42d_middleware for site python-flask-webapp-t initialized successfully and is ready to serve requests.
2024-03-24T10:00:38.526Z INFO  - 3.11_20240207.3.tuxprod Pulling from appsvc/python
2024-03-24T10:00:38.540Z INFO  -  Digest: sha256:6d9dcd89738bc68a6ee4424f05a51d4976414551019f521174429503141193a8
2024-03-24T10:00:38.541Z INFO  -  Status: Image is up to date for 10.1.0.4:13209/appsvc/python:3.11_20240207.3.tuxprod
2024-03-24T10:00:38.585Z INFO  - Pull Image successful, Time taken: 1 Seconds
2024-03-24T10:00:38.986Z INFO  - Starting container for site
2024-03-24T10:00:38.988Z INFO  - docker run -d --expose=8000 --name python-flask-webapp-t_8_8f225d4f -e WEBSITE_USE_DIAGNOSTIC_SERVER=false -e WEBSITE_CORS_ALLOWED_ORIGINS=https://witty-mud-09afa6410.3.azurestaticapps.net -e WEBSITE_CORS_SUPPORT_CREDENTIALS=True -e WEBSITE_AUTH_ENABLED=False -e WEBSITE_SITE_NAME=python-flask-webapp-t -e WEBSITE_ROLE_INSTANCE_ID=0 -e WEBSITE_HOSTNAME=python-flask-webapp-t.azurewebsites.net -e WEBSITE_INSTANCE_ID=13cd7b914b7727738423c2efe5af6e651e826a4ab73a656a010ff27495af5028 -e HTTP_LOGGING_ENABLED=1 appsvc/python:3.11_20240207.3.tuxprod 
2024-03-24T10:00:53.043Z INFO  - Initiating warmup request to container python-flask-webapp-t_8_8f225d4f for site python-flask-webapp-t
2024-03-24T10:01:11.017Z INFO  - Waiting for response to warmup request for container python-flask-webapp-t_8_8f225d4f. Elapsed time = 17.9754999 sec
2024-03-24T10:01:20.536Z INFO  - Container python-flask-webapp-t_8_8f225d4f for site python-flask-webapp-t initialized successfully and is ready to serve requests.
2024-03-24T10:01:20.537Z INFO  - Initiating warmup request to container python-flask-webapp-t_8_8f225d4f_middleware for site python-flask-webapp-t
2024-03-24T10:01:24.527Z INFO  - Container python-flask-webapp-t_8_8f225d4f_middleware for site python-flask-webapp-t initialized successfully and is ready to serve requests.
