2024-03-22T06:57:27.6184748Z Container start method called.
2024-03-22T06:57:27.7501299Z Establishing network.
2024-03-22T06:57:27.7690475Z Pulling image: mcr.microsoft.com/appsvc/kudulite:bullseye_20240207.2.tuxprod.
2024-03-22T06:57:29.7533535Z Container is starting.
2024-03-22T06:57:29.7544370Z Establishing network if not established already.
2024-03-22T06:57:29.7643995Z Mounting volumes.
2024-03-22T06:57:29.7743122Z Nested mountpoint 
2024-03-22T06:57:29.7930763Z Nested mountpoint volatile/logs
2024-03-22T06:57:29.8220466Z Nested mountpoint 
2024-03-22T06:57:29.8344577Z Nested mountpoint 
2024-03-22T06:57:29.8647405Z Nested mountpoint 
2024-03-22T06:57:29.9936100Z Creating container.
2024-03-22T06:57:29.9950811Z Creating pipes for streaming container io.
2024-03-22T06:57:30.0035810Z Creating stdout named pipe at /podr/container/pipe/python-flask-webapp-t_kudu_06f6b45d/stdout_8c240515b57a43cca403fee46039185a.
2024-03-22T06:57:30.0050155Z Successfully created stdout named pipe at: /podr/container/pipe/python-flask-webapp-t_kudu_06f6b45d/stdout_8c240515b57a43cca403fee46039185a.
2024-03-22T06:57:30.0058045Z Opening named pipe /podr/container/pipe/python-flask-webapp-t_kudu_06f6b45d/stdout_8c240515b57a43cca403fee46039185a for reading in non-blocking mode.
2024-03-22T06:57:30.0138878Z Successfully opened named pipe: /podr/container/pipe/python-flask-webapp-t_kudu_06f6b45d/stdout_8c240515b57a43cca403fee46039185a.
2024-03-22T06:57:30.0146390Z Successfully removed non-blocking flag from /podr/container/pipe/python-flask-webapp-t_kudu_06f6b45d/stdout_8c240515b57a43cca403fee46039185a.
2024-03-22T06:57:30.0153413Z Creating stderr named pipe at /podr/container/pipe/python-flask-webapp-t_kudu_06f6b45d/stderr_4d83c50de051428d8af459dec9ed3d9f.
2024-03-22T06:57:30.0160639Z Successfully created stderr named pipe at: /podr/container/pipe/python-flask-webapp-t_kudu_06f6b45d/stderr_4d83c50de051428d8af459dec9ed3d9f.
2024-03-22T06:57:30.0431061Z Opening named pipe /podr/container/pipe/python-flask-webapp-t_kudu_06f6b45d/stderr_4d83c50de051428d8af459dec9ed3d9f for reading in non-blocking mode.
2024-03-22T06:57:30.0445915Z Successfully opened named pipe: /podr/container/pipe/python-flask-webapp-t_kudu_06f6b45d/stderr_4d83c50de051428d8af459dec9ed3d9f.
2024-03-22T06:57:30.0457922Z Successfully removed non-blocking flag from /podr/container/pipe/python-flask-webapp-t_kudu_06f6b45d/stderr_4d83c50de051428d8af459dec9ed3d9f.
2024-03-22T06:57:30.8478239Z Starting container: python-flask-webapp-t_kudu_06f6b45d.
2024-03-22T06:57:31.0683193Z Starting watchers and probes.
2024-03-22T06:57:31.0894073Z Starting metrics collection.
2024-03-22T06:57:31.1002061Z Container is running.
2024-03-22T06:57:31.1804439Z Container start method finished after 3471 ms.
2024-03-22T07:08:25.2386206Z Container start method called.
2024-03-22T07:08:25.2898433Z Establishing network.
2024-03-22T07:08:25.2908655Z Pulling image: mcr.microsoft.com/appsvc/python:3.11_20240207.3.tuxprod.
2024-03-22T07:10:03.5696132Z Container is starting.
2024-03-22T07:10:03.6100645Z Establishing network if not established already.
2024-03-22T07:10:03.6460791Z Mounting volumes.
2024-03-22T07:10:03.6845018Z Nested mountpoint 
2024-03-22T07:10:03.7221438Z Nested mountpoint volatile/logs
2024-03-22T07:10:03.7511238Z Nested mountpoint 
2024-03-22T07:10:03.8415106Z Creating container.
2024-03-22T07:10:03.8483515Z Creating pipes for streaming container io.
2024-03-22T07:10:03.8501670Z Creating stdout named pipe at /podr/container/pipe/python-flask-webapp-t_4dfc679c/stdout_9dd98eb3d6d943ab8305962bb02fdbe3.
2024-03-22T07:10:03.8699241Z Successfully created stdout named pipe at: /podr/container/pipe/python-flask-webapp-t_4dfc679c/stdout_9dd98eb3d6d943ab8305962bb02fdbe3.
2024-03-22T07:10:03.8796777Z Opening named pipe /podr/container/pipe/python-flask-webapp-t_4dfc679c/stdout_9dd98eb3d6d943ab8305962bb02fdbe3 for reading in non-blocking mode.
2024-03-22T07:10:03.8893850Z Successfully opened named pipe: /podr/container/pipe/python-flask-webapp-t_4dfc679c/stdout_9dd98eb3d6d943ab8305962bb02fdbe3.
2024-03-22T07:10:03.8994150Z Successfully removed non-blocking flag from /podr/container/pipe/python-flask-webapp-t_4dfc679c/stdout_9dd98eb3d6d943ab8305962bb02fdbe3.
2024-03-22T07:10:03.9018300Z Creating stderr named pipe at /podr/container/pipe/python-flask-webapp-t_4dfc679c/stderr_fb1e4ef51dda44998dad5b73d2335f01.
2024-03-22T07:10:03.9115355Z Successfully created stderr named pipe at: /podr/container/pipe/python-flask-webapp-t_4dfc679c/stderr_fb1e4ef51dda44998dad5b73d2335f01.
2024-03-22T07:10:03.9214381Z Opening named pipe /podr/container/pipe/python-flask-webapp-t_4dfc679c/stderr_fb1e4ef51dda44998dad5b73d2335f01 for reading in non-blocking mode.
2024-03-22T07:10:03.9316567Z Successfully opened named pipe: /podr/container/pipe/python-flask-webapp-t_4dfc679c/stderr_fb1e4ef51dda44998dad5b73d2335f01.
2024-03-22T07:10:03.9399565Z Successfully removed non-blocking flag from /podr/container/pipe/python-flask-webapp-t_4dfc679c/stderr_fb1e4ef51dda44998dad5b73d2335f01.
2024-03-22T07:10:05.4489362Z Starting container: python-flask-webapp-t_4dfc679c.
2024-03-22T07:10:06.0781333Z Starting watchers and probes.
2024-03-22T07:10:06.1001956Z Starting metrics collection.
2024-03-22T07:10:06.6610806Z Container is running.
2024-03-22T07:10:09.7894785Z Container start method finished after 104497 ms.
2024-03-22T11:03:28.0349706Z Container start method called.
2024-03-22T11:03:28.0956555Z Establishing network.
2024-03-22T11:03:28.1247673Z Pulling image: mcr.microsoft.com/appsvc/python:3.11_20240207.3.tuxprod.
2024-03-22T11:03:31.7236105Z Container is starting.
2024-03-22T11:03:31.7435805Z Establishing network if not established already.
2024-03-22T11:03:31.7519073Z Mounting volumes.
2024-03-22T11:03:31.7611470Z Nested mountpoint 
2024-03-22T11:03:31.7964855Z Nested mountpoint volatile/logs
2024-03-22T11:03:31.8044723Z Nested mountpoint 
2024-03-22T11:03:32.7376604Z Creating container.
2024-03-22T11:03:32.7590637Z Creating pipes for streaming container io.
2024-03-22T11:03:32.7677101Z Creating stdout named pipe at /podr/container/pipe/python-flask-webapp-t_4f8177b0/stdout_8901145cf4154e7ba5c05fa6960c4a73.
2024-03-22T11:03:32.7694416Z Successfully created stdout named pipe at: /podr/container/pipe/python-flask-webapp-t_4f8177b0/stdout_8901145cf4154e7ba5c05fa6960c4a73.
2024-03-22T11:03:32.7774283Z Opening named pipe /podr/container/pipe/python-flask-webapp-t_4f8177b0/stdout_8901145cf4154e7ba5c05fa6960c4a73 for reading in non-blocking mode.
2024-03-22T11:03:32.7782151Z Successfully opened named pipe: /podr/container/pipe/python-flask-webapp-t_4f8177b0/stdout_8901145cf4154e7ba5c05fa6960c4a73.
2024-03-22T11:03:32.7790111Z Successfully removed non-blocking flag from /podr/container/pipe/python-flask-webapp-t_4f8177b0/stdout_8901145cf4154e7ba5c05fa6960c4a73.
2024-03-22T11:03:32.7796677Z Creating stderr named pipe at /podr/container/pipe/python-flask-webapp-t_4f8177b0/stderr_e2e3bfb869654d8eb1536b9760821e7f.
2024-03-22T11:03:32.7896527Z Successfully created stderr named pipe at: /podr/container/pipe/python-flask-webapp-t_4f8177b0/stderr_e2e3bfb869654d8eb1536b9760821e7f.
2024-03-22T11:03:32.7980355Z Opening named pipe /podr/container/pipe/python-flask-webapp-t_4f8177b0/stderr_e2e3bfb869654d8eb1536b9760821e7f for reading in non-blocking mode.
2024-03-22T11:03:32.7992051Z Successfully opened named pipe: /podr/container/pipe/python-flask-webapp-t_4f8177b0/stderr_e2e3bfb869654d8eb1536b9760821e7f.
2024-03-22T11:03:32.8106393Z Successfully removed non-blocking flag from /podr/container/pipe/python-flask-webapp-t_4f8177b0/stderr_e2e3bfb869654d8eb1536b9760821e7f.
2024-03-22T11:03:33.6598009Z Starting container: python-flask-webapp-t_4f8177b0.
2024-03-22T11:03:33.9008752Z Starting watchers and probes.
2024-03-22T11:03:34.0233997Z Starting metrics collection.
2024-03-22T11:03:34.0438462Z Container is running.
2024-03-22T11:03:34.3632878Z Container start method finished after 6267 ms.
2024-03-22T11:04:02.1583260Z Container has finished running with exit code: 3.
2024-03-22T11:04:02.2122496Z Container is terminating. Grace period: 5 seconds.
2024-03-22T11:04:02.2508237Z Stop and delete container. Retry count = 0
2024-03-22T11:04:02.2617204Z Stopping container: python-flask-webapp-t_4f8177b0.
2024-03-22T11:04:02.4645742Z Deleting container: python-flask-webapp-t_4f8177b0. Retry count = 0
2024-03-22T11:04:03.1072222Z Container spec TerminationMessagePolicy  path 
2024-03-22T11:04:03.1190167Z Container is terminated. Total time elapsed: 896 ms.
2024-03-22T11:04:04.3576249Z Container is terminating. Grace period: 5 seconds.
2024-03-22T11:04:04.4940609Z Stop and delete container. Retry count = 0
2024-03-22T11:04:04.5103389Z Stopping container: python-flask-webapp-t_4dfc679c.
2024-03-22T11:04:09.6896862Z Deleting container: python-flask-webapp-t_4dfc679c. Retry count = 0
2024-03-22T11:04:10.2982480Z Container spec TerminationMessagePolicy  path 
2024-03-22T11:04:10.3006680Z Container is terminated. Total time elapsed: 5939 ms.
2024-03-22T11:37:09.1536728Z Container start method called.
2024-03-22T11:37:09.2940171Z Establishing network.
2024-03-22T11:37:09.2963895Z Pulling image: mcr.microsoft.com/appsvc/python:3.11_20240207.3.tuxprod.
2024-03-22T11:37:21.3385195Z Container is starting.
2024-03-22T11:37:21.3486501Z Establishing network if not established already.
2024-03-22T11:37:21.3580915Z Mounting volumes.
2024-03-22T11:37:21.3613548Z Nested mountpoint 
2024-03-22T11:37:21.3890367Z Nested mountpoint volatile/logs
2024-03-22T11:37:21.4184758Z Nested mountpoint 
2024-03-22T11:37:21.4995993Z Creating container.
2024-03-22T11:37:21.5006269Z Creating pipes for streaming container io.
2024-03-22T11:37:21.5217083Z Creating stdout named pipe at /podr/container/pipe/python-flask-webapp-t_913defb3/stdout_8a26194b81ee4ca6bd11885f8c818672.
2024-03-22T11:37:21.5373689Z Successfully created stdout named pipe at: /podr/container/pipe/python-flask-webapp-t_913defb3/stdout_8a26194b81ee4ca6bd11885f8c818672.
2024-03-22T11:37:21.5406917Z Opening named pipe /podr/container/pipe/python-flask-webapp-t_913defb3/stdout_8a26194b81ee4ca6bd11885f8c818672 for reading in non-blocking mode.
2024-03-22T11:37:21.5520842Z Successfully opened named pipe: /podr/container/pipe/python-flask-webapp-t_913defb3/stdout_8a26194b81ee4ca6bd11885f8c818672.
2024-03-22T11:37:21.5594084Z Successfully removed non-blocking flag from /podr/container/pipe/python-flask-webapp-t_913defb3/stdout_8a26194b81ee4ca6bd11885f8c818672.
2024-03-22T11:37:21.5690818Z Creating stderr named pipe at /podr/container/pipe/python-flask-webapp-t_913defb3/stderr_7dddb4b309bc4680acaaf2e1afeb7ac0.
2024-03-22T11:37:21.5712658Z Successfully created stderr named pipe at: /podr/container/pipe/python-flask-webapp-t_913defb3/stderr_7dddb4b309bc4680acaaf2e1afeb7ac0.
2024-03-22T11:37:21.5813694Z Opening named pipe /podr/container/pipe/python-flask-webapp-t_913defb3/stderr_7dddb4b309bc4680acaaf2e1afeb7ac0 for reading in non-blocking mode.
2024-03-22T11:37:21.5894299Z Successfully opened named pipe: /podr/container/pipe/python-flask-webapp-t_913defb3/stderr_7dddb4b309bc4680acaaf2e1afeb7ac0.
2024-03-22T11:37:21.5905180Z Successfully removed non-blocking flag from /podr/container/pipe/python-flask-webapp-t_913defb3/stderr_7dddb4b309bc4680acaaf2e1afeb7ac0.
2024-03-22T11:37:22.3905264Z Starting container: python-flask-webapp-t_913defb3.
2024-03-22T11:37:22.9129268Z Starting watchers and probes.
2024-03-22T11:37:22.9431689Z Starting metrics collection.
2024-03-22T11:37:22.9448882Z Container is running.
2024-03-22T11:37:24.3000184Z Container start method finished after 15015 ms.
2024-03-22T11:37:50.4240389Z Container has finished running with exit code: 3.
2024-03-22T11:37:50.4432939Z Container is terminating. Grace period: 5 seconds.
2024-03-22T11:37:50.4540783Z Stop and delete container. Retry count = 0
2024-03-22T11:37:50.4638831Z Stopping container: python-flask-webapp-t_913defb3.
2024-03-22T11:37:50.6431361Z Deleting container: python-flask-webapp-t_913defb3. Retry count = 0
2024-03-22T11:37:51.0509096Z Container spec TerminationMessagePolicy  path 
2024-03-22T11:37:51.0612764Z Container is terminated. Total time elapsed: 608 ms.
2024-03-22T11:39:43.902Z INFO  - Pulling image: mcr.microsoft.com/appsvc/middleware:stage3
2024-03-22T11:39:46.526Z INFO  - stage3 Pulling from appsvc/middleware
2024-03-22T11:39:46.566Z INFO  -  Digest: sha256:7af9fa507b866115cc83a4f197a966fd4b7ae4193fe53d525470b9a77801daed
2024-03-22T11:39:46.568Z INFO  -  Status: Image is up to date for mcr.microsoft.com/appsvc/middleware:stage3
2024-03-22T11:39:46.647Z INFO  - Pull Image successful, Time taken: 2 Seconds
2024-03-22T11:39:50.579Z INFO  - Starting container for site
2024-03-22T11:39:50.587Z INFO  - docker run -d --expose=8181 --name python-flask-webapp-t_0_0ebc428f_middleware -e WEBSITE_CORS_ALLOWED_ORIGINS=https://witty-mud-09afa6410.3.azurestaticapps.net -e WEBSITE_CORS_SUPPORT_CREDENTIALS=True -e WEBSITE_AUTH_ENABLED=False -e WEBSITE_SITE_NAME=python-flask-webapp-t -e WEBSITE_ROLE_INSTANCE_ID=0 -e WEBSITE_HOSTNAME=python-flask-webapp-t.azurewebsites.net -e WEBSITE_INSTANCE_ID=13cd7b914b7727738423c2efe5af6e651e826a4ab73a656a010ff27495af5028 mcr.microsoft.com/appsvc/middleware:stage3 /Host.ListenUrl=http://0.0.0.0:8181 /Host.DestinationHostUrl=http://169.254.131.2:8000 /Host.UseFileLogging=true
2024-03-22T11:39:50.588Z INFO  - Logging is not enabled for this container.
Please use https://aka.ms/linux-diagnostics to enable logging to see container logs here.
ng fs layer
2024-03-22T11:37:58.546Z INFO  - 2d1d783fc119 Pulling fs layer
2024-03-22T11:37:58.552Z INFO  - 6ca1483d6e6b Pulling fs layer
2024-03-22T11:37:58.562Z INFO  - 318854ddcaf3 Pulling fs layer
2024-03-22T11:37:58.563Z INFO  - f27dc4dc2fd1 Pulling fs layer
2024-03-22T11:37:58.564Z INFO  - d01f4d564d10 Pulling fs layer
2024-03-22T11:37:58.565Z INFO  - c6631cb758bb Pulling fs layer
2024-03-22T11:37:58.572Z INFO  - 9b4618a4b3d7 Pulling fs layer
2024-03-22T11:37:58.573Z INFO  - 6abcdc071cf9 Pulling fs layer
2024-03-22T11:37:58.575Z INFO  - eb6eb10708a8 Pulling fs layer
2024-03-22T11:37:58.585Z INFO  - c3c0f42ae16d Pulling fs layer
2024-03-22T11:37:58.594Z INFO  - 19c77a8eeb05 Pulling fs layer
2024-03-22T11:37:58.602Z INFO  - 7f16a7f0cc3b Pulling fs layer
2024-03-22T11:37:58.604Z INFO  - eeb7a1346937 Pulling fs layer
2024-03-22T11:37:58.606Z INFO  - 0042726f9bbd Pulling fs layer
2024-03-22T11:37:58.612Z INFO  - f8c630c85fc7 Pulling fs layer
2024-03-22T11:37:58.614Z INFO  - 8478730f39e0 Pulling fs layer
2024-03-22T11:37:58.616Z INFO  - 70c54c808dec Pulling fs layer
2024-03-22T11:37:58.622Z INFO  - 4535cc496438 Pulling fs layer
2024-03-22T11:37:58.625Z INFO  - ff31a6bb9138 Pulling fs layer
2024-03-22T11:37:58.632Z INFO  - 44790a7a865d Pulling fs layer
2024-03-22T11:37:58.634Z INFO  - 9acaaf4b93b4 Pulling fs layer
2024-03-22T11:37:58.642Z INFO  - fcb164292ffa Pulling fs layer
2024-03-22T11:37:58.644Z INFO  - 2bac3defb6ee Pulling fs layer
2024-03-22T11:37:58.645Z INFO  - 7e0d6c2144d2 Pulling fs layer
2024-03-22T11:37:58.653Z INFO  - 282ae8d95333 Pulling fs layer
2024-03-22T11:37:58.655Z INFO  - 02c6dfab9d1d Pulling fs layer
2024-03-22T11:37:58.663Z INFO  - f223ac80ef1b Pulling fs layer
2024-03-22T11:37:58.665Z INFO  - 2d1d783fc119 Waiting
2024-03-22T11:37:58.673Z INFO  - 6ca1483d6e6b Waiting
2024-03-22T11:37:58.675Z INFO  - 318854ddcaf3 Waiting
2024-03-22T11:37:58.683Z INFO  - f27dc4dc2fd1 Waiting
2024-03-22T11:37:58.684Z INFO  - d01f4d564d10 Waiting
2024-03-22T11:37:58.685Z INFO  - c6631cb758bb Waiting
2024-03-22T11:37:58.693Z INFO  - 9b4618a4b3d7 Waiting
2024-03-22T11:37:58.694Z INFO  - 6abcdc071cf9 Waiting
2024-03-22T11:37:58.695Z INFO  - eb6eb10708a8 Waiting
2024-03-22T11:37:58.715Z INFO  - c3c0f42ae16d Waiting
2024-03-22T11:37:58.723Z INFO  - 19c77a8eeb05 Waiting
2024-03-22T11:37:58.725Z INFO  - 7f16a7f0cc3b Waiting
2024-03-22T11:37:58.744Z INFO  - eeb7a1346937 Waiting
2024-03-22T11:37:58.745Z INFO  - 0042726f9bbd Waiting
2024-03-22T11:37:58.762Z INFO  - f8c630c85fc7 Waiting
2024-03-22T11:37:58.795Z INFO  - 8478730f39e0 Waiting
2024-03-22T11:37:58.796Z INFO  - 70c54c808dec Waiting
2024-03-22T11:37:58.803Z INFO  - 4535cc496438 Waiting
2024-03-22T11:37:58.805Z INFO  - ff31a6bb9138 Waiting
2024-03-22T11:37:58.811Z INFO  - 44790a7a865d Waiting
2024-03-22T11:37:58.813Z INFO  - 9acaaf4b93b4 Waiting
2024-03-22T11:37:58.820Z INFO  - fcb164292ffa Waiting
2024-03-22T11:37:58.821Z INFO  - 2bac3defb6ee Waiting
2024-03-22T11:37:58.828Z INFO  - 7e0d6c2144d2 Waiting
2024-03-22T11:37:58.829Z INFO  - 282ae8d95333 Waiting
2024-03-22T11:37:58.836Z INFO  - 02c6dfab9d1d Waiting
2024-03-22T11:37:58.838Z INFO  - f223ac80ef1b Waiting
2024-03-22T11:37:58.854Z INFO  - 27d8d88dc5fe Downloading 10KB / 10KB
2024-03-22T11:37:58.855Z INFO  - 27d8d88dc5fe Verifying Checksum
2024-03-22T11:37:58.862Z INFO  - 27d8d88dc5fe Download complete
2024-03-22T11:37:58.863Z INFO  - e7627caf8387 Downloading 3KB / 77KB
2024-03-22T11:37:58.865Z INFO  - 65b9799a7114 Downloading 3KB / 19KB
2024-03-22T11:37:58.873Z INFO  - 65b9799a7114 Downloading 19KB / 19KB
2024-03-22T11:37:58.880Z INFO  - 65b9799a7114 Verifying Checksum
2024-03-22T11:37:58.882Z INFO  - 65b9799a7114 Download complete
2024-03-22T11:37:58.897Z INFO  - 794cd67e00af Downloading 10KB / 10KB
2024-03-22T11:37:58.898Z INFO  - 99eb07288124 Downloading 13KB / 13KB
2024-03-22T11:37:58.905Z INFO  - 794cd67e00af Verifying Checksum
2024-03-22T11:37:58.907Z INFO  - 794cd67e00af Download complete
2024-03-22T11:37:58.914Z INFO  - 99eb07288124 Verifying Checksum
2024-03-22T11:37:58.915Z INFO  - 99eb07288124 Download complete
2024-03-22T11:37:58.916Z INFO  - 9d4e73ba95aa Downloading 4KB / 4KB
2024-03-22T11:37:58.925Z INFO  - e7627caf8387 Downloading 77KB / 77KB
2024-03-22T11:37:58.931Z INFO  - 2424767f91e7 Downloading 10KB / 10KB
2024-03-22T11:37:58.932Z INFO  - 9d4e73ba95aa Verifying Checksum
2024-03-22T11:37:58.960Z INFO  - 9d4e73ba95aa Download complete
2024-03-22T11:37:58.961Z INFO  - e7627caf8387 Verifying Checksum
2024-03-22T11:37:58.966Z INFO  - e7627caf8387 Download complete
2024-03-22T11:37:58.972Z INFO  - 2424767f91e7 Verifying Checksum
2024-03-22T11:37:58.973Z INFO  - 2424767f91e7 Download complete
2024-03-22T11:37:58.978Z INFO  - 8056c343c77e Downloading 529B / 529B
2024-03-22T11:37:58.979Z INFO  - 7e1cd48051c5 Downloading 13KB / 13KB
2024-03-22T11:37:58.983Z INFO  - 8056c343c77e Verifying Checksum
2024-03-22T11:37:58.989Z INFO  - 8056c343c77e Download complete
2024-03-22T11:37:58.995Z INFO  - 7e1cd48051c5 Verifying Checksum
2024-03-22T11:37:58.997Z INFO  - 7e1cd48051c5 Download complete
2024-03-22T11:37:59.001Z INFO  - af49b434832c Downloading 530B / 530B
2024-03-22T11:37:59.007Z INFO  - 1e3292972000 Downloading 2KB / 2KB
2024-03-22T11:37:59.013Z INFO  - 8eac62777bff Downloading 1KB / 1KB
2024-03-22T11:37:59.019Z INFO  - a4bd13f5316c Downloading 423B / 423B
2024-03-22T11:37:59.020Z INFO  - 76cbd545fe97 Downloading 50KB / 50KB
2024-03-22T11:37:59.024Z INFO  - af49b434832c Verifying Checksum
2024-03-22T11:37:59.026Z INFO  - af49b434832c Download complete
2024-03-22T11:37:59.030Z INFO  - 1e3292972000 Verifying Checksum
2024-03-22T11:37:59.031Z INFO  - 1e3292972000 Download complete
2024-03-22T11:37:59.036Z INFO  - 8eac62777bff Verifying Checksum
2024-03-22T11:37:59.038Z INFO  - 8eac62777bff Download complete
2024-03-22T11:37:59.045Z INFO  - a4bd13f5316c Verifying Checksum
2024-03-22T11:37:59.046Z INFO  - a4bd13f5316c Download complete
2024-03-22T11:37:59.047Z INFO  - 76cbd545fe97 Verifying Checksum
2024-03-22T11:37:59.063Z INFO  - 76cbd545fe97 Download complete
2024-03-22T11:37:59.064Z INFO  - fab276c5b688 Downloading 316KB / 316KB
2024-03-22T11:37:59.072Z INFO  - 4f4fb700ef54 Downloading 32B / 32B
2024-03-22T11:37:59.074Z INFO  - c6631cb758bb Downloading 1KB / 1KB
2024-03-22T11:37:59.081Z INFO  - 9b4618a4b3d7 Downloading 133B / 133B
2024-03-22T11:37:59.082Z INFO  - d01f4d564d10 Downloading 1KB / 1KB
2024-03-22T11:37:59.084Z INFO  - fab276c5b688 Verifying Checksum
2024-03-22T11:37:59.089Z INFO  - fab276c5b688 Download complete
2024-03-22T11:37:59.091Z INFO  - 4f4fb700ef54 Verifying Checksum
2024-03-22T11:37:59.107Z INFO  - 4f4fb700ef54 Download complete
2024-03-22T11:37:59.108Z INFO  - c6631cb758bb Verifying Checksum
2024-03-22T11:37:59.115Z INFO  - c6631cb758bb Download complete
2024-03-22T11:37:59.118Z INFO  - 9b4618a4b3d7 Verifying Checksum
2024-03-22T11:37:59.133Z INFO  - 9b4618a4b3d7 Download complete
2024-03-22T11:37:59.135Z INFO  - d01f4d564d10 Verifying Checksum
2024-03-22T11:37:59.153Z INFO  - d01f4d564d10 Download complete
2024-03-22T11:37:59.154Z INFO  - eb6eb10708a8 Downloading 272B / 272B
2024-03-22T11:37:59.156Z INFO  - eb6eb10708a8 Verifying Checksum
2024-03-22T11:37:59.172Z INFO  - eb6eb10708a8 Download complete
2024-03-22T11:37:59.174Z INFO  - 5df0cf3d3f9a Downloading 525KB / 109MB
2024-03-22T11:37:59.191Z INFO  - 6abcdc071cf9 Downloading 270B / 270B
2024-03-22T11:37:59.193Z INFO  - 6abcdc071cf9 Verifying Checksum
2024-03-22T11:37:59.211Z INFO  - 6abcdc071cf9 Download complete
2024-03-22T11:37:59.212Z INFO  - 3e4531da2f06 Downloading 1MB / 15MB
2024-03-22T11:37:59.302Z INFO  - 030a88ad1147 Downloading 541KB / 56MB
2024-03-22T11:37:59.371Z INFO  - e455cf41eadb Downloading 1MB / 52MB
2024-03-22T11:37:59.372Z INFO  - 5df0cf3d3f9a Downloading 1MB / 109MB
2024-03-22T11:37:59.431Z INFO  - 318854ddcaf3 Downloading 1MB / 5MB
2024-03-22T11:37:59.432Z INFO  - 19c77a8eeb05 Downloading 123B / 123B
2024-03-22T11:37:59.441Z INFO  - 7f16a7f0cc3b Downloading 419B / 419B
2024-03-22T11:37:59.442Z INFO  - eeb7a1346937 Downloading 1KB / 1KB
2024-03-22T11:37:59.783Z INFO  - c3c0f42ae16d Downloading 836B / 836B
2024-03-22T11:37:59.803Z INFO  - 0042726f9bbd Downloading 888B / 888B
2024-03-22T11:37:59.804Z INFO  - 19c77a8eeb05 Verifying Checksum
2024-03-22T11:37:59.813Z INFO  - 19c77a8eeb05 Download complete
2024-03-22T11:37:59.815Z INFO  - 7f16a7f0cc3b Verifying Checksum
2024-03-22T11:37:59.816Z INFO  - 7f16a7f0cc3b Download complete
2024-03-22T11:37:59.833Z INFO  - eeb7a1346937 Verifying Checksum
2024-03-22T11:37:59.834Z INFO  - c3c0f42ae16d Verifying Checksum
2024-03-22T11:37:59.835Z INFO  - c3c0f42ae16d Download complete
2024-03-22T11:37:59.853Z INFO  - 0042726f9bbd Verifying Checksum
2024-03-22T11:37:59.854Z INFO  - 0042726f9bbd Download complete
2024-03-22T11:37:59.855Z INFO  - eeb7a1346937 Download complete
2024-03-22T11:37:59.873Z INFO  - f27dc4dc2fd1 Downloading 513KB / 69MB
2024-03-22T11:37:59.874Z INFO  - 2d1d783fc119 Downloading 1MB / 36MB
2024-03-22T11:37:59.875Z INFO  - 3e4531da2f06 Downloading 2MB / 15MB
2024-03-22T11:37:59.893Z INFO  - f27dc4dc2fd1 Downloading 1MB / 69MB
2024-03-22T11:37:59.894Z INFO  - 8478730f39e0 Downloading 121B / 121B
2024-03-22T11:37:59.913Z INFO  - 70c54c808dec Downloading 1KB / 1KB
2024-03-22T11:37:59.914Z INFO  - 4535cc496438 Downloading 1KB / 1KB
2024-03-22T11:37:59.915Z INFO  - 44790a7a865d Downloading 842B / 842B
2024-03-22T11:37:59.933Z INFO  - ff31a6bb9138 Downloading 357B / 357B
2024-03-22T11:37:59.934Z INFO  - f8c630c85fc7 Downloading 1KB / 1KB
2024-03-22T11:37:59.936Z INFO  - 8478730f39e0 Verifying Checksum
2024-03-22T11:37:59.944Z INFO  - 8478730f39e0 Download complete
2024-03-22T11:37:59.945Z INFO  - 70c54c808dec Verifying Checksum
2024-03-22T11:37:59.946Z INFO  - 70c54c808dec Download complete
2024-03-22T11:37:59.953Z INFO  - 4535cc496438 Verifying Checksum
2024-03-22T11:37:59.954Z INFO  - 4535cc496438 Download complete
2024-03-22T11:37:59.956Z INFO  - 44790a7a865d Verifying Checksum
2024-03-22T11:37:59.965Z INFO  - 44790a7a865d Download complete
2024-03-22T11:37:59.966Z INFO  - ff31a6bb9138 Verifying Checksum
2024-03-22T11:37:59.975Z INFO  - ff31a6bb9138 Download complete
2024-03-22T11:37:59.983Z INFO  - f8c630c85fc7 Verifying Checksum
2024-03-22T11:37:59.984Z INFO  - f8c630c85fc7 Download complete
2024-03-22T11:37:59.986Z INFO  - 030a88ad1147 Downloading 1MB / 56MB
2024-03-22T11:38:00.197Z INFO  - 5df0cf3d3f9a Downloading 3MB / 109MB
2024-03-22T11:38:00.215Z INFO  - 318854ddcaf3 Downloading 2MB / 5MB
2024-03-22T11:38:00.216Z INFO  - 2d1d783fc119 Downloading 2MB / 36MB
2024-03-22T11:38:00.225Z INFO  - 3e4531da2f06 Downloading 3MB / 15MB
2024-03-22T11:38:00.226Z INFO  - 02c6dfab9d1d Downloading 3KB / 16KB
2024-03-22T11:38:00.227Z INFO  - 7e0d6c2144d2 Downloading 3KB / 11KB
2024-03-22T11:38:00.237Z INFO  - 2bac3defb6ee Downloading 143B / 143B
2024-03-22T11:38:00.246Z INFO  - fcb164292ffa Downloading 2KB / 2KB
2024-03-22T11:38:00.265Z INFO  - 9acaaf4b93b4 Downloading 138B / 138B
2024-03-22T11:38:00.266Z INFO  - 02c6dfab9d1d Downloading 16KB / 16KB
2024-03-22T11:38:00.268Z INFO  - 7e0d6c2144d2 Downloading 11KB / 11KB
2024-03-22T11:38:00.305Z INFO  - 2bac3defb6ee Verifying Checksum
2024-03-22T11:38:00.307Z INFO  - 2bac3defb6ee Download complete
2024-03-22T11:38:00.308Z INFO  - fcb164292ffa Verifying Checksum
2024-03-22T11:38:00.325Z INFO  - fcb164292ffa Download complete
2024-03-22T11:38:00.327Z INFO  - 9acaaf4b93b4 Verifying Checksum
2024-03-22T11:38:00.345Z INFO  - 9acaaf4b93b4 Download complete
2024-03-22T11:38:00.348Z INFO  - 02c6dfab9d1d Verifying Checksum
2024-03-22T11:38:00.350Z INFO  - 02c6dfab9d1d Download complete
2024-03-22T11:38:00.351Z INFO  - 7e0d6c2144d2 Verifying Checksum
2024-03-22T11:38:00.352Z INFO  - 7e0d6c2144d2 Download complete
2024-03-22T11:38:00.479Z INFO  - 282ae8d95333 Downloading 139KB / 4MB
2024-03-22T11:38:00.517Z INFO  - f27dc4dc2fd1 Downloading 3MB / 69MB
2024-03-22T11:38:00.519Z INFO  - 6ca1483d6e6b Downloading 3MB / 33MB
2024-03-22T11:38:00.778Z INFO  - e455cf41eadb Downloading 4MB / 52MB
2024-03-22T11:38:00.780Z INFO  - 318854ddcaf3 Downloading 3MB / 5MB
2024-03-22T11:38:00.781Z INFO  - 6ca1483d6e6b Downloading 4MB / 33MB
2024-03-22T11:38:00.809Z INFO  - 3e4531da2f06 Downloading 4MB / 15MB
2024-03-22T11:38:00.810Z INFO  - f223ac80ef1b Downloading 1KB / 1KB
2024-03-22T11:38:00.820Z INFO  - 2d1d783fc119 Downloading 4MB / 36MB
2024-03-22T11:38:00.830Z INFO  - f223ac80ef1b Verifying Checksum
2024-03-22T11:38:00.838Z INFO  - f223ac80ef1b Download complete
2024-03-22T11:38:00.992Z INFO  - e455cf41eadb Downloading 5MB / 52MB
2024-03-22T11:38:01.001Z INFO  - 318854ddcaf3 Downloading 4MB / 5MB
2024-03-22T11:38:01.010Z INFO  - 318854ddcaf3 Downloading 5MB / 5MB
2024-03-22T11:38:01.029Z INFO  - 6ca1483d6e6b Downloading 4MB / 33MB
2024-03-22T11:38:01.030Z INFO  - 3e4531da2f06 Downloading 5MB / 15MB
2024-03-22T11:38:01.031Z INFO  - f27dc4dc2fd1 Downloading 4MB / 69MB
2024-03-22T11:38:01.039Z INFO  - 318854ddcaf3 Verifying Checksum
2024-03-22T11:38:01.040Z INFO  - 318854ddcaf3 Download complete
2024-03-22T11:38:01.173Z INFO  - 6ca1483d6e6b Downloading 6MB / 33MB
2024-03-22T11:38:01.181Z INFO  - 2d1d783fc119 Downloading 6MB / 36MB
2024-03-22T11:38:01.183Z INFO  - 3e4531da2f06 Downloading 7MB / 15MB
2024-03-22T11:38:01.190Z INFO  - 030a88ad1147 Downloading 5MB / 56MB
2024-03-22T11:38:01.191Z INFO  - f27dc4dc2fd1 Downloading 4MB / 69MB
2024-03-22T11:38:01.462Z INFO  - 6ca1483d6e6b Downloading 6MB / 33MB
2024-03-22T11:38:01.463Z INFO  - 282ae8d95333 Downloading 3MB / 4MB
2024-03-22T11:38:01.471Z INFO  - f27dc4dc2fd1 Downloading 5MB / 69MB
2024-03-22T11:38:01.493Z INFO  - 6ca1483d6e6b Downloading 7MB / 33MB
2024-03-22T11:38:01.643Z INFO  - 5df0cf3d3f9a Downloading 7MB / 109MB
2024-03-22T11:38:01.774Z INFO  - 282ae8d95333 Downloading 4MB / 4MB
2024-03-22T11:38:01.783Z INFO  - 030a88ad1147 Downloading 6MB / 56MB
2024-03-22T11:38:01.784Z INFO  - e455cf41eadb Downloading 8MB / 52MB
2024-03-22T11:38:01.803Z INFO  - 282ae8d95333 Downloading 4MB / 4MB
2024-03-22T11:38:01.813Z INFO  - 5df0cf3d3f9a Downloading 9MB / 109MB
2024-03-22T11:38:01.833Z INFO  - f27dc4dc2fd1 Downloading 7MB / 69MB
2024-03-22T11:38:01.834Z INFO  - 282ae8d95333 Verifying Checksum
2024-03-22T11:38:01.836Z INFO  - 282ae8d95333 Download complete
2024-03-22T11:38:01.843Z INFO  - 6ca1483d6e6b Downloading 8MB / 33MB
2024-03-22T11:38:01.953Z INFO  - 3e4531da2f06 Downloading 10MB / 15MB
2024-03-22T11:38:02.064Z INFO  - e455cf41eadb Downloading 11MB / 52MB
2024-03-22T11:38:02.105Z INFO  - 2d1d783fc119 Downloading 9MB / 36MB
2024-03-22T11:38:02.256Z INFO  - e455cf41eadb Downloading 12MB / 52MB
2024-03-22T11:38:02.265Z INFO  - 5df0cf3d3f9a Downloading 11MB / 109MB
2024-03-22T11:38:02.286Z INFO  - 6ca1483d6e6b Downloading 10MB / 33MB
2024-03-22T11:38:02.307Z INFO  - 2d1d783fc119 Downloading 10MB / 36MB
2024-03-22T11:38:02.308Z INFO  - 030a88ad1147 Downloading 10MB / 56MB
2024-03-22T11:38:02.325Z INFO  - 6ca1483d6e6b Downloading 11MB / 33MB
2024-03-22T11:38:02.577Z INFO  - e455cf41eadb Downloading 13MB / 52MB
2024-03-22T11:38:02.587Z INFO  - 3e4531da2f06 Downloading 12MB / 15MB
2024-03-22T11:38:02.597Z INFO  - 2d1d783fc119 Downloading 11MB / 36MB
2024-03-22T11:38:02.607Z INFO  - 6ca1483d6e6b Downloading 12MB / 33MB
2024-03-22T11:38:02.698Z INFO  - 030a88ad1147 Downloading 11MB / 56MB
2024-03-22T11:38:02.708Z INFO  - e455cf41eadb Downloading 14MB / 52MB
2024-03-22T11:38:02.728Z INFO  - 5df0cf3d3f9a Downloading 13MB / 109MB
2024-03-22T11:38:02.729Z INFO  - f27dc4dc2fd1 Downloading 12MB / 69MB
2024-03-22T11:38:02.737Z INFO  - 3e4531da2f06 Downloading 13MB / 15MB
2024-03-22T11:38:02.738Z INFO  - 6ca1483d6e6b Downloading 13MB / 33MB
2024-03-22T11:38:02.819Z INFO  - e455cf41eadb Downloading 15MB / 52MB
2024-03-22T11:38:02.820Z INFO  - 3e4531da2f06 Verifying Checksum
2024-03-22T11:38:02.828Z INFO  - 3e4531da2f06 Download complete
2024-03-22T11:38:02.850Z INFO  - f27dc4dc2fd1 Downloading 14MB / 69MB
2024-03-22T11:38:02.859Z INFO  - 030a88ad1147 Downloading 12MB / 56MB
2024-03-22T11:38:02.861Z INFO  - 6ca1483d6e6b Downloading 14MB / 33MB
2024-03-22T11:38:02.961Z INFO  - e455cf41eadb Downloading 16MB / 52MB
2024-03-22T11:38:02.979Z INFO  - 5df0cf3d3f9a Downloading 16MB / 109MB
2024-03-22T11:38:03.000Z INFO  - 6ca1483d6e6b Downloading 16MB / 33MB
2024-03-22T11:38:03.001Z INFO  - e455cf41eadb Downloading 18MB / 52MB
2024-03-22T11:38:03.020Z INFO  - f27dc4dc2fd1 Downloading 15MB / 69MB
2024-03-22T11:38:03.112Z INFO  - 2d1d783fc119 Downloading 15MB / 36MB
2024-03-22T11:38:03.241Z INFO  - f27dc4dc2fd1 Downloading 15MB / 69MB
2024-03-22T11:38:03.353Z INFO  - 5df0cf3d3f9a Downloading 18MB / 109MB
2024-03-22T11:38:03.371Z INFO  - 030a88ad1147 Downloading 15MB / 56MB
2024-03-22T11:38:03.372Z INFO  - 6ca1483d6e6b Downloading 18MB / 33MB
2024-03-22T11:38:03.423Z INFO  - 2d1d783fc119 Downloading 18MB / 36MB
2024-03-22T11:38:03.442Z INFO  - e455cf41eadb Downloading 21MB / 52MB
2024-03-22T11:38:03.482Z INFO  - 6ca1483d6e6b Downloading 19MB / 33MB
2024-03-22T11:38:03.484Z INFO  - f27dc4dc2fd1 Downloading 18MB / 69MB
2024-03-22T11:38:03.493Z INFO  - e455cf41eadb Downloading 22MB / 52MB
2024-03-22T11:38:03.521Z INFO  - 5df0cf3d3f9a Downloading 20MB / 109MB
2024-03-22T11:38:03.604Z INFO  - 2d1d783fc119 Downloading 18MB / 36MB
2024-03-22T11:38:03.694Z INFO  - 6ca1483d6e6b Downloading 20MB / 33MB
2024-03-22T11:38:03.703Z INFO  - f27dc4dc2fd1 Downloading 21MB / 69MB
2024-03-22T11:38:03.704Z INFO  - 2d1d783fc119 Downloading 19MB / 36MB
2024-03-22T11:38:03.783Z INFO  - 2d1d783fc119 Downloading 20MB / 36MB
2024-03-22T11:38:03.934Z INFO  - 030a88ad1147 Downloading 19MB / 56MB
2024-03-22T11:38:03.944Z INFO  - f27dc4dc2fd1 Downloading 22MB / 69MB
2024-03-22T11:38:03.946Z INFO  - 5df0cf3d3f9a Downloading 22MB / 109MB
2024-03-22T11:38:03.995Z INFO  - 6ca1483d6e6b Downloading 22MB / 33MB
2024-03-22T11:38:04.035Z INFO  - 030a88ad1147 Downloading 21MB / 56MB
2024-03-22T11:38:04.205Z INFO  - 6ca1483d6e6b Downloading 24MB / 33MB
2024-03-22T11:38:04.225Z INFO  - 5df0cf3d3f9a Downloading 24MB / 109MB
2024-03-22T11:38:04.227Z INFO  - 030a88ad1147 Downloading 22MB / 56MB
2024-03-22T11:38:04.316Z INFO  - 6ca1483d6e6b Downloading 24MB / 33MB
2024-03-22T11:38:04.336Z INFO  - f27dc4dc2fd1 Downloading 26MB / 69MB
2024-03-22T11:38:04.337Z INFO  - 5df0cf3d3f9a Downloading 27MB / 109MB
2024-03-22T11:38:04.338Z INFO  - 2d1d783fc119 Downloading 25MB / 36MB
2024-03-22T11:38:04.448Z INFO  - e455cf41eadb Downloading 29MB / 52MB
2024-03-22T11:38:04.637Z INFO  - 6ca1483d6e6b Downloading 26MB / 33MB
2024-03-22T11:38:04.639Z INFO  - 5df0cf3d3f9a Downloading 29MB / 109MB
2024-03-22T11:38:04.648Z INFO  - f27dc4dc2fd1 Downloading 29MB / 69MB
2024-03-22T11:38:04.657Z INFO  - 2d1d783fc119 Downloading 29MB / 36MB
2024-03-22T11:38:04.658Z INFO  - e455cf41eadb Downloading 30MB / 52MB
2024-03-22T11:38:04.759Z INFO  - 6ca1483d6e6b Downloading 27MB / 33MB
2024-03-22T11:38:04.800Z INFO  - 030a88ad1147 Downloading 25MB / 56MB
2024-03-22T11:38:04.858Z INFO  - 6ca1483d6e6b Downloading 28MB / 33MB
2024-03-22T11:38:05.019Z INFO  - 6ca1483d6e6b Downloading 28MB / 33MB
2024-03-22T11:38:05.021Z INFO  - 5df0cf3d3f9a Downloading 30MB / 109MB
2024-03-22T11:38:05.028Z INFO  - e455cf41eadb Downloading 32MB / 52MB
2024-03-22T11:38:05.141Z INFO  - 5df0cf3d3f9a Downloading 31MB / 109MB
2024-03-22T11:38:05.270Z INFO  - f27dc4dc2fd1 Downloading 32MB / 69MB
2024-03-22T11:38:05.271Z INFO  - e455cf41eadb Downloading 33MB / 52MB
2024-03-22T11:38:05.323Z INFO  - 2d1d783fc119 Downloading 34MB / 36MB
2024-03-22T11:38:05.350Z INFO  - 030a88ad1147 Downloading 26MB / 56MB
2024-03-22T11:38:05.351Z INFO  - 5df0cf3d3f9a Downloading 32MB / 109MB
2024-03-22T11:38:05.431Z INFO  - e455cf41eadb Downloading 35MB / 52MB
2024-03-22T11:38:05.453Z INFO  - f27dc4dc2fd1 Downloading 33MB / 69MB
2024-03-22T11:38:05.463Z INFO  - 2d1d783fc119 Downloading 35MB / 36MB
2024-03-22T11:38:05.613Z INFO  - 5df0cf3d3f9a Downloading 33MB / 109MB
2024-03-22T11:38:05.622Z INFO  - 6ca1483d6e6b Downloading 32MB / 33MB
2024-03-22T11:38:05.623Z INFO  - f27dc4dc2fd1 Downloading 33MB / 69MB
2024-03-22T11:38:05.631Z INFO  - 030a88ad1147 Downloading 27MB / 56MB
2024-03-22T11:38:05.633Z INFO  - 6ca1483d6e6b Verifying Checksum
2024-03-22T11:38:05.634Z INFO  - 6ca1483d6e6b Download complete
2024-03-22T11:38:05.642Z INFO  - 2d1d783fc119 Verifying Checksum
2024-03-22T11:38:05.643Z INFO  - 2d1d783fc119 Download complete
2024-03-22T11:38:05.815Z INFO  - e455cf41eadb Downloading 37MB / 52MB
2024-03-22T11:38:05.845Z INFO  - f27dc4dc2fd1 Downloading 35MB / 69MB
2024-03-22T11:38:05.853Z INFO  - 030a88ad1147 Downloading 28MB / 56MB
2024-03-22T11:38:05.974Z INFO  - f27dc4dc2fd1 Downloading 36MB / 69MB
2024-03-22T11:38:06.076Z INFO  - 030a88ad1147 Downloading 29MB / 56MB
2024-03-22T11:38:06.176Z INFO  - e455cf41eadb Downloading 38MB / 52MB
2024-03-22T11:38:06.184Z INFO  - f27dc4dc2fd1 Downloading 36MB / 69MB
2024-03-22T11:38:06.315Z INFO  - 5df0cf3d3f9a Downloading 37MB / 109MB
2024-03-22T11:38:06.316Z INFO  - 030a88ad1147 Downloading 30MB / 56MB
2024-03-22T11:38:06.317Z INFO  - f27dc4dc2fd1 Downloading 37MB / 69MB
2024-03-22T11:38:06.537Z INFO  - 5df0cf3d3f9a Downloading 38MB / 109MB
2024-03-22T11:38:06.548Z INFO  - e455cf41eadb Downloading 39MB / 52MB
2024-03-22T11:38:06.697Z INFO  - f27dc4dc2fd1 Downloading 39MB / 69MB
2024-03-22T11:38:06.778Z INFO  - 030a88ad1147 Downloading 32MB / 56MB
2024-03-22T11:38:06.848Z INFO  - f27dc4dc2fd1 Downloading 40MB / 69MB
2024-03-22T11:38:06.909Z INFO  - 5df0cf3d3f9a Downloading 40MB / 109MB
2024-03-22T11:38:06.929Z INFO  - e455cf41eadb Downloading 42MB / 52MB
2024-03-22T11:38:07.040Z INFO  - 5df0cf3d3f9a Downloading 42MB / 109MB
2024-03-22T11:38:07.041Z INFO  - 030a88ad1147 Downloading 36MB / 56MB
2024-03-22T11:38:07.109Z INFO  - e455cf41eadb Downloading 44MB / 52MB
2024-03-22T11:38:07.160Z INFO  - f27dc4dc2fd1 Downloading 44MB / 69MB
2024-03-22T11:38:07.161Z INFO  - 5df0cf3d3f9a Downloading 44MB / 109MB
2024-03-22T11:38:07.212Z INFO  - 030a88ad1147 Downloading 38MB / 56MB
2024-03-22T11:38:07.351Z INFO  - 030a88ad1147 Downloading 40MB / 56MB
2024-03-22T11:38:07.353Z INFO  - e455cf41eadb Downloading 46MB / 52MB
2024-03-22T11:38:07.511Z INFO  - f27dc4dc2fd1 Downloading 47MB / 69MB
2024-03-22T11:38:07.513Z INFO  - e455cf41eadb Downloading 48MB / 52MB
2024-03-22T11:38:07.602Z INFO  - 5df0cf3d3f9a Downloading 48MB / 109MB
2024-03-22T11:38:07.672Z INFO  - e455cf41eadb Downloading 49MB / 52MB
2024-03-22T11:38:07.692Z INFO  - 030a88ad1147 Downloading 44MB / 56MB
2024-03-22T11:38:07.872Z INFO  - e455cf41eadb Downloading 50MB / 52MB
2024-03-22T11:38:07.874Z INFO  - 5df0cf3d3f9a Downloading 51MB / 109MB
2024-03-22T11:38:07.892Z INFO  - 030a88ad1147 Downloading 45MB / 56MB
2024-03-22T11:38:07.934Z INFO  - f27dc4dc2fd1 Downloading 50MB / 69MB
2024-03-22T11:38:08.003Z INFO  - e455cf41eadb Verifying Checksum
2024-03-22T11:38:08.005Z INFO  - e455cf41eadb Download complete
2024-03-22T11:38:08.036Z INFO  - f27dc4dc2fd1 Downloading 51MB / 69MB
2024-03-22T11:38:08.126Z INFO  - 030a88ad1147 Downloading 46MB / 56MB
2024-03-22T11:38:08.194Z INFO  - 5df0cf3d3f9a Downloading 53MB / 109MB
2024-03-22T11:38:08.567Z INFO  - 030a88ad1147 Downloading 47MB / 56MB
2024-03-22T11:38:08.568Z INFO  - 5df0cf3d3f9a Downloading 55MB / 109MB
2024-03-22T11:38:08.576Z INFO  - f27dc4dc2fd1 Downloading 53MB / 69MB
2024-03-22T11:38:08.648Z INFO  - 030a88ad1147 Downloading 48MB / 56MB
2024-03-22T11:38:08.688Z INFO  - f27dc4dc2fd1 Downloading 54MB / 69MB
2024-03-22T11:38:08.748Z INFO  - 5df0cf3d3f9a Downloading 57MB / 109MB
2024-03-22T11:38:08.859Z INFO  - f27dc4dc2fd1 Downloading 58MB / 69MB
2024-03-22T11:38:08.877Z INFO  - 030a88ad1147 Downloading 52MB / 56MB
2024-03-22T11:38:08.988Z INFO  - 5df0cf3d3f9a Downloading 61MB / 109MB
2024-03-22T11:38:08.989Z INFO  - 030a88ad1147 Downloading 54MB / 56MB
2024-03-22T11:38:09.128Z INFO  - 030a88ad1147 Downloading 56MB / 56MB
2024-03-22T11:38:09.140Z INFO  - f27dc4dc2fd1 Downloading 61MB / 69MB
2024-03-22T11:38:09.170Z INFO  - 030a88ad1147 Verifying Checksum
2024-03-22T11:38:09.174Z INFO  - 030a88ad1147 Download complete
2024-03-22T11:38:09.390Z INFO  - 5df0cf3d3f9a Downloading 66MB / 109MB
2024-03-22T11:38:09.400Z INFO  - f27dc4dc2fd1 Downloading 66MB / 69MB
2024-03-22T11:38:09.490Z INFO  - f27dc4dc2fd1 Verifying Checksum
2024-03-22T11:38:09.492Z INFO  - f27dc4dc2fd1 Download complete
2024-03-22T11:38:09.742Z INFO  - 5df0cf3d3f9a Downloading 77MB / 109MB
2024-03-22T11:38:09.832Z INFO  - 5df0cf3d3f9a Downloading 81MB / 109MB
2024-03-22T11:38:10.055Z INFO  - 5df0cf3d3f9a Downloading 88MB / 109MB
2024-03-22T11:38:10.166Z INFO  - 5df0cf3d3f9a Downloading 90MB / 109MB
2024-03-22T11:38:10.193Z INFO  - e455cf41eadb Extracting 1MB / 52MB
2024-03-22T11:38:10.376Z INFO  - 5df0cf3d3f9a Downloading 97MB / 109MB
2024-03-22T11:38:10.498Z INFO  - 5df0cf3d3f9a Downloading 100MB / 109MB
2024-03-22T11:38:10.586Z INFO  - 5df0cf3d3f9a Downloading 104MB / 109MB
2024-03-22T11:38:10.665Z INFO  - e455cf41eadb Extracting 2MB / 52MB
2024-03-22T11:38:10.717Z INFO  - 5df0cf3d3f9a Downloading 108MB / 109MB
2024-03-22T11:38:10.726Z INFO  - 5df0cf3d3f9a Verifying Checksum
2024-03-22T11:38:10.727Z INFO  - 5df0cf3d3f9a Download complete
2024-03-22T11:38:11.268Z INFO  - e455cf41eadb Extracting 5MB / 52MB
2024-03-22T11:38:11.469Z INFO  - e455cf41eadb Extracting 6MB / 52MB
2024-03-22T11:38:11.663Z INFO  - e455cf41eadb Extracting 7MB / 52MB
2024-03-22T11:38:11.843Z INFO  - e455cf41eadb Extracting 8MB / 52MB
2024-03-22T11:38:11.984Z INFO  - e455cf41eadb Extracting 9MB / 52MB
2024-03-22T11:38:12.355Z INFO  - e455cf41eadb Extracting 10MB / 52MB
2024-03-22T11:38:12.654Z INFO  - e455cf41eadb Extracting 11MB / 52MB
2024-03-22T11:38:12.954Z INFO  - e455cf41eadb Extracting 12MB / 52MB
2024-03-22T11:38:13.285Z INFO  - e455cf41eadb Extracting 13MB / 52MB
2024-03-22T11:38:13.597Z INFO  - e455cf41eadb Extracting 14MB / 52MB
2024-03-22T11:38:13.858Z INFO  - e455cf41eadb Extracting 15MB / 52MB
2024-03-22T11:38:14.635Z INFO  - e455cf41eadb Extracting 21MB / 52MB
2024-03-22T11:38:14.764Z INFO  - e455cf41eadb Extracting 22MB / 52MB
2024-03-22T11:38:15.045Z INFO  - e455cf41eadb Extracting 23MB / 52MB
2024-03-22T11:38:15.478Z INFO  - e455cf41eadb Extracting 24MB / 52MB
2024-03-22T11:38:16.180Z INFO  - e455cf41eadb Extracting 26MB / 52MB
2024-03-22T11:38:16.874Z INFO  - e455cf41eadb Extracting 27MB / 52MB
2024-03-22T11:38:17.275Z INFO  - e455cf41eadb Extracting 31MB / 52MB
2024-03-22T11:38:17.405Z INFO  - e455cf41eadb Extracting 34MB / 52MB
2024-03-22T11:38:17.688Z INFO  - e455cf41eadb Extracting 37MB / 52MB
2024-03-22T11:38:17.828Z INFO  - e455cf41eadb Extracting 38MB / 52MB
2024-03-22T11:38:17.991Z INFO  - e455cf41eadb Extracting 39MB / 52MB
2024-03-22T11:38:18.822Z INFO  - e455cf41eadb Extracting 43MB / 52MB
2024-03-22T11:38:19.094Z INFO  - e455cf41eadb Extracting 45MB / 52MB
2024-03-22T11:38:19.315Z INFO  - e455cf41eadb Extracting 46MB / 52MB
2024-03-22T11:38:19.496Z INFO  - e455cf41eadb Extracting 47MB / 52MB
2024-03-22T11:38:19.776Z INFO  - e455cf41eadb Extracting 48MB / 52MB
2024-03-22T11:38:20.030Z INFO  - e455cf41eadb Extracting 49MB / 52MB
2024-03-22T11:38:20.459Z INFO  - e455cf41eadb Extracting 50MB / 52MB
2024-03-22T11:38:21.414Z INFO  - e455cf41eadb Extracting 51MB / 52MB
2024-03-22T11:38:21.878Z INFO  - e455cf41eadb Extracting 52MB / 52MB
2024-03-22T11:38:22.122Z INFO  - e455cf41eadb Pull complete
2024-03-22T11:38:22.763Z INFO  - 3e4531da2f06 Extracting 3MB / 15MB
2024-03-22T11:38:23.095Z INFO  - 3e4531da2f06 Extracting 6MB / 15MB
2024-03-22T11:38:23.204Z INFO  - 3e4531da2f06 Extracting 8MB / 15MB
2024-03-22T11:38:23.536Z INFO  - 3e4531da2f06 Extracting 12MB / 15MB
2024-03-22T11:38:23.814Z INFO  - 3e4531da2f06 Extracting 13MB / 15MB
2024-03-22T11:38:23.915Z INFO  - 3e4531da2f06 Extracting 13MB / 15MB
2024-03-22T11:38:24.289Z INFO  - 3e4531da2f06 Extracting 15MB / 15MB
2024-03-22T11:38:24.348Z INFO  - 3e4531da2f06 Pull complete
2024-03-22T11:38:24.351Z INFO  - fab276c5b688 Extracting 32KB / 316KB
2024-03-22T11:38:24.511Z INFO  - fab276c5b688 Extracting 96KB / 316KB
2024-03-22T11:38:24.570Z INFO  - fab276c5b688 Extracting 316KB / 316KB
2024-03-22T11:38:24.578Z INFO  - fab276c5b688 Extracting 316KB / 316KB
2024-03-22T11:38:24.598Z INFO  - fab276c5b688 Pull complete
2024-03-22T11:38:24.821Z INFO  - e7627caf8387 Extracting 64KB / 77KB
2024-03-22T11:38:24.930Z INFO  - e7627caf8387 Extracting 77KB / 77KB
2024-03-22T11:38:24.943Z INFO  - e7627caf8387 Extracting 77KB / 77KB
2024-03-22T11:38:24.975Z INFO  - e7627caf8387 Pull complete
2024-03-22T11:38:24.982Z INFO  - 76cbd545fe97 Extracting 32KB / 50KB
2024-03-22T11:38:25.134Z INFO  - 76cbd545fe97 Extracting 50KB / 50KB
2024-03-22T11:38:25.163Z INFO  - 76cbd545fe97 Extracting 50KB / 50KB
2024-03-22T11:38:25.186Z INFO  - 76cbd545fe97 Pull complete
2024-03-22T11:38:25.192Z INFO  - 7e1cd48051c5 Extracting 13KB / 13KB
2024-03-22T11:38:25.344Z INFO  - 7e1cd48051c5 Extracting 13KB / 13KB
2024-03-22T11:38:25.368Z INFO  - 7e1cd48051c5 Pull complete
2024-03-22T11:38:25.372Z INFO  - 2424767f91e7 Extracting 10KB / 10KB
2024-03-22T11:38:25.395Z INFO  - 2424767f91e7 Extracting 10KB / 10KB
2024-03-22T11:38:25.625Z INFO  - 2424767f91e7 Pull complete
2024-03-22T11:38:25.826Z INFO  - 030a88ad1147 Extracting 544KB / 56MB
2024-03-22T11:38:25.966Z INFO  - 030a88ad1147 Extracting 1MB / 56MB
2024-03-22T11:38:26.145Z INFO  - 030a88ad1147 Extracting 2MB / 56MB
2024-03-22T11:38:26.279Z INFO  - 030a88ad1147 Extracting 3MB / 56MB
2024-03-22T11:38:26.428Z INFO  - 030a88ad1147 Extracting 4MB / 56MB
2024-03-22T11:38:26.547Z INFO  - 030a88ad1147 Extracting 5MB / 56MB
2024-03-22T11:38:26.681Z INFO  - 030a88ad1147 Extracting 6MB / 56MB
2024-03-22T11:38:26.912Z INFO  - 030a88ad1147 Extracting 8MB / 56MB
2024-03-22T11:38:27.072Z INFO  - 030a88ad1147 Extracting 9MB / 56MB
2024-03-22T11:38:27.191Z INFO  - 030a88ad1147 Extracting 10MB / 56MB
2024-03-22T11:38:27.374Z INFO  - 030a88ad1147 Extracting 11MB / 56MB
2024-03-22T11:38:27.532Z INFO  - 030a88ad1147 Extracting 12MB / 56MB
2024-03-22T11:38:27.805Z INFO  - 030a88ad1147 Extracting 13MB / 56MB
2024-03-22T11:38:27.944Z INFO  - 030a88ad1147 Extracting 14MB / 56MB
2024-03-22T11:38:28.047Z INFO  - 030a88ad1147 Extracting 15MB / 56MB
2024-03-22T11:38:28.891Z INFO  - 030a88ad1147 Extracting 22MB / 56MB
2024-03-22T11:38:29.052Z INFO  - 030a88ad1147 Extracting 23MB / 56MB
2024-03-22T11:38:29.552Z INFO  - 030a88ad1147 Extracting 27MB / 56MB
2024-03-22T11:38:29.736Z INFO  - 030a88ad1147 Extracting 28MB / 56MB
2024-03-22T11:38:29.875Z INFO  - 030a88ad1147 Extracting 29MB / 56MB
2024-03-22T11:38:30.004Z INFO  - 030a88ad1147 Extracting 30MB / 56MB
2024-03-22T11:38:30.125Z INFO  - 030a88ad1147 Extracting 31MB / 56MB
2024-03-22T11:38:30.508Z INFO  - 030a88ad1147 Extracting 34MB / 56MB
2024-03-22T11:38:30.658Z INFO  - 030a88ad1147 Extracting 35MB / 56MB
2024-03-22T11:38:30.750Z INFO  - 030a88ad1147 Extracting 36MB / 56MB
2024-03-22T11:38:30.923Z INFO  - 030a88ad1147 Extracting 37MB / 56MB
2024-03-22T11:38:31.092Z INFO  - 030a88ad1147 Extracting 38MB / 56MB
2024-03-22T11:38:31.373Z INFO  - 030a88ad1147 Extracting 39MB / 56MB
2024-03-22T11:38:32.529Z INFO  - 030a88ad1147 Extracting 48MB / 56MB
2024-03-22T11:38:32.650Z INFO  - 030a88ad1147 Extracting 49MB / 56MB
2024-03-22T11:38:33.060Z INFO  - 030a88ad1147 Extracting 52MB / 56MB
2024-03-22T11:38:33.666Z INFO  - 030a88ad1147 Extracting 56MB / 56MB
2024-03-22T11:38:33.868Z INFO  - 030a88ad1147 Extracting 56MB / 56MB
2024-03-22T11:38:33.925Z INFO  - 030a88ad1147 Pull complete
2024-03-22T11:38:33.928Z INFO  - 65b9799a7114 Extracting 19KB / 19KB
2024-03-22T11:38:34.088Z INFO  - 65b9799a7114 Extracting 19KB / 19KB
2024-03-22T11:38:34.110Z INFO  - 65b9799a7114 Pull complete
2024-03-22T11:38:34.116Z INFO  - 794cd67e00af Extracting 10KB / 10KB
2024-03-22T11:38:34.179Z INFO  - 794cd67e00af Extracting 10KB / 10KB
2024-03-22T11:38:34.397Z INFO  - 794cd67e00af Pull complete
2024-03-22T11:38:34.407Z INFO  - 99eb07288124 Extracting 13KB / 13KB
2024-03-22T11:38:34.659Z INFO  - 99eb07288124 Extracting 13KB / 13KB
2024-03-22T11:38:34.684Z INFO  - 99eb07288124 Pull complete
2024-03-22T11:38:34.689Z INFO  - 27d8d88dc5fe Extracting 10KB / 10KB
2024-03-22T11:38:34.718Z INFO  - 27d8d88dc5fe Extracting 10KB / 10KB
2024-03-22T11:38:34.849Z INFO  - 27d8d88dc5fe Pull complete
2024-03-22T11:38:34.851Z INFO  - 4f4fb700ef54 Extracting 32B / 32B
2024-03-22T11:38:34.869Z INFO  - 4f4fb700ef54 Extracting 32B / 32B
2024-03-22T11:38:35.025Z INFO  - 4f4fb700ef54 Pull complete
2024-03-22T11:38:35.434Z INFO  - 8eac62777bff Extracting 1KB / 1KB
2024-03-22T11:38:35.584Z INFO  - 8eac62777bff Extracting 1KB / 1KB
2024-03-22T11:38:35.905Z INFO  - 8eac62777bff Pull complete
2024-03-22T11:38:36.082Z INFO  - 1e3292972000 Extracting 2KB / 2KB
2024-03-22T11:38:36.089Z INFO  - 1e3292972000 Extracting 2KB / 2KB
2024-03-22T11:38:36.308Z INFO  - 1e3292972000 Pull complete
2024-03-22T11:38:36.548Z INFO  - a4bd13f5316c Extracting 423B / 423B
2024-03-22T11:38:36.559Z INFO  - a4bd13f5316c Extracting 423B / 423B
2024-03-22T11:38:36.689Z INFO  - a4bd13f5316c Pull complete
2024-03-22T11:38:37.000Z INFO  - af49b434832c Extracting 530B / 530B
2024-03-22T11:38:37.072Z INFO  - af49b434832c Extracting 530B / 530B
2024-03-22T11:38:37.221Z INFO  - af49b434832c Pull complete
2024-03-22T11:38:37.446Z INFO  - 8056c343c77e Extracting 529B / 529B
2024-03-22T11:38:37.454Z INFO  - 8056c343c77e Extracting 529B / 529B
2024-03-22T11:38:37.614Z INFO  - 8056c343c77e Pull complete
2024-03-22T11:38:38.118Z INFO  - 5df0cf3d3f9a Extracting 544KB / 109MB
2024-03-22T11:38:38.377Z INFO  - 5df0cf3d3f9a Extracting 2MB / 109MB
2024-03-22T11:38:38.598Z INFO  - 5df0cf3d3f9a Extracting 4MB / 109MB
2024-03-22T11:38:38.821Z INFO  - 5df0cf3d3f9a Extracting 6MB / 109MB
2024-03-22T11:38:39.163Z INFO  - 5df0cf3d3f9a Extracting 9MB / 109MB
2024-03-22T11:38:39.273Z INFO  - 5df0cf3d3f9a Extracting 9MB / 109MB
2024-03-22T11:38:39.725Z INFO  - 5df0cf3d3f9a Extracting 11MB / 109MB
2024-03-22T11:38:40.047Z INFO  - 5df0cf3d3f9a Extracting 13MB / 109MB
2024-03-22T11:38:40.482Z INFO  - 5df0cf3d3f9a Extracting 15MB / 109MB
2024-03-22T11:38:40.611Z INFO  - 5df0cf3d3f9a Extracting 15MB / 109MB
2024-03-22T11:38:41.043Z INFO  - 5df0cf3d3f9a Extracting 18MB / 109MB
2024-03-22T11:38:41.315Z INFO  - 5df0cf3d3f9a Extracting 20MB / 109MB
2024-03-22T11:38:41.737Z INFO  - 5df0cf3d3f9a Extracting 24MB / 109MB
2024-03-22T11:38:42.100Z INFO  - 5df0cf3d3f9a Extracting 27MB / 109MB
2024-03-22T11:38:42.322Z INFO  - 5df0cf3d3f9a Extracting 29MB / 109MB
2024-03-22T11:38:42.816Z INFO  - 5df0cf3d3f9a Extracting 34MB / 109MB
2024-03-22T11:38:43.065Z INFO  - 5df0cf3d3f9a Extracting 36MB / 109MB
2024-03-22T11:38:43.490Z INFO  - 5df0cf3d3f9a Extracting 40MB / 109MB
2024-03-22T11:38:43.729Z INFO  - 5df0cf3d3f9a Extracting 42MB / 109MB
2024-03-22T11:38:44.062Z INFO  - 5df0cf3d3f9a Extracting 46MB / 109MB
2024-03-22T11:38:44.264Z INFO  - 5df0cf3d3f9a Extracting 48MB / 109MB
2024-03-22T11:38:44.515Z INFO  - 5df0cf3d3f9a Extracting 51MB / 109MB
2024-03-22T11:38:44.806Z INFO  - 5df0cf3d3f9a Extracting 53MB / 109MB
2024-03-22T11:38:45.126Z INFO  - 5df0cf3d3f9a Extracting 55MB / 109MB
2024-03-22T11:38:45.237Z INFO  - 5df0cf3d3f9a Extracting 57MB / 109MB
2024-03-22T11:38:45.339Z INFO  - 5df0cf3d3f9a Extracting 57MB / 109MB
2024-03-22T11:38:46.072Z INFO  - 5df0cf3d3f9a Extracting 59MB / 109MB
2024-03-22T11:38:46.364Z INFO  - 5df0cf3d3f9a Extracting 60MB / 109MB
2024-03-22T11:38:46.744Z INFO  - 5df0cf3d3f9a Extracting 62MB / 109MB
2024-03-22T11:38:46.865Z INFO  - 5df0cf3d3f9a Extracting 63MB / 109MB
2024-03-22T11:38:47.047Z INFO  - 5df0cf3d3f9a Extracting 64MB / 109MB
2024-03-22T11:38:47.682Z INFO  - 5df0cf3d3f9a Extracting 65MB / 109MB
2024-03-22T11:38:47.812Z INFO  - 5df0cf3d3f9a Extracting 66MB / 109MB
2024-03-22T11:38:48.135Z INFO  - 5df0cf3d3f9a Extracting 68MB / 109MB
2024-03-22T11:38:48.484Z INFO  - 5df0cf3d3f9a Extracting 70MB / 109MB
2024-03-22T11:38:48.988Z INFO  - 5df0cf3d3f9a Extracting 72MB / 109MB
2024-03-22T11:38:49.149Z INFO  - 5df0cf3d3f9a Extracting 73MB / 109MB
2024-03-22T11:38:49.609Z INFO  - 5df0cf3d3f9a Extracting 74MB / 109MB
2024-03-22T11:38:49.712Z INFO  - 5df0cf3d3f9a Extracting 75MB / 109MB
2024-03-22T11:38:50.123Z INFO  - 5df0cf3d3f9a Extracting 77MB / 109MB
2024-03-22T11:38:50.275Z INFO  - 5df0cf3d3f9a Extracting 77MB / 109MB
2024-03-22T11:38:50.777Z INFO  - 5df0cf3d3f9a Extracting 79MB / 109MB
2024-03-22T11:38:50.937Z INFO  - 5df0cf3d3f9a Extracting 79MB / 109MB
2024-03-22T11:38:51.511Z INFO  - 5df0cf3d3f9a Extracting 81MB / 109MB
2024-03-22T11:38:51.632Z INFO  - 5df0cf3d3f9a Extracting 81MB / 109MB
2024-03-22T11:38:52.054Z INFO  - 5df0cf3d3f9a Extracting 83MB / 109MB
2024-03-22T11:38:52.688Z INFO  - 5df0cf3d3f9a Extracting 86MB / 109MB
2024-03-22T11:38:53.000Z INFO  - 5df0cf3d3f9a Extracting 88MB / 109MB
2024-03-22T11:38:53.120Z INFO  - 5df0cf3d3f9a Extracting 88MB / 109MB
2024-03-22T11:38:53.481Z INFO  - 5df0cf3d3f9a Extracting 90MB / 109MB
2024-03-22T11:38:53.602Z INFO  - 5df0cf3d3f9a Extracting 90MB / 109MB
2024-03-22T11:38:54.066Z INFO  - 5df0cf3d3f9a Extracting 92MB / 109MB
2024-03-22T11:38:54.375Z INFO  - 5df0cf3d3f9a Extracting 94MB / 109MB
2024-03-22T11:38:54.908Z INFO  - 5df0cf3d3f9a Extracting 97MB / 109MB
2024-03-22T11:38:55.283Z INFO  - 5df0cf3d3f9a Extracting 98MB / 109MB
2024-03-22T11:38:55.514Z INFO  - 5df0cf3d3f9a Extracting 99MB / 109MB
2024-03-22T11:38:55.996Z INFO  - 5df0cf3d3f9a Extracting 100MB / 109MB
2024-03-22T11:38:56.257Z INFO  - 5df0cf3d3f9a Extracting 101MB / 109MB
2024-03-22T11:38:56.407Z INFO  - 5df0cf3d3f9a Extracting 102MB / 109MB
2024-03-22T11:38:56.991Z INFO  - 5df0cf3d3f9a Extracting 103MB / 109MB
2024-03-22T11:38:57.244Z INFO  - 5df0cf3d3f9a Extracting 104MB / 109MB
2024-03-22T11:38:57.795Z INFO  - 5df0cf3d3f9a Extracting 105MB / 109MB
2024-03-22T11:38:58.016Z INFO  - 5df0cf3d3f9a Extracting 106MB / 109MB
2024-03-22T11:38:58.601Z INFO  - 5df0cf3d3f9a Extracting 107MB / 109MB
2024-03-22T11:38:58.731Z INFO  - 5df0cf3d3f9a Extracting 108MB / 109MB
2024-03-22T11:38:59.091Z INFO  - 5df0cf3d3f9a Extracting 109MB / 109MB
2024-03-22T11:38:59.316Z INFO  - 5df0cf3d3f9a Pull complete
2024-03-22T11:38:59.323Z INFO  - 9d4e73ba95aa Extracting 4KB / 4KB
2024-03-22T11:38:59.335Z INFO  - 9d4e73ba95aa Extracting 4KB / 4KB
2024-03-22T11:38:59.522Z INFO  - 9d4e73ba95aa Pull complete
2024-03-22T11:38:59.855Z INFO  - 2d1d783fc119 Extracting 1MB / 36MB
2024-03-22T11:38:59.948Z INFO  - 2d1d783fc119 Extracting 2MB / 36MB
2024-03-22T11:39:00.137Z INFO  - 2d1d783fc119 Extracting 3MB / 36MB
2024-03-22T11:39:00.310Z INFO  - 2d1d783fc119 Extracting 3MB / 36MB
2024-03-22T11:39:00.770Z INFO  - 2d1d783fc119 Extracting 4MB / 36MB
2024-03-22T11:39:01.092Z INFO  - 2d1d783fc119 Extracting 5MB / 36MB
2024-03-22T11:39:01.515Z INFO  - 2d1d783fc119 Extracting 6MB / 36MB
2024-03-22T11:39:01.616Z INFO  - 2d1d783fc119 Extracting 6MB / 36MB
2024-03-22T11:39:01.727Z INFO  - 2d1d783fc119 Extracting 7MB / 36MB
2024-03-22T11:39:01.845Z INFO  - 2d1d783fc119 Extracting 8MB / 36MB
2024-03-22T11:39:02.267Z INFO  - 2d1d783fc119 Extracting 11MB / 36MB
2024-03-22T11:39:02.370Z INFO  - 2d1d783fc119 Extracting 12MB / 36MB
2024-03-22T11:39:02.480Z INFO  - 2d1d783fc119 Extracting 12MB / 36MB
2024-03-22T11:39:02.960Z INFO  - 2d1d783fc119 Extracting 15MB / 36MB
2024-03-22T11:39:03.162Z INFO  - 2d1d783fc119 Extracting 15MB / 36MB
2024-03-22T11:39:04.169Z INFO  - 2d1d783fc119 Extracting 20MB / 36MB
2024-03-22T11:39:04.278Z INFO  - 2d1d783fc119 Extracting 22MB / 36MB
2024-03-22T11:39:04.379Z INFO  - 2d1d783fc119 Extracting 23MB / 36MB
2024-03-22T11:39:05.033Z INFO  - 2d1d783fc119 Extracting 28MB / 36MB
2024-03-22T11:39:05.183Z INFO  - 2d1d783fc119 Extracting 28MB / 36MB
2024-03-22T11:39:05.564Z INFO  - 2d1d783fc119 Extracting 30MB / 36MB
2024-03-22T11:39:06.297Z INFO  - 2d1d783fc119 Extracting 31MB / 36MB
2024-03-22T11:39:06.720Z INFO  - 2d1d783fc119 Extracting 32MB / 36MB
2024-03-22T11:39:07.113Z INFO  - 2d1d783fc119 Extracting 33MB / 36MB
2024-03-22T11:39:07.576Z INFO  - 2d1d783fc119 Extracting 34MB / 36MB
2024-03-22T11:39:08.027Z INFO  - 2d1d783fc119 Extracting 34MB / 36MB
2024-03-22T11:39:08.842Z INFO  - 2d1d783fc119 Extracting 35MB / 36MB
2024-03-22T11:39:09.806Z INFO  - 2d1d783fc119 Extracting 36MB / 36MB
2024-03-22T11:39:10.116Z INFO  - 2d1d783fc119 Extracting 36MB / 36MB
2024-03-22T11:39:10.459Z INFO  - 2d1d783fc119 Pull complete
2024-03-22T11:39:11.072Z INFO  - 6ca1483d6e6b Extracting 704KB / 33MB
2024-03-22T11:39:11.537Z INFO  - 6ca1483d6e6b Extracting 1MB / 33MB
2024-03-22T11:39:11.686Z INFO  - 6ca1483d6e6b Extracting 2MB / 33MB
2024-03-22T11:39:11.977Z INFO  - 6ca1483d6e6b Extracting 2MB / 33MB
2024-03-22T11:39:12.750Z INFO  - 6ca1483d6e6b Extracting 3MB / 33MB
2024-03-22T11:39:12.752Z INFO  - 6ca1483d6e6b Extracting 4MB / 33MB
2024-03-22T11:39:12.923Z INFO  - 6ca1483d6e6b Extracting 4MB / 33MB
2024-03-22T11:39:13.336Z INFO  - 6ca1483d6e6b Extracting 6MB / 33MB
2024-03-22T11:39:13.515Z INFO  - 6ca1483d6e6b Extracting 6MB / 33MB
2024-03-22T11:39:13.636Z INFO  - 6ca1483d6e6b Extracting 7MB / 33MB
2024-03-22T11:39:13.825Z INFO  - 6ca1483d6e6b Extracting 8MB / 33MB
2024-03-22T11:39:14.079Z INFO  - 6ca1483d6e6b Extracting 8MB / 33MB
2024-03-22T11:39:14.309Z INFO  - 6ca1483d6e6b Extracting 9MB / 33MB
2024-03-22T11:39:15.262Z INFO  - 6ca1483d6e6b Extracting 12MB / 33MB
2024-03-22T11:39:15.264Z INFO  - 6ca1483d6e6b Extracting 13MB / 33MB
2024-03-22T11:39:15.265Z INFO  - 6ca1483d6e6b Extracting 14MB / 33MB
2024-03-22T11:39:15.303Z INFO  - 6ca1483d6e6b Extracting 14MB / 33MB
2024-03-22T11:39:15.505Z INFO  - 6ca1483d6e6b Extracting 15MB / 33MB
2024-03-22T11:39:16.540Z INFO  - 6ca1483d6e6b Extracting 21MB / 33MB
2024-03-22T11:39:16.640Z INFO  - 6ca1483d6e6b Extracting 23MB / 33MB
2024-03-22T11:39:16.750Z INFO  - 6ca1483d6e6b Extracting 26MB / 33MB
2024-03-22T11:39:17.775Z INFO  - 6ca1483d6e6b Extracting 32MB / 33MB
2024-03-22T11:39:17.777Z INFO  - 6ca1483d6e6b Extracting 33MB / 33MB
2024-03-22T11:39:17.778Z INFO  - 6ca1483d6e6b Pull complete
2024-03-22T11:39:17.795Z INFO  - 318854ddcaf3 Extracting 128KB / 5MB
2024-03-22T11:39:17.805Z INFO  - 318854ddcaf3 Extracting 640KB / 5MB
2024-03-22T11:39:18.781Z INFO  - 318854ddcaf3 Extracting 2MB / 5MB
2024-03-22T11:39:18.783Z INFO  - 318854ddcaf3 Extracting 5MB / 5MB
2024-03-22T11:39:18.792Z INFO  - 318854ddcaf3 Extracting 5MB / 5MB
2024-03-22T11:39:18.794Z INFO  - 318854ddcaf3 Pull complete
2024-03-22T11:39:18.801Z INFO  - f27dc4dc2fd1 Extracting 544KB / 69MB
2024-03-22T11:39:18.953Z INFO  - f27dc4dc2fd1 Extracting 3MB / 69MB
2024-03-22T11:39:19.275Z INFO  - f27dc4dc2fd1 Extracting 4MB / 69MB
2024-03-22T11:39:19.658Z INFO  - f27dc4dc2fd1 Extracting 5MB / 69MB
2024-03-22T11:39:20.522Z INFO  - f27dc4dc2fd1 Extracting 7MB / 69MB
2024-03-22T11:39:20.887Z INFO  - f27dc4dc2fd1 Extracting 11MB / 69MB
2024-03-22T11:39:21.044Z INFO  - f27dc4dc2fd1 Extracting 11MB / 69MB
2024-03-22T11:39:21.175Z INFO  - f27dc4dc2fd1 Extracting 15MB / 69MB
2024-03-22T11:39:21.398Z INFO  - f27dc4dc2fd1 Extracting 18MB / 69MB
2024-03-22T11:39:21.849Z INFO  - f27dc4dc2fd1 Extracting 21MB / 69MB
2024-03-22T11:39:21.941Z INFO  - f27dc4dc2fd1 Extracting 22MB / 69MB
2024-03-22T11:39:22.192Z INFO  - f27dc4dc2fd1 Extracting 23MB / 69MB
2024-03-22T11:39:22.453Z INFO  - f27dc4dc2fd1 Extracting 26MB / 69MB
2024-03-22T11:39:22.835Z INFO  - f27dc4dc2fd1 Extracting 29MB / 69MB
2024-03-22T11:39:22.955Z INFO  - f27dc4dc2fd1 Extracting 30MB / 69MB
2024-03-22T11:39:23.509Z INFO  - f27dc4dc2fd1 Extracting 35MB / 69MB
2024-03-22T11:39:23.650Z INFO  - f27dc4dc2fd1 Extracting 36MB / 69MB
2024-03-22T11:39:24.110Z INFO  - f27dc4dc2fd1 Extracting 39MB / 69MB
2024-03-22T11:39:24.222Z INFO  - f27dc4dc2fd1 Extracting 40MB / 69MB
2024-03-22T11:39:24.373Z INFO  - f27dc4dc2fd1 Extracting 41MB / 69MB
2024-03-22T11:39:24.533Z INFO  - f27dc4dc2fd1 Extracting 43MB / 69MB
2024-03-22T11:39:24.817Z INFO  - f27dc4dc2fd1 Extracting 44MB / 69MB
2024-03-22T11:39:25.550Z INFO  - f27dc4dc2fd1 Extracting 47MB / 69MB
2024-03-22T11:39:25.688Z INFO  - f27dc4dc2fd1 Extracting 47MB / 69MB
2024-03-22T11:39:26.545Z INFO  - f27dc4dc2fd1 Extracting 50MB / 69MB
2024-03-22T11:39:26.835Z INFO  - f27dc4dc2fd1 Extracting 51MB / 69MB
2024-03-22T11:39:27.580Z INFO  - f27dc4dc2fd1 Extracting 54MB / 69MB
2024-03-22T11:39:27.721Z INFO  - f27dc4dc2fd1 Extracting 54MB / 69MB
2024-03-22T11:39:28.123Z INFO  - f27dc4dc2fd1 Extracting 57MB / 69MB
2024-03-22T11:39:28.254Z INFO  - f27dc4dc2fd1 Extracting 58MB / 69MB
2024-03-22T11:39:28.867Z INFO  - f27dc4dc2fd1 Extracting 65MB / 69MB
2024-03-22T11:39:28.969Z INFO  - f27dc4dc2fd1 Extracting 66MB / 69MB
2024-03-22T11:39:29.101Z INFO  - f27dc4dc2fd1 Extracting 68MB / 69MB
2024-03-22T11:39:29.322Z INFO  - f27dc4dc2fd1 Extracting 69MB / 69MB
2024-03-22T11:39:29.475Z INFO  - f27dc4dc2fd1 Pull complete
2024-03-22T11:39:29.482Z INFO  - d01f4d564d10 Extracting 1KB / 1KB
2024-03-22T11:39:29.491Z INFO  - d01f4d564d10 Extracting 1KB / 1KB
2024-03-22T11:39:29.644Z INFO  - d01f4d564d10 Pull complete
2024-03-22T11:39:29.647Z INFO  - c6631cb758bb Extracting 1KB / 1KB
2024-03-22T11:39:29.671Z INFO  - c6631cb758bb Extracting 1KB / 1KB
2024-03-22T11:39:29.848Z INFO  - c6631cb758bb Pull complete
2024-03-22T11:39:29.852Z INFO  - 9b4618a4b3d7 Extracting 133B / 133B
2024-03-22T11:39:29.872Z INFO  - 9b4618a4b3d7 Extracting 133B / 133B
2024-03-22T11:39:30.015Z INFO  - 9b4618a4b3d7 Pull complete
2024-03-22T11:39:30.017Z INFO  - 6abcdc071cf9 Extracting 270B / 270B
2024-03-22T11:39:30.025Z INFO  - 6abcdc071cf9 Extracting 270B / 270B
2024-03-22T11:39:30.173Z INFO  - 6abcdc071cf9 Pull complete
2024-03-22T11:39:30.176Z INFO  - eb6eb10708a8 Extracting 272B / 272B
2024-03-22T11:39:30.194Z INFO  - eb6eb10708a8 Extracting 272B / 272B
2024-03-22T11:39:30.338Z INFO  - eb6eb10708a8 Pull complete
2024-03-22T11:39:30.346Z INFO  - c3c0f42ae16d Extracting 836B / 836B
2024-03-22T11:39:30.356Z INFO  - c3c0f42ae16d Extracting 836B / 836B
2024-03-22T11:39:30.517Z INFO  - c3c0f42ae16d Pull complete
2024-03-22T11:39:30.522Z INFO  - 19c77a8eeb05 Extracting 123B / 123B
2024-03-22T11:39:30.536Z INFO  - 19c77a8eeb05 Extracting 123B / 123B
2024-03-22T11:39:30.736Z INFO  - 19c77a8eeb05 Pull complete
2024-03-22T11:39:30.738Z INFO  - 7f16a7f0cc3b Extracting 419B / 419B
2024-03-22T11:39:30.796Z INFO  - 7f16a7f0cc3b Extracting 419B / 419B
2024-03-22T11:39:30.939Z INFO  - 7f16a7f0cc3b Pull complete
2024-03-22T11:39:30.950Z INFO  - eeb7a1346937 Extracting 1KB / 1KB
2024-03-22T11:39:30.969Z INFO  - eeb7a1346937 Extracting 1KB / 1KB
2024-03-22T11:39:31.179Z INFO  - eeb7a1346937 Pull complete
2024-03-22T11:39:31.252Z INFO  - 0042726f9bbd Extracting 888B / 888B
2024-03-22T11:39:31.271Z INFO  - 0042726f9bbd Extracting 888B / 888B
2024-03-22T11:39:31.422Z INFO  - 0042726f9bbd Pull complete
2024-03-22T11:39:31.431Z INFO  - f8c630c85fc7 Extracting 1KB / 1KB
2024-03-22T11:39:31.452Z INFO  - f8c630c85fc7 Extracting 1KB / 1KB
2024-03-22T11:39:31.622Z INFO  - f8c630c85fc7 Pull complete
2024-03-22T11:39:31.633Z INFO  - 8478730f39e0 Extracting 121B / 121B
2024-03-22T11:39:31.664Z INFO  - 8478730f39e0 Extracting 121B / 121B
2024-03-22T11:39:31.864Z INFO  - 8478730f39e0 Pull complete
2024-03-22T11:39:31.883Z INFO  - 70c54c808dec Extracting 1KB / 1KB
2024-03-22T11:39:31.913Z INFO  - 70c54c808dec Extracting 1KB / 1KB
2024-03-22T11:39:32.059Z INFO  - 70c54c808dec Pull complete
2024-03-22T11:39:32.066Z INFO  - 4535cc496438 Extracting 1KB / 1KB
2024-03-22T11:39:32.084Z INFO  - 4535cc496438 Extracting 1KB / 1KB
2024-03-22T11:39:32.295Z INFO  - 4535cc496438 Pull complete
2024-03-22T11:39:32.298Z INFO  - ff31a6bb9138 Extracting 357B / 357B
2024-03-22T11:39:32.335Z INFO  - ff31a6bb9138 Extracting 357B / 357B
2024-03-22T11:39:32.460Z INFO  - ff31a6bb9138 Pull complete
2024-03-22T11:39:32.467Z INFO  - 44790a7a865d Extracting 842B / 842B
2024-03-22T11:39:32.478Z INFO  - 44790a7a865d Extracting 842B / 842B
2024-03-22T11:39:32.633Z INFO  - 44790a7a865d Pull complete
2024-03-22T11:39:32.638Z INFO  - 9acaaf4b93b4 Extracting 138B / 138B
2024-03-22T11:39:32.667Z INFO  - 9acaaf4b93b4 Extracting 138B / 138B
2024-03-22T11:39:32.842Z INFO  - 9acaaf4b93b4 Pull complete
2024-03-22T11:39:32.851Z INFO  - fcb164292ffa Extracting 2KB / 2KB
2024-03-22T11:39:32.879Z INFO  - fcb164292ffa Extracting 2KB / 2KB
2024-03-22T11:39:33.018Z INFO  - fcb164292ffa Pull complete
2024-03-22T11:39:33.023Z INFO  - 2bac3defb6ee Extracting 143B / 143B
2024-03-22T11:39:33.040Z INFO  - 2bac3defb6ee Extracting 143B / 143B
2024-03-22T11:39:33.239Z INFO  - 2bac3defb6ee Pull complete
2024-03-22T11:39:33.242Z INFO  - 7e0d6c2144d2 Extracting 11KB / 11KB
2024-03-22T11:39:33.269Z INFO  - 7e0d6c2144d2 Extracting 11KB / 11KB
2024-03-22T11:39:33.470Z INFO  - 7e0d6c2144d2 Pull complete
2024-03-22T11:39:33.946Z INFO  - 282ae8d95333 Extracting 1MB / 4MB
2024-03-22T11:39:34.426Z INFO  - 282ae8d95333 Extracting 2MB / 4MB
2024-03-22T11:39:34.548Z INFO  - 282ae8d95333 Extracting 3MB / 4MB
2024-03-22T11:39:34.648Z INFO  - 282ae8d95333 Extracting 4MB / 4MB
2024-03-22T11:39:34.718Z INFO  - 282ae8d95333 Extracting 4MB / 4MB
2024-03-22T11:39:34.719Z INFO  - 282ae8d95333 Extracting 4MB / 4MB
2024-03-22T11:39:34.800Z INFO  - 282ae8d95333 Pull complete
2024-03-22T11:39:34.809Z INFO  - 02c6dfab9d1d Extracting 16KB / 16KB
2024-03-22T11:39:34.839Z INFO  - 02c6dfab9d1d Extracting 16KB / 16KB
2024-03-22T11:39:34.995Z INFO  - 02c6dfab9d1d Pull complete
2024-03-22T11:39:35.005Z INFO  - f223ac80ef1b Extracting 1KB / 1KB
2024-03-22T11:39:35.011Z INFO  - f223ac80ef1b Extracting 1KB / 1KB
2024-03-22T11:39:35.154Z INFO  - f223ac80ef1b Pull complete
2024-03-22T11:39:35.433Z INFO  -  Digest: sha256:6d9dcd89738bc68a6ee4424f05a51d4976414551019f521174429503141193a8
2024-03-22T11:39:35.440Z INFO  -  Status: Downloaded newer image for 10.1.0.4:13209/appsvc/python:3.11_20240207.3.tuxprod
2024-03-22T11:39:35.584Z INFO  - Pull Image successful, Time taken: 97 Seconds
2024-03-22T11:39:38.814Z INFO  - Starting container for site
2024-03-22T11:39:38.816Z INFO  - docker run -d --expose=8000 --name python-flask-webapp-t_0_0ebc428f -e WEBSITE_USE_DIAGNOSTIC_SERVER=false -e WEBSITE_CORS_ALLOWED_ORIGINS=https://witty-mud-09afa6410.3.azurestaticapps.net -e WEBSITE_CORS_SUPPORT_CREDENTIALS=True -e WEBSITE_AUTH_ENABLED=False -e WEBSITE_SITE_NAME=python-flask-webapp-t -e WEBSITE_ROLE_INSTANCE_ID=0 -e WEBSITE_HOSTNAME=python-flask-webapp-t.azurewebsites.net -e WEBSITE_INSTANCE_ID=13cd7b914b7727738423c2efe5af6e651e826a4ab73a656a010ff27495af5028 appsvc/python:3.11_20240207.3.tuxprod 
2024-03-22T11:39:38.817Z INFO  - Logging is not enabled for this container.
Please use https://aka.ms/linux-diagnostics to enable logging to see container logs here.
2024-03-22T11:39:57.058Z INFO  - Initiating warmup request to container python-flask-webapp-t_0_0ebc428f for site python-flask-webapp-t
2024-03-22T11:40:15.762Z INFO  - Waiting for response to warmup request for container python-flask-webapp-t_0_0ebc428f. Elapsed time = 18.7846414 sec
2024-03-22T11:40:29.040Z ERROR - Container python-flask-webapp-t_0_0ebc428f for site python-flask-webapp-t has exited, failing site start
2024-03-22T11:40:29.041Z INFO  - Initiating warmup request to container python-flask-webapp-t_0_0ebc428f_middleware for site python-flask-webapp-t
2024-03-22T11:40:29.909Z INFO  - Container python-flask-webapp-t_0_0ebc428f_middleware for site python-flask-webapp-t initialized successfully and is ready to serve requests.
2024-03-22T11:40:29.945Z ERROR - Container python-flask-webapp-t_0_0ebc428f didn't respond to HTTP pings on port: 8000, failing site start. See container logs for debugging.
2024-03-22T11:40:32.014Z INFO  - Stopping site python-flask-webapp-t because it failed during startup.
2024-03-22T11:40:37.4028660Z Container is terminating. Grace period: 0 seconds.
2024-03-22T11:40:37.4399762Z Stop and delete container. Retry count = 0
2024-03-22T11:40:37.4436953Z Stopping container: python-flask-webapp-t_kudu_06f6b45d.
2024-03-22T11:40:38.3163721Z Deleting container: python-flask-webapp-t_kudu_06f6b45d. Retry count = 0
2024-03-22T11:40:39.2002059Z Container spec TerminationMessagePolicy  path 
2024-03-22T11:40:39.2217399Z Container is terminated. Total time elapsed: 1812 ms.
2024-03-22T11:47:30.631Z INFO  - Pulling image: mcr.microsoft.com/appsvc/middleware:stage3
2024-03-22T11:47:32.459Z INFO  - stage3 Pulling from appsvc/middleware
2024-03-22T11:47:32.921Z INFO  -  Digest: sha256:7af9fa507b866115cc83a4f197a966fd4b7ae4193fe53d525470b9a77801daed
2024-03-22T11:47:32.922Z INFO  -  Status: Image is up to date for mcr.microsoft.com/appsvc/middleware:stage3
2024-03-22T11:47:33.123Z INFO  - Pull Image successful, Time taken: 2 Seconds
2024-03-22T11:47:33.656Z INFO  - Starting container for site
2024-03-22T11:47:33.663Z INFO  - docker run -d --expose=8181 --name python-flask-webapp-t_0_63f03828_middleware -e WEBSITE_CORS_ALLOWED_ORIGINS=https://witty-mud-09afa6410.3.azurestaticapps.net -e WEBSITE_CORS_SUPPORT_CREDENTIALS=True -e WEBSITE_AUTH_ENABLED=True -e WEBSITE_SITE_NAME=python-flask-webapp-t -e WEBSITE_ROLE_INSTANCE_ID=0 -e WEBSITE_HOSTNAME=python-flask-webapp-t.azurewebsites.net -e WEBSITE_INSTANCE_ID=13cd7b914b7727738423c2efe5af6e651e826a4ab73a656a010ff27495af5028 mcr.microsoft.com/appsvc/middleware:stage3 /Host.ListenUrl=http://0.0.0.0:8181 /Host.DestinationHostUrl=http://169.254.130.2:8000 /Host.UseFileLogging=true
2024-03-22024-03-22T11:47:38.106Z INFO  - Initiating warmup request to container python-flask-webapp-t_0_63f03828 for site python-flask-webapp-t
2024-03-22T11:47:55.305Z INFO  - Waiting for response to warmup request for container python-flask-webapp-t_0_63f03828. Elapsed time = 17.1987766 sec
2024-03-22T11:48:09.112Z ERROR - Container python-flask-webapp-t_0_63f03828 for site python-flask-webapp-t has exited, failing site start
2024-03-22T11:48:09.113Z INFO  - Initiating warmup request to container python-flask-webapp-t_0_63f03828_middleware for site python-flask-webapp-t
2024-03-22T11:48:09.973Z INFO  - Container python-flask-webapp-t_0_63f03828_middleware for site python-flask-webapp-t initialized successfully and is ready to serve requests.
2024-03-22T11:48:10.002Z ERROR - Container python-flask-webapp-t_0_63f03828 didn't respond to HTTP pings on port: 8000, failing site start. See container logs for debugging.
2024-03-22T11:48:10.114Z INFO  - Stopping site python-flask-webapp-t because it failed during startup.
2024-03-22T11:48:20.865Z INFO  - Pulling image: mcr.microsoft.com/appsvc/middleware:stage3
2024-03-22T11:48:21.448Z INFO  - stage3 Pulling from appsvc/middleware
2024-03-22T11:48:21.477Z INFO  -  Digest: sha256:7af9fa507b866115cc83a4f197a966fd4b7ae4193fe53d525470b9a77801daed
2024-03-22T11:48:21.487Z INFO  -  Status: Image is up to date for mcr.microsoft.com/appsvc/middleware:stage3
2024-03-22T11:48:21.556Z INFO  - Pull Image successful, Time taken: 0 Seconds
2024-03-22T11:48:21.930Z INFO  - Starting container for site
2024-03-22T11:48:21.931Z INFO  - docker run -d --expose=8181 --name python-flask-webapp-t_0_2f886829_middleware -e WEBSITE_CORS_ALLOWED_ORIGINS=https://witty-mud-09afa6410.3.azurestaticapps.net -e WEBSITE_CORS_SUPPORT_CREDENTIALS=True -e WEBSITE_AUTH_ENABLED=True -e WEBSITE_SITE_NAME=python-flask-webapp-t -e WEBSITE_ROLE_INSTANCE_ID=0 -e WEBSITE_HOSTNAME=python-flask-webapp-t.azurewebsites.net -e WEBSITE_INSTANCE_ID=13cd7b914b7727738423c2efe5af6e651e826a4ab73a656a010ff27495af5028 mcr.microsoft.com/appsvc/middleware:stage3 /Host.ListenUrl=http://0.0.0.0:8181 /Host.DestinationHostUrl=http://169.254.130.2:8000 /Host.UseFileLogging=true
2024-03-22024-03-22T11:48:24.474Z INFO  - Initiating warmup request to container python-flask-webapp-t_0_2f886829 for site python-flask-webapp-t
2024-03-22T11:48:54.270Z ERROR - Container python-flask-webapp-t_0_2f886829 for site python-flask-webapp-t has exited, failing site start
2024-03-22T11:48:54.277Z INFO  - Initiating warmup request to container python-flask-webapp-t_0_2f886829_middleware for site python-flask-webapp-t
2024-03-22T11:49:01.941Z INFO  - Container python-flask-webapp-t_0_2f886829_middleware for site python-flask-webapp-t initialized successfully and is ready to serve requests.
2024-03-22T11:49:01.972Z ERROR - Container python-flask-webapp-t_0_2f886829 didn't respond to HTTP pings on port: 8000, failing site start. See container logs for debugging.
2024-03-22T11:49:02.023Z INFO  - Stopping site python-flask-webapp-t because it failed during startup.
2024-03-22T11:49:11.709Z INFO  - Pulling image: mcr.microsoft.com/appsvc/middleware:stage3
2024-03-22T11:49:12.162Z INFO  - stage3 Pulling from appsvc/middleware
2024-03-22T11:49:12.191Z INFO  -  Digest: sha256:7af9fa507b866115cc83a4f197a966fd4b7ae4193fe53d525470b9a77801daed
2024-03-22T11:49:12.200Z INFO  -  Status: Image is up to date for mcr.microsoft.com/appsvc/middleware:stage3
2024-03-22T11:49:12.381Z INFO  - Pull Image successful, Time taken: 0 Seconds
2024-03-22T11:49:14.653Z INFO  - Starting container for site
2024-03-22T11:49:14.672Z INFO  - docker run -d --expose=8181 --name python-flask-webapp-t_0_9c52a423_middleware -e WEBSITE_CORS_ALLOWED_ORIGINS=https://witty-mud-09afa6410.3.azurestaticapps.net -e WEBSITE_CORS_SUPPORT_CREDENTIALS=True -e WEBSITE_AUTH_ENABLED=True -e WEBSITE_SITE_NAME=python-flask-webapp-t -e WEBSITE_ROLE_INSTANCE_ID=0 -e WEBSITE_HOSTNAME=python-flask-webapp-t.azurewebsites.net -e WEBSITE_INSTANCE_ID=13cd7b914b7727738423c2efe5af6e651e826a4ab73a656a010ff27495af5028 mcr.microsoft.com/appsvc/middleware:stage3 /Host.ListenUrl=http://0.0.0.0:8181 /Host.DestinationHostUrl=http://169.254.130.2:8000 /Host.UseFileLogging=true
2024-03-22T12024-03-22T11:49:21.273Z INFO  - Initiating warmup request to container python-flask-webapp-t_0_9c52a423 for site python-flask-webapp-t
2024-03-22T11:49:47.240Z ERROR - Container python-flask-webapp-t_0_9c52a423 for site python-flask-webapp-t has exited, failing site start
2024-03-22T11:49:47.247Z INFO  - Initiating warmup request to container python-flask-webapp-t_0_9c52a423_middleware for site python-flask-webapp-t
2024-03-22T11:50:03.330Z INFO  - Container python-flask-webapp-t_0_9c52a423_middleware for site python-flask-webapp-t initialized successfully and is ready to serve requests.
2024-03-22T11:50:03.357Z ERROR - Container python-flask-webapp-t_0_9c52a423 didn't respond to HTTP pings on port: 8000, failing site start. See container logs for debugging.
2024-03-22T11:50:03.633Z INFO  - Stopping site python-flask-webapp-t because it failed during startup.
2024-03-22T12:09:49.314Z INFO  - Pulling image: mcr.microsoft.com/appsvc/middleware:stage3
2024-03-22T12:09:50.038Z INFO  - stage3 Pulling from appsvc/middleware
2024-03-22T12:09:50.107Z INFO  -  Digest: sha256:7af9fa507b866115cc83a4f197a966fd4b7ae4193fe53d525470b9a77801daed
2024-03-22T12:09:50.109Z INFO  -  Status: Image is up to date for mcr.microsoft.com/appsvc/middleware:stage3
2024-03-22T12:09:50.166Z INFO  - Pull Image successful, Time taken: 0 Seconds
2024-03-22T12:09:50.569Z INFO  - Starting container for site
2024-03-22T12:09:50.570Z INFO  - docker run -d --expose=8181 --name python-flask-webapp-t_0_8af92566_middleware -e WEBSITE_CORS_ALLOWED_ORIGINS=https://witty-mud-09afa6410.3.azurestaticapps.net -e WEBSITE_CORS_SUPPORT_CREDENTIALS=True -e WEBSITE_AUTH_ENABLED=False -e WEBSITE_SITE_NAME=python-flask-webapp-t -e WEBSITE_ROLE_INSTANCE_ID=0 -e WEBSITE_HOSTNAME=python-flask-webapp-t.azurewebsites.net -e WEBSITE_INSTANCE_ID=13cd7b914b7727738423c2efe5af6e651e826a4ab73a656a010ff27495af5028 mcr.microsoft.com/appsvc/middleware:stage3 /Host.ListenUrl=http://0.0.0.0:8181 /Host.DestinationHostUrl=http://169.254.130.2:8000 /Host.UseFileLogging=true
2024-03-22024-03-22T12:09:53.927Z INFO  - Initiating warmup request to container python-flask-webapp-t_0_8af92566 for site python-flask-webapp-t
2024-03-22T12:10:20.297Z INFO  - Waiting for response to warmup request for container python-flask-webapp-t_0_8af92566. Elapsed time = 26.3708487 sec
2024-03-22T12:10:36.096Z ERROR - Container python-flask-webapp-t_0_8af92566 for site python-flask-webapp-t has exited, failing site start
2024-03-22T12:10:36.098Z INFO  - Initiating warmup request to container python-flask-webapp-t_0_8af92566_middleware for site python-flask-webapp-t
2024-03-22T12:10:37.356Z INFO  - Container python-flask-webapp-t_0_8af92566_middleware for site python-flask-webapp-t initialized successfully and is ready to serve requests.
2024-03-22T12:10:37.382Z ERROR - Container python-flask-webapp-t_0_8af92566 didn't respond to HTTP pings on port: 8000, failing site start. See container logs for debugging.
2024-03-22T12:10:37.577Z INFO  - Stopping site python-flask-webapp-t because it failed during startup.
2024-03-22T12:18:01.955Z INFO  - Pulling image: mcr.microsoft.com/appsvc/middleware:stage3
2024-03-22T12:18:02.768Z INFO  - stage3 Pulling from appsvc/middleware
2024-03-22T12:18:02.790Z INFO  -  Digest: sha256:7af9fa507b866115cc83a4f197a966fd4b7ae4193fe53d525470b9a77801daed
2024-03-22T12:18:02.807Z INFO  -  Status: Image is up to date for mcr.microsoft.com/appsvc/middleware:stage3
2024-03-22T12:18:02.848Z INFO  - Pull Image successful, Time taken: 0 Seconds
2024-03-22T12:18:03.131Z INFO  - Starting container for site
2024-03-22T12:18:03.139Z INFO  - docker run -d --expose=8181 --name python-flask-webapp-t_0_b1721dc3_middleware -e WEBSITE_CORS_ALLOWED_ORIGINS=https://witty-mud-09afa6410.3.azurestaticapps.net -e WEBSITE_CORS_SUPPORT_CREDENTIALS=True -e WEBSITE_AUTH_ENABLED=False -e WEBSITE_SITE_NAME=python-flask-webapp-t -e WEBSITE_ROLE_INSTANCE_ID=0 -e WEBSITE_HOSTNAME=python-flask-webapp-t.azurewebsites.net -e WEBSITE_INSTANCE_ID=13cd7b914b7727738423c2efe5af6e651e826a4ab73a656a010ff27495af5028 -e HTTP_LOGGING_ENABLED=12024-03-22T12:18:06.826Z INFO  - Initiating warmup request to container python-flask-webapp-t_0_b1721dc3 for site python-flask-webapp-t
2024-03-22T12:18:43.555Z ERROR - Container python-flask-webapp-t_0_b1721dc3 for site python-flask-webapp-t has exited, failing site start
2024-03-22T12:18:43.556Z INFO  - Initiating warmup request to container python-flask-webapp-t_0_b1721dc3_middleware for site python-flask-webapp-t
2024-03-22T12:18:44.522Z INFO  - Container python-flask-webapp-t_0_b1721dc3_middleware for site python-flask-webapp-t initialized successfully and is ready to serve requests.
2024-03-22T12:18:44.544Z ERROR - Container python-flask-webapp-t_0_b1721dc3 didn't respond to HTTP pings on port: 8000, failing site start. See container logs for debugging.
2024-03-22T12:18:44.604Z INFO  - Stopping site python-flask-webapp-t because it failed during startup.
2024-03-22T12:21:21.699Z INFO  - Pulling image: mcr.microsoft.com/appsvc/middleware:stage3
2024-03-22T12:21:22.252Z INFO  - stage3 Pulling from appsvc/middleware
2024-03-22T12:21:22.321Z INFO  -  Digest: sha256:7af9fa507b866115cc83a4f197a966fd4b7ae4193fe53d525470b9a77801daed
2024-03-22T12:21:22.322Z INFO  -  Status: Image is up to date for mcr.microsoft.com/appsvc/middleware:stage3
2024-03-22T12:21:22.401Z INFO  - Pull Image successful, Time taken: 0 Seconds
2024-03-22T12:21:22.954Z INFO  - Starting container for site
2024-03-22T12:21:22.955Z INFO  - docker run -d --expose=8181 --name python-flask-webapp-t_0_14b063c0_middleware -e WEBSITE_CORS_ALLOWED_ORIGINS=https://witty-mud-09afa6410.3.azurestaticapps.net -e WEBSITE_CORS_SUPPORT_CREDENTIALS=True -e WEBSITE_AUTH_ENABLED=False -e WEBSITE_SITE_NAME=python-flask-webapp-t -e WEBSITE_ROLE_INSTANCE_ID=0 -e WEBSITE_HOSTNAME=python-flask-webapp-t.azurewebsites.net -e WEBSITE_INSTANCE_ID=13cd7b914b7727738423c2efe5af6e651e826a4ab73a656a010ff27495af5028 -e HTTP_LOGGING_ENABLED=12024-03-22T12:21:26.813Z INFO  - Initiating warmup request to container python-flask-webapp-t_0_14b063c0 for site python-flask-webapp-t
2024-03-22T12:21:50.901Z INFO  - Waiting for response to warmup request for container python-flask-webapp-t_0_14b063c0. Elapsed time = 24.0881976 sec
2024-03-22T12:22:02.798Z ERROR - Container python-flask-webapp-t_0_14b063c0 for site python-flask-webapp-t is not running, failing site start
2024-03-22T12:22:02.799Z INFO  - Initiating warmup request to container python-flask-webapp-t_0_14b063c0_middleware for site python-flask-webapp-t
2024-03-22T12:22:03.794Z INFO  - Container python-flask-webapp-t_0_14b063c0_middleware for site python-flask-webapp-t initialized successfully and is ready to serve requests.
2024-03-22T12:22:03.812Z ERROR - Container python-flask-webapp-t_0_14b063c0 didn't respond to HTTP pings on port: 8000, failing site start. See container logs for debugging.
2024-03-22T12:22:03.865Z INFO  - Stopping site python-flask-webapp-t because it failed during startup.
2024-03-22T12:32:59.716Z INFO  - Pulling image: mcr.microsoft.com/appsvc/middleware:stage3
2024-03-22T12:33:00.337Z INFO  - stage3 Pulling from appsvc/middleware
2024-03-22T12:33:00.407Z INFO  -  Digest: sha256:7af9fa507b866115cc83a4f197a966fd4b7ae4193fe53d525470b9a77801daed
2024-03-22T12:33:00.409Z INFO  -  Status: Image is up to date for mcr.microsoft.com/appsvc/middleware:stage3
2024-03-22T12:33:00.468Z INFO  - Pull Image successful, Time taken: 0 Seconds
2024-03-22T12:33:01.081Z INFO  - Starting container for site
2024-03-22T12:33:01.083Z INFO  - docker run -d --expose=8181 --name python-flask-webapp-t_0_1f3ae851_middleware -e WEBSITE_CORS_ALLOWED_ORIGINS=https://witty-mud-09afa6410.3.azurestaticapps.net -e WEBSITE_CORS_SUPPORT_CREDENTIALS=True -e WEBSITE_AUTH_ENABLED=False -e WEBSITE_SITE_NAME=python-flask-webapp-t -e WEBSITE_ROLE_INSTANCE_ID=0 -e WEBSITE_HOSTNAME=python-flask-webapp-t.azurewebsites.net -e WEBSITE_INSTANCE_ID=13cd7b914b7727738423c2efe5af6e651e826a4ab73a656a010ff27495af5028 -e HTTP_LOGGING_ENABLED=12024-03-22T12:33:04.095Z INFO  - Initiating warmup request to container python-flask-webapp-t_0_1f3ae851 for site python-flask-webapp-t
2024-03-22T12:33:20.835Z INFO  - Waiting for response to warmup request for container python-flask-webapp-t_0_1f3ae851. Elapsed time = 16.7407773 sec
2024-03-22T12:33:39.808Z ERROR - Container python-flask-webapp-t_0_1f3ae851 for site python-flask-webapp-t has exited, failing site start
2024-03-22T12:33:39.809Z INFO  - Initiating warmup request to container python-flask-webapp-t_0_1f3ae851_middleware for site python-flask-webapp-t
2024-03-22T12:33:40.672Z INFO  - Container python-flask-webapp-t_0_1f3ae851_middleware for site python-flask-webapp-t initialized successfully and is ready to serve requests.
2024-03-22T12:33:40.692Z ERROR - Container python-flask-webapp-t_0_1f3ae851 didn't respond to HTTP pings on port: 8000, failing site start. See container logs for debugging.
2024-03-22T12:33:40.790Z INFO  - Stopping site python-flask-webapp-t because it failed during startup.
2024-03-22T12:37:29.660Z INFO  - Pulling image: mcr.microsoft.com/appsvc/middleware:stage3
2024-03-22T12:37:31.513Z INFO  - stage3 Pulling from appsvc/middleware
2024-03-22T12:37:31.693Z INFO  -  Digest: sha256:7af9fa507b866115cc83a4f197a966fd4b7ae4193fe53d525470b9a77801daed
2024-03-22T12:37:31.694Z INFO  -  Status: Image is up to date for mcr.microsoft.com/appsvc/middleware:stage3
2024-03-22T12:37:31.853Z INFO  - Pull Image successful, Time taken: 2 Seconds
2024-03-22T12:37:32.368Z INFO  - Starting container for site
2024-03-22T12:37:32.375Z INFO  - docker run -d --expose=8181 --name python-flask-webapp-t_0_3ee68e7d_middleware -e WEBSITE_CORS_ALLOWED_ORIGINS=https://witty-mud-09afa6410.3.azurestaticapps.net -e WEBSITE_CORS_SUPPORT_CREDENTIALS=True -e WEBSITE_AUTH_ENABLED=False -e WEBSITE_SITE_NAME=python-flask-webapp-t -e WEBSITE_ROLE_INSTANCE_ID=0 -e WEBSITE_HOSTNAME=python-flask-webapp-t.azurewebsites.net -e WEBSITE_INSTANCE_ID=13cd7b914b7727738423c2efe5af6e651e826a4ab73a656a010ff27495af5028 -e HTTP_LOGGING_ENABLED=12024-03-22T12:37:36.737Z INFO  - Initiating warmup request to container python-flask-webapp-t_0_3ee68e7d for site python-flask-webapp-t
2024-03-22T12:38:08.429Z ERROR - Container python-flask-webapp-t_0_3ee68e7d for site python-flask-webapp-t is not running, failing site start
2024-03-22T12:38:08.435Z INFO  - Initiating warmup request to container python-flask-webapp-t_0_3ee68e7d_middleware for site python-flask-webapp-t
2024-03-22T12:38:09.495Z INFO  - Container python-flask-webapp-t_0_3ee68e7d_middleware for site python-flask-webapp-t initialized successfully and is ready to serve requests.
2024-03-22T12:38:09.520Z ERROR - Container python-flask-webapp-t_0_3ee68e7d didn't respond to HTTP pings on port: 8000, failing site start. See container logs for debugging.
2024-03-22T12:38:11.306Z INFO  - Stopping site python-flask-webapp-t because it failed during startup.
2024-03-22T13:13:31.234Z INFO  - Pulling image: mcr.microsoft.com/appsvc/middleware:stage3
2024-03-22T13:13:31.986Z INFO  - stage3 Pulling from appsvc/middleware
2024-03-22T13:13:32.045Z INFO  -  Digest: sha256:7af9fa507b866115cc83a4f197a966fd4b7ae4193fe53d525470b9a77801daed
2024-03-22T13:13:32.047Z INFO  -  Status: Image is up to date for mcr.microsoft.com/appsvc/middleware:stage3
2024-03-22T13:13:32.086Z INFO  - Pull Image successful, Time taken: 0 Seconds
2024-03-22T13:13:32.862Z INFO  - Starting container for site
2024-03-22T13:13:32.870Z INFO  - docker run -d --expose=8181 --name python-flask-webapp-t_0_9a6ce511_middleware -e WEBSITE_CORS_ALLOWED_ORIGINS=https://witty-mud-09afa6410.3.azurestaticapps.net -e WEBSITE_CORS_SUPPORT_CREDENTIALS=True -e WEBSITE_AUTH_ENABLED=False -e WEBSITE_SITE_NAME=python-flask-webapp-t -e WEBSITE_ROLE_INSTANCE_ID=0 -e WEBSITE_HOSTNAME=python-flask-webapp-t.azurewebsites.net -e WEBSITE_INSTANCE_ID=13cd7b914b7727738423c2efe5af6e651e826a4ab73a656a010ff27495af5028 -e HTTP_LOGGING_ENABLED=12024-03-22T13:13:36.115Z INFO  - Initiating warmup request to container python-flask-webapp-t_0_9a6ce511 for site python-flask-webapp-t
2024-03-22T13:13:54.254Z INFO  - Waiting for response to warmup request for container python-flask-webapp-t_0_9a6ce511. Elapsed time = 18.1389303 sec
2024-03-22T13:14:04.625Z ERROR - Container python-flask-webapp-t_0_9a6ce511 for site python-flask-webapp-t has exited, failing site start
2024-03-22T13:14:04.627Z INFO  - Initiating warmup request to container python-flask-webapp-t_0_9a6ce511_middleware for site python-flask-webapp-t
2024-03-22T13:14:05.912Z INFO  - Container python-flask-webapp-t_0_9a6ce511_middleware for site python-flask-webapp-t initialized successfully and is ready to serve requests.
2024-03-22T13:14:05.931Z ERROR - Container python-flask-webapp-t_0_9a6ce511 didn't respond to HTTP pings on port: 8000, failing site start. See container logs for debugging.
2024-03-22T13:14:05.982Z INFO  - Stopping site python-flask-webapp-t because it failed during startup.
2024-03-22T14:25:03.902Z INFO  - Pulling image: mcr.microsoft.com/appsvc/middleware:stage3
2024-03-22T14:25:05.137Z INFO  - stage3 Pulling from appsvc/middleware
2024-03-22T14:25:05.329Z INFO  -  Digest: sha256:7af9fa507b866115cc83a4f197a966fd4b7ae4193fe53d525470b9a77801daed
2024-03-22T14:25:05.350Z INFO  -  Status: Image is up to date for mcr.microsoft.com/appsvc/middleware:stage3
2024-03-22T14:25:05.439Z INFO  - Pull Image successful, Time taken: 1 Seconds
2024-03-22T14:25:05.995Z INFO  - Starting container for site
2024-03-22T14:25:06.012Z INFO  - docker run -d --expose=8181 --name python-flask-webapp-t_0_b40ea92d_middleware -e WEBSITE_CORS_ALLOWED_ORIGINS=https://witty-mud-09afa6410.3.azurestaticapps.net -e WEBSITE_CORS_SUPPORT_CREDENTIALS=True -e WEBSITE_AUTH_ENABLED=False -e WEBSITE_SITE_NAME=python-flask-webapp-t -e WEBSITE_ROLE_INSTANCE_ID=0 -e WEBSITE_HOSTNAME=python-flask-webapp-t.azurewebsites.net -e WEBSITE_INSTANCE_ID=13cd7b914b7727738423c2efe5af6e651e826a4ab73a656a010ff27495af5028 -e HTTP_LOGGING_ENABLED=12024-03-22T14:25:11.581Z INFO  - Initiating warmup request to container python-flask-webapp-t_0_b40ea92d for site python-flask-webapp-t
2024-03-22T14:25:38.525Z ERROR - Container python-flask-webapp-t_0_b40ea92d for site python-flask-webapp-t has exited, failing site start
2024-03-22T14:25:38.530Z INFO  - Initiating warmup request to container python-flask-webapp-t_0_b40ea92d_middleware for site python-flask-webapp-t
2024-03-22T14:25:39.443Z INFO  - Container python-flask-webapp-t_0_b40ea92d_middleware for site python-flask-webapp-t initialized successfully and is ready to serve requests.
2024-03-22T14:25:39.467Z ERROR - Container python-flask-webapp-t_0_b40ea92d didn't respond to HTTP pings on port: 8000, failing site start. See container logs for debugging.
2024-03-22T14:25:39.931Z INFO  - Stopping site python-flask-webapp-t because it failed during startup.
2024-03-22T15:17:21.213Z INFO  - Pulling image: mcr.microsoft.com/appsvc/middleware:stage3
2024-03-22T15:17:22.851Z INFO  - stage3 Pulling from appsvc/middleware
2024-03-22T15:17:22.951Z INFO  -  Digest: sha256:7af9fa507b866115cc83a4f197a966fd4b7ae4193fe53d525470b9a77801daed
2024-03-22T15:17:22.960Z INFO  -  Status: Image is up to date for mcr.microsoft.com/appsvc/middleware:stage3
2024-03-22T15:17:23.141Z INFO  - Pull Image successful, Time taken: 1 Seconds
2024-03-22T15:17:23.975Z INFO  - Starting container for site
2024-03-22T15:17:23.977Z INFO  - docker run -d --expose=8181 --name python-flask-webapp-t_0_61b63295_middleware -e WEBSITE_CORS_ALLOWED_ORIGINS=https://witty-mud-09afa6410.3.azurestaticapps.net -e WEBSITE_CORS_SUPPORT_CREDENTIALS=True -e WEBSITE_AUTH_ENABLED=False -e WEBSITE_SITE_NAME=python-flask-webapp-t -e WEBSITE_ROLE_INSTANCE_ID=0 -e WEBSITE_HOSTNAME=python-flask-webapp-t.azurewebsites.net -e WEBSITE_INSTANCE_ID=13cd7b914b7727738423c2efe5af6e651e826a4ab73a656a010ff27495af5028 -e HTTP_LOGGING_ENABLED=12024-03-22T15:17:28.951Z INFO  - Initiating warmup request to container python-flask-webapp-t_0_61b63295 for site python-flask-webapp-t
2024-03-22T15:17:55.113Z ERROR - Container python-flask-webapp-t_0_61b63295 for site python-flask-webapp-t has exited, failing site start
2024-03-22T15:17:55.115Z INFO  - Initiating warmup request to container python-flask-webapp-t_0_61b63295_middleware for site python-flask-webapp-t
2024-03-22T15:17:56.067Z INFO  - Container python-flask-webapp-t_0_61b63295_middleware for site python-flask-webapp-t initialized successfully and is ready to serve requests.
2024-03-22T15:17:56.192Z ERROR - Container python-flask-webapp-t_0_61b63295 didn't respond to HTTP pings on port: 8000, failing site start. See container logs for debugging.
2024-03-22T15:17:56.277Z INFO  - Stopping site python-flask-webapp-t because it failed during startup.
