2024-03-24T10:03:03.184Z INFO  - Pulling image: mcr.microsoft.com/appsvc/middleware:stage3
2024-03-24T10:03:05.046Z INFO  - stage3 Pulling from appsvc/middleware
2024-03-24T10:03:05.076Z INFO  -  Digest: sha256:7af9fa507b866115cc83a4f197a966fd4b7ae4193fe53d525470b9a77801daed
2024-03-24T10:03:05.078Z INFO  -  Status: Image is up to date for mcr.microsoft.com/appsvc/middleware:stage3
2024-03-24T10:03:05.177Z INFO  - Pull Image successful, Time taken: 1 Seconds
2024-03-24T10:03:10.110Z INFO  - Starting container for site
2024-03-24T10:03:10.111Z INFO  - docker run -d --expose=8181 --name python-flask-webapp-t_0_bc94d4e8_middleware -e WEBSITE_CORS_ALLOWED_ORIGINS=https://witty-mud-09afa6410.3.azurestaticapps.net -e WEBSITE_CORS_SUPPORT_CREDENTIALS=True -e WEBSITE_AUTH_ENABLED=False -e WEBSITE_SITE_NAME=python-flask-webapp-t -e WEBSITE_ROLE_INSTANCE_ID=0 -e WEBSITE_HOSTNAME=python-flask-webapp-t.azurewebsites.net -e WEBSITE_INSTANCE_ID=f902a04a85d38b0fa81789a73bd7f0fd35ab4400956424760d2a2f982ef05b43 -e HTTP_LOGGING_ENABLED=1 mcr.microsoft.com/appsvc/middleware:stage3 /Host.ListenUrl=http://0.0.0.0:8181 /Host.DestinationHostUrl=http://169.254.130.3:8000 /Host.UseFileLogging=true
2024-03-24T10:10:23.754Z INFO  - Pulling image: mcr.microsoft.com/appsvc/middleware:stage3
2024-03-24T10:10:33.316Z INFO  - stage3 Pulling from appsvc/middleware
2024-03-24T10:10:33.376Z INFO  -  Digest: sha256:7af9fa507b866115cc83a4f197a966fd4b7ae4193fe53d525470b9a77801daed
2024-03-24T10:10:33.378Z INFO  -  Status: Image is up to date for mcr.microsoft.com/appsvc/middleware:stage3
2024-03-24T10:10:33.445Z INFO  - Pull Image successful, Time taken: 9 Seconds
2024-03-24T10:10:35.234Z INFO  - Starting container for site
2024-03-24T10:10:35.240Z INFO  - docker run -d --expose=8181 --name python-flask-webapp-t_1_8ba10c30_middleware -e WEBSITE_CORS_ALLOWED_ORIGINS=https://witty-mud-09afa6410.3.azurestaticapps.net -e WEBSITE_CORS_SUPPORT_CREDENTIALS=True -e WEBSITE_AUTH_ENABLED=False -e WEBSITE_SITE_NAME=python-flask-webapp-t -e WEBSITE_ROLE_INSTANCE_ID=0 -e WEBSITE_HOSTNAME=python-flask-webapp-t.azurewebsites.net -e WEBSITE_INSTANCE_ID=f902a04a85d38b0fa81789a73bd7f0fd35ab4400956424760d2a2f982ef05b43 -e HTTP_LOGGING_ENABLED=1 mcr.microsoft.com/appsvc/middleware:stage3 /Host.ListenUrl=http://0.0.0.0:8181 /Host.DestinationHostUrl=http://169.254.130.5:8000 /Host.UseFileLogging=true
 70c54c808dec Pulling fs layer
2024-03-24T10:01:02.112Z INFO  - 4535cc496438 Pulling fs layer
2024-03-24T10:01:02.112Z INFO  - ff31a6bb9138 Pulling fs layer
2024-03-24T10:01:02.112Z INFO  - 44790a7a865d Pulling fs layer
2024-03-24T10:01:02.112Z INFO  - 9acaaf4b93b4 Pulling fs layer
2024-03-24T10:01:02.112Z INFO  - fcb164292ffa Pulling fs layer
2024-03-24T10:01:02.113Z INFO  - 2bac3defb6ee Pulling fs layer
2024-03-24T10:01:02.113Z INFO  - 7e0d6c2144d2 Pulling fs layer
2024-03-24T10:01:02.113Z INFO  - 282ae8d95333 Pulling fs layer
2024-03-24T10:01:02.120Z INFO  - 02c6dfab9d1d Pulling fs layer
2024-03-24T10:01:02.120Z INFO  - f223ac80ef1b Pulling fs layer
2024-03-24T10:01:02.123Z INFO  - 2d1d783fc119 Waiting
2024-03-24T10:01:02.130Z INFO  - 6ca1483d6e6b Waiting
2024-03-24T10:01:02.131Z INFO  - 318854ddcaf3 Waiting
2024-03-24T10:01:02.132Z INFO  - f27dc4dc2fd1 Waiting
2024-03-24T10:01:02.132Z INFO  - d01f4d564d10 Waiting
2024-03-24T10:01:02.141Z INFO  - c6631cb758bb Waiting
2024-03-24T10:01:02.141Z INFO  - 9b4618a4b3d7 Waiting
2024-03-24T10:01:02.141Z INFO  - 6abcdc071cf9 Waiting
2024-03-24T10:01:02.141Z INFO  - eb6eb10708a8 Waiting
2024-03-24T10:01:02.141Z INFO  - c3c0f42ae16d Waiting
2024-03-24T10:01:02.141Z INFO  - 19c77a8eeb05 Waiting
2024-03-24T10:01:02.141Z INFO  - 7f16a7f0cc3b Waiting
2024-03-24T10:01:02.141Z INFO  - eeb7a1346937 Waiting
2024-03-24T10:01:02.141Z INFO  - 0042726f9bbd Waiting
2024-03-24T10:01:02.141Z INFO  - f8c630c85fc7 Waiting
2024-03-24T10:01:02.141Z INFO  - 8478730f39e0 Waiting
2024-03-24T10:01:02.141Z INFO  - 70c54c808dec Waiting
2024-03-24T10:01:02.141Z INFO  - 4535cc496438 Waiting
2024-03-24T10:01:02.141Z INFO  - ff31a6bb9138 Waiting
2024-03-24T10:01:02.141Z INFO  - 44790a7a865d Waiting
2024-03-24T10:01:02.141Z INFO  - 9acaaf4b93b4 Waiting
2024-03-24T10:01:02.141Z INFO  - fcb164292ffa Waiting
2024-03-24T10:01:02.141Z INFO  - 2bac3defb6ee Waiting
2024-03-24T10:01:02.141Z INFO  - 7e0d6c2144d2 Waiting
2024-03-24T10:01:02.141Z INFO  - 282ae8d95333 Waiting
2024-03-24T10:01:02.141Z INFO  - 02c6dfab9d1d Waiting
2024-03-24T10:01:02.141Z INFO  - f223ac80ef1b Waiting
2024-03-24T10:01:02.151Z INFO  - 65b9799a7114 Downloading 3KB / 19KB
2024-03-24T10:01:02.151Z INFO  - 65b9799a7114 Downloading 19KB / 19KB
2024-03-24T10:01:02.151Z INFO  - 65b9799a7114 Verifying Checksum
2024-03-24T10:01:02.151Z INFO  - 65b9799a7114 Download complete
2024-03-24T10:01:02.153Z INFO  - 2424767f91e7 Downloading 10KB / 10KB
2024-03-24T10:01:02.162Z INFO  - 2424767f91e7 Verifying Checksum
2024-03-24T10:01:02.162Z INFO  - 2424767f91e7 Download complete
2024-03-24T10:01:02.162Z INFO  - 27d8d88dc5fe Downloading 10KB / 10KB
2024-03-24T10:01:02.162Z INFO  - 27d8d88dc5fe Verifying Checksum
2024-03-24T10:01:02.163Z INFO  - 27d8d88dc5fe Download complete
2024-03-24T10:01:02.164Z INFO  - 7e1cd48051c5 Downloading 13KB / 13KB
2024-03-24T10:01:02.164Z INFO  - 7e1cd48051c5 Verifying Checksum
2024-03-24T10:01:02.170Z INFO  - 7e1cd48051c5 Download complete
2024-03-24T10:01:02.210Z INFO  - a4bd13f5316c Downloading 423B / 423B
2024-03-24T10:01:02.211Z INFO  - 1e3292972000 Downloading 2KB / 2KB
2024-03-24T10:01:02.211Z INFO  - 8056c343c77e Downloading 529B / 529B
2024-03-24T10:01:02.211Z INFO  - 4f4fb700ef54 Downloading 32B / 32B
2024-03-24T10:01:02.211Z INFO  - 99eb07288124 Downloading 13KB / 13KB
2024-03-24T10:01:02.211Z INFO  - 9d4e73ba95aa Downloading 4KB / 4KB
2024-03-24T10:01:02.211Z INFO  - 794cd67e00af Downloading 10KB / 10KB
2024-03-24T10:01:02.212Z INFO  - a4bd13f5316c Verifying Checksum
2024-03-24T10:01:02.214Z INFO  - a4bd13f5316c Download complete
2024-03-24T10:01:02.230Z INFO  - 1e3292972000 Verifying Checksum
2024-03-24T10:01:02.231Z INFO  - 1e3292972000 Download complete
2024-03-24T10:01:02.231Z INFO  - 8056c343c77e Verifying Checksum
2024-03-24T10:01:02.231Z INFO  - 8056c343c77e Download complete
2024-03-24T10:01:02.231Z INFO  - 4f4fb700ef54 Verifying Checksum
2024-03-24T10:01:02.231Z INFO  - 4f4fb700ef54 Download complete
2024-03-24T10:01:02.231Z INFO  - 99eb07288124 Verifying Checksum
2024-03-24T10:01:02.231Z INFO  - 99eb07288124 Download complete
2024-03-24T10:01:02.231Z INFO  - 9d4e73ba95aa Verifying Checksum
2024-03-24T10:01:02.231Z INFO  - 9d4e73ba95aa Download complete
2024-03-24T10:01:02.231Z INFO  - 794cd67e00af Verifying Checksum
2024-03-24T10:01:02.231Z INFO  - 794cd67e00af Download complete
2024-03-24T10:01:02.233Z INFO  - 030a88ad1147 Downloading 533KB / 56MB
2024-03-24T10:01:02.253Z INFO  - e7627caf8387 Downloading 3KB / 77KB
2024-03-24T10:01:02.290Z INFO  - 8eac62777bff Downloading 1KB / 1KB
2024-03-24T10:01:02.293Z INFO  - af49b434832c Downloading 530B / 530B
2024-03-24T10:01:02.302Z INFO  - e7627caf8387 Downloading 77KB / 77KB
2024-03-24T10:01:02.311Z INFO  - 76cbd545fe97 Downloading 50KB / 50KB
2024-03-24T10:01:02.312Z INFO  - 8eac62777bff Verifying Checksum
2024-03-24T10:01:02.313Z INFO  - 8eac62777bff Download complete
2024-03-24T10:01:02.321Z INFO  - af49b434832c Verifying Checksum
2024-03-24T10:01:02.321Z INFO  - af49b434832c Download complete
2024-03-24T10:01:02.331Z INFO  - e7627caf8387 Verifying Checksum
2024-03-24T10:01:02.331Z INFO  - e7627caf8387 Download complete
2024-03-24T10:01:02.331Z INFO  - 76cbd545fe97 Verifying Checksum
2024-03-24T10:01:02.331Z INFO  - 76cbd545fe97 Download complete
2024-03-24T10:01:02.371Z INFO  - 030a88ad1147 Downloading 1MB / 56MB
2024-03-24T10:01:02.372Z INFO  - 3e4531da2f06 Downloading 663KB / 15MB
2024-03-24T10:01:02.393Z INFO  - 6ca1483d6e6b Downloading 707KB / 33MB
2024-03-24T10:01:02.451Z INFO  - e455cf41eadb Downloading 512KB / 52MB
2024-03-24T10:01:02.473Z INFO  - eb6eb10708a8 Downloading 272B / 272B
2024-03-24T10:01:02.491Z INFO  - 6abcdc071cf9 Downloading 270B / 270B
2024-03-24T10:01:02.491Z INFO  - 9b4618a4b3d7 Downloading 133B / 133B
2024-03-24T10:01:02.491Z INFO  - d01f4d564d10 Downloading 1KB / 1KB
2024-03-24T10:01:02.491Z INFO  - c6631cb758bb Downloading 1KB / 1KB
2024-03-24T10:01:02.502Z INFO  - eb6eb10708a8 Verifying Checksum
2024-03-24T10:01:02.503Z INFO  - eb6eb10708a8 Download complete
2024-03-24T10:01:02.503Z INFO  - 6abcdc071cf9 Verifying Checksum
2024-03-24T10:01:02.530Z INFO  - 6abcdc071cf9 Download complete
2024-03-24T10:01:02.530Z INFO  - 9b4618a4b3d7 Verifying Checksum
2024-03-24T10:01:02.530Z INFO  - 9b4618a4b3d7 Download complete
2024-03-24T10:01:02.530Z INFO  - d01f4d564d10 Verifying Checksum
2024-03-24T10:01:02.530Z INFO  - d01f4d564d10 Download complete
2024-03-24T10:01:02.530Z INFO  - c6631cb758bb Verifying Checksum
2024-03-24T10:01:02.530Z INFO  - c6631cb758bb Download complete
2024-03-24T10:01:02.530Z INFO  - f27dc4dc2fd1 Downloading 513KB / 69MB
2024-03-24T10:01:02.530Z INFO  - 5df0cf3d3f9a Downloading 513KB / 109MB
2024-03-24T10:01:02.530Z INFO  - fab276c5b688 Downloading 198KB / 316KB
2024-03-24T10:01:02.530Z INFO  - 318854ddcaf3 Downloading 673KB / 5MB
2024-03-24T10:01:02.573Z INFO  - e455cf41eadb Downloading 1MB / 52MB
2024-03-24T10:01:02.642Z INFO  - fab276c5b688 Downloading 230KB / 316KB
2024-03-24T10:01:02.681Z INFO  - 030a88ad1147 Downloading 2MB / 56MB
2024-03-24T10:01:02.681Z INFO  - 3e4531da2f06 Downloading 1MB / 15MB
2024-03-24T10:01:02.701Z INFO  - 2d1d783fc119 Downloading 768KB / 36MB
2024-03-24T10:01:02.712Z INFO  - 19c77a8eeb05 Downloading 123B / 123B
2024-03-24T10:01:02.713Z INFO  - c3c0f42ae16d Downloading 836B / 836B
2024-03-24T10:01:02.722Z INFO  - 7f16a7f0cc3b Downloading 419B / 419B
2024-03-24T10:01:02.734Z INFO  - fab276c5b688 Downloading 316KB / 316KB
2024-03-24T10:01:02.743Z INFO  - 19c77a8eeb05 Verifying Checksum
2024-03-24T10:01:02.744Z INFO  - 19c77a8eeb05 Download complete
2024-03-24T10:01:02.752Z INFO  - c3c0f42ae16d Verifying Checksum
2024-03-24T10:01:02.752Z INFO  - c3c0f42ae16d Download complete
2024-03-24T10:01:02.752Z INFO  - 7f16a7f0cc3b Verifying Checksum
2024-03-24T10:01:02.752Z INFO  - 7f16a7f0cc3b Download complete
2024-03-24T10:01:02.752Z INFO  - fab276c5b688 Verifying Checksum
2024-03-24T10:01:02.752Z INFO  - fab276c5b688 Download complete
2024-03-24T10:01:02.902Z INFO  - e455cf41eadb Downloading 2MB / 52MB
2024-03-24T10:01:02.985Z INFO  - f27dc4dc2fd1 Downloading 1MB / 69MB
2024-03-24T10:01:02.985Z INFO  - 318854ddcaf3 Downloading 1MB / 5MB
2024-03-24T10:01:02.985Z INFO  - eeb7a1346937 Downloading 1KB / 1KB
2024-03-24T10:01:02.985Z INFO  - 0042726f9bbd Downloading 888B / 888B
2024-03-24T10:01:02.985Z INFO  - f8c630c85fc7 Downloading 1KB / 1KB
2024-03-24T10:01:02.985Z INFO  - 4535cc496438 Downloading 1KB / 1KB
2024-03-24T10:01:02.985Z INFO  - 8478730f39e0 Downloading 121B / 121B
2024-03-24T10:01:02.985Z INFO  - 44790a7a865d Downloading 842B / 842B
2024-03-24T10:01:02.985Z INFO  - ff31a6bb9138 Downloading 357B / 357B
2024-03-24T10:01:02.985Z INFO  - 70c54c808dec Downloading 1KB / 1KB
2024-03-24T10:01:03.021Z INFO  - eeb7a1346937 Verifying Checksum
2024-03-24T10:01:03.021Z INFO  - eeb7a1346937 Download complete
2024-03-24T10:01:03.021Z INFO  - 0042726f9bbd Verifying Checksum
2024-03-24T10:01:03.021Z INFO  - 0042726f9bbd Download complete
2024-03-24T10:01:03.021Z INFO  - f8c630c85fc7 Verifying Checksum
2024-03-24T10:01:03.021Z INFO  - f8c630c85fc7 Download complete
2024-03-24T10:01:03.021Z INFO  - 4535cc496438 Verifying Checksum
2024-03-24T10:01:03.061Z INFO  - 8478730f39e0 Verifying Checksum
2024-03-24T10:01:03.132Z INFO  - 8478730f39e0 Download complete
2024-03-24T10:01:03.133Z INFO  - 44790a7a865d Verifying Checksum
2024-03-24T10:01:03.133Z INFO  - 44790a7a865d Download complete
2024-03-24T10:01:03.134Z INFO  - ff31a6bb9138 Verifying Checksum
2024-03-24T10:01:03.194Z INFO  - ff31a6bb9138 Download complete
2024-03-24T10:01:03.194Z INFO  - 70c54c808dec Verifying Checksum
2024-03-24T10:01:03.439Z INFO  - 70c54c808dec Download complete
2024-03-24T10:01:03.439Z INFO  - 4535cc496438 Download complete
2024-03-24T10:01:03.439Z INFO  - 6ca1483d6e6b Downloading 4MB / 33MB
2024-03-24T10:01:03.439Z INFO  - 3e4531da2f06 Downloading 2MB / 15MB
2024-03-24T10:01:03.440Z INFO  - 030a88ad1147 Downloading 4MB / 56MB
2024-03-24T10:01:03.440Z INFO  - 318854ddcaf3 Downloading 2MB / 5MB
2024-03-24T10:01:03.440Z INFO  - 2d1d783fc119 Downloading 2MB / 36MB
2024-03-24T10:01:03.440Z INFO  - 7e0d6c2144d2 Downloading 3KB / 11KB
2024-03-24T10:01:03.440Z INFO  - 9acaaf4b93b4 Downloading 138B / 138B
2024-03-24T10:01:03.440Z INFO  - fcb164292ffa Downloading 2KB / 2KB
2024-03-24T10:01:03.440Z INFO  - 2bac3defb6ee Downloading 143B / 143B
2024-03-24T10:01:03.440Z INFO  - 7e0d6c2144d2 Downloading 11KB / 11KB
2024-03-24T10:01:03.440Z INFO  - 9acaaf4b93b4 Verifying Checksum
2024-03-24T10:01:03.440Z INFO  - 9acaaf4b93b4 Download complete
2024-03-24T10:01:03.440Z INFO  - fcb164292ffa Verifying Checksum
2024-03-24T10:01:03.440Z INFO  - fcb164292ffa Download complete
2024-03-24T10:01:03.440Z INFO  - 2bac3defb6ee Verifying Checksum
2024-03-24T10:01:03.440Z INFO  - 2bac3defb6ee Download complete
2024-03-24T10:01:03.440Z INFO  - 7e0d6c2144d2 Verifying Checksum
2024-03-24T10:01:03.440Z INFO  - 7e0d6c2144d2 Download complete
2024-03-24T10:01:03.671Z INFO  - 3e4531da2f06 Downloading 2MB / 15MB
2024-03-24T10:01:03.672Z INFO  - 5df0cf3d3f9a Downloading 2MB / 109MB
2024-03-24T10:01:03.689Z INFO  - 6ca1483d6e6b Downloading 4MB / 33MB
2024-03-24T10:01:03.689Z INFO  - f27dc4dc2fd1 Downloading 3MB / 69MB
2024-03-24T10:01:03.689Z INFO  - f223ac80ef1b Downloading 1KB / 1KB
2024-03-24T10:01:03.689Z INFO  - f223ac80ef1b Verifying Checksum
2024-03-24T10:01:03.689Z INFO  - f223ac80ef1b Download complete
2024-03-24T10:01:03.751Z INFO  - e455cf41eadb Downloading 4MB / 52MB
2024-03-24T10:01:03.851Z INFO  - 030a88ad1147 Downloading 5MB / 56MB
2024-03-24T10:01:03.891Z INFO  - 02c6dfab9d1d Downloading 3KB / 16KB
2024-03-24T10:01:03.891Z INFO  - 02c6dfab9d1d Downloading 16KB / 16KB
2024-03-24T10:01:03.891Z INFO  - f27dc4dc2fd1 Downloading 4MB / 69MB
2024-03-24T10:01:03.891Z INFO  - 02c6dfab9d1d Verifying Checksum
2024-03-24T10:01:03.891Z INFO  - 02c6dfab9d1d Download complete
2024-03-24T10:01:03.891Z INFO  - 282ae8d95333 Downloading 120KB / 4MB
2024-03-24T10:01:04.041Z INFO  - 3e4531da2f06 Downloading 4MB / 15MB
2024-03-24T10:01:04.076Z INFO  - 030a88ad1147 Downloading 6MB / 56MB
2024-03-24T10:01:04.093Z INFO  - 318854ddcaf3 Downloading 4MB / 5MB
2024-03-24T10:01:04.131Z INFO  - f27dc4dc2fd1 Downloading 4MB / 69MB
2024-03-24T10:01:04.131Z INFO  - e455cf41eadb Downloading 6MB / 52MB
2024-03-24T10:01:04.131Z INFO  - 6ca1483d6e6b Downloading 6MB / 33MB
2024-03-24T10:01:04.311Z INFO  - 5df0cf3d3f9a Downloading 4MB / 109MB
2024-03-24T10:01:04.311Z INFO  - 318854ddcaf3 Verifying Checksum
2024-03-24T10:01:04.312Z INFO  - 318854ddcaf3 Download complete
2024-03-24T10:01:04.312Z INFO  - 3e4531da2f06 Downloading 4MB / 15MB
2024-03-24T10:01:04.321Z INFO  - 2d1d783fc119 Downloading 6MB / 36MB
2024-03-24T10:01:04.321Z INFO  - f27dc4dc2fd1 Downloading 5MB / 69MB
2024-03-24T10:01:04.324Z INFO  - 6ca1483d6e6b Downloading 7MB / 33MB
2024-03-24T10:01:04.371Z INFO  - 5df0cf3d3f9a Downloading 5MB / 109MB
2024-03-24T10:01:04.373Z INFO  - 3e4531da2f06 Downloading 5MB / 15MB
2024-03-24T10:01:04.446Z INFO  - e455cf41eadb Downloading 7MB / 52MB
2024-03-24T10:01:04.469Z INFO  - 282ae8d95333 Downloading 1MB / 4MB
2024-03-24T10:01:04.608Z INFO  - e455cf41eadb Downloading 8MB / 52MB
2024-03-24T10:01:04.639Z INFO  - 3e4531da2f06 Downloading 5MB / 15MB
2024-03-24T10:01:04.646Z INFO  - 282ae8d95333 Downloading 1MB / 4MB
2024-03-24T10:01:04.647Z INFO  - 6ca1483d6e6b Downloading 8MB / 33MB
2024-03-24T10:01:04.659Z INFO  - 030a88ad1147 Downloading 8MB / 56MB
2024-03-24T10:01:04.876Z INFO  - 2d1d783fc119 Downloading 6MB / 36MB
2024-03-24T10:01:04.896Z INFO  - 6ca1483d6e6b Downloading 8MB / 33MB
2024-03-24T10:01:04.897Z INFO  - 3e4531da2f06 Downloading 7MB / 15MB
2024-03-24T10:01:05.016Z INFO  - 2d1d783fc119 Downloading 7MB / 36MB
2024-03-24T10:01:05.018Z INFO  - 5df0cf3d3f9a Downloading 6MB / 109MB
2024-03-24T10:01:05.048Z INFO  - 3e4531da2f06 Downloading 7MB / 15MB
2024-03-24T10:01:05.088Z INFO  - 2d1d783fc119 Downloading 8MB / 36MB
2024-03-24T10:01:05.207Z INFO  - f27dc4dc2fd1 Downloading 7MB / 69MB
2024-03-24T10:01:05.207Z INFO  - e455cf41eadb Downloading 9MB / 52MB
2024-03-24T10:01:05.207Z INFO  - 3e4531da2f06 Downloading 8MB / 15MB
2024-03-24T10:01:05.366Z INFO  - 282ae8d95333 Downloading 3MB / 4MB
2024-03-24T10:01:05.368Z INFO  - 6ca1483d6e6b Downloading 10MB / 33MB
2024-03-24T10:01:05.427Z INFO  - 3e4531da2f06 Downloading 9MB / 15MB
2024-03-24T10:01:05.447Z INFO  - 2d1d783fc119 Downloading 9MB / 36MB
2024-03-24T10:01:05.447Z INFO  - f27dc4dc2fd1 Downloading 8MB / 69MB
2024-03-24T10:01:05.448Z INFO  - 5df0cf3d3f9a Downloading 9MB / 109MB
2024-03-24T10:01:05.657Z INFO  - 282ae8d95333 Downloading 4MB / 4MB
2024-03-24T10:01:05.659Z INFO  - 6ca1483d6e6b Downloading 11MB / 33MB
2024-03-24T10:01:05.677Z INFO  - e455cf41eadb Downloading 10MB / 52MB
2024-03-24T10:01:05.739Z INFO  - 5df0cf3d3f9a Downloading 9MB / 109MB
2024-03-24T10:01:05.869Z INFO  - 282ae8d95333 Downloading 4MB / 4MB
2024-03-24T10:01:05.870Z INFO  - 6ca1483d6e6b Downloading 12MB / 33MB
2024-03-24T10:01:05.888Z INFO  - 030a88ad1147 Downloading 11MB / 56MB
2024-03-24T10:01:05.889Z INFO  - 3e4531da2f06 Downloading 9MB / 15MB
2024-03-24T10:01:05.908Z INFO  - 282ae8d95333 Verifying Checksum
2024-03-24T10:01:05.909Z INFO  - 282ae8d95333 Download complete
2024-03-24T10:01:06.029Z INFO  - 6ca1483d6e6b Downloading 12MB / 33MB
2024-03-24T10:01:06.088Z INFO  - 2d1d783fc119 Downloading 9MB / 36MB
2024-03-24T10:01:06.128Z INFO  - e455cf41eadb Downloading 11MB / 52MB
2024-03-24T10:01:06.129Z INFO  - 030a88ad1147 Downloading 12MB / 56MB
2024-03-24T10:01:06.129Z INFO  - 3e4531da2f06 Downloading 10MB / 15MB
2024-03-24T10:01:06.235Z INFO  - f27dc4dc2fd1 Downloading 11MB / 69MB
2024-03-24T10:01:06.256Z INFO  - 030a88ad1147 Downloading 13MB / 56MB
2024-03-24T10:01:06.256Z INFO  - e455cf41eadb Downloading 12MB / 52MB
2024-03-24T10:01:06.319Z INFO  - 030a88ad1147 Downloading 14MB / 56MB
2024-03-24T10:01:06.697Z INFO  - 3e4531da2f06 Downloading 10MB / 15MB
2024-03-24T10:01:06.698Z INFO  - 5df0cf3d3f9a Downloading 11MB / 109MB
2024-03-24T10:01:06.726Z INFO  - 6ca1483d6e6b Downloading 14MB / 33MB
2024-03-24T10:01:06.787Z INFO  - 3e4531da2f06 Downloading 11MB / 15MB
2024-03-24T10:01:06.797Z INFO  - 2d1d783fc119 Downloading 12MB / 36MB
2024-03-24T10:01:06.797Z INFO  - f27dc4dc2fd1 Downloading 14MB / 69MB
2024-03-24T10:01:06.798Z INFO  - 6ca1483d6e6b Downloading 15MB / 33MB
2024-03-24T10:01:06.978Z INFO  - 3e4531da2f06 Downloading 12MB / 15MB
2024-03-24T10:01:06.997Z INFO  - 2d1d783fc119 Downloading 13MB / 36MB
2024-03-24T10:01:06.998Z INFO  - 6ca1483d6e6b Downloading 16MB / 33MB
2024-03-24T10:01:07.245Z INFO  - 030a88ad1147 Downloading 16MB / 56MB
2024-03-24T10:01:07.305Z INFO  - 5df0cf3d3f9a Downloading 13MB / 109MB
2024-03-24T10:01:07.305Z INFO  - 2d1d783fc119 Downloading 14MB / 36MB
2024-03-24T10:01:07.305Z INFO  - 6ca1483d6e6b Downloading 16MB / 33MB
2024-03-24T10:01:07.567Z INFO  - f27dc4dc2fd1 Downloading 15MB / 69MB
2024-03-24T10:01:07.587Z INFO  - 2d1d783fc119 Downloading 15MB / 36MB
2024-03-24T10:01:07.588Z INFO  - 6ca1483d6e6b Downloading 17MB / 33MB
2024-03-24T10:01:07.598Z INFO  - 3e4531da2f06 Verifying Checksum
2024-03-24T10:01:07.605Z INFO  - 3e4531da2f06 Download complete
2024-03-24T10:01:07.638Z INFO  - f27dc4dc2fd1 Downloading 15MB / 69MB
2024-03-24T10:01:07.726Z INFO  - 5df0cf3d3f9a Downloading 13MB / 109MB
2024-03-24T10:01:07.747Z INFO  - 030a88ad1147 Downloading 17MB / 56MB
2024-03-24T10:01:07.984Z INFO  - 6ca1483d6e6b Downloading 19MB / 33MB
2024-03-24T10:01:07.984Z INFO  - e455cf41eadb Downloading 19MB / 52MB
2024-03-24T10:01:08.094Z INFO  - f27dc4dc2fd1 Downloading 16MB / 69MB
2024-03-24T10:01:08.257Z INFO  - 5df0cf3d3f9a Downloading 15MB / 109MB
2024-03-24T10:01:08.257Z INFO  - 2d1d783fc119 Downloading 16MB / 36MB
2024-03-24T10:01:08.274Z INFO  - 6ca1483d6e6b Downloading 20MB / 33MB
2024-03-24T10:01:08.307Z INFO  - e455cf41eadb Downloading 21MB / 52MB
2024-03-24T10:01:08.587Z INFO  - 6ca1483d6e6b Downloading 20MB / 33MB
2024-03-24T10:01:08.838Z INFO  - 030a88ad1147 Downloading 20MB / 56MB
2024-03-24T10:01:08.856Z INFO  - 2d1d783fc119 Downloading 17MB / 36MB
2024-03-24T10:01:08.856Z INFO  - 2d1d783fc119 Downloading 18MB / 36MB
2024-03-24T10:01:08.856Z INFO  - 5df0cf3d3f9a Downloading 18MB / 109MB
2024-03-24T10:01:08.856Z INFO  - 2d1d783fc119 Downloading 18MB / 36MB
2024-03-24T10:01:08.986Z INFO  - 030a88ad1147 Downloading 21MB / 56MB
2024-03-24T10:01:09.015Z INFO  - 030a88ad1147 Downloading 22MB / 56MB
2024-03-24T10:01:09.107Z INFO  - 5df0cf3d3f9a Downloading 20MB / 109MB
2024-03-24T10:01:09.124Z INFO  - f27dc4dc2fd1 Downloading 21MB / 69MB
2024-03-24T10:01:09.124Z INFO  - 6ca1483d6e6b Downloading 23MB / 33MB
2024-03-24T10:01:09.154Z INFO  - 2d1d783fc119 Downloading 20MB / 36MB
2024-03-24T10:01:09.257Z INFO  - 6ca1483d6e6b Downloading 24MB / 33MB
2024-03-24T10:01:09.348Z INFO  - 5df0cf3d3f9a Downloading 22MB / 109MB
2024-03-24T10:01:09.488Z INFO  - f27dc4dc2fd1 Downloading 23MB / 69MB
2024-03-24T10:01:09.488Z INFO  - 2d1d783fc119 Downloading 22MB / 36MB
2024-03-24T10:01:09.489Z INFO  - 030a88ad1147 Downloading 26MB / 56MB
2024-03-24T10:01:09.627Z INFO  - e455cf41eadb Downloading 25MB / 52MB
2024-03-24T10:01:09.627Z INFO  - 2d1d783fc119 Downloading 23MB / 36MB
2024-03-24T10:01:09.628Z INFO  - 5df0cf3d3f9a Downloading 24MB / 109MB
2024-03-24T10:01:09.629Z INFO  - 030a88ad1147 Downloading 27MB / 56MB
2024-03-24T10:01:09.798Z INFO  - f27dc4dc2fd1 Downloading 25MB / 69MB
2024-03-24T10:01:09.798Z INFO  - 2d1d783fc119 Downloading 24MB / 36MB
2024-03-24T10:01:10.050Z INFO  - 5df0cf3d3f9a Downloading 26MB / 109MB
2024-03-24T10:01:10.051Z INFO  - 030a88ad1147 Downloading 28MB / 56MB
2024-03-24T10:01:10.091Z INFO  - 2d1d783fc119 Downloading 25MB / 36MB
2024-03-24T10:01:10.110Z INFO  - f27dc4dc2fd1 Downloading 27MB / 69MB
2024-03-24T10:01:10.241Z INFO  - e455cf41eadb Downloading 27MB / 52MB
2024-03-24T10:01:10.251Z INFO  - 2d1d783fc119 Downloading 25MB / 36MB
2024-03-24T10:01:10.270Z INFO  - 5df0cf3d3f9a Downloading 27MB / 109MB
2024-03-24T10:01:10.351Z INFO  - 2d1d783fc119 Downloading 26MB / 36MB
2024-03-24T10:01:10.352Z INFO  - 6ca1483d6e6b Downloading 30MB / 33MB
2024-03-24T10:01:10.370Z INFO  - f27dc4dc2fd1 Downloading 28MB / 69MB
2024-03-24T10:01:10.622Z INFO  - 6ca1483d6e6b Downloading 31MB / 33MB
2024-03-24T10:01:10.640Z INFO  - 5df0cf3d3f9a Downloading 28MB / 109MB
2024-03-24T10:01:10.640Z INFO  - f27dc4dc2fd1 Downloading 29MB / 69MB
2024-03-24T10:01:10.640Z INFO  - 030a88ad1147 Downloading 30MB / 56MB
2024-03-24T10:01:10.640Z INFO  - e455cf41eadb Downloading 28MB / 52MB
2024-03-24T10:01:10.640Z INFO  - 6ca1483d6e6b Downloading 32MB / 33MB
2024-03-24T10:01:10.640Z INFO  - 5df0cf3d3f9a Downloading 29MB / 109MB
2024-03-24T10:01:10.640Z INFO  - f27dc4dc2fd1 Downloading 29MB / 69MB
2024-03-24T10:01:10.779Z INFO  - 2d1d783fc119 Downloading 28MB / 36MB
2024-03-24T10:01:10.779Z INFO  - 6ca1483d6e6b Verifying Checksum
2024-03-24T10:01:10.779Z INFO  - 6ca1483d6e6b Download complete
2024-03-24T10:01:10.788Z INFO  - e455cf41eadb Downloading 29MB / 52MB
2024-03-24T10:01:10.919Z INFO  - 2d1d783fc119 Downloading 28MB / 36MB
2024-03-24T10:01:10.960Z INFO  - e455cf41eadb Downloading 30MB / 52MB
2024-03-24T10:01:11.149Z INFO  - 5df0cf3d3f9a Downloading 32MB / 109MB
2024-03-24T10:01:11.180Z INFO  - 2d1d783fc119 Downloading 31MB / 36MB
2024-03-24T10:01:11.448Z INFO  - 5df0cf3d3f9a Downloading 35MB / 109MB
2024-03-24T10:01:11.518Z INFO  - f27dc4dc2fd1 Downloading 35MB / 69MB
2024-03-24T10:01:11.519Z INFO  - e455cf41eadb Downloading 35MB / 52MB
2024-03-24T10:01:11.527Z INFO  - 030a88ad1147 Downloading 35MB / 56MB
2024-03-24T10:01:11.678Z INFO  - f27dc4dc2fd1 Downloading 36MB / 69MB
2024-03-24T10:01:11.707Z INFO  - 5df0cf3d3f9a Downloading 38MB / 109MB
2024-03-24T10:01:11.707Z INFO  - 2d1d783fc119 Verifying Checksum
2024-03-24T10:01:11.707Z INFO  - 2d1d783fc119 Download complete
2024-03-24T10:01:11.779Z INFO  - 5df0cf3d3f9a Downloading 40MB / 109MB
2024-03-24T10:01:11.867Z INFO  - 030a88ad1147 Downloading 38MB / 56MB
2024-03-24T10:01:11.929Z INFO  - 5df0cf3d3f9a Downloading 41MB / 109MB
2024-03-24T10:01:11.947Z INFO  - e455cf41eadb Downloading 39MB / 52MB
2024-03-24T10:01:11.949Z INFO  - f27dc4dc2fd1 Downloading 39MB / 69MB
2024-03-24T10:01:12.088Z INFO  - 030a88ad1147 Downloading 41MB / 56MB
2024-03-24T10:01:12.258Z INFO  - f27dc4dc2fd1 Downloading 40MB / 69MB
2024-03-24T10:01:12.277Z INFO  - 5df0cf3d3f9a Downloading 44MB / 109MB
2024-03-24T10:01:12.328Z INFO  - 030a88ad1147 Downloading 43MB / 56MB
2024-03-24T10:01:12.380Z INFO  - 5df0cf3d3f9a Downloading 46MB / 109MB
2024-03-24T10:01:12.399Z INFO  - e455cf41eadb Downloading 43MB / 52MB
2024-03-24T10:01:12.430Z INFO  - f27dc4dc2fd1 Downloading 44MB / 69MB
2024-03-24T10:01:12.570Z INFO  - 030a88ad1147 Downloading 46MB / 56MB
2024-03-24T10:01:12.630Z INFO  - f27dc4dc2fd1 Downloading 46MB / 69MB
2024-03-24T10:01:12.719Z INFO  - 030a88ad1147 Downloading 48MB / 56MB
2024-03-24T10:01:12.771Z INFO  - 5df0cf3d3f9a Downloading 53MB / 109MB
2024-03-24T10:01:12.772Z INFO  - e455cf41eadb Downloading 49MB / 52MB
2024-03-24T10:01:12.832Z INFO  - 030a88ad1147 Downloading 50MB / 56MB
2024-03-24T10:01:12.893Z INFO  - f27dc4dc2fd1 Downloading 50MB / 69MB
2024-03-24T10:01:12.893Z INFO  - e455cf41eadb Downloading 51MB / 52MB
2024-03-24T10:01:12.933Z INFO  - e455cf41eadb Downloading 52MB / 52MB
2024-03-24T10:01:12.943Z INFO  - e455cf41eadb Verifying Checksum
2024-03-24T10:01:12.943Z INFO  - e455cf41eadb Download complete
2024-03-24T10:01:12.990Z INFO  - f27dc4dc2fd1 Downloading 52MB / 69MB
2024-03-24T10:01:13.061Z INFO  - 030a88ad1147 Downloading 54MB / 56MB
2024-03-24T10:01:13.109Z INFO  - f27dc4dc2fd1 Downloading 54MB / 69MB
2024-03-24T10:01:13.109Z INFO  - 5df0cf3d3f9a Downloading 57MB / 109MB
2024-03-24T10:01:13.139Z INFO  - 030a88ad1147 Verifying Checksum
2024-03-24T10:01:13.140Z INFO  - 030a88ad1147 Download complete
2024-03-24T10:01:13.260Z INFO  - f27dc4dc2fd1 Downloading 55MB / 69MB
2024-03-24T10:01:13.268Z INFO  - 5df0cf3d3f9a Downloading 60MB / 109MB
2024-03-24T10:01:13.370Z INFO  - 5df0cf3d3f9a Downloading 62MB / 109MB
2024-03-24T10:01:13.479Z INFO  - 5df0cf3d3f9a Downloading 64MB / 109MB
2024-03-24T10:01:13.683Z INFO  - f27dc4dc2fd1 Downloading 64MB / 69MB
2024-03-24T10:01:13.720Z INFO  - 5df0cf3d3f9a Downloading 71MB / 109MB
2024-03-24T10:01:13.792Z INFO  - f27dc4dc2fd1 Downloading 66MB / 69MB
2024-03-24T10:01:13.811Z INFO  - 5df0cf3d3f9a Downloading 73MB / 109MB
2024-03-24T10:01:13.899Z INFO  - f27dc4dc2fd1 Verifying Checksum
2024-03-24T10:01:13.916Z INFO  - f27dc4dc2fd1 Download complete
2024-03-24T10:01:13.917Z INFO  - 5df0cf3d3f9a Downloading 75MB / 109MB
2024-03-24T10:01:14.537Z INFO  - 5df0cf3d3f9a Downloading 95MB / 109MB
2024-03-24T10:01:14.665Z INFO  - 5df0cf3d3f9a Downloading 98MB / 109MB
2024-03-24T10:01:14.897Z INFO  - 5df0cf3d3f9a Downloading 105MB / 109MB
2024-03-24T10:01:15.037Z INFO  - 5df0cf3d3f9a Verifying Checksum
2024-03-24T10:01:15.038Z INFO  - 5df0cf3d3f9a Download complete
2024-03-24T10:01:15.601Z INFO  - e455cf41eadb Extracting 2MB / 52MB
2024-03-24T10:01:16.342Z INFO  - e455cf41eadb Extracting 6MB / 52MB
2024-03-24T10:01:16.629Z INFO  - e455cf41eadb Extracting 7MB / 52MB
2024-03-24T10:01:16.881Z INFO  - e455cf41eadb Extracting 8MB / 52MB
2024-03-24T10:01:17.032Z INFO  - e455cf41eadb Extracting 9MB / 52MB
2024-03-24T10:01:17.179Z INFO  - e455cf41eadb Extracting 10MB / 52MB
2024-03-24T10:01:17.328Z INFO  - e455cf41eadb Extracting 11MB / 52MB
2024-03-24T10:01:17.488Z INFO  - e455cf41eadb Extracting 12MB / 52MB
2024-03-24T10:01:18.781Z INFO  - e455cf41eadb Extracting 20MB / 52MB
2024-03-24T10:01:18.931Z INFO  - e455cf41eadb Extracting 21MB / 52MB
2024-03-24T10:01:19.042Z INFO  - e455cf41eadb Extracting 22MB / 52MB
2024-03-24T10:01:19.215Z INFO  - e455cf41eadb Extracting 23MB / 52MB
2024-03-24T10:01:19.387Z INFO  - e455cf41eadb Extracting 24MB / 52MB
2024-03-24T10:01:19.526Z INFO  - e455cf41eadb Extracting 25MB / 52MB
2024-03-24T10:01:19.705Z INFO  - e455cf41eadb Extracting 26MB / 52MB
2024-03-24T10:01:20.325Z INFO  - e455cf41eadb Extracting 27MB / 52MB
2024-03-24T10:01:20.827Z INFO  - e455cf41eadb Extracting 32MB / 52MB
2024-03-24T10:01:20.979Z INFO  - e455cf41eadb Extracting 34MB / 52MB
2024-03-24T10:01:21.118Z INFO  - e455cf41eadb Extracting 35MB / 52MB
2024-03-24T10:01:21.219Z INFO  - e455cf41eadb Extracting 36MB / 52MB
2024-03-24T10:01:21.339Z INFO  - e455cf41eadb Extracting 37MB / 52MB
2024-03-24T10:01:21.460Z INFO  - e455cf41eadb Extracting 38MB / 52MB
2024-03-24T10:01:21.840Z INFO  - e455cf41eadb Extracting 39MB / 52MB
2024-03-24T10:01:22.030Z INFO  - e455cf41eadb Extracting 40MB / 52MB
2024-03-24T10:01:22.262Z INFO  - e455cf41eadb Extracting 41MB / 52MB
2024-03-24T10:01:22.672Z INFO  - e455cf41eadb Extracting 43MB / 52MB
2024-03-24T10:01:22.974Z INFO  - e455cf41eadb Extracting 45MB / 52MB
2024-03-24T10:01:23.384Z INFO  - e455cf41eadb Extracting 47MB / 52MB
2024-03-24T10:01:23.575Z INFO  - e455cf41eadb Extracting 48MB / 52MB
2024-03-24T10:01:24.047Z INFO  - e455cf41eadb Extracting 50MB / 52MB
2024-03-24T10:01:24.982Z INFO  - e455cf41eadb Extracting 51MB / 52MB
2024-03-24T10:01:25.534Z INFO  - e455cf41eadb Extracting 52MB / 52MB
2024-03-24T10:01:25.778Z INFO  - e455cf41eadb Pull complete
2024-03-24T10:01:26.093Z INFO  - 3e4531da2f06 Extracting 960KB / 15MB
2024-03-24T10:01:26.214Z INFO  - 3e4531da2f06 Extracting 1MB / 15MB
2024-03-24T10:01:26.344Z INFO  - 3e4531da2f06 Extracting 2MB / 15MB
2024-03-24T10:01:26.475Z INFO  - 3e4531da2f06 Extracting 2MB / 15MB
2024-03-24T10:01:27.144Z INFO  - 3e4531da2f06 Extracting 5MB / 15MB
2024-03-24T10:01:27.245Z INFO  - 3e4531da2f06 Extracting 8MB / 15MB
2024-03-24T10:01:27.364Z INFO  - 3e4531da2f06 Extracting 10MB / 15MB
2024-03-24T10:01:27.607Z INFO  - 3e4531da2f06 Extracting 11MB / 15MB
2024-03-24T10:01:27.699Z INFO  - 3e4531da2f06 Extracting 12MB / 15MB
2024-03-24T10:01:27.808Z INFO  - 3e4531da2f06 Extracting 12MB / 15MB
2024-03-24T10:01:27.939Z INFO  - 3e4531da2f06 Extracting 13MB / 15MB
2024-03-24T10:01:28.279Z INFO  - 3e4531da2f06 Extracting 15MB / 15MB
2024-03-24T10:01:28.323Z INFO  - 3e4531da2f06 Pull complete
2024-03-24T10:01:28.329Z INFO  - fab276c5b688 Extracting 32KB / 316KB
2024-03-24T10:01:28.501Z INFO  - fab276c5b688 Extracting 96KB / 316KB
2024-03-24T10:01:28.553Z INFO  - fab276c5b688 Extracting 316KB / 316KB
2024-03-24T10:01:28.570Z INFO  - fab276c5b688 Extracting 316KB / 316KB
2024-03-24T10:01:28.596Z INFO  - fab276c5b688 Pull complete
2024-03-24T10:01:28.823Z INFO  - e7627caf8387 Extracting 64KB / 77KB
2024-03-24T10:01:28.901Z INFO  - e7627caf8387 Extracting 77KB / 77KB
2024-03-24T10:01:28.923Z INFO  - e7627caf8387 Extracting 77KB / 77KB
2024-03-24T10:01:28.978Z INFO  - e7627caf8387 Pull complete
2024-03-24T10:01:28.982Z INFO  - 76cbd545fe97 Extracting 32KB / 50KB
2024-03-24T10:01:29.142Z INFO  - 76cbd545fe97 Extracting 50KB / 50KB
2024-03-24T10:01:29.182Z INFO  - 76cbd545fe97 Extracting 50KB / 50KB
2024-03-24T10:01:29.275Z INFO  - 76cbd545fe97 Pull complete
2024-03-24T10:01:29.305Z INFO  - 7e1cd48051c5 Extracting 13KB / 13KB
2024-03-24T10:01:29.567Z INFO  - 7e1cd48051c5 Extracting 13KB / 13KB
2024-03-24T10:01:29.646Z INFO  - 7e1cd48051c5 Pull complete
2024-03-24T10:01:29.665Z INFO  - 2424767f91e7 Extracting 10KB / 10KB
2024-03-24T10:01:29.687Z INFO  - 2424767f91e7 Extracting 10KB / 10KB
2024-03-24T10:01:29.848Z INFO  - 2424767f91e7 Pull complete
2024-03-24T10:01:30.407Z INFO  - 030a88ad1147 Extracting 544KB / 56MB
2024-03-24T10:01:30.998Z INFO  - 030a88ad1147 Extracting 1MB / 56MB
2024-03-24T10:01:31.363Z INFO  - 030a88ad1147 Extracting 2MB / 56MB
2024-03-24T10:01:31.614Z INFO  - 030a88ad1147 Extracting 3MB / 56MB
2024-03-24T10:01:32.271Z INFO  - 030a88ad1147 Extracting 8MB / 56MB
2024-03-24T10:01:32.381Z INFO  - 030a88ad1147 Extracting 9MB / 56MB
2024-03-24T10:01:32.527Z INFO  - 030a88ad1147 Extracting 10MB / 56MB
2024-03-24T10:01:32.907Z INFO  - 030a88ad1147 Extracting 11MB / 56MB
2024-03-24T10:01:33.178Z INFO  - 030a88ad1147 Extracting 12MB / 56MB
2024-03-24T10:01:33.528Z INFO  - 030a88ad1147 Extracting 13MB / 56MB
2024-03-24T10:01:33.800Z INFO  - 030a88ad1147 Extracting 14MB / 56MB
2024-03-24T10:01:34.110Z INFO  - 030a88ad1147 Extracting 16MB / 56MB
2024-03-24T10:01:34.551Z INFO  - 030a88ad1147 Extracting 18MB / 56MB
2024-03-24T10:01:34.822Z INFO  - 030a88ad1147 Extracting 19MB / 56MB
2024-03-24T10:01:35.063Z INFO  - 030a88ad1147 Extracting 20MB / 56MB
2024-03-24T10:01:35.313Z INFO  - 030a88ad1147 Extracting 21MB / 56MB
2024-03-24T10:01:35.695Z INFO  - 030a88ad1147 Extracting 22MB / 56MB
2024-03-24T10:01:35.884Z INFO  - 030a88ad1147 Extracting 23MB / 56MB
2024-03-24T10:01:36.248Z INFO  - 030a88ad1147 Extracting 26MB / 56MB
2024-03-24T10:01:36.361Z INFO  - 030a88ad1147 Extracting 27MB / 56MB
2024-03-24T10:01:36.677Z INFO  - 030a88ad1147 Extracting 28MB / 56MB
2024-03-24T10:01:36.939Z INFO  - 030a88ad1147 Extracting 29MB / 56MB
2024-03-24T10:01:37.251Z INFO  - 030a88ad1147 Extracting 32MB / 56MB
2024-03-24T10:01:37.399Z INFO  - 030a88ad1147 Extracting 33MB / 56MB
2024-03-24T10:01:37.974Z INFO  - 030a88ad1147 Extracting 37MB / 56MB
2024-03-24T10:01:38.124Z INFO  - 030a88ad1147 Extracting 38MB / 56MB
2024-03-24T10:01:38.376Z INFO  - 030a88ad1147 Extracting 39MB / 56MB
2024-03-24T10:01:39.442Z INFO  - 030a88ad1147 Extracting 48MB / 56MB
2024-03-24T10:01:39.561Z INFO  - 030a88ad1147 Extracting 49MB / 56MB
2024-03-24T10:01:39.833Z INFO  - 030a88ad1147 Extracting 50MB / 56MB
2024-03-24T10:01:39.944Z INFO  - 030a88ad1147 Extracting 51MB / 56MB
2024-03-24T10:01:40.203Z INFO  - 030a88ad1147 Extracting 53MB / 56MB
2024-03-24T10:01:40.442Z INFO  - 030a88ad1147 Extracting 54MB / 56MB
2024-03-24T10:01:40.607Z INFO  - 030a88ad1147 Extracting 55MB / 56MB
2024-03-24T10:01:40.894Z INFO  - 030a88ad1147 Extracting 56MB / 56MB
2024-03-24T10:01:40.939Z INFO  - 030a88ad1147 Pull complete
2024-03-24T10:01:40.944Z INFO  - 65b9799a7114 Extracting 19KB / 19KB
2024-03-24T10:01:41.116Z INFO  - 65b9799a7114 Extracting 19KB / 19KB
2024-03-24T10:01:41.145Z INFO  - 65b9799a7114 Pull complete
2024-03-24T10:01:41.149Z INFO  - 794cd67e00af Extracting 10KB / 10KB
2024-03-24T10:01:41.175Z INFO  - 794cd67e00af Extracting 10KB / 10KB
2024-03-24T10:01:41.322Z INFO  - 794cd67e00af Pull complete
2024-03-24T10:01:41.327Z INFO  - 99eb07288124 Extracting 13KB / 13KB
2024-03-24T10:01:41.517Z INFO  - 99eb07288124 Extracting 13KB / 13KB
2024-03-24T10:01:41.527Z INFO  - 99eb07288124 Pull complete
2024-03-24T10:01:41.530Z INFO  - 27d8d88dc5fe Extracting 10KB / 10KB
2024-03-24T10:01:41.588Z INFO  - 27d8d88dc5fe Extracting 10KB / 10KB
2024-03-24T10:01:41.891Z INFO  - 27d8d88dc5fe Pull complete
2024-03-24T10:01:41.900Z INFO  - 4f4fb700ef54 Extracting 32B / 32B
2024-03-24T10:01:41.929Z INFO  - 4f4fb700ef54 Extracting 32B / 32B
2024-03-24T10:01:42.222Z INFO  - 4f4fb700ef54 Pull complete
2024-03-24T10:01:42.659Z INFO  - 8eac62777bff Extracting 1KB / 1KB
2024-03-24T10:01:42.680Z INFO  - 8eac62777bff Extracting 1KB / 1KB
2024-03-24T10:01:42.802Z INFO  - 8eac62777bff Pull complete
2024-03-24T10:01:42.982Z INFO  - 1e3292972000 Extracting 2KB / 2KB
2024-03-24T10:01:42.990Z INFO  - 1e3292972000 Extracting 2KB / 2KB
2024-03-24T10:01:43.135Z INFO  - 1e3292972000 Pull complete
2024-03-24T10:01:43.350Z INFO  - a4bd13f5316c Extracting 423B / 423B
2024-03-24T10:01:43.361Z INFO  - a4bd13f5316c Extracting 423B / 423B
2024-03-24T10:01:43.522Z INFO  - a4bd13f5316c Pull complete
2024-03-24T10:01:43.726Z INFO  - af49b434832c Extracting 530B / 530B
2024-03-24T10:01:43.740Z INFO  - af49b434832c Extracting 530B / 530B
2024-03-24T10:01:43.890Z INFO  - af49b434832c Pull complete
2024-03-24T10:01:44.065Z INFO  - 8056c343c77e Extracting 529B / 529B
2024-03-24T10:01:44.081Z INFO  - 8056c343c77e Extracting 529B / 529B
2024-03-24T10:01:44.285Z INFO  - 8056c343c77e Pull complete
2024-03-24T10:01:44.962Z INFO  - 5df0cf3d3f9a Extracting 544KB / 109MB
2024-03-24T10:01:45.205Z INFO  - 5df0cf3d3f9a Extracting 2MB / 109MB
2024-03-24T10:01:45.441Z INFO  - 5df0cf3d3f9a Extracting 4MB / 109MB
2024-03-24T10:01:45.770Z INFO  - 5df0cf3d3f9a Extracting 6MB / 109MB
2024-03-24T10:01:46.119Z INFO  - 5df0cf3d3f9a Extracting 9MB / 109MB
2024-03-24T10:01:46.833Z INFO  - 5df0cf3d3f9a Extracting 11MB / 109MB
2024-03-24T10:01:46.954Z INFO  - 5df0cf3d3f9a Extracting 11MB / 109MB
2024-03-24T10:01:47.254Z INFO  - 5df0cf3d3f9a Extracting 13MB / 109MB
2024-03-24T10:01:47.806Z INFO  - 5df0cf3d3f9a Extracting 15MB / 109MB
2024-03-24T10:01:48.268Z INFO  - 5df0cf3d3f9a Extracting 18MB / 109MB
2024-03-24T10:01:48.636Z INFO  - 5df0cf3d3f9a Extracting 20MB / 109MB
2024-03-24T10:01:48.872Z INFO  - 5df0cf3d3f9a Extracting 22MB / 109MB
2024-03-24T10:01:49.102Z INFO  - 5df0cf3d3f9a Extracting 24MB / 109MB
2024-03-24T10:01:49.374Z INFO  - 5df0cf3d3f9a Extracting 27MB / 109MB
2024-03-24T10:01:49.591Z INFO  - 5df0cf3d3f9a Extracting 28MB / 109MB
2024-03-24T10:01:49.961Z INFO  - 5df0cf3d3f9a Extracting 30MB / 109MB
2024-03-24T10:01:50.361Z INFO  - 5df0cf3d3f9a Extracting 33MB / 109MB
2024-03-24T10:01:50.586Z INFO  - 5df0cf3d3f9a Extracting 34MB / 109MB
2024-03-24T10:01:50.846Z INFO  - 5df0cf3d3f9a Extracting 36MB / 109MB
2024-03-24T10:01:51.128Z INFO  - 5df0cf3d3f9a Extracting 37MB / 109MB
2024-03-24T10:01:51.349Z INFO  - 5df0cf3d3f9a Extracting 38MB / 109MB
2024-03-24T10:01:51.779Z INFO  - 5df0cf3d3f9a Extracting 39MB / 109MB
2024-03-24T10:01:51.879Z INFO  - 5df0cf3d3f9a Extracting 40MB / 109MB
2024-03-24T10:01:52.572Z INFO  - 5df0cf3d3f9a Extracting 42MB / 109MB
2024-03-24T10:01:53.141Z INFO  - 5df0cf3d3f9a Extracting 44MB / 109MB
2024-03-24T10:01:53.399Z INFO  - 5df0cf3d3f9a Extracting 46MB / 109MB
2024-03-24T10:01:53.678Z INFO  - 5df0cf3d3f9a Extracting 48MB / 109MB
2024-03-24T10:01:53.911Z INFO  - 5df0cf3d3f9a Extracting 51MB / 109MB
2024-03-24T10:01:54.143Z INFO  - 5df0cf3d3f9a Extracting 53MB / 109MB
2024-03-24T10:01:54.551Z INFO  - 5df0cf3d3f9a Extracting 57MB / 109MB
2024-03-24T10:01:55.165Z INFO  - 5df0cf3d3f9a Extracting 59MB / 109MB
2024-03-24T10:01:55.355Z INFO  - 5df0cf3d3f9a Extracting 60MB / 109MB
2024-03-24T10:01:55.941Z INFO  - 5df0cf3d3f9a Extracting 63MB / 109MB
2024-03-24T10:01:56.726Z INFO  - 5df0cf3d3f9a Extracting 65MB / 109MB
2024-03-24T10:01:56.829Z INFO  - 5df0cf3d3f9a Extracting 66MB / 109MB
2024-03-24T10:01:57.131Z INFO  - 5df0cf3d3f9a Extracting 68MB / 109MB
2024-03-24T10:01:57.460Z INFO  - 5df0cf3d3f9a Extracting 70MB / 109MB
2024-03-24T10:01:58.032Z INFO  - 5df0cf3d3f9a Extracting 72MB / 109MB
2024-03-24T10:01:58.203Z INFO  - 5df0cf3d3f9a Extracting 73MB / 109MB
2024-03-24T10:01:58.841Z INFO  - 5df0cf3d3f9a Extracting 74MB / 109MB
2024-03-24T10:01:58.944Z INFO  - 5df0cf3d3f9a Extracting 75MB / 109MB
2024-03-24T10:01:59.503Z INFO  - 5df0cf3d3f9a Extracting 77MB / 109MB
2024-03-24T10:01:59.711Z INFO  - 5df0cf3d3f9a Extracting 77MB / 109MB
2024-03-24T10:02:00.136Z INFO  - 5df0cf3d3f9a Extracting 79MB / 109MB
2024-03-24T10:02:00.344Z INFO  - 5df0cf3d3f9a Extracting 79MB / 109MB
2024-03-24T10:02:00.678Z INFO  - 5df0cf3d3f9a Extracting 81MB / 109MB
2024-03-24T10:02:00.779Z INFO  - 5df0cf3d3f9a Extracting 81MB / 109MB
2024-03-24T10:02:01.111Z INFO  - 5df0cf3d3f9a Extracting 83MB / 109MB
2024-03-24T10:02:01.230Z INFO  - 5df0cf3d3f9a Extracting 83MB / 109MB
2024-03-24T10:02:02.122Z INFO  - 5df0cf3d3f9a Extracting 86MB / 109MB
2024-03-24T10:02:02.431Z INFO  - 5df0cf3d3f9a Extracting 86MB / 109MB
2024-03-24T10:02:02.973Z INFO  - 5df0cf3d3f9a Extracting 88MB / 109MB
2024-03-24T10:02:03.084Z INFO  - 5df0cf3d3f9a Extracting 88MB / 109MB
2024-03-24T10:02:03.509Z INFO  - 5df0cf3d3f9a Extracting 90MB / 109MB
2024-03-24T10:02:03.608Z INFO  - 5df0cf3d3f9a Extracting 90MB / 109MB
2024-03-24T10:02:04.067Z INFO  - 5df0cf3d3f9a Extracting 92MB / 109MB
2024-03-24T10:02:04.167Z INFO  - 5df0cf3d3f9a Extracting 92MB / 109MB
2024-03-24T10:02:04.588Z INFO  - 5df0cf3d3f9a Extracting 94MB / 109MB
2024-03-24T10:02:04.737Z INFO  - 5df0cf3d3f9a Extracting 95MB / 109MB
2024-03-24T10:02:05.115Z INFO  - 5df0cf3d3f9a Extracting 96MB / 109MB
2024-03-24T10:02:05.223Z INFO  - 5df0cf3d3f9a Extracting 97MB / 109MB
2024-03-24T10:02:05.677Z INFO  - 5df0cf3d3f9a Extracting 98MB / 109MB
2024-03-24T10:02:05.959Z INFO  - 5df0cf3d3f9a Extracting 99MB / 109MB
2024-03-24T10:02:07.172Z INFO  - 5df0cf3d3f9a Extracting 101MB / 109MB
2024-03-24T10:02:07.172Z INFO  - 5df0cf3d3f9a Extracting 102MB / 109MB
2024-03-24T10:02:07.977Z INFO  - 5df0cf3d3f9a Extracting 103MB / 109MB
2024-03-24T10:02:08.319Z INFO  - 5df0cf3d3f9a Extracting 104MB / 109MB
2024-03-24T10:02:09.048Z INFO  - 5df0cf3d3f9a Extracting 105MB / 109MB
2024-03-24T10:02:09.236Z INFO  - 5df0cf3d3f9a Extracting 106MB / 109MB
2024-03-24T10:02:09.780Z INFO  - 5df0cf3d3f9a Extracting 107MB / 109MB
2024-03-24T10:02:10.008Z INFO  - 5df0cf3d3f9a Extracting 108MB / 109MB
2024-03-24T10:02:11.702Z INFO  - 5df0cf3d3f9a Extracting 109MB / 109MB
2024-03-24T10:02:11.702Z INFO  - 5df0cf3d3f9a Pull complete
2024-03-24T10:02:11.702Z INFO  - 9d4e73ba95aa Extracting 4KB / 4KB
2024-03-24T10:02:11.702Z INFO  - 9d4e73ba95aa Extracting 4KB / 4KB
2024-03-24T10:02:11.702Z INFO  - 9d4e73ba95aa Pull complete
2024-03-24T10:02:12.235Z INFO  - 2d1d783fc119 Extracting 768KB / 36MB
2024-03-24T10:02:12.644Z INFO  - 2d1d783fc119 Extracting 2MB / 36MB
2024-03-24T10:02:13.202Z INFO  - 2d1d783fc119 Extracting 3MB / 36MB
2024-03-24T10:02:13.956Z INFO  - 2d1d783fc119 Extracting 4MB / 36MB
2024-03-24T10:02:14.647Z INFO  - 2d1d783fc119 Extracting 5MB / 36MB
2024-03-24T10:02:15.609Z INFO  - 2d1d783fc119 Extracting 6MB / 36MB
2024-03-24T10:02:15.830Z INFO  - 2d1d783fc119 Extracting 6MB / 36MB
2024-03-24T10:02:16.261Z INFO  - 2d1d783fc119 Extracting 8MB / 36MB
2024-03-24T10:02:16.663Z INFO  - 2d1d783fc119 Extracting 9MB / 36MB
2024-03-24T10:02:17.216Z INFO  - 2d1d783fc119 Extracting 9MB / 36MB
2024-03-24T10:02:17.715Z INFO  - 2d1d783fc119 Extracting 11MB / 36MB
2024-03-24T10:02:17.979Z INFO  - 2d1d783fc119 Extracting 12MB / 36MB
2024-03-24T10:02:18.128Z INFO  - 2d1d783fc119 Extracting 12MB / 36MB
2024-03-24T10:02:18.428Z INFO  - 2d1d783fc119 Extracting 13MB / 36MB
2024-03-24T10:02:18.718Z INFO  - 2d1d783fc119 Extracting 14MB / 36MB
2024-03-24T10:02:19.225Z INFO  - 2d1d783fc119 Extracting 15MB / 36MB
2024-03-24T10:02:19.747Z INFO  - 2d1d783fc119 Extracting 15MB / 36MB
2024-03-24T10:02:20.285Z INFO  - 2d1d783fc119 Extracting 16MB / 36MB
2024-03-24T10:02:20.617Z INFO  - 2d1d783fc119 Extracting 17MB / 36MB
2024-03-24T10:02:20.933Z INFO  - 2d1d783fc119 Extracting 18MB / 36MB
2024-03-24T10:02:21.790Z INFO  - 2d1d783fc119 Extracting 18MB / 36MB
2024-03-24T10:02:22.294Z INFO  - 2d1d783fc119 Extracting 19MB / 36MB
2024-03-24T10:02:23.106Z INFO  - 2d1d783fc119 Extracting 20MB / 36MB
2024-03-24T10:02:23.248Z INFO  - 2d1d783fc119 Extracting 21MB / 36MB
2024-03-24T10:02:23.688Z INFO  - 2d1d783fc119 Extracting 23MB / 36MB
2024-03-24T10:02:23.838Z INFO  - 2d1d783fc119 Extracting 24MB / 36MB
2024-03-24T10:02:25.301Z INFO  - 2d1d783fc119 Extracting 26MB / 36MB
2024-03-24T10:02:25.302Z INFO  - 2d1d783fc119 Extracting 27MB / 36MB
2024-03-24T10:02:25.564Z INFO  - 2d1d783fc119 Extracting 28MB / 36MB
2024-03-24T10:02:26.033Z INFO  - 2d1d783fc119 Extracting 28MB / 36MB
2024-03-24T10:02:27.302Z INFO  - 2d1d783fc119 Extracting 30MB / 36MB
2024-03-24T10:02:28.353Z INFO  - 2d1d783fc119 Extracting 31MB / 36MB
2024-03-24T10:02:28.354Z INFO  - 2d1d783fc119 Extracting 31MB / 36MB
2024-03-24T10:02:28.806Z INFO  - 2d1d783fc119 Extracting 33MB / 36MB
2024-03-24T10:02:29.210Z INFO  - 2d1d783fc119 Extracting 34MB / 36MB
2024-03-24T10:02:29.388Z INFO  - 2d1d783fc119 Extracting 34MB / 36MB
2024-03-24T10:02:29.897Z INFO  - 2d1d783fc119 Extracting 35MB / 36MB
2024-03-24T10:02:30.528Z INFO  - 2d1d783fc119 Extracting 36MB / 36MB
2024-03-24T10:02:30.699Z INFO  - 2d1d783fc119 Extracting 36MB / 36MB
2024-03-24T10:02:30.895Z INFO  - 2d1d783fc119 Pull complete
2024-03-24T10:02:31.511Z INFO  - 6ca1483d6e6b Extracting 1MB / 33MB
2024-03-24T10:02:31.622Z INFO  - 6ca1483d6e6b Extracting 2MB / 33MB
2024-03-24T10:02:31.844Z INFO  - 6ca1483d6e6b Extracting 2MB / 33MB
2024-03-24T10:02:32.215Z INFO  - 6ca1483d6e6b Extracting 4MB / 33MB
2024-03-24T10:02:32.626Z INFO  - 6ca1483d6e6b Extracting 4MB / 33MB
2024-03-24T10:02:32.845Z INFO  - 6ca1483d6e6b Extracting 5MB / 33MB
2024-03-24T10:02:33.095Z INFO  - 6ca1483d6e6b Extracting 6MB / 33MB
2024-03-24T10:02:33.344Z INFO  - 6ca1483d6e6b Extracting 6MB / 33MB
2024-03-24T10:02:34.097Z INFO  - 6ca1483d6e6b Extracting 9MB / 33MB
2024-03-24T10:02:34.236Z INFO  - 6ca1483d6e6b Extracting 10MB / 33MB
2024-03-24T10:02:34.618Z INFO  - 6ca1483d6e6b Extracting 12MB / 33MB
2024-03-24T10:02:34.972Z INFO  - 6ca1483d6e6b Extracting 14MB / 33MB
2024-03-24T10:02:35.411Z INFO  - 6ca1483d6e6b Extracting 15MB / 33MB
2024-03-24T10:02:36.414Z INFO  - 6ca1483d6e6b Extracting 22MB / 33MB
2024-03-24T10:02:36.532Z INFO  - 6ca1483d6e6b Extracting 24MB / 33MB
2024-03-24T10:02:36.636Z INFO  - 6ca1483d6e6b Extracting 26MB / 33MB
2024-03-24T10:02:36.993Z INFO  - 6ca1483d6e6b Extracting 31MB / 33MB
2024-03-24T10:02:37.093Z INFO  - 6ca1483d6e6b Extracting 33MB / 33MB
2024-03-24T10:02:37.180Z INFO  - 6ca1483d6e6b Pull complete
2024-03-24T10:02:37.336Z INFO  - 318854ddcaf3 Extracting 128KB / 5MB
2024-03-24T10:02:37.547Z INFO  - 318854ddcaf3 Extracting 1MB / 5MB
2024-03-24T10:02:37.735Z INFO  - 318854ddcaf3 Extracting 5MB / 5MB
2024-03-24T10:02:37.738Z INFO  - 318854ddcaf3 Extracting 5MB / 5MB
2024-03-24T10:02:37.799Z INFO  - 318854ddcaf3 Pull complete
2024-03-24T10:02:37.999Z INFO  - f27dc4dc2fd1 Extracting 544KB / 69MB
2024-03-24T10:02:38.718Z INFO  - f27dc4dc2fd1 Extracting 3MB / 69MB
2024-03-24T10:02:39.077Z INFO  - f27dc4dc2fd1 Extracting 4MB / 69MB
2024-03-24T10:02:39.475Z INFO  - f27dc4dc2fd1 Extracting 5MB / 69MB
2024-03-24T10:02:39.982Z INFO  - f27dc4dc2fd1 Extracting 7MB / 69MB
2024-03-24T10:02:40.272Z INFO  - f27dc4dc2fd1 Extracting 11MB / 69MB
2024-03-24T10:02:40.716Z INFO  - f27dc4dc2fd1 Extracting 18MB / 69MB
2024-03-24T10:02:41.186Z INFO  - f27dc4dc2fd1 Extracting 21MB / 69MB
2024-03-24T10:02:41.288Z INFO  - f27dc4dc2fd1 Extracting 22MB / 69MB
2024-03-24T10:02:41.404Z INFO  - f27dc4dc2fd1 Extracting 22MB / 69MB
2024-03-24T10:02:41.563Z INFO  - f27dc4dc2fd1 Extracting 23MB / 69MB
2024-03-24T10:02:42.203Z INFO  - f27dc4dc2fd1 Extracting 28MB / 69MB
2024-03-24T10:02:42.513Z INFO  - f27dc4dc2fd1 Extracting 29MB / 69MB
2024-03-24T10:02:42.624Z INFO  - f27dc4dc2fd1 Extracting 30MB / 69MB
2024-03-24T10:02:43.174Z INFO  - f27dc4dc2fd1 Extracting 35MB / 69MB
2024-03-24T10:02:43.315Z INFO  - f27dc4dc2fd1 Extracting 36MB / 69MB
2024-03-24T10:02:43.576Z INFO  - f27dc4dc2fd1 Extracting 37MB / 69MB
2024-03-24T10:02:43.830Z INFO  - f27dc4dc2fd1 Extracting 39MB / 69MB
2024-03-24T10:02:43.980Z INFO  - f27dc4dc2fd1 Extracting 40MB / 69MB
2024-03-24T10:02:44.079Z INFO  - f27dc4dc2fd1 Extracting 41MB / 69MB
2024-03-24T10:02:44.247Z INFO  - f27dc4dc2fd1 Extracting 43MB / 69MB
2024-03-24T10:02:44.640Z INFO  - f27dc4dc2fd1 Extracting 44MB / 69MB
2024-03-24T10:02:45.152Z INFO  - f27dc4dc2fd1 Extracting 46MB / 69MB
2024-03-24T10:02:45.721Z INFO  - f27dc4dc2fd1 Extracting 47MB / 69MB
2024-03-24T10:02:46.014Z INFO  - f27dc4dc2fd1 Extracting 48MB / 69MB
2024-03-24T10:02:46.734Z INFO  - f27dc4dc2fd1 Extracting 51MB / 69MB
2024-03-24T10:02:47.478Z INFO  - f27dc4dc2fd1 Extracting 54MB / 69MB
2024-03-24T10:02:47.674Z INFO  - f27dc4dc2fd1 Extracting 54MB / 69MB
2024-03-24T10:02:48.387Z INFO  - f27dc4dc2fd1 Extracting 61MB / 69MB
2024-03-24T10:02:48.778Z INFO  - f27dc4dc2fd1 Extracting 65MB / 69MB
2024-03-24T10:02:49.308Z INFO  - f27dc4dc2fd1 Extracting 69MB / 69MB
2024-03-24T10:02:49.493Z INFO  - f27dc4dc2fd1 Pull complete
2024-03-24T10:02:49.499Z INFO  - d01f4d564d10 Extracting 1KB / 1KB
2024-03-24T10:02:49.508Z INFO  - d01f4d564d10 Extracting 1KB / 1KB
2024-03-24T10:02:49.661Z INFO  - d01f4d564d10 Pull complete
2024-03-24T10:02:49.668Z INFO  - c6631cb758bb Extracting 1KB / 1KB
2024-03-24T10:02:49.725Z INFO  - c6631cb758bb Extracting 1KB / 1KB
2024-03-24T10:02:49.831Z INFO  - c6631cb758bb Pull complete
2024-03-24T10:02:49.836Z INFO  - 9b4618a4b3d7 Extracting 133B / 133B
2024-03-24T10:02:49.893Z INFO  - 9b4618a4b3d7 Extracting 133B / 133B
2024-03-24T10:02:49.999Z INFO  - 9b4618a4b3d7 Pull complete
2024-03-24T10:02:50.004Z INFO  - 6abcdc071cf9 Extracting 270B / 270B
2024-03-24T10:02:50.085Z INFO  - 6abcdc071cf9 Extracting 270B / 270B
2024-03-24T10:02:50.217Z INFO  - 6abcdc071cf9 Pull complete
2024-03-24T10:02:50.220Z INFO  - eb6eb10708a8 Extracting 272B / 272B
2024-03-24T10:02:50.246Z INFO  - eb6eb10708a8 Extracting 272B / 272B
2024-03-24T10:02:50.382Z INFO  - eb6eb10708a8 Pull complete
2024-03-24T10:02:50.387Z INFO  - c3c0f42ae16d Extracting 836B / 836B
2024-03-24T10:02:50.447Z INFO  - c3c0f42ae16d Extracting 836B / 836B
2024-03-24T10:02:50.569Z INFO  - c3c0f42ae16d Pull complete
2024-03-24T10:02:50.573Z INFO  - 19c77a8eeb05 Extracting 123B / 123B
2024-03-24T10:02:50.600Z INFO  - 19c77a8eeb05 Extracting 123B / 123B
2024-03-24T10:02:50.742Z INFO  - 19c77a8eeb05 Pull complete
2024-03-24T10:02:50.749Z INFO  - 7f16a7f0cc3b Extracting 419B / 419B
2024-03-24T10:02:50.760Z INFO  - 7f16a7f0cc3b Extracting 419B / 419B
2024-03-24T10:02:50.911Z INFO  - 7f16a7f0cc3b Pull complete
2024-03-24T10:02:50.915Z INFO  - eeb7a1346937 Extracting 1KB / 1KB
2024-03-24T10:02:50.930Z INFO  - eeb7a1346937 Extracting 1KB / 1KB
2024-03-24T10:02:51.123Z INFO  - eeb7a1346937 Pull complete
2024-03-24T10:02:51.128Z INFO  - 0042726f9bbd Extracting 888B / 888B
2024-03-24T10:02:51.141Z INFO  - 0042726f9bbd Extracting 888B / 888B
2024-03-24T10:02:51.351Z INFO  - 0042726f9bbd Pull complete
2024-03-24T10:02:51.361Z INFO  - f8c630c85fc7 Extracting 1KB / 1KB
2024-03-24T10:02:51.393Z INFO  - f8c630c85fc7 Extracting 1KB / 1KB
2024-03-24T10:02:51.693Z INFO  - f8c630c85fc7 Pull complete
2024-03-24T10:02:51.705Z INFO  - 8478730f39e0 Extracting 121B / 121B
2024-03-24T10:02:51.742Z INFO  - 8478730f39e0 Extracting 121B / 121B
2024-03-24T10:02:51.995Z INFO  - 8478730f39e0 Pull complete
2024-03-24T10:02:52.013Z INFO  - 70c54c808dec Extracting 1KB / 1KB
2024-03-24T10:02:52.033Z INFO  - 70c54c808dec Extracting 1KB / 1KB
2024-03-24T10:02:52.286Z INFO  - 70c54c808dec Pull complete
2024-03-24T10:02:52.306Z INFO  - 4535cc496438 Extracting 1KB / 1KB
2024-03-24T10:02:52.336Z INFO  - 4535cc496438 Extracting 1KB / 1KB
2024-03-24T10:02:52.624Z INFO  - 4535cc496438 Pull complete
2024-03-24T10:02:52.634Z INFO  - ff31a6bb9138 Extracting 357B / 357B
2024-03-24T10:02:52.673Z INFO  - ff31a6bb9138 Extracting 357B / 357B
2024-03-24T10:02:53.004Z INFO  - ff31a6bb9138 Pull complete
2024-03-24T10:02:53.015Z INFO  - 44790a7a865d Extracting 842B / 842B
2024-03-24T10:02:53.045Z INFO  - 44790a7a865d Extracting 842B / 842B
2024-03-24T10:02:53.607Z INFO  - 44790a7a865d Pull complete
2024-03-24T10:02:53.637Z INFO  - 9acaaf4b93b4 Extracting 138B / 138B
2024-03-24T10:02:53.637Z INFO  - 9acaaf4b93b4 Extracting 138B / 138B
2024-03-24T10:02:53.950Z INFO  - 9acaaf4b93b4 Pull complete
2024-03-24T10:02:53.970Z INFO  - fcb164292ffa Extracting 2KB / 2KB
2024-03-24T10:02:54.010Z INFO  - fcb164292ffa Extracting 2KB / 2KB
2024-03-24T10:02:54.282Z INFO  - fcb164292ffa Pull complete
2024-03-24T10:02:54.301Z INFO  - 2bac3defb6ee Extracting 143B / 143B
2024-03-24T10:02:54.323Z INFO  - 2bac3defb6ee Extracting 143B / 143B
2024-03-24T10:02:54.649Z INFO  - 2bac3defb6ee Pull complete
2024-03-24T10:02:54.697Z INFO  - 7e0d6c2144d2 Extracting 11KB / 11KB
2024-03-24T10:02:54.697Z INFO  - 7e0d6c2144d2 Extracting 11KB / 11KB
2024-03-24T10:02:54.985Z INFO  - 7e0d6c2144d2 Pull complete
2024-03-24T10:02:55.716Z INFO  - 282ae8d95333 Extracting 448KB / 4MB
2024-03-24T10:02:56.152Z INFO  - 282ae8d95333 Extracting 1MB / 4MB
2024-03-24T10:02:56.705Z INFO  - 282ae8d95333 Extracting 2MB / 4MB
2024-03-24T10:02:56.844Z INFO  - 282ae8d95333 Extracting 2MB / 4MB
2024-03-24T10:02:56.955Z INFO  - 282ae8d95333 Extracting 2MB / 4MB
2024-03-24T10:02:57.065Z INFO  - 282ae8d95333 Extracting 2MB / 4MB
2024-03-24T10:02:57.448Z INFO  - 282ae8d95333 Extracting 3MB / 4MB
2024-03-24T10:02:57.565Z INFO  - 282ae8d95333 Extracting 3MB / 4MB
2024-03-24T10:02:57.667Z INFO  - 282ae8d95333 Extracting 4MB / 4MB
2024-03-24T10:02:57.738Z INFO  - 282ae8d95333 Extracting 4MB / 4MB
2024-03-24T10:02:57.787Z INFO  - 282ae8d95333 Pull complete
2024-03-24T10:02:57.794Z INFO  - 02c6dfab9d1d Extracting 16KB / 16KB
2024-03-24T10:02:57.807Z INFO  - 02c6dfab9d1d Extracting 16KB / 16KB
2024-03-24T10:02:57.955Z INFO  - 02c6dfab9d1d Pull complete
2024-03-24T10:02:57.957Z INFO  - f223ac80ef1b Extracting 1KB / 1KB
2024-03-24T10:02:57.968Z INFO  - f223ac80ef1b Extracting 1KB / 1KB
2024-03-24T10:02:58.120Z INFO  - f223ac80ef1b Pull complete
2024-03-24T10:02:58.165Z INFO  -  Digest: sha256:6d9dcd89738bc68a6ee4424f05a51d4976414551019f521174429503141193a8
2024-03-24T10:02:58.171Z INFO  -  Status: Downloaded newer image for 10.1.0.5:13209/appsvc/python:3.11_20240207.3.tuxprod
2024-03-24T10:02:58.239Z INFO  - Pull Image successful, Time taken: 116 Seconds
2024-03-24T10:02:58.923Z INFO  - Starting container for site
2024-03-24T10:02:58.923Z INFO  - docker run -d --expose=8000 --name python-flask-webapp-t_0_bc94d4e8 -e WEBSITE_USE_DIAGNOSTIC_SERVER=false -e WEBSITE_CORS_ALLOWED_ORIGINS=https://witty-mud-09afa6410.3.azurestaticapps.net -e WEBSITE_CORS_SUPPORT_CREDENTIALS=True -e WEBSITE_AUTH_ENABLED=False -e WEBSITE_SITE_NAME=python-flask-webapp-t -e WEBSITE_ROLE_INSTANCE_ID=0 -e WEBSITE_HOSTNAME=python-flask-webapp-t.azurewebsites.net -e WEBSITE_INSTANCE_ID=f902a04a85d38b0fa81789a73bd7f0fd35ab4400956424760d2a2f982ef05b43 -e HTTP_LOGGING_ENABLED=1 appsvc/python:3.11_20240207.3.tuxprod 
2024-03-24T10:03:14.396Z INFO  - Initiating warmup request to container python-flask-webapp-t_0_bc94d4e8 for site python-flask-webapp-t
2024-03-24T10:03:40.368Z INFO  - Container python-flask-webapp-t_0_bc94d4e8 for site python-flask-webapp-t initialized successfully and is ready to serve requests.
2024-03-24T10:03:40.369Z INFO  - Initiating warmup request to container python-flask-webapp-t_0_bc94d4e8_middleware for site python-flask-webapp-t
2024-03-24T10:03:41.194Z INFO  - Container python-flask-webapp-t_0_bc94d4e8_middleware for site python-flask-webapp-t initialized successfully and is ready to serve requests.
2024-03-24T10:10:13.831Z INFO  - 3.11_20240207.3.tuxprod Pulling from appsvc/python
2024-03-24T10:10:13.875Z INFO  -  Digest: sha256:6d9dcd89738bc68a6ee4424f05a51d4976414551019f521174429503141193a8
2024-03-24T10:10:13.880Z INFO  -  Status: Image is up to date for 10.1.0.5:13209/appsvc/python:3.11_20240207.3.tuxprod
2024-03-24T10:10:13.921Z INFO  - Pull Image successful, Time taken: 0 Seconds
2024-03-24T10:10:14.579Z INFO  - Starting container for site
2024-03-24T10:10:14.580Z INFO  - docker run -d --expose=8000 --name python-flask-webapp-t_1_8ba10c30 -e WEBSITE_USE_DIAGNOSTIC_SERVER=false -e WEBSITE_CORS_ALLOWED_ORIGINS=https://witty-mud-09afa6410.3.azurestaticapps.net -e WEBSITE_CORS_SUPPORT_CREDENTIALS=True -e WEBSITE_AUTH_ENABLED=False -e WEBSITE_SITE_NAME=python-flask-webapp-t -e WEBSITE_ROLE_INSTANCE_ID=0 -e WEBSITE_HOSTNAME=python-flask-webapp-t.azurewebsites.net -e WEBSITE_INSTANCE_ID=f902a04a85d38b0fa81789a73bd7f0fd35ab4400956424760d2a2f982ef05b43 -e HTTP_LOGGING_ENABLED=1 appsvc/python:3.11_20240207.3.tuxprod 
2024-03-24T10:10:45.450Z INFO  - Initiating warmup request to container python-flask-webapp-t_1_8ba10c30 for site python-flask-webapp-t
2024-03-24T10:11:03.410Z INFO  - Container python-flask-webapp-t_1_8ba10c30 for site python-flask-webapp-t initialized successfully and is ready to serve requests.
2024-03-24T10:11:03.411Z INFO  - Initiating warmup request to container python-flask-webapp-t_1_8ba10c30_middleware for site python-flask-webapp-t
2024-03-24T10:11:04.320Z INFO  - Container python-flask-webapp-t_1_8ba10c30_middleware for site python-flask-webapp-t initialized successfully and is ready to serve requests.
