2024-03-24T15:30:31.9594919Z,Updating submodules.,4606f66d-64a2-4ccd-bd35-aa7ce36c9657,0
2024-03-24T15:30:33.0472774Z,Preparing deployment for commit id 'bcd9b1cc-2'.,7acae0ba-5783-4158-8b62-36cf2ded842e,0
2024-03-24T15:30:33.3365719Z,PreDeployment: context.CleanOutputPath False,01bf068c-9369-48fd-8684-11a0a5cd7b08,0
2024-03-24T15:30:33.4418517Z,PreDeployment: context.OutputPath /home/site/wwwroot,57873b56-4e3b-487f-a53f-d03dabccdfaa,0
2024-03-24T15:30:33.5210094Z,Repository path is /tmp/zipdeploy/extracted,1d2e17d0-9f13-4f4e-82da-7c6bbb283e58,0
2024-03-24T15:30:33.7101412Z,Running oryx build...,e5bd872a-87dc-4cbc-9dc1-0b6b9822d288,0
	2024-03-24T15:30:33.7198944Z,Command: oryx build /tmp/zipdeploy/extracted -o /home/site/wwwroot --platform python --platform-version 3.11 -p virtualenv_name=antenv --log-file /tmp/build-debug.log  -i /tmp/8dc4c175877d40c --compress-destination-dir | tee /tmp/oryx-build.log,,0
	2024-03-24T15:30:37.1034027Z,Operation performed by Microsoft Oryx&comma; https://github.com/Microsoft/Oryx,,0
	2024-03-24T15:30:37.1322972Z,You can report issues at https://github.com/Microsoft/Oryx/issues,,0
	2024-03-24T15:30:37.1426605Z,,,0
	2024-03-24T15:30:37.1611280Z,Oryx Version: 0.2.20230508.1&comma; Commit: 7fe2bf39b357dd68572b438a85ca50b5ecfb4592&comma; ReleaseTagName: 20230508.1,,0
	2024-03-24T15:30:37.1814693Z,,,0
	2024-03-24T15:30:37.1935572Z,Build Operation ID: 1346614945d0d1cf,,0
	2024-03-24T15:30:37.2197387Z,Repository Commit : bcd9b1cc-23df-42a2-880b-6fa2adf11501,,0
	2024-03-24T15:30:37.2407191Z,OS Type           : bullseye,,0
	2024-03-24T15:30:37.3211712Z,Image Type        : githubactions,,0
	2024-03-24T15:30:37.3324352Z,,,0
	2024-03-24T15:30:37.3481071Z,Detecting platforms...,,0
	2024-03-24T15:30:40.7989814Z,Detected following platforms:,,0
	2024-03-24T15:30:40.8451339Z,  python: 3.11.8,,0
	2024-03-24T15:30:41.7652354Z,,,0
	2024-03-24T15:30:42.1900110Z,Using intermediate directory '/tmp/8dc4c175877d40c'.,,0
	2024-03-24T15:30:42.2690519Z,,,0
	2024-03-24T15:30:42.3042062Z,Copying files to the intermediate directory...,,0
	2024-03-24T15:30:42.4945755Z,Done in 0 sec(s).,,0
	2024-03-24T15:30:42.5149471Z,,,0
	2024-03-24T15:30:42.5418596Z,Source directory     : /tmp/8dc4c175877d40c,,0
	2024-03-24T15:30:42.5880516Z,Destination directory: /home/site/wwwroot,,0
	2024-03-24T15:30:42.6470297Z,,,0
	2024-03-24T15:30:43.9301393Z,Python Version: /tmp/oryx/platforms/python/3.11.8/bin/python3.11,,0
	2024-03-24T15:30:43.9891400Z,Creating directory for command manifest file if it does not exist,,0
	2024-03-24T15:30:44.0256972Z,Removing existing manifest file,,0
	2024-03-24T15:30:44.1032043Z,Python Virtual Environment: antenv,,0
	2024-03-24T15:30:44.1350171Z,Creating virtual environment...,,0
	2024-03-24T15:31:02.3172254Z,Activating virtual environment...,,0
	2024-03-24T15:31:02.3509265Z,Running pip install...,,0
	2024-03-24T15:32:40.6954565Z,[15:31:05+0000] Collecting blinker==1.6.2 (from -r requirements.txt (line 1)),,0
	2024-03-24T15:32:40.8098914Z,[15:31:05+0000]   Using cached blinker-1.6.2-py3-none-any.whl.metadata (2.0 kB),,0
	2024-03-24T15:32:40.8239790Z,[15:31:05+0000] Collecting cachetools==5.3.1 (from -r requirements.txt (line 2)),,0
	2024-03-24T15:32:40.8781246Z,[15:31:05+0000]   Using cached cachetools-5.3.1-py3-none-any.whl.metadata (5.2 kB),,0
	2024-03-24T15:32:40.8917145Z,[15:31:05+0000] Collecting certifi==2023.7.22 (from -r requirements.txt (line 3)),,0
	2024-03-24T15:32:40.9474168Z,[15:31:05+0000]   Using cached certifi-2023.7.22-py3-none-any.whl.metadata (2.2 kB),,0
	2024-03-24T15:32:40.9854585Z,[15:31:05+0000] Collecting charset-normalizer==3.2.0 (from -r requirements.txt (line 4)),,0
	2024-03-24T15:32:41.0326272Z,[15:31:05+0000]   Using cached charset_normalizer-3.2.0-cp311-cp311-manylinux_2_17_x86_64.manylinux2014_x86_64.whl.metadata (31 kB),,0
	2024-03-24T15:32:41.0648448Z,[15:31:06+0000] Collecting click==8.1.7 (from -r requirements.txt (line 5)),,0
	2024-03-24T15:32:41.1018838Z,[15:31:06+0000]   Using cached click-8.1.7-py3-none-any.whl.metadata (3.0 kB),,0
	2024-03-24T15:32:41.1274042Z,[15:31:06+0000] Collecting colorama==0.4.6 (from -r requirements.txt (line 6)),,0
	2024-03-24T15:32:41.1986782Z,[15:31:06+0000]   Using cached colorama-0.4.6-py2.py3-none-any.whl.metadata (17 kB),,0
	2024-03-24T15:32:41.3049463Z,[15:31:06+0000] Collecting config==0.5.1 (from -r requirements.txt (line 7)),,0
	2024-03-24T15:32:41.3223972Z,[15:31:06+0000]   Using cached config-0.5.1-py2.py3-none-any.whl.metadata (1.4 kB),,0
	2024-03-24T15:32:41.3690838Z,[15:31:06+0000] Collecting DateTime==5.4 (from -r requirements.txt (line 8)),,0
	2024-03-24T15:32:41.4004410Z,[15:31:06+0000]   Using cached DateTime-5.4-py3-none-any.whl.metadata (33 kB),,0
	2024-03-24T15:32:41.4403795Z,[15:31:06+0000] Collecting Flask==2.3.2 (from -r requirements.txt (line 9)),,0
	2024-03-24T15:32:41.4621730Z,[15:31:06+0000]   Using cached Flask-2.3.2-py3-none-any.whl.metadata (3.7 kB),,0
	2024-03-24T15:32:41.5577007Z,[15:31:07+0000] Collecting Flask-Cors==4.0.0 (from -r requirements.txt (line 10)),,0
	2024-03-24T15:32:41.5992492Z,[15:31:07+0000]   Using cached Flask_Cors-4.0.0-py2.py3-none-any.whl.metadata (5.4 kB),,0
	2024-03-24T15:32:41.6377445Z,[15:31:07+0000] Collecting Flask-SQLAlchemy==3.0.5 (from -r requirements.txt (line 11)),,0
	2024-03-24T15:32:41.7260937Z,[15:31:07+0000]   Using cached flask_sqlalchemy-3.0.5-py3-none-any.whl.metadata (3.3 kB),,0
	2024-03-24T15:32:41.8226117Z,[15:31:08+0000] Collecting google-api-core==2.11.1 (from -r requirements.txt (line 12)),,0
	2024-03-24T15:32:41.8509904Z,[15:31:08+0000]   Using cached google_api_core-2.11.1-py3-none-any.whl.metadata (2.7 kB),,0
	2024-03-24T15:32:41.9115369Z,[15:31:09+0000] Collecting google-api-python-client==2.100.0 (from -r requirements.txt (line 13)),,0
	2024-03-24T15:32:41.9593852Z,[15:31:09+0000]   Using cached google_api_python_client-2.100.0-py2.py3-none-any.whl.metadata (6.6 kB),,0
	2024-03-24T15:32:41.9793847Z,[15:31:10+0000] Collecting google-auth==2.23.0 (from -r requirements.txt (line 14)),,0
	2024-03-24T15:32:42.0041287Z,[15:31:10+0000]   Using cached google_auth-2.23.0-py2.py3-none-any.whl.metadata (4.2 kB),,0
	2024-03-24T15:32:42.1364764Z,[15:31:10+0000] Collecting google-auth-httplib2==0.1.1 (from -r requirements.txt (line 15)),,0
	2024-03-24T15:32:42.3120484Z,[15:31:10+0000]   Using cached google_auth_httplib2-0.1.1-py2.py3-none-any.whl.metadata (2.1 kB),,0
	2024-03-24T15:32:42.3609365Z,[15:31:10+0000] Collecting google-auth-oauthlib==1.1.0 (from -r requirements.txt (line 16)),,0
	2024-03-24T15:32:42.4026605Z,[15:31:10+0000]   Using cached google_auth_oauthlib-1.1.0-py2.py3-none-any.whl.metadata (2.7 kB),,0
	2024-03-24T15:32:42.4806005Z,[15:31:10+0000] Collecting googleapis-common-protos==1.60.0 (from -r requirements.txt (line 17)),,0
	2024-03-24T15:32:42.5295820Z,[15:31:10+0000]   Using cached googleapis_common_protos-1.60.0-py2.py3-none-any.whl.metadata (1.5 kB),,0
	2024-03-24T15:32:42.6618233Z,[15:31:11+0000] Collecting greenlet==2.0.2 (from -r requirements.txt (line 18)),,0
	2024-03-24T15:32:42.7343347Z,[15:31:11+0000]   Using cached greenlet-2.0.2-cp311-cp311-manylinux_2_17_x86_64.manylinux2014_x86_64.whl.metadata (4.1 kB),,0
	2024-03-24T15:32:42.7911453Z,[15:31:12+0000] Collecting gspread==5.11.2 (from -r requirements.txt (line 19)),,0
	2024-03-24T15:32:42.8391407Z,[15:31:12+0000]   Using cached gspread-5.11.2-py3-none-any.whl.metadata (7.0 kB),,0
	2024-03-24T15:32:42.9273854Z,[15:31:12+0000] Collecting gunicorn==21.2.0 (from -r requirements.txt (line 20)),,0
	2024-03-24T15:32:42.9576500Z,[15:31:12+0000]   Using cached gunicorn-21.2.0-py3-none-any.whl.metadata (4.1 kB),,0
	2024-03-24T15:32:43.1830326Z,[15:31:12+0000] Collecting httplib2==0.22.0 (from -r requirements.txt (line 21)),,0
	2024-03-24T15:32:43.2608795Z,[15:31:12+0000]   Using cached httplib2-0.22.0-py3-none-any.whl.metadata (2.6 kB),,0
	2024-03-24T15:32:43.3186845Z,[15:31:12+0000] Collecting idna==3.4 (from -r requirements.txt (line 22)),,0
	2024-03-24T15:32:43.3795955Z,[15:31:12+0000]   Using cached idna-3.4-py3-none-any.whl.metadata (9.8 kB),,0
	2024-03-24T15:32:43.4075747Z,[15:31:13+0000] Collecting itsdangerous==2.1.2 (from -r requirements.txt (line 23)),,0
	2024-03-24T15:32:43.4671503Z,[15:31:13+0000]   Using cached itsdangerous-2.1.2-py3-none-any.whl.metadata (2.9 kB),,0
	2024-03-24T15:32:43.5149014Z,[15:31:13+0000] Collecting Jinja2==3.1.2 (from -r requirements.txt (line 24)),,0
	2024-03-24T15:32:43.6201689Z,[15:31:13+0000]   Using cached Jinja2-3.1.2-py3-none-any.whl.metadata (3.5 kB),,0
	2024-03-24T15:32:43.6402184Z,[15:31:13+0000] Collecting MarkupSafe==2.1.3 (from -r requirements.txt (line 25)),,0
	2024-03-24T15:32:43.6690197Z,[15:31:13+0000]   Using cached MarkupSafe-2.1.3-cp311-cp311-manylinux_2_17_x86_64.manylinux2014_x86_64.whl.metadata (3.0 kB),,0
	2024-03-24T15:32:43.7783844Z,[15:31:14+0000] Collecting numpy==1.26.4 (from -r requirements.txt (line 26)),,0
	2024-03-24T15:32:43.8468938Z,[15:31:15+0000]   Using cached numpy-1.26.4-cp311-cp311-manylinux_2_17_x86_64.manylinux2014_x86_64.whl.metadata (61 kB),,0
	2024-03-24T15:32:43.8944876Z,[15:31:15+0000] Collecting oauth2client==4.1.3 (from -r requirements.txt (line 27)),,0
	2024-03-24T15:32:43.9429880Z,[15:31:15+0000]   Using cached oauth2client-4.1.3-py2.py3-none-any.whl.metadata (1.2 kB),,0
	2024-03-24T15:32:44.0244086Z,[15:31:15+0000] Collecting oauthlib==3.2.2 (from -r requirements.txt (line 28)),,0
	2024-03-24T15:32:44.1223226Z,[15:31:15+0000]   Using cached oauthlib-3.2.2-py3-none-any.whl.metadata (7.5 kB),,0
	2024-03-24T15:32:44.3140122Z,[15:31:15+0000] Collecting packaging==23.2 (from -r requirements.txt (line 29)),,0
	2024-03-24T15:32:44.3652754Z,[15:31:15+0000]   Using cached packaging-23.2-py3-none-any.whl.metadata (3.2 kB),,0
	2024-03-24T15:32:44.4203623Z,[15:31:16+0000] Collecting pandas==2.2.1 (from -r requirements.txt (line 30)),,0
	2024-03-24T15:32:44.4801120Z,[15:31:16+0000]   Using cached pandas-2.2.1-cp311-cp311-manylinux_2_17_x86_64.manylinux2014_x86_64.whl.metadata (19 kB),,0
	2024-03-24T15:32:44.5364794Z,[15:31:17+0000] Collecting protobuf==4.24.3 (from -r requirements.txt (line 31)),,0
	2024-03-24T15:32:44.6213978Z,[15:31:17+0000]   Using cached protobuf-4.24.3-cp37-abi3-manylinux2014_x86_64.whl.metadata (540 bytes),,0
	2024-03-24T15:32:44.6989285Z,[15:31:17+0000] Collecting pyasn1==0.5.0 (from -r requirements.txt (line 32)),,0
	2024-03-24T15:32:44.7570089Z,[15:31:17+0000]   Using cached pyasn1-0.5.0-py2.py3-none-any.whl.metadata (8.5 kB),,0
	2024-03-24T15:32:44.7883115Z,[15:31:17+0000] Collecting pyasn1-modules==0.3.0 (from -r requirements.txt (line 33)),,0
	2024-03-24T15:32:44.8076279Z,[15:31:17+0000]   Using cached pyasn1_modules-0.3.0-py2.py3-none-any.whl.metadata (3.6 kB),,0
	2024-03-24T15:32:44.8257605Z,[15:31:17+0000] Collecting pyodbc==4.0.39 (from -r requirements.txt (line 34)),,0
	2024-03-24T15:32:44.8643327Z,[15:31:17+0000]   Using cached pyodbc-4.0.39-cp311-cp311-manylinux_2_17_x86_64.manylinux2014_x86_64.whl.metadata (3.2 kB),,0
	2024-03-24T15:32:44.8836679Z,[15:31:18+0000] Collecting pyparsing==3.1.1 (from -r requirements.txt (line 35)),,0
	2024-03-24T15:32:44.9411586Z,[15:31:18+0000]   Using cached pyparsing-3.1.1-py3-none-any.whl.metadata (5.1 kB),,0
	2024-03-24T15:32:44.9910945Z,[15:31:18+0000] Collecting python-dateutil==2.9.0.post0 (from -r requirements.txt (line 36)),,0
	2024-03-24T15:32:45.0468059Z,[15:31:18+0000]   Using cached python_dateutil-2.9.0.post0-py2.py3-none-any.whl.metadata (8.4 kB),,0
	2024-03-24T15:32:45.1127775Z,[15:31:18+0000] Collecting pytz==2024.1 (from -r requirements.txt (line 37)),,0
	2024-03-24T15:32:45.1884399Z,[15:31:18+0000]   Using cached pytz-2024.1-py2.py3-none-any.whl.metadata (22 kB),,0
	2024-03-24T15:32:45.2020463Z,[15:31:18+0000] Collecting requests==2.31.0 (from -r requirements.txt (line 38)),,0
	2024-03-24T15:32:45.3223484Z,[15:31:18+0000]   Using cached requests-2.31.0-py3-none-any.whl.metadata (4.6 kB),,0
	2024-03-24T15:32:45.3598690Z,[15:31:18+0000] Collecting requests-oauthlib==1.3.1 (from -r requirements.txt (line 39)),,0
	2024-03-24T15:32:45.5529698Z,[15:31:18+0000]   Using cached requests_oauthlib-1.3.1-py2.py3-none-any.whl.metadata (10 kB),,0
	2024-03-24T15:32:45.6003585Z,[15:31:18+0000] Collecting rsa==4.9 (from -r requirements.txt (line 40)),,0
	2024-03-24T15:32:45.6283160Z,[15:31:18+0000]   Using cached rsa-4.9-py3-none-any.whl.metadata (4.2 kB),,0
	2024-03-24T15:32:45.7036998Z,[15:31:18+0000] Collecting six==1.16.0 (from -r requirements.txt (line 41)),,0
	2024-03-24T15:32:45.7257356Z,[15:31:18+0000]   Using cached six-1.16.0-py2.py3-none-any.whl.metadata (1.8 kB),,0
	2024-03-24T15:32:45.8166331Z,[15:31:20+0000] Collecting SQLAlchemy==2.0.20 (from -r requirements.txt (line 42)),,0
	2024-03-24T15:32:45.8545792Z,[15:31:20+0000]   Using cached SQLAlchemy-2.0.20-cp311-cp311-manylinux_2_17_x86_64.manylinux2014_x86_64.whl.metadata (9.4 kB),,0
	2024-03-24T15:32:45.8850287Z,[15:31:20+0000] Collecting StrEnum==0.4.15 (from -r requirements.txt (line 43)),,0
	2024-03-24T15:32:45.9223225Z,[15:31:20+0000]   Using cached StrEnum-0.4.15-py3-none-any.whl.metadata (5.3 kB),,0
	2024-03-24T15:32:45.9593941Z,[15:31:20+0000] Collecting typing_extensions==4.7.1 (from -r requirements.txt (line 44)),,0
	2024-03-24T15:32:45.9806477Z,[15:31:20+0000]   Using cached typing_extensions-4.7.1-py3-none-any.whl.metadata (3.1 kB),,0
	2024-03-24T15:32:46.0007102Z,[15:31:20+0000] Collecting tzdata==2024.1 (from -r requirements.txt (line 45)),,0
	2024-03-24T15:32:46.0400781Z,[15:31:20+0000]   Using cached tzdata-2024.1-py2.py3-none-any.whl.metadata (1.4 kB),,0
	2024-03-24T15:32:46.0946744Z,[15:31:20+0000] Collecting uritemplate==4.1.1 (from -r requirements.txt (line 46)),,0
	2024-03-24T15:32:46.1153315Z,[15:31:20+0000]   Using cached uritemplate-4.1.1-py2.py3-none-any.whl.metadata (2.9 kB),,0
	2024-03-24T15:32:46.1870383Z,[15:31:20+0000] Collecting urllib3==1.26.16 (from -r requirements.txt (line 47)),,0
	2024-03-24T15:32:46.2574400Z,[15:31:20+0000]   Using cached urllib3-1.26.16-py2.py3-none-any.whl.metadata (48 kB),,0
	2024-03-24T15:32:46.2920176Z,[15:31:21+0000] Collecting Werkzeug==2.3.7 (from -r requirements.txt (line 48)),,0
	2024-03-24T15:32:46.3136218Z,[15:31:21+0000]   Using cached werkzeug-2.3.7-py3-none-any.whl.metadata (4.1 kB),,0
	2024-03-24T15:32:46.4171368Z,[15:31:21+0000] Collecting zope.interface==6.2 (from -r requirements.txt (line 49)),,0
	2024-03-24T15:32:46.4556577Z,[15:31:21+0000]   Using cached zope.interface-6.2-cp311-cp311-manylinux_2_5_x86_64.manylinux1_x86_64.manylinux_2_17_x86_64.manylinux2014_x86_64.whl.metadata (41 kB),,0
	2024-03-24T15:32:46.5136579Z,[15:31:25+0000] Requirement already satisfied: setuptools in ./antenv/lib/python3.11/site-packages (from zope.interface==6.2->-r requirements.txt (line 49)) (65.5.0),,0
	2024-03-24T15:32:46.5530358Z,[15:31:25+0000] Using cached blinker-1.6.2-py3-none-any.whl (13 kB),,0
	2024-03-24T15:32:46.6201852Z,[15:31:25+0000] Using cached cachetools-5.3.1-py3-none-any.whl (9.3 kB),,0
	2024-03-24T15:32:46.6959073Z,[15:31:25+0000] Using cached certifi-2023.7.22-py3-none-any.whl (158 kB),,0
	2024-03-24T15:32:46.7696361Z,[15:31:25+0000] Using cached charset_normalizer-3.2.0-cp311-cp311-manylinux_2_17_x86_64.manylinux2014_x86_64.whl (199 kB),,0
	2024-03-24T15:32:46.8472419Z,[15:31:25+0000] Using cached click-8.1.7-py3-none-any.whl (97 kB),,0
	2024-03-24T15:32:46.9132551Z,[15:31:25+0000] Using cached colorama-0.4.6-py2.py3-none-any.whl (25 kB),,0
	2024-03-24T15:32:46.9515844Z,[15:31:25+0000] Using cached config-0.5.1-py2.py3-none-any.whl (20 kB),,0
	2024-03-24T15:32:46.9799356Z,[15:31:25+0000] Using cached DateTime-5.4-py3-none-any.whl (52 kB),,0
	2024-03-24T15:32:47.0259255Z,[15:31:26+0000] Using cached Flask-2.3.2-py3-none-any.whl (96 kB),,0
	2024-03-24T15:32:47.1301570Z,[15:31:26+0000] Using cached Flask_Cors-4.0.0-py2.py3-none-any.whl (14 kB),,0
	2024-03-24T15:32:47.1709438Z,[15:31:26+0000] Using cached flask_sqlalchemy-3.0.5-py3-none-any.whl (24 kB),,0
	2024-03-24T15:32:47.2274188Z,[15:31:26+0000] Using cached google_api_core-2.11.1-py3-none-any.whl (120 kB),,0
	2024-03-24T15:32:47.2474955Z,[15:31:26+0000] Using cached google_api_python_client-2.100.0-py2.py3-none-any.whl (12.2 MB),,0
	2024-03-24T15:32:47.2820350Z,[15:31:26+0000] Using cached google_auth-2.23.0-py2.py3-none-any.whl (181 kB),,0
	2024-03-24T15:32:47.3112388Z,[15:31:26+0000] Using cached google_auth_httplib2-0.1.1-py2.py3-none-any.whl (9.3 kB),,0
	2024-03-24T15:32:47.3485096Z,[15:31:26+0000] Using cached google_auth_oauthlib-1.1.0-py2.py3-none-any.whl (19 kB),,0
	2024-03-24T15:32:47.4549276Z,[15:31:26+0000] Using cached googleapis_common_protos-1.60.0-py2.py3-none-any.whl (227 kB),,0
	2024-03-24T15:32:47.6081474Z,[15:31:26+0000] Using cached greenlet-2.0.2-cp311-cp311-manylinux_2_17_x86_64.manylinux2014_x86_64.whl (618 kB),,0
	2024-03-24T15:32:47.8176561Z,[15:31:26+0000] Using cached gspread-5.11.2-py3-none-any.whl (46 kB),,0
	2024-03-24T15:32:47.8928623Z,[15:31:26+0000] Using cached gunicorn-21.2.0-py3-none-any.whl (80 kB),,0
	2024-03-24T15:32:47.9383443Z,[15:31:26+0000] Using cached httplib2-0.22.0-py3-none-any.whl (96 kB),,0
	2024-03-24T15:32:48.1752808Z,[15:31:26+0000] Using cached idna-3.4-py3-none-any.whl (61 kB),,0
	2024-03-24T15:32:48.2126697Z,[15:31:26+0000] Using cached itsdangerous-2.1.2-py3-none-any.whl (15 kB),,0
	2024-03-24T15:32:48.3062184Z,[15:31:26+0000] Using cached Jinja2-3.1.2-py3-none-any.whl (133 kB),,0
	2024-03-24T15:32:48.3564360Z,[15:31:26+0000] Using cached MarkupSafe-2.1.3-cp311-cp311-manylinux_2_17_x86_64.manylinux2014_x86_64.whl (28 kB),,0
	2024-03-24T15:32:48.3821354Z,[15:31:26+0000] Using cached numpy-1.26.4-cp311-cp311-manylinux_2_17_x86_64.manylinux2014_x86_64.whl (18.3 MB),,0
	2024-03-24T15:32:48.4010820Z,[15:31:26+0000] Using cached oauth2client-4.1.3-py2.py3-none-any.whl (98 kB),,0
	2024-03-24T15:32:48.4585700Z,[15:31:26+0000] Using cached oauthlib-3.2.2-py3-none-any.whl (151 kB),,0
	2024-03-24T15:32:48.5348060Z,[15:31:26+0000] Using cached packaging-23.2-py3-none-any.whl (53 kB),,0
	2024-03-24T15:32:48.5728615Z,[15:31:26+0000] Using cached pandas-2.2.1-cp311-cp311-manylinux_2_17_x86_64.manylinux2014_x86_64.whl (13.0 MB),,0
	2024-03-24T15:32:48.6682469Z,[15:31:26+0000] Using cached protobuf-4.24.3-cp37-abi3-manylinux2014_x86_64.whl (311 kB),,0
	2024-03-24T15:32:48.7568770Z,[15:31:26+0000] Using cached pyasn1-0.5.0-py2.py3-none-any.whl (83 kB),,0
	2024-03-24T15:32:48.8213872Z,[15:31:26+0000] Using cached pyasn1_modules-0.3.0-py2.py3-none-any.whl (181 kB),,0
	2024-03-24T15:32:48.8434692Z,[15:31:26+0000] Using cached pyodbc-4.0.39-cp311-cp311-manylinux_2_17_x86_64.manylinux2014_x86_64.whl (352 kB),,0
	2024-03-24T15:32:48.8910391Z,[15:31:26+0000] Using cached pyparsing-3.1.1-py3-none-any.whl (103 kB),,0
	2024-03-24T15:32:48.9877578Z,[15:31:26+0000] Using cached python_dateutil-2.9.0.post0-py2.py3-none-any.whl (229 kB),,0
	2024-03-24T15:32:49.0085799Z,[15:31:26+0000] Using cached pytz-2024.1-py2.py3-none-any.whl (505 kB),,0
	2024-03-24T15:32:49.0460050Z,[15:31:26+0000] Using cached requests-2.31.0-py3-none-any.whl (62 kB),,0
	2024-03-24T15:32:49.0670810Z,[15:31:27+0000] Using cached requests_oauthlib-1.3.1-py2.py3-none-any.whl (23 kB),,0
	2024-03-24T15:32:49.1152769Z,[15:31:27+0000] Using cached rsa-4.9-py3-none-any.whl (34 kB),,0
	2024-03-24T15:32:49.2007978Z,[15:31:27+0000] Using cached six-1.16.0-py2.py3-none-any.whl (11 kB),,0
	2024-03-24T15:32:49.2483632Z,[15:31:27+0000] Using cached SQLAlchemy-2.0.20-cp311-cp311-manylinux_2_17_x86_64.manylinux2014_x86_64.whl (3.2 MB),,0
	2024-03-24T15:32:49.2791656Z,[15:31:27+0000] Using cached StrEnum-0.4.15-py3-none-any.whl (8.9 kB),,0
	2024-03-24T15:32:49.2973914Z,[15:31:27+0000] Using cached typing_extensions-4.7.1-py3-none-any.whl (33 kB),,0
	2024-03-24T15:32:49.3122942Z,[15:31:27+0000] Using cached tzdata-2024.1-py2.py3-none-any.whl (345 kB),,0
	2024-03-24T15:32:49.3268865Z,[15:31:27+0000] Using cached uritemplate-4.1.1-py2.py3-none-any.whl (10 kB),,0
	2024-03-24T15:32:49.3668382Z,[15:31:27+0000] Using cached urllib3-1.26.16-py2.py3-none-any.whl (143 kB),,0
	2024-03-24T15:32:49.3797062Z,[15:31:27+0000] Using cached werkzeug-2.3.7-py3-none-any.whl (242 kB),,0
	2024-03-24T15:32:49.3886127Z,[15:31:27+0000] Using cached zope.interface-6.2-cp311-cp311-manylinux_2_5_x86_64.manylinux1_x86_64.manylinux_2_17_x86_64.manylinux2014_x86_64.whl (249 kB),,0
	2024-03-24T15:32:49.4541161Z,[15:31:29+0000] Installing collected packages: StrEnum&comma; pytz&comma; config&comma; zope.interface&comma; urllib3&comma; uritemplate&comma; tzdata&comma; typing_extensions&comma; six&comma; pyparsing&comma; pyodbc&comma; pyasn1&comma; protobuf&comma; packaging&comma; oauthlib&comma; numpy&comma; MarkupSafe&comma; itsdangerous&comma; idna&comma; greenlet&comma; colorama&comma; click&comma; charset-normalizer&comma; certifi&comma; cachetools&comma; blinker&comma; Werkzeug&comma; SQLAlchemy&comma; rsa&comma; requests&comma; python-dateutil&comma; pyasn1-modules&comma; Jinja2&comma; httplib2&comma; gunicorn&comma; googleapis-common-protos&comma; DateTime&comma; requests-oauthlib&comma; pandas&comma; oauth2client&comma; google-auth&comma; Flask&comma; google-auth-oauthlib&comma; google-auth-httplib2&comma; google-api-core&comma; Flask-SQLAlchemy&comma; Flask-Cors&comma; gspread&comma; google-api-python-client,,0
	2024-03-24T15:32:49.5882899Z,[15:32:37+0000] Successfully installed DateTime-5.4 Flask-2.3.2 Flask-Cors-4.0.0 Flask-SQLAlchemy-3.0.5 Jinja2-3.1.2 MarkupSafe-2.1.3 SQLAlchemy-2.0.20 StrEnum-0.4.15 Werkzeug-2.3.7 blinker-1.6.2 cachetools-5.3.1 certifi-2023.7.22 charset-normalizer-3.2.0 click-8.1.7 colorama-0.4.6 config-0.5.1 google-api-core-2.11.1 google-api-python-client-2.100.0 google-auth-2.23.0 google-auth-httplib2-0.1.1 google-auth-oauthlib-1.1.0 googleapis-common-protos-1.60.0 greenlet-2.0.2 gspread-5.11.2 gunicorn-21.2.0 httplib2-0.22.0 idna-3.4 itsdangerous-2.1.2 numpy-1.26.4 oauth2client-4.1.3 oauthlib-3.2.2 packaging-23.2 pandas-2.2.1 protobuf-4.24.3 pyasn1-0.5.0 pyasn1-modules-0.3.0 pyodbc-4.0.39 pyparsing-3.1.1 python-dateutil-2.9.0.post0 pytz-2024.1 requests-2.31.0 requests-oauthlib-1.3.1 rsa-4.9 six-1.16.0 typing_extensions-4.7.1 tzdata-2024.1 uritemplate-4.1.1 urllib3-1.26.16 zope.interface-6.2,,0
	2024-03-24T15:32:49.6013642Z,Not a vso image&comma; so not writing build commands,,0
	2024-03-24T15:32:49.6575601Z,Preparing output...,,0
	2024-03-24T15:32:49.7064066Z,,,0
	2024-03-24T15:32:49.7738973Z,Copying files to destination directory '/tmp/_preCompressedDestinationDir'...,,0
	2024-03-24T15:33:27.6472078Z,Done in 39 sec(s).,,0
	2024-03-24T15:33:27.6866310Z,Compressing content of directory '/tmp/_preCompressedDestinationDir'...,,0
	2024-03-24T15:34:35.3662044Z,Copied the compressed output to '/home/site/wwwroot',,0
	2024-03-24T15:34:35.4491181Z,,,0
	2024-03-24T15:34:35.4697389Z,Removing existing manifest file,,0
	2024-03-24T15:34:35.4883527Z,Creating a manifest file...,,0
	2024-03-24T15:34:35.5080795Z,Manifest file created.,,0
	2024-03-24T15:34:35.5286823Z,Copying .ostype to manifest output directory.,,0
	2024-03-24T15:34:35.5694452Z,,,0
	2024-03-24T15:34:35.6062380Z,Done in 233 sec(s).,,0
2024-03-24T15:34:36.3061135Z,Running post deployment command(s)...,384fa53a-6713-46a7-84bc-7fdd903a20b4,0
2024-03-24T15:34:36.4385575Z,,1464e643-8c41-4d32-8007-0f162c58e98f,0
2024-03-24T15:34:36.5244984Z,Generating summary of Oryx build,d06cce09-83d1-42ce-906a-1714f9803dbf,0
2024-03-24T15:34:36.6352099Z,Parsing the build logs,36d5af7d-d39e-4c95-8029-ecbb8c3c0837,0
2024-03-24T15:34:36.7312983Z,Found 0 issue(s),85e3fcf9-dba2-45b7-be4b-285d6fc43d93,0
2024-03-24T15:34:36.8061260Z,,116ec970-2f34-41dc-a368-91efacb5b6c9,0
2024-03-24T15:34:36.9027550Z,Build Summary :,2f4be863-24d6-44da-bba8-9b9300643edc,0
2024-03-24T15:34:37.0570522Z,===============,82c3ecff-40c4-4d0f-a631-301c071fd4fb,0
2024-03-24T15:34:37.1708375Z,Errors (0),d905c0c4-db0e-4e63-8065-b86b0364c248,0
2024-03-24T15:34:37.2449052Z,Warnings (0),981ae234-7945-4ad6-b8c2-d8f97b1a7f6f,0
2024-03-24T15:34:37.3150889Z,,79cbd78c-8d19-4bc7-8605-4d6f3a80ca36,0
2024-03-24T15:34:37.4077788Z,Triggering recycle (preview mode disabled).,f2b33735-e1e1-4702-a986-a0ef9e074550,0
2024-03-24T15:34:37.5471507Z,Deployment successful. deployer = GITHUB_ZIP_DEPLOY deploymentPath = ZipDeploy. Extract zip. Remote build.,e0f3a9ff-e104-43ea-87cc-291d147844cd,0
