2024-03-24T13:03:38.5510372Z,Updating submodules.,61c5cde7-abba-4c61-8ff2-b8daca54d7c2,0
2024-03-24T13:03:39.6249671Z,Preparing deployment for commit id '6ae19d19-8'.,bd77c745-82f4-4921-985f-73393606a35c,0
2024-03-24T13:03:39.8167912Z,PreDeployment: context.CleanOutputPath False,9f7d3e4f-e6b4-444d-9a88-9662a8577777,0
2024-03-24T13:03:39.8985711Z,PreDeployment: context.OutputPath /home/site/wwwroot,075728cf-782b-42bb-8d0f-beaa5718916f,0
2024-03-24T13:03:40.0140294Z,Repository path is /tmp/zipdeploy/extracted,66e6739e-f705-4c07-9779-6dc549999a7d,0
2024-03-24T13:03:40.0932681Z,Running oryx build...,be85a348-26fd-431b-8a32-d29542a4e6fb,0
	2024-03-24T13:03:40.0982371Z,Command: oryx build /tmp/zipdeploy/extracted -o /home/site/wwwroot --platform python --platform-version 3.11 -p virtualenv_name=antenv --log-file /tmp/build-debug.log  -i /tmp/8dc4c02d3395043 --compress-destination-dir | tee /tmp/oryx-build.log,,0
	2024-03-24T13:03:42.8013863Z,Operation performed by Microsoft Oryx&comma; https://github.com/Microsoft/Oryx,,0
	2024-03-24T13:03:42.8341237Z,You can report issues at https://github.com/Microsoft/Oryx/issues,,0
	2024-03-24T13:03:42.8531581Z,,,0
	2024-03-24T13:03:42.8721249Z,Oryx Version: 0.2.20230508.1&comma; Commit: 7fe2bf39b357dd68572b438a85ca50b5ecfb4592&comma; ReleaseTagName: 20230508.1,,0
	2024-03-24T13:03:42.9317221Z,,,0
	2024-03-24T13:03:42.9668023Z,Build Operation ID: 56f20034442af253,,0
	2024-03-24T13:03:42.9894536Z,Repository Commit : 6ae19d19-8d62-45dd-a6de-d2ad655d34d8,,0
	2024-03-24T13:03:43.0086347Z,OS Type           : bullseye,,0
	2024-03-24T13:03:43.0534049Z,Image Type        : githubactions,,0
	2024-03-24T13:03:43.1233969Z,,,0
	2024-03-24T13:03:43.1420189Z,Detecting platforms...,,0
	2024-03-24T13:03:45.2959425Z,Detected following platforms:,,0
	2024-03-24T13:03:45.3231487Z,  python: 3.11.8,,0
	2024-03-24T13:03:45.8911425Z,,,0
	2024-03-24T13:03:46.0042191Z,Using intermediate directory '/tmp/8dc4c02d3395043'.,,0
	2024-03-24T13:03:46.0173020Z,,,0
	2024-03-24T13:03:46.0447258Z,Copying files to the intermediate directory...,,0
	2024-03-24T13:03:46.1342734Z,Done in 0 sec(s).,,0
	2024-03-24T13:03:46.1481873Z,,,0
	2024-03-24T13:03:46.1862621Z,Source directory     : /tmp/8dc4c02d3395043,,0
	2024-03-24T13:03:46.1970876Z,Destination directory: /home/site/wwwroot,,0
	2024-03-24T13:03:46.2154038Z,,,0
	2024-03-24T13:03:46.7340813Z,Python Version: /tmp/oryx/platforms/python/3.11.8/bin/python3.11,,0
	2024-03-24T13:03:46.7624712Z,Creating directory for command manifest file if it does not exist,,0
	2024-03-24T13:03:46.7998353Z,Removing existing manifest file,,0
	2024-03-24T13:03:46.8523657Z,Python Virtual Environment: antenv,,0
	2024-03-24T13:03:46.8804403Z,Creating virtual environment...,,0
	2024-03-24T13:04:07.4048098Z,Activating virtual environment...,,0
	2024-03-24T13:04:07.4377177Z,Running pip install...,,0
	2024-03-24T13:05:31.0802574Z,[13:04:10+0000] Collecting blinker==1.6.2 (from -r requirements.txt (line 1)),,0
	2024-03-24T13:05:31.1185153Z,[13:04:10+0000]   Using cached blinker-1.6.2-py3-none-any.whl.metadata (2.0 kB),,0
	2024-03-24T13:05:31.1674097Z,[13:04:10+0000] Collecting cachetools==5.3.1 (from -r requirements.txt (line 2)),,0
	2024-03-24T13:05:31.1777021Z,[13:04:10+0000]   Using cached cachetools-5.3.1-py3-none-any.whl.metadata (5.2 kB),,0
	2024-03-24T13:05:31.1879266Z,[13:04:10+0000] Collecting certifi==2023.7.22 (from -r requirements.txt (line 3)),,0
	2024-03-24T13:05:31.1992977Z,[13:04:10+0000]   Using cached certifi-2023.7.22-py3-none-any.whl.metadata (2.2 kB),,0
	2024-03-24T13:05:31.2198456Z,[13:04:10+0000] Collecting charset-normalizer==3.2.0 (from -r requirements.txt (line 4)),,0
	2024-03-24T13:05:31.2581896Z,[13:04:10+0000]   Using cached charset_normalizer-3.2.0-cp311-cp311-manylinux_2_17_x86_64.manylinux2014_x86_64.whl.metadata (31 kB),,0
	2024-03-24T13:05:31.2964167Z,[13:04:11+0000] Collecting click==8.1.7 (from -r requirements.txt (line 5)),,0
	2024-03-24T13:05:31.3084710Z,[13:04:11+0000]   Using cached click-8.1.7-py3-none-any.whl.metadata (3.0 kB),,0
	2024-03-24T13:05:31.3580644Z,[13:04:11+0000] Collecting colorama==0.4.6 (from -r requirements.txt (line 6)),,0
	2024-03-24T13:05:31.3767816Z,[13:04:11+0000]   Using cached colorama-0.4.6-py2.py3-none-any.whl.metadata (17 kB),,0
	2024-03-24T13:05:31.4058476Z,[13:04:11+0000] Collecting config==0.5.1 (from -r requirements.txt (line 7)),,0
	2024-03-24T13:05:31.4557235Z,[13:04:11+0000]   Using cached config-0.5.1-py2.py3-none-any.whl.metadata (1.4 kB),,0
	2024-03-24T13:05:31.4855440Z,[13:04:11+0000] Collecting DateTime==5.4 (from -r requirements.txt (line 8)),,0
	2024-03-24T13:05:31.5036369Z,[13:04:11+0000]   Using cached DateTime-5.4-py3-none-any.whl.metadata (33 kB),,0
	2024-03-24T13:05:31.5323704Z,[13:04:11+0000] Collecting Flask==2.3.2 (from -r requirements.txt (line 9)),,0
	2024-03-24T13:05:31.5440810Z,[13:04:11+0000]   Using cached Flask-2.3.2-py3-none-any.whl.metadata (3.7 kB),,0
	2024-03-24T13:05:31.5717742Z,[13:04:11+0000] Collecting Flask-Cors==4.0.0 (from -r requirements.txt (line 10)),,0
	2024-03-24T13:05:31.5827333Z,[13:04:11+0000]   Using cached Flask_Cors-4.0.0-py2.py3-none-any.whl.metadata (5.4 kB),,0
	2024-03-24T13:05:31.5944750Z,[13:04:11+0000] Collecting Flask-SQLAlchemy==3.0.5 (from -r requirements.txt (line 11)),,0
	2024-03-24T13:05:31.6104348Z,[13:04:11+0000]   Using cached flask_sqlalchemy-3.0.5-py3-none-any.whl.metadata (3.3 kB),,0
	2024-03-24T13:05:31.6226830Z,[13:04:11+0000] Collecting google-api-core==2.11.1 (from -r requirements.txt (line 12)),,0
	2024-03-24T13:05:31.7185252Z,[13:04:11+0000]   Using cached google_api_core-2.11.1-py3-none-any.whl.metadata (2.7 kB),,0
	2024-03-24T13:05:31.7490012Z,[13:04:12+0000] Collecting google-api-python-client==2.100.0 (from -r requirements.txt (line 13)),,0
	2024-03-24T13:05:31.7708359Z,[13:04:12+0000]   Using cached google_api_python_client-2.100.0-py2.py3-none-any.whl.metadata (6.6 kB),,0
	2024-03-24T13:05:31.8375691Z,[13:04:12+0000] Collecting google-auth==2.23.0 (from -r requirements.txt (line 14)),,0
	2024-03-24T13:05:31.8571889Z,[13:04:12+0000]   Using cached google_auth-2.23.0-py2.py3-none-any.whl.metadata (4.2 kB),,0
	2024-03-24T13:05:31.8746059Z,[13:04:12+0000] Collecting google-auth-httplib2==0.1.1 (from -r requirements.txt (line 15)),,0
	2024-03-24T13:05:31.8859378Z,[13:04:12+0000]   Using cached google_auth_httplib2-0.1.1-py2.py3-none-any.whl.metadata (2.1 kB),,0
	2024-03-24T13:05:31.8956005Z,[13:04:12+0000] Collecting google-auth-oauthlib==1.1.0 (from -r requirements.txt (line 16)),,0
	2024-03-24T13:05:31.9061329Z,[13:04:12+0000]   Using cached google_auth_oauthlib-1.1.0-py2.py3-none-any.whl.metadata (2.7 kB),,0
	2024-03-24T13:05:31.9159617Z,[13:04:13+0000] Collecting googleapis-common-protos==1.60.0 (from -r requirements.txt (line 17)),,0
	2024-03-24T13:05:31.9338879Z,[13:04:13+0000]   Using cached googleapis_common_protos-1.60.0-py2.py3-none-any.whl.metadata (1.5 kB),,0
	2024-03-24T13:05:31.9437850Z,[13:04:13+0000] Collecting greenlet==2.0.2 (from -r requirements.txt (line 18)),,0
	2024-03-24T13:05:31.9559878Z,[13:04:13+0000]   Using cached greenlet-2.0.2-cp311-cp311-manylinux_2_17_x86_64.manylinux2014_x86_64.whl.metadata (4.1 kB),,0
	2024-03-24T13:05:31.9807358Z,[13:04:13+0000] Collecting gspread==5.11.2 (from -r requirements.txt (line 19)),,0
	2024-03-24T13:05:32.0023746Z,[13:04:13+0000]   Using cached gspread-5.11.2-py3-none-any.whl.metadata (7.0 kB),,0
	2024-03-24T13:05:32.0286472Z,[13:04:13+0000] Collecting gunicorn==21.2.0 (from -r requirements.txt (line 20)),,0
	2024-03-24T13:05:32.0777436Z,[13:04:14+0000]   Using cached gunicorn-21.2.0-py3-none-any.whl.metadata (4.1 kB),,0
	2024-03-24T13:05:32.1588797Z,[13:04:14+0000] Collecting httplib2==0.22.0 (from -r requirements.txt (line 21)),,0
	2024-03-24T13:05:32.1903204Z,[13:04:14+0000]   Using cached httplib2-0.22.0-py3-none-any.whl.metadata (2.6 kB),,0
	2024-03-24T13:05:32.2174424Z,[13:04:14+0000] Collecting idna==3.4 (from -r requirements.txt (line 22)),,0
	2024-03-24T13:05:32.2450570Z,[13:04:14+0000]   Using cached idna-3.4-py3-none-any.whl.metadata (9.8 kB),,0
	2024-03-24T13:05:32.2742168Z,[13:04:14+0000] Collecting itsdangerous==2.1.2 (from -r requirements.txt (line 23)),,0
	2024-03-24T13:05:32.3138409Z,[13:04:14+0000]   Using cached itsdangerous-2.1.2-py3-none-any.whl.metadata (2.9 kB),,0
	2024-03-24T13:05:32.3355012Z,[13:04:14+0000] Collecting Jinja2==3.1.2 (from -r requirements.txt (line 24)),,0
	2024-03-24T13:05:32.3748380Z,[13:04:14+0000]   Using cached Jinja2-3.1.2-py3-none-any.whl.metadata (3.5 kB),,0
	2024-03-24T13:05:32.3839051Z,[13:04:15+0000] Collecting MarkupSafe==2.1.3 (from -r requirements.txt (line 25)),,0
	2024-03-24T13:05:32.4008332Z,[13:04:15+0000]   Using cached MarkupSafe-2.1.3-cp311-cp311-manylinux_2_17_x86_64.manylinux2014_x86_64.whl.metadata (3.0 kB),,0
	2024-03-24T13:05:32.4108497Z,[13:04:16+0000] Collecting numpy==1.26.4 (from -r requirements.txt (line 26)),,0
	2024-03-24T13:05:32.4225880Z,[13:04:16+0000]   Using cached numpy-1.26.4-cp311-cp311-manylinux_2_17_x86_64.manylinux2014_x86_64.whl.metadata (61 kB),,0
	2024-03-24T13:05:32.4321625Z,[13:04:16+0000] Collecting oauth2client==4.1.3 (from -r requirements.txt (line 27)),,0
	2024-03-24T13:05:32.4446870Z,[13:04:16+0000]   Using cached oauth2client-4.1.3-py2.py3-none-any.whl.metadata (1.2 kB),,0
	2024-03-24T13:05:32.4590796Z,[13:04:16+0000] Collecting oauthlib==3.2.2 (from -r requirements.txt (line 28)),,0
	2024-03-24T13:05:32.4790913Z,[13:04:16+0000]   Using cached oauthlib-3.2.2-py3-none-any.whl.metadata (7.5 kB),,0
	2024-03-24T13:05:32.4919937Z,[13:04:16+0000] Collecting packaging==23.2 (from -r requirements.txt (line 29)),,0
	2024-03-24T13:05:32.5306791Z,[13:04:16+0000]   Using cached packaging-23.2-py3-none-any.whl.metadata (3.2 kB),,0
	2024-03-24T13:05:32.5576095Z,[13:04:17+0000] Collecting pandas==2.2.1 (from -r requirements.txt (line 30)),,0
	2024-03-24T13:05:32.5794435Z,[13:04:17+0000]   Using cached pandas-2.2.1-cp311-cp311-manylinux_2_17_x86_64.manylinux2014_x86_64.whl.metadata (19 kB),,0
	2024-03-24T13:05:32.6059991Z,[13:04:18+0000] Collecting protobuf==4.24.3 (from -r requirements.txt (line 31)),,0
	2024-03-24T13:05:32.6447033Z,[13:04:18+0000]   Using cached protobuf-4.24.3-cp37-abi3-manylinux2014_x86_64.whl.metadata (540 bytes),,0
	2024-03-24T13:05:32.6550411Z,[13:04:18+0000] Collecting pyasn1==0.5.0 (from -r requirements.txt (line 32)),,0
	2024-03-24T13:05:32.6726306Z,[13:04:18+0000]   Using cached pyasn1-0.5.0-py2.py3-none-any.whl.metadata (8.5 kB),,0
	2024-03-24T13:05:32.6856705Z,[13:04:18+0000] Collecting pyasn1-modules==0.3.0 (from -r requirements.txt (line 33)),,0
	2024-03-24T13:05:32.7313030Z,[13:04:18+0000]   Using cached pyasn1_modules-0.3.0-py2.py3-none-any.whl.metadata (3.6 kB),,0
	2024-03-24T13:05:32.7524068Z,[13:04:18+0000] Collecting pyodbc==4.0.39 (from -r requirements.txt (line 34)),,0
	2024-03-24T13:05:32.7813473Z,[13:04:18+0000]   Using cached pyodbc-4.0.39-cp311-cp311-manylinux_2_17_x86_64.manylinux2014_x86_64.whl.metadata (3.2 kB),,0
	2024-03-24T13:05:32.8106071Z,[13:04:19+0000] Collecting pyparsing==3.1.1 (from -r requirements.txt (line 35)),,0
	2024-03-24T13:05:32.8284088Z,[13:04:19+0000]   Using cached pyparsing-3.1.1-py3-none-any.whl.metadata (5.1 kB),,0
	2024-03-24T13:05:32.8498440Z,[13:04:19+0000] Collecting python-dateutil==2.9.0.post0 (from -r requirements.txt (line 36)),,0
	2024-03-24T13:05:32.8683527Z,[13:04:19+0000]   Using cached python_dateutil-2.9.0.post0-py2.py3-none-any.whl.metadata (8.4 kB),,0
	2024-03-24T13:05:32.9064274Z,[13:04:19+0000] Collecting pytz==2024.1 (from -r requirements.txt (line 37)),,0
	2024-03-24T13:05:32.9182329Z,[13:04:19+0000]   Using cached pytz-2024.1-py2.py3-none-any.whl.metadata (22 kB),,0
	2024-03-24T13:05:32.9284371Z,[13:04:19+0000] Collecting requests==2.31.0 (from -r requirements.txt (line 38)),,0
	2024-03-24T13:05:32.9585675Z,[13:04:19+0000]   Using cached requests-2.31.0-py3-none-any.whl.metadata (4.6 kB),,0
	2024-03-24T13:05:32.9691470Z,[13:04:19+0000] Collecting requests-oauthlib==1.3.1 (from -r requirements.txt (line 39)),,0
	2024-03-24T13:05:33.0665272Z,[13:04:19+0000]   Using cached requests_oauthlib-1.3.1-py2.py3-none-any.whl.metadata (10 kB),,0
	2024-03-24T13:05:33.0856927Z,[13:04:19+0000] Collecting rsa==4.9 (from -r requirements.txt (line 40)),,0
	2024-03-24T13:05:33.1747785Z,[13:04:19+0000]   Using cached rsa-4.9-py3-none-any.whl.metadata (4.2 kB),,0
	2024-03-24T13:05:33.1943336Z,[13:04:19+0000] Collecting six==1.16.0 (from -r requirements.txt (line 41)),,0
	2024-03-24T13:05:33.2319555Z,[13:04:19+0000]   Using cached six-1.16.0-py2.py3-none-any.whl.metadata (1.8 kB),,0
	2024-03-24T13:05:33.3118236Z,[13:04:21+0000] Collecting SQLAlchemy==2.0.20 (from -r requirements.txt (line 42)),,0
	2024-03-24T13:05:33.3380100Z,[13:04:21+0000]   Using cached SQLAlchemy-2.0.20-cp311-cp311-manylinux_2_17_x86_64.manylinux2014_x86_64.whl.metadata (9.4 kB),,0
	2024-03-24T13:05:33.3677093Z,[13:04:21+0000] Collecting StrEnum==0.4.15 (from -r requirements.txt (line 43)),,0
	2024-03-24T13:05:33.4085899Z,[13:04:21+0000]   Using cached StrEnum-0.4.15-py3-none-any.whl.metadata (5.3 kB),,0
	2024-03-24T13:05:33.4469441Z,[13:04:21+0000] Collecting typing_extensions==4.7.1 (from -r requirements.txt (line 44)),,0
	2024-03-24T13:05:33.5132187Z,[13:04:21+0000]   Using cached typing_extensions-4.7.1-py3-none-any.whl.metadata (3.1 kB),,0
	2024-03-24T13:05:33.5348717Z,[13:04:21+0000] Collecting tzdata==2024.1 (from -r requirements.txt (line 45)),,0
	2024-03-24T13:05:33.5551396Z,[13:04:21+0000]   Using cached tzdata-2024.1-py2.py3-none-any.whl.metadata (1.4 kB),,0
	2024-03-24T13:05:33.5919343Z,[13:04:21+0000] Collecting uritemplate==4.1.1 (from -r requirements.txt (line 46)),,0
	2024-03-24T13:05:33.6417626Z,[13:04:21+0000]   Using cached uritemplate-4.1.1-py2.py3-none-any.whl.metadata (2.9 kB),,0
	2024-03-24T13:05:33.6792066Z,[13:04:21+0000] Collecting urllib3==1.26.16 (from -r requirements.txt (line 47)),,0
	2024-03-24T13:05:33.6999713Z,[13:04:21+0000]   Using cached urllib3-1.26.16-py2.py3-none-any.whl.metadata (48 kB),,0
	2024-03-24T13:05:33.7758819Z,[13:04:22+0000] Collecting Werkzeug==2.3.7 (from -r requirements.txt (line 48)),,0
	2024-03-24T13:05:33.8172524Z,[13:04:22+0000]   Using cached werkzeug-2.3.7-py3-none-any.whl.metadata (4.1 kB),,0
	2024-03-24T13:05:33.8373291Z,[13:04:23+0000] Collecting zope.interface==6.2 (from -r requirements.txt (line 49)),,0
	2024-03-24T13:05:33.8649219Z,[13:04:23+0000]   Using cached zope.interface-6.2-cp311-cp311-manylinux_2_5_x86_64.manylinux1_x86_64.manylinux_2_17_x86_64.manylinux2014_x86_64.whl.metadata (41 kB),,0
	2024-03-24T13:05:33.9058481Z,[13:04:26+0000] Requirement already satisfied: setuptools in ./antenv/lib/python3.11/site-packages (from zope.interface==6.2->-r requirements.txt (line 49)) (65.5.0),,0
	2024-03-24T13:05:33.9440941Z,[13:04:26+0000] Using cached blinker-1.6.2-py3-none-any.whl (13 kB),,0
	2024-03-24T13:05:34.2141734Z,[13:04:26+0000] Using cached cachetools-5.3.1-py3-none-any.whl (9.3 kB),,0
	2024-03-24T13:05:34.3023899Z,[13:04:26+0000] Using cached certifi-2023.7.22-py3-none-any.whl (158 kB),,0
	2024-03-24T13:05:34.3813162Z,[13:04:26+0000] Using cached charset_normalizer-3.2.0-cp311-cp311-manylinux_2_17_x86_64.manylinux2014_x86_64.whl (199 kB),,0
	2024-03-24T13:05:34.4390219Z,[13:04:26+0000] Using cached click-8.1.7-py3-none-any.whl (97 kB),,0
	2024-03-24T13:05:34.4705144Z,[13:04:27+0000] Using cached colorama-0.4.6-py2.py3-none-any.whl (25 kB),,0
	2024-03-24T13:05:34.5172407Z,[13:04:27+0000] Using cached config-0.5.1-py2.py3-none-any.whl (20 kB),,0
	2024-03-24T13:05:34.5659948Z,[13:04:27+0000] Using cached DateTime-5.4-py3-none-any.whl (52 kB),,0
	2024-03-24T13:05:34.5878506Z,[13:04:27+0000] Using cached Flask-2.3.2-py3-none-any.whl (96 kB),,0
	2024-03-24T13:05:34.6523088Z,[13:04:27+0000] Using cached Flask_Cors-4.0.0-py2.py3-none-any.whl (14 kB),,0
	2024-03-24T13:05:34.6917185Z,[13:04:27+0000] Using cached flask_sqlalchemy-3.0.5-py3-none-any.whl (24 kB),,0
	2024-03-24T13:05:34.7128449Z,[13:04:27+0000] Using cached google_api_core-2.11.1-py3-none-any.whl (120 kB),,0
	2024-03-24T13:05:34.7609768Z,[13:04:27+0000] Using cached google_api_python_client-2.100.0-py2.py3-none-any.whl (12.2 MB),,0
	2024-03-24T13:05:34.7796633Z,[13:04:27+0000] Using cached google_auth-2.23.0-py2.py3-none-any.whl (181 kB),,0
	2024-03-24T13:05:34.7923871Z,[13:04:27+0000] Using cached google_auth_httplib2-0.1.1-py2.py3-none-any.whl (9.3 kB),,0
	2024-03-24T13:05:34.8519331Z,[13:04:27+0000] Using cached google_auth_oauthlib-1.1.0-py2.py3-none-any.whl (19 kB),,0
	2024-03-24T13:05:34.9391623Z,[13:04:27+0000] Using cached googleapis_common_protos-1.60.0-py2.py3-none-any.whl (227 kB),,0
	2024-03-24T13:05:35.1092025Z,[13:04:27+0000] Using cached greenlet-2.0.2-cp311-cp311-manylinux_2_17_x86_64.manylinux2014_x86_64.whl (618 kB),,0
	2024-03-24T13:05:35.1479672Z,[13:04:27+0000] Using cached gspread-5.11.2-py3-none-any.whl (46 kB),,0
	2024-03-24T13:05:35.1798539Z,[13:04:27+0000] Using cached gunicorn-21.2.0-py3-none-any.whl (80 kB),,0
	2024-03-24T13:05:35.2156235Z,[13:04:27+0000] Using cached httplib2-0.22.0-py3-none-any.whl (96 kB),,0
	2024-03-24T13:05:35.2862755Z,[13:04:27+0000] Using cached idna-3.4-py3-none-any.whl (61 kB),,0
	2024-03-24T13:05:35.3563030Z,[13:04:27+0000] Using cached itsdangerous-2.1.2-py3-none-any.whl (15 kB),,0
	2024-03-24T13:05:35.4610106Z,[13:04:27+0000] Using cached Jinja2-3.1.2-py3-none-any.whl (133 kB),,0
	2024-03-24T13:05:35.5803956Z,[13:04:27+0000] Using cached MarkupSafe-2.1.3-cp311-cp311-manylinux_2_17_x86_64.manylinux2014_x86_64.whl (28 kB),,0
	2024-03-24T13:05:35.6108227Z,[13:04:27+0000] Using cached numpy-1.26.4-cp311-cp311-manylinux_2_17_x86_64.manylinux2014_x86_64.whl (18.3 MB),,0
	2024-03-24T13:05:35.6757851Z,[13:04:27+0000] Using cached oauth2client-4.1.3-py2.py3-none-any.whl (98 kB),,0
	2024-03-24T13:05:35.7240258Z,[13:04:27+0000] Using cached oauthlib-3.2.2-py3-none-any.whl (151 kB),,0
	2024-03-24T13:05:35.7753164Z,[13:04:27+0000] Using cached packaging-23.2-py3-none-any.whl (53 kB),,0
	2024-03-24T13:05:35.8038173Z,[13:04:27+0000] Using cached pandas-2.2.1-cp311-cp311-manylinux_2_17_x86_64.manylinux2014_x86_64.whl (13.0 MB),,0
	2024-03-24T13:05:35.8265960Z,[13:04:27+0000] Using cached protobuf-4.24.3-cp37-abi3-manylinux2014_x86_64.whl (311 kB),,0
	2024-03-24T13:05:35.8457468Z,[13:04:27+0000] Using cached pyasn1-0.5.0-py2.py3-none-any.whl (83 kB),,0
	2024-03-24T13:05:35.9016973Z,[13:04:27+0000] Using cached pyasn1_modules-0.3.0-py2.py3-none-any.whl (181 kB),,0
	2024-03-24T13:05:35.9716454Z,[13:04:28+0000] Using cached pyodbc-4.0.39-cp311-cp311-manylinux_2_17_x86_64.manylinux2014_x86_64.whl (352 kB),,0
	2024-03-24T13:05:36.0374984Z,[13:04:28+0000] Using cached pyparsing-3.1.1-py3-none-any.whl (103 kB),,0
	2024-03-24T13:05:36.1333938Z,[13:04:28+0000] Using cached python_dateutil-2.9.0.post0-py2.py3-none-any.whl (229 kB),,0
	2024-03-24T13:05:36.1752400Z,[13:04:28+0000] Using cached pytz-2024.1-py2.py3-none-any.whl (505 kB),,0
	2024-03-24T13:05:36.2533252Z,[13:04:28+0000] Using cached requests-2.31.0-py3-none-any.whl (62 kB),,0
	2024-03-24T13:05:36.2922827Z,[13:04:28+0000] Using cached requests_oauthlib-1.3.1-py2.py3-none-any.whl (23 kB),,0
	2024-03-24T13:05:36.3401849Z,[13:04:28+0000] Using cached rsa-4.9-py3-none-any.whl (34 kB),,0
	2024-03-24T13:05:36.3716999Z,[13:04:28+0000] Using cached six-1.16.0-py2.py3-none-any.whl (11 kB),,0
	2024-03-24T13:05:36.3983566Z,[13:04:28+0000] Using cached SQLAlchemy-2.0.20-cp311-cp311-manylinux_2_17_x86_64.manylinux2014_x86_64.whl (3.2 MB),,0
	2024-03-24T13:05:36.4203989Z,[13:04:28+0000] Using cached StrEnum-0.4.15-py3-none-any.whl (8.9 kB),,0
	2024-03-24T13:05:36.4687120Z,[13:04:28+0000] Using cached typing_extensions-4.7.1-py3-none-any.whl (33 kB),,0
	2024-03-24T13:05:36.4859770Z,[13:04:28+0000] Using cached tzdata-2024.1-py2.py3-none-any.whl (345 kB),,0
	2024-03-24T13:05:36.5751051Z,[13:04:28+0000] Using cached uritemplate-4.1.1-py2.py3-none-any.whl (10 kB),,0
	2024-03-24T13:05:36.6221486Z,[13:04:28+0000] Using cached urllib3-1.26.16-py2.py3-none-any.whl (143 kB),,0
	2024-03-24T13:05:36.6338247Z,[13:04:28+0000] Using cached werkzeug-2.3.7-py3-none-any.whl (242 kB),,0
	2024-03-24T13:05:36.6526756Z,[13:04:28+0000] Using cached zope.interface-6.2-cp311-cp311-manylinux_2_5_x86_64.manylinux1_x86_64.manylinux_2_17_x86_64.manylinux2014_x86_64.whl (249 kB),,0
	2024-03-24T13:05:36.6903265Z,[13:04:30+0000] Installing collected packages: StrEnum&comma; pytz&comma; config&comma; zope.interface&comma; urllib3&comma; uritemplate&comma; tzdata&comma; typing_extensions&comma; six&comma; pyparsing&comma; pyodbc&comma; pyasn1&comma; protobuf&comma; packaging&comma; oauthlib&comma; numpy&comma; MarkupSafe&comma; itsdangerous&comma; idna&comma; greenlet&comma; colorama&comma; click&comma; charset-normalizer&comma; certifi&comma; cachetools&comma; blinker&comma; Werkzeug&comma; SQLAlchemy&comma; rsa&comma; requests&comma; python-dateutil&comma; pyasn1-modules&comma; Jinja2&comma; httplib2&comma; gunicorn&comma; googleapis-common-protos&comma; DateTime&comma; requests-oauthlib&comma; pandas&comma; oauth2client&comma; google-auth&comma; Flask&comma; google-auth-oauthlib&comma; google-auth-httplib2&comma; google-api-core&comma; Flask-SQLAlchemy&comma; Flask-Cors&comma; gspread&comma; google-api-python-client,,0
	2024-03-24T13:05:37.1564017Z,[13:05:28+0000] Successfully installed DateTime-5.4 Flask-2.3.2 Flask-Cors-4.0.0 Flask-SQLAlchemy-3.0.5 Jinja2-3.1.2 MarkupSafe-2.1.3 SQLAlchemy-2.0.20 StrEnum-0.4.15 Werkzeug-2.3.7 blinker-1.6.2 cachetools-5.3.1 certifi-2023.7.22 charset-normalizer-3.2.0 click-8.1.7 colorama-0.4.6 config-0.5.1 google-api-core-2.11.1 google-api-python-client-2.100.0 google-auth-2.23.0 google-auth-httplib2-0.1.1 google-auth-oauthlib-1.1.0 googleapis-common-protos-1.60.0 greenlet-2.0.2 gspread-5.11.2 gunicorn-21.2.0 httplib2-0.22.0 idna-3.4 itsdangerous-2.1.2 numpy-1.26.4 oauth2client-4.1.3 oauthlib-3.2.2 packaging-23.2 pandas-2.2.1 protobuf-4.24.3 pyasn1-0.5.0 pyasn1-modules-0.3.0 pyodbc-4.0.39 pyparsing-3.1.1 python-dateutil-2.9.0.post0 pytz-2024.1 requests-2.31.0 requests-oauthlib-1.3.1 rsa-4.9 six-1.16.0 typing_extensions-4.7.1 tzdata-2024.1 uritemplate-4.1.1 urllib3-1.26.16 zope.interface-6.2,,0
	2024-03-24T13:05:37.1847964Z,Not a vso image&comma; so not writing build commands,,0
	2024-03-24T13:05:37.1972229Z,Preparing output...,,0
	2024-03-24T13:05:38.3098373Z,,,0
	2024-03-24T13:05:38.3588586Z,Copying files to destination directory '/tmp/_preCompressedDestinationDir'...,,0
	2024-03-24T13:05:59.0479629Z,Done in 20 sec(s).,,0
	2024-03-24T13:05:59.0794808Z,Compressing content of directory '/tmp/_preCompressedDestinationDir'...,,0
	2024-03-24T13:06:57.7388088Z,Copied the compressed output to '/home/site/wwwroot',,0
	2024-03-24T13:06:57.8609279Z,,,0
	2024-03-24T13:06:57.8723328Z,Removing existing manifest file,,0
	2024-03-24T13:06:57.9009405Z,Creating a manifest file...,,0
	2024-03-24T13:06:57.9244530Z,Manifest file created.,,0
	2024-03-24T13:06:57.9332386Z,Copying .ostype to manifest output directory.,,0
	2024-03-24T13:06:58.0067207Z,,,0
	2024-03-24T13:06:58.0176569Z,Done in 193 sec(s).,,0
2024-03-24T13:06:58.5683932Z,Running post deployment command(s)...,c18cb886-6fa7-4f09-b744-b6ca955dd98a,0
2024-03-24T13:06:58.6614585Z,,8156c2b1-75e2-4b02-8f63-015c31f47f1c,0
2024-03-24T13:06:58.7336409Z,Generating summary of Oryx build,78207799-7dcf-42d8-bd73-8893e8dce663,0
2024-03-24T13:06:58.8458365Z,Parsing the build logs,ce1501d9-cb30-4269-9894-ddd4c5b1b286,0
2024-03-24T13:06:58.9622503Z,Found 0 issue(s),5d867f8f-cee1-42e3-8848-629670afabe5,0
2024-03-24T13:06:59.0225981Z,,a51c284f-0227-49d6-8ce5-d28a6dbedbb3,0
2024-03-24T13:06:59.0869640Z,Build Summary :,a14ad7b4-97ab-4a85-979f-c862a8a9b47c,0
2024-03-24T13:06:59.1551536Z,===============,2d6c85ee-c637-45ed-a47e-1e9c278f329a,0
2024-03-24T13:06:59.2224898Z,Errors (0),b180db64-27f9-4b0d-92c6-439ca8d5b2e0,0
2024-03-24T13:06:59.2831954Z,Warnings (0),6f7e8eb8-be5d-4b2c-8327-87ed30a86fa3,0
2024-03-24T13:06:59.3675831Z,,c4142d8a-084c-4f58-a135-22444685efa2,0
2024-03-24T13:06:59.4565369Z,Triggering recycle (preview mode disabled).,31dc6bb5-e012-46a8-85d8-45e3e508477e,0
2024-03-24T13:06:59.6317456Z,Deployment successful. deployer = GITHUB_ZIP_DEPLOY deploymentPath = ZipDeploy. Extract zip. Remote build.,cd2e166c-e579-479b-ac27-4ef2328ed75c,0
