2024-04-01 19:51:14,242 - logger - INFO - "POST /logs/clear  HTTP/1.1" 200
2024-04-01 19:51:14,242 - logger - INFO - Log file cleared
2024-04-01 19:51:35,796 - logger - INFO - Sheet data inserted successfully!
2024-04-01 21:42:38,438 - logger - ERROR - ('HY000', '[HY000] [Microsoft][ODBC Driver 18 for SQL Server][SQL Server]Windows logins are not supported in this version of SQL Server. (40607) (SQLDriverConnect); [HY000] [Microsoft][ODBC Driver 18 for SQL Server]Invalid connection string attribute (0); [HY000] [Microsoft][ODBC Driver 18 for SQL Server][SQL Server]Windows logins are not supported in this version of SQL Server. (40607); [HY000] [Microsoft][ODBC Driver 18 for SQL Server]Invalid connection string attribute (0)')
2024-04-01 21:42:41,672 - logger - ERROR - ('HY000', '[HY000] [Microsoft][ODBC Driver 18 for SQL Server][SQL Server]Windows logins are not supported in this version of SQL Server. (40607) (SQLDriverConnect); [HY000] [Microsoft][ODBC Driver 18 for SQL Server]Invalid connection string attribute (0); [HY000] [Microsoft][ODBC Driver 18 for SQL Server][SQL Server]Windows logins are not supported in this version of SQL Server. (40607); [HY000] [Microsoft][ODBC Driver 18 for SQL Server]Invalid connection string attribute (0)')
2024-04-01 21:42:46,074 - logger - ERROR - ('HY000', '[HY000] [Microsoft][ODBC Driver 18 for SQL Server][SQL Server]Windows logins are not supported in this version of SQL Server. (40607) (SQLDriverConnect); [HY000] [Microsoft][ODBC Driver 18 for SQL Server]Invalid connection string attribute (0); [HY000] [Microsoft][ODBC Driver 18 for SQL Server][SQL Server]Windows logins are not supported in this version of SQL Server. (40607); [HY000] [Microsoft][ODBC Driver 18 for SQL Server]Invalid connection string attribute (0)')
2024-04-01 21:43:04,148 - logger - ERROR - ('HY000', '[HY000] [Microsoft][ODBC Driver 18 for SQL Server][SQL Server]Windows logins are not supported in this version of SQL Server. (40607) (SQLDriverConnect); [HY000] [Microsoft][ODBC Driver 18 for SQL Server]Invalid connection string attribute (0); [HY000] [Microsoft][ODBC Driver 18 for SQL Server][SQL Server]Windows logins are not supported in this version of SQL Server. (40607); [HY000] [Microsoft][ODBC Driver 18 for SQL Server]Invalid connection string attribute (0)')
2024-04-01 21:43:06,657 - logger - ERROR - ('HY000', '[HY000] [Microsoft][ODBC Driver 18 for SQL Server][SQL Server]Windows logins are not supported in this version of SQL Server. (40607) (SQLDriverConnect); [HY000] [Microsoft][ODBC Driver 18 for SQL Server]Invalid connection string attribute (0); [HY000] [Microsoft][ODBC Driver 18 for SQL Server][SQL Server]Windows logins are not supported in this version of SQL Server. (40607); [HY000] [Microsoft][ODBC Driver 18 for SQL Server]Invalid connection string attribute (0)')
2024-04-01 21:43:09,212 - logger - ERROR - ('HY000', '[HY000] [Microsoft][ODBC Driver 18 for SQL Server][SQL Server]Windows logins are not supported in this version of SQL Server. (40607) (SQLDriverConnect); [HY000] [Microsoft][ODBC Driver 18 for SQL Server]Invalid connection string attribute (0); [HY000] [Microsoft][ODBC Driver 18 for SQL Server][SQL Server]Windows logins are not supported in this version of SQL Server. (40607); [HY000] [Microsoft][ODBC Driver 18 for SQL Server]Invalid connection string attribute (0)')
2024-04-01 21:43:13,416 - logger - ERROR - ('HY000', '[HY000] [Microsoft][ODBC Driver 18 for SQL Server][SQL Server]Windows logins are not supported in this version of SQL Server. (40607) (SQLDriverConnect); [HY000] [Microsoft][ODBC Driver 18 for SQL Server]Invalid connection string attribute (0); [HY000] [Microsoft][ODBC Driver 18 for SQL Server][SQL Server]Windows logins are not supported in this version of SQL Server. (40607); [HY000] [Microsoft][ODBC Driver 18 for SQL Server]Invalid connection string attribute (0)')
2024-04-01 21:43:19,250 - logger - ERROR - ('HY000', '[HY000] [Microsoft][ODBC Driver 18 for SQL Server][SQL Server]Windows logins are not supported in this version of SQL Server. (40607) (SQLDriverConnect); [HY000] [Microsoft][ODBC Driver 18 for SQL Server]Invalid connection string attribute (0); [HY000] [Microsoft][ODBC Driver 18 for SQL Server][SQL Server]Windows logins are not supported in this version of SQL Server. (40607); [HY000] [Microsoft][ODBC Driver 18 for SQL Server]Invalid connection string attribute (0)')
2024-04-01 21:43:24,166 - logger - ERROR - ('HY000', '[HY000] [Microsoft][ODBC Driver 18 for SQL Server][SQL Server]Windows logins are not supported in this version of SQL Server. (40607) (SQLDriverConnect); [HY000] [Microsoft][ODBC Driver 18 for SQL Server]Invalid connection string attribute (0); [HY000] [Microsoft][ODBC Driver 18 for SQL Server][SQL Server]Windows logins are not supported in this version of SQL Server. (40607); [HY000] [Microsoft][ODBC Driver 18 for SQL Server]Invalid connection string attribute (0)')
2024-04-01 21:43:26,760 - logger - ERROR - ('HY000', '[HY000] [Microsoft][ODBC Driver 18 for SQL Server][SQL Server]Windows logins are not supported in this version of SQL Server. (40607) (SQLDriverConnect); [HY000] [Microsoft][ODBC Driver 18 for SQL Server]Invalid connection string attribute (0); [HY000] [Microsoft][ODBC Driver 18 for SQL Server][SQL Server]Windows logins are not supported in this version of SQL Server. (40607); [HY000] [Microsoft][ODBC Driver 18 for SQL Server]Invalid connection string attribute (0)')
2024-04-01 21:44:46,294 - logger - ERROR - ('HY000', '[HY000] [Microsoft][ODBC Driver 18 for SQL Server][SQL Server]Windows logins are not supported in this version of SQL Server. (40607) (SQLDriverConnect); [HY000] [Microsoft][ODBC Driver 18 for SQL Server]Invalid connection string attribute (0); [HY000] [Microsoft][ODBC Driver 18 for SQL Server][SQL Server]Windows logins are not supported in this version of SQL Server. (40607); [HY000] [Microsoft][ODBC Driver 18 for SQL Server]Invalid connection string attribute (0)')
2024-04-01 21:44:53,866 - logger - ERROR - ('HY000', '[HY000] [Microsoft][ODBC Driver 18 for SQL Server][SQL Server]Windows logins are not supported in this version of SQL Server. (40607) (SQLDriverConnect); [HY000] [Microsoft][ODBC Driver 18 for SQL Server]Invalid connection string attribute (0); [HY000] [Microsoft][ODBC Driver 18 for SQL Server][SQL Server]Windows logins are not supported in this version of SQL Server. (40607); [HY000] [Microsoft][ODBC Driver 18 for SQL Server]Invalid connection string attribute (0)')
2024-04-01 21:45:27,398 - logger - ERROR - ('HY000', '[HY000] [Microsoft][ODBC Driver 18 for SQL Server][SQL Server]Windows logins are not supported in this version of SQL Server. (40607) (SQLDriverConnect); [HY000] [Microsoft][ODBC Driver 18 for SQL Server]Invalid connection string attribute (0); [HY000] [Microsoft][ODBC Driver 18 for SQL Server][SQL Server]Windows logins are not supported in this version of SQL Server. (40607); [HY000] [Microsoft][ODBC Driver 18 for SQL Server]Invalid connection string attribute (0)')
2024-04-01 21:47:36,481 - logger - ERROR - ('HY000', '[HY000] [Microsoft][ODBC Driver 18 for SQL Server][SQL Server]Windows logins are not supported in this version of SQL Server. (40607) (SQLDriverConnect); [HY000] [Microsoft][ODBC Driver 18 for SQL Server]Invalid connection string attribute (0); [HY000] [Microsoft][ODBC Driver 18 for SQL Server][SQL Server]Windows logins are not supported in this version of SQL Server. (40607); [HY000] [Microsoft][ODBC Driver 18 for SQL Server]Invalid connection string attribute (0)')
2024-04-01 21:47:42,723 - logger - ERROR - ('HY000', '[HY000] [Microsoft][ODBC Driver 18 for SQL Server][SQL Server]Windows logins are not supported in this version of SQL Server. (40607) (SQLDriverConnect); [HY000] [Microsoft][ODBC Driver 18 for SQL Server]Invalid connection string attribute (0); [HY000] [Microsoft][ODBC Driver 18 for SQL Server][SQL Server]Windows logins are not supported in this version of SQL Server. (40607); [HY000] [Microsoft][ODBC Driver 18 for SQL Server]Invalid connection string attribute (0)')
2024-04-01 21:47:45,901 - logger - ERROR - ('HY000', '[HY000] [Microsoft][ODBC Driver 18 for SQL Server][SQL Server]Windows logins are not supported in this version of SQL Server. (40607) (SQLDriverConnect); [HY000] [Microsoft][ODBC Driver 18 for SQL Server]Invalid connection string attribute (0); [HY000] [Microsoft][ODBC Driver 18 for SQL Server][SQL Server]Windows logins are not supported in this version of SQL Server. (40607); [HY000] [Microsoft][ODBC Driver 18 for SQL Server]Invalid connection string attribute (0)')
2024-04-01 21:47:48,871 - logger - ERROR - ('HY000', '[HY000] [Microsoft][ODBC Driver 18 for SQL Server][SQL Server]Windows logins are not supported in this version of SQL Server. (40607) (SQLDriverConnect); [HY000] [Microsoft][ODBC Driver 18 for SQL Server]Invalid connection string attribute (0); [HY000] [Microsoft][ODBC Driver 18 for SQL Server][SQL Server]Windows logins are not supported in this version of SQL Server. (40607); [HY000] [Microsoft][ODBC Driver 18 for SQL Server]Invalid connection string attribute (0)')
2024-04-01 21:48:15,196 - logger - ERROR - ('HY000', '[HY000] [Microsoft][ODBC Driver 18 for SQL Server][SQL Server]Windows logins are not supported in this version of SQL Server. (40607) (SQLDriverConnect); [HY000] [Microsoft][ODBC Driver 18 for SQL Server]Invalid connection string attribute (0); [HY000] [Microsoft][ODBC Driver 18 for SQL Server][SQL Server]Windows logins are not supported in this version of SQL Server. (40607); [HY000] [Microsoft][ODBC Driver 18 for SQL Server]Invalid connection string attribute (0)')
2024-04-01 21:52:52,005 - logger - INFO - Fields retrieved successfully!
2024-04-02 07:15:24,744 - logger - INFO - Fields retrieved successfully!
2024-04-02 07:16:14,184 - logger - INFO - Fields retrieved successfully!
2024-04-02 07:16:16,182 - logger - INFO - Fields retrieved successfully!
2024-04-02 07:27:35,525 - logger - INFO - Connection string retrieved successfully!
2024-04-02 07:27:35,525 - logger - INFO - Connection string retrieved successfully!
2024-04-02 07:27:35,527 - logger - INFO - Connection string retrieved successfully!
2024-04-02 07:27:35,527 - logger - ERROR - 'str' object has no attribute 'cursor'
2024-04-02 07:27:36,601 - logger - INFO - Connection string retrieved successfully!
2024-04-02 07:27:36,915 - logger - INFO - Connection string retrieved successfully!
2024-04-02 07:27:36,915 - logger - INFO - Connection string retrieved successfully!
2024-04-02 07:27:36,916 - logger - ERROR - 'str' object has no attribute 'cursor'
2024-04-02 07:27:38,921 - logger - INFO - Connection string retrieved successfully!
2024-04-02 07:27:39,169 - logger - INFO - Connection string retrieved successfully!
2024-04-02 07:27:39,229 - logger - INFO - Connection string retrieved successfully!
2024-04-02 07:27:39,229 - logger - ERROR - 'str' object has no attribute 'cursor'
2024-04-02 07:27:42,925 - logger - INFO - Connection string retrieved successfully!
2024-04-02 07:27:43,490 - logger - INFO - Connection string retrieved successfully!
2024-04-02 07:27:43,552 - logger - INFO - Connection string retrieved successfully!
2024-04-02 07:27:43,552 - logger - ERROR - 'str' object has no attribute 'cursor'
2024-04-02 07:27:49,956 - logger - INFO - Connection string retrieved successfully!
2024-04-02 07:27:50,262 - logger - INFO - Connection string retrieved successfully!
2024-04-02 07:27:50,263 - logger - INFO - Connection string retrieved successfully!
2024-04-02 07:27:50,263 - logger - ERROR - 'str' object has no attribute 'cursor'
2024-04-02 07:27:51,278 - logger - INFO - Connection string retrieved successfully!
2024-04-02 07:27:51,542 - logger - INFO - Connection string retrieved successfully!
2024-04-02 07:27:51,589 - logger - INFO - Connection string retrieved successfully!
2024-04-02 07:27:51,589 - logger - ERROR - 'str' object has no attribute 'cursor'
2024-04-02 07:27:53,298 - logger - INFO - Connection string retrieved successfully!
2024-04-02 07:27:53,859 - logger - INFO - Connection string retrieved successfully!
2024-04-02 07:27:53,905 - logger - INFO - Connection string retrieved successfully!
2024-04-02 07:27:53,905 - logger - ERROR - 'str' object has no attribute 'cursor'
2024-04-02 07:27:57,326 - logger - INFO - Connection string retrieved successfully!
2024-04-02 07:27:58,177 - logger - INFO - Connection string retrieved successfully!
2024-04-02 07:27:58,225 - logger - INFO - Connection string retrieved successfully!
2024-04-02 07:27:58,225 - logger - ERROR - 'str' object has no attribute 'cursor'
2024-04-02 07:28:00,153 - logger - INFO - Connection string retrieved successfully!
2024-04-02 07:28:00,465 - logger - INFO - Connection string retrieved successfully!
2024-04-02 07:28:00,466 - logger - INFO - Connection string retrieved successfully!
2024-04-02 07:28:00,466 - logger - ERROR - 'str' object has no attribute 'cursor'
2024-04-02 07:28:01,370 - logger - INFO - Connection string retrieved successfully!
2024-04-02 07:28:02,376 - logger - INFO - Connection string retrieved successfully!
2024-04-02 07:28:04,687 - logger - INFO - Connection string retrieved successfully!
2024-04-02 07:28:08,704 - logger - INFO - Connection string retrieved successfully!
2024-04-02 07:28:09,856 - logger - INFO - Connection string retrieved successfully!
2024-04-02 07:28:10,871 - logger - INFO - Connection string retrieved successfully!
2024-04-02 07:28:13,190 - logger - INFO - Connection string retrieved successfully!
2024-04-02 07:28:57,088 - logger - INFO - Connection string retrieved successfully!
2024-04-02 07:29:05,285 - logger - INFO - Connection string retrieved successfully!
2024-04-02 07:29:05,823 - logger - INFO - Connection string retrieved successfully!
2024-04-02 07:29:07,185 - logger - INFO - Connection string retrieved successfully!
2024-04-02 07:29:09,189 - logger - INFO - Connection string retrieved successfully!
2024-04-02 07:29:13,512 - logger - INFO - Connection string retrieved successfully!
2024-04-02 07:29:18,118 - logger - INFO - Connection string retrieved successfully!
2024-04-02 07:29:18,508 - logger - INFO - Connection string retrieved successfully!
2024-04-02 07:29:19,522 - logger - INFO - Connection string retrieved successfully!
2024-04-02 07:29:21,842 - logger - INFO - Connection string retrieved successfully!
2024-04-02 07:29:24,620 - logger - INFO - Connection string retrieved successfully!
2024-04-02 07:29:25,936 - logger - INFO - Connection string retrieved successfully!
2024-04-02 07:29:26,122 - logger - INFO - Connection string retrieved successfully!
2024-04-02 07:29:27,140 - logger - INFO - Connection string retrieved successfully!
2024-04-02 07:29:27,734 - logger - INFO - Connection string retrieved successfully!
2024-04-02 07:29:28,738 - logger - INFO - Connection string retrieved successfully!
2024-04-02 07:29:31,059 - logger - INFO - Connection string retrieved successfully!
2024-04-02 07:29:35,077 - logger - INFO - Connection string retrieved successfully!
2024-04-02 07:30:13,784 - logger - INFO - Connection string retrieved successfully!
2024-04-02 07:31:32,442 - logger - INFO - Connection string retrieved successfully!
2024-04-02 07:31:34,462 - logger - INFO - Connection string retrieved successfully!
2024-04-02 07:31:38,779 - logger - INFO - Connection string retrieved successfully!
2024-04-02 07:33:21,673 - logger - INFO - Connection string retrieved successfully!
2024-04-02 07:33:22,532 - logger - INFO - Connection string retrieved successfully!
2024-04-02 07:33:23,846 - logger - INFO - Connection string retrieved successfully!
2024-04-02 07:33:25,852 - logger - INFO - Connection string retrieved successfully!
2024-04-02 07:33:30,182 - logger - INFO - Connection string retrieved successfully!
2024-04-02 07:34:56,445 - logger - INFO - Connection string retrieved successfully!
2024-04-02 07:35:14,533 - logger - INFO - Connection string retrieved successfully!
2024-04-02 07:35:16,603 - logger - INFO - Connection string retrieved successfully!
2024-04-02 07:35:17,619 - logger - INFO - Connection string retrieved successfully!
2024-04-02 07:35:19,945 - logger - INFO - Connection string retrieved successfully!
2024-04-02 07:35:23,976 - logger - INFO - Connection string retrieved successfully!
2024-04-02 07:35:40,559 - logger - INFO - Connection string retrieved successfully!
2024-04-02 07:35:41,578 - logger - INFO - Connection string retrieved successfully!
2024-04-02 07:35:43,905 - logger - INFO - Connection string retrieved successfully!
2024-04-02 07:35:45,193 - logger - INFO - Connection string retrieved successfully!
2024-04-02 07:35:45,508 - logger - INFO - Connection string retrieved successfully!
2024-04-02 07:35:45,509 - logger - INFO - Connection string retrieved successfully!
2024-04-02 07:35:45,509 - logger - INFO - Connection string retrieved successfully!
2024-04-02 07:35:45,509 - logger - INFO - Connection string retrieved successfully!
2024-04-02 07:35:45,510 - logger - ERROR - ('01S00', '[01S00] [Microsoft][ODBC Driver Manager] Invalid connection string attribute (0) (SQLDriverConnect)')
2024-04-02 07:35:46,822 - logger - INFO - Connection string retrieved successfully!
2024-04-02 07:35:46,822 - logger - INFO - Connection string retrieved successfully!
2024-04-02 07:35:46,823 - logger - INFO - Connection string retrieved successfully!
2024-04-02 07:35:46,824 - logger - ERROR - ('01S00', '[01S00] [Microsoft][ODBC Driver Manager] Invalid connection string attribute (0) (SQLDriverConnect)')
2024-04-02 07:35:48,830 - logger - INFO - Connection string retrieved successfully!
2024-04-02 07:35:49,140 - logger - INFO - Connection string retrieved successfully!
2024-04-02 07:35:49,140 - logger - INFO - Connection string retrieved successfully!
2024-04-02 07:35:49,141 - logger - ERROR - ('01S00', '[01S00] [Microsoft][ODBC Driver Manager] Invalid connection string attribute (0) (SQLDriverConnect)')
2024-04-02 07:35:53,153 - logger - INFO - Connection string retrieved successfully!
2024-04-02 07:35:53,420 - logger - INFO - Connection string retrieved successfully!
2024-04-02 07:35:53,451 - logger - INFO - Connection string retrieved successfully!
2024-04-02 07:35:53,451 - logger - ERROR - ('01S00', '[01S00] [Microsoft][ODBC Driver Manager] Invalid connection string attribute (0) (SQLDriverConnect)')
2024-04-02 07:35:54,809 - logger - INFO - Connection string retrieved successfully!
2024-04-02 07:35:55,123 - logger - INFO - Connection string retrieved successfully!
2024-04-02 07:35:55,123 - logger - INFO - Connection string retrieved successfully!
2024-04-02 07:35:55,124 - logger - ERROR - ('01S00', '[01S00] [Microsoft][ODBC Driver Manager] Invalid connection string attribute (0) (SQLDriverConnect)')
2024-04-02 07:37:23,860 - logger - INFO - Connection string retrieved successfully!
2024-04-02 07:37:23,860 - logger - INFO - Connection string retrieved successfully!
2024-04-02 07:37:23,862 - logger - INFO - Connection string retrieved successfully!
2024-04-02 07:37:26,098 - logger - INFO - Connection string retrieved successfully!
2024-04-02 07:37:26,357 - logger - INFO - Fields retrieved successfully!
2024-04-02 07:37:26,401 - logger - INFO - Connection string retrieved successfully!
2024-04-02 07:37:26,402 - logger - INFO - Connection string retrieved successfully!
2024-04-02 07:37:26,402 - logger - INFO - Connection string retrieved successfully!
2024-04-02 07:37:28,057 - logger - INFO - Fields retrieved successfully!
2024-04-02 07:37:28,181 - logger - INFO - Connection string retrieved successfully!
2024-04-02 07:37:28,380 - logger - INFO - Connection string retrieved successfully!
2024-04-02 07:37:28,578 - logger - INFO - Connection string retrieved successfully!
2024-04-02 07:37:30,339 - logger - INFO - Connection string retrieved successfully!
2024-04-02 07:37:30,340 - logger - INFO - Connection string retrieved successfully!
2024-04-02 07:37:30,340 - logger - INFO - Connection string retrieved successfully!
2024-04-02 07:37:31,108 - logger - INFO - Fields retrieved successfully!
2024-04-02 07:38:12,466 - logger - INFO - Connection string retrieved successfully!
2024-04-02 07:38:12,780 - logger - INFO - Connection string retrieved successfully!
2024-04-02 07:38:12,780 - logger - INFO - Connection string retrieved successfully!
2024-04-02 07:38:13,498 - logger - INFO - Fields retrieved successfully!
2024-04-02 07:39:51,987 - logger - INFO - Connection string retrieved successfully!
2024-04-02 07:39:51,988 - logger - INFO - Connection string retrieved successfully!
2024-04-02 07:39:51,988 - logger - INFO - Connection string retrieved successfully!
2024-04-02 07:39:53,743 - logger - INFO - Fields retrieved successfully!
2024-04-02 07:39:55,604 - logger - INFO - Connection string retrieved successfully!
2024-04-02 07:39:56,839 - logger - INFO - Connection string retrieved successfully!
2024-04-02 07:40:01,031 - logger - INFO - Connection string retrieved successfully!
2024-04-02 07:40:34,933 - logger - INFO - Connection string retrieved successfully!
