[2024_03_24_11_49_13] [appsvc_profiler.installer] [INFO] Code Profiler Installer is starting up
[2024_03_24_11_49_13] [appsvc_profiler.installer] [INFO] Cleaning up any existing status file which indicated signal handlers initialized status
[2024_03_24_11_49_13] [appsvc_profiler.installer] [DEBUG] APPSETTING_WEBSITE_ENABLE_DEFAULT_CODE_PROFILER : None
[2024_03_24_11_49_13] [appsvc_profiler.installer] [INFO] Attempting to install the default code profiler.
[2024_03_24_11_49_13] [appsvc_profiler.installer] [DEBUG] viztracer would save traces to /tmp/0fe1e5_profiler_trace.json
[2024_03_24_11_49_13] [appsvc_profiler.installer] [INFO] Successfully installed code profiler.
[2024_03_24_11_49_13] [appsvc_profiler.installer] [INFO] Signal Handlers SIGUSR for needed code-profiler have been initialized for gunicorn process on instance 0fe1e59899343760e874df09464bea20bcaf305629db644825fe57ceb27d120b
[2024_03_24_11_49_13] [appsvc_profiler.installer] [DEBUG] Code Profiler Installer is exiting as installation is completed
[2024_03_24_11_57_32] [appsvc_profiler.installer] [INFO] Code Profiler Installer is starting up
[2024_03_24_11_57_32] [appsvc_profiler.installer] [INFO] Cleaning up any existing status file which indicated signal handlers initialized status
[2024_03_24_11_57_32] [appsvc_profiler.installer] [INFO] Attempting to delete the signal_handler status file for instance id 0fe1e59899343760e874df09464bea20bcaf305629db644825fe57ceb27d120b
[2024_03_24_11_57_32] [appsvc_profiler.installer] [INFO] successfully deleted the status file
[2024_03_24_11_57_32] [appsvc_profiler.installer] [DEBUG] APPSETTING_WEBSITE_ENABLE_DEFAULT_CODE_PROFILER : None
[2024_03_24_11_57_32] [appsvc_profiler.installer] [INFO] Attempting to install the default code profiler.
[2024_03_24_11_57_32] [appsvc_profiler.installer] [DEBUG] viztracer would save traces to /tmp/0fe1e5_profiler_trace.json
[2024_03_24_11_57_32] [appsvc_profiler.installer] [INFO] Successfully installed code profiler.
[2024_03_24_11_57_32] [appsvc_profiler.installer] [INFO] Signal Handlers SIGUSR for needed code-profiler have been initialized for gunicorn process on instance 0fe1e59899343760e874df09464bea20bcaf305629db644825fe57ceb27d120b
[2024_03_24_11_57_32] [appsvc_profiler.installer] [DEBUG] Code Profiler Installer is exiting as installation is completed
[2024_03_24_12_31_02] [appsvc_profiler.installer] [INFO] Code Profiler Installer is starting up
[2024_03_24_12_31_02] [appsvc_profiler.installer] [INFO] Cleaning up any existing status file which indicated signal handlers initialized status
[2024_03_24_12_31_02] [appsvc_profiler.installer] [INFO] Attempting to delete the signal_handler status file for instance id 0fe1e59899343760e874df09464bea20bcaf305629db644825fe57ceb27d120b
[2024_03_24_12_31_02] [appsvc_profiler.installer] [INFO] successfully deleted the status file
[2024_03_24_12_31_02] [appsvc_profiler.installer] [DEBUG] APPSETTING_WEBSITE_ENABLE_DEFAULT_CODE_PROFILER : None
[2024_03_24_12_31_03] [appsvc_profiler.installer] [INFO] Attempting to install the default code profiler.
[2024_03_24_12_31_03] [appsvc_profiler.installer] [DEBUG] viztracer would save traces to /tmp/0fe1e5_profiler_trace.json
[2024_03_24_12_31_03] [appsvc_profiler.installer] [INFO] Successfully installed code profiler.
[2024_03_24_12_31_03] [appsvc_profiler.installer] [INFO] Signal Handlers SIGUSR for needed code-profiler have been initialized for gunicorn process on instance 0fe1e59899343760e874df09464bea20bcaf305629db644825fe57ceb27d120b
[2024_03_24_12_31_03] [appsvc_profiler.installer] [DEBUG] Code Profiler Installer is exiting as installation is completed
[2024_03_24_12_35_25] [appsvc_profiler.installer] [INFO] Code Profiler Installer is starting up
[2024_03_24_12_35_25] [appsvc_profiler.installer] [INFO] Cleaning up any existing status file which indicated signal handlers initialized status
[2024_03_24_12_35_25] [appsvc_profiler.installer] [INFO] Attempting to delete the signal_handler status file for instance id 0fe1e59899343760e874df09464bea20bcaf305629db644825fe57ceb27d120b
[2024_03_24_12_35_25] [appsvc_profiler.installer] [INFO] successfully deleted the status file
[2024_03_24_12_35_25] [appsvc_profiler.installer] [DEBUG] APPSETTING_WEBSITE_ENABLE_DEFAULT_CODE_PROFILER : None
[2024_03_24_12_35_25] [appsvc_profiler.installer] [INFO] Attempting to install the default code profiler.
[2024_03_24_12_35_25] [appsvc_profiler.installer] [DEBUG] viztracer would save traces to /tmp/0fe1e5_profiler_trace.json
[2024_03_24_12_35_25] [appsvc_profiler.installer] [INFO] Successfully installed code profiler.
[2024_03_24_12_35_25] [appsvc_profiler.installer] [INFO] Signal Handlers SIGUSR for needed code-profiler have been initialized for gunicorn process on instance 0fe1e59899343760e874df09464bea20bcaf305629db644825fe57ceb27d120b
[2024_03_24_12_35_25] [appsvc_profiler.installer] [DEBUG] Code Profiler Installer is exiting as installation is completed
[2024_03_24_12_59_03] [appsvc_profiler.installer] [INFO] Code Profiler Installer is starting up
[2024_03_24_12_59_03] [appsvc_profiler.installer] [INFO] Cleaning up any existing status file which indicated signal handlers initialized status
[2024_03_24_12_59_03] [appsvc_profiler.installer] [INFO] Attempting to delete the signal_handler status file for instance id 0fe1e59899343760e874df09464bea20bcaf305629db644825fe57ceb27d120b
[2024_03_24_12_59_03] [appsvc_profiler.installer] [INFO] successfully deleted the status file
[2024_03_24_12_59_03] [appsvc_profiler.installer] [DEBUG] APPSETTING_WEBSITE_ENABLE_DEFAULT_CODE_PROFILER : None
[2024_03_24_12_59_03] [appsvc_profiler.installer] [INFO] Attempting to install the default code profiler.
[2024_03_24_12_59_03] [appsvc_profiler.installer] [DEBUG] viztracer would save traces to /tmp/0fe1e5_profiler_trace.json
[2024_03_24_12_59_03] [appsvc_profiler.installer] [INFO] Successfully installed code profiler.
[2024_03_24_12_59_03] [appsvc_profiler.installer] [INFO] Signal Handlers SIGUSR for needed code-profiler have been initialized for gunicorn process on instance 0fe1e59899343760e874df09464bea20bcaf305629db644825fe57ceb27d120b
[2024_03_24_12_59_03] [appsvc_profiler.installer] [DEBUG] Code Profiler Installer is exiting as installation is completed
[2024_03_24_13_08_06] [appsvc_profiler.installer] [INFO] Code Profiler Installer is starting up
[2024_03_24_13_08_06] [appsvc_profiler.installer] [INFO] Cleaning up any existing status file which indicated signal handlers initialized status
[2024_03_24_13_08_06] [appsvc_profiler.installer] [INFO] Attempting to delete the signal_handler status file for instance id 0fe1e59899343760e874df09464bea20bcaf305629db644825fe57ceb27d120b
[2024_03_24_13_08_06] [appsvc_profiler.installer] [INFO] successfully deleted the status file
[2024_03_24_13_08_06] [appsvc_profiler.installer] [DEBUG] APPSETTING_WEBSITE_ENABLE_DEFAULT_CODE_PROFILER : None
[2024_03_24_13_08_06] [appsvc_profiler.installer] [INFO] Attempting to install the default code profiler.
[2024_03_24_13_08_06] [appsvc_profiler.installer] [DEBUG] viztracer would save traces to /tmp/0fe1e5_profiler_trace.json
[2024_03_24_13_08_06] [appsvc_profiler.installer] [INFO] Successfully installed code profiler.
[2024_03_24_13_08_06] [appsvc_profiler.installer] [INFO] Signal Handlers SIGUSR for needed code-profiler have been initialized for gunicorn process on instance 0fe1e59899343760e874df09464bea20bcaf305629db644825fe57ceb27d120b
[2024_03_24_13_08_06] [appsvc_profiler.installer] [DEBUG] Code Profiler Installer is exiting as installation is completed
[2024_03_24_13_43_13] [appsvc_profiler.installer] [INFO] Code Profiler Installer is starting up
[2024_03_24_13_43_13] [appsvc_profiler.installer] [INFO] Cleaning up any existing status file which indicated signal handlers initialized status
[2024_03_24_13_43_13] [appsvc_profiler.installer] [INFO] Attempting to delete the signal_handler status file for instance id 0fe1e59899343760e874df09464bea20bcaf305629db644825fe57ceb27d120b
[2024_03_24_13_43_13] [appsvc_profiler.installer] [INFO] successfully deleted the status file
[2024_03_24_13_43_13] [appsvc_profiler.installer] [DEBUG] APPSETTING_WEBSITE_ENABLE_DEFAULT_CODE_PROFILER : None
[2024_03_24_13_43_14] [appsvc_profiler.installer] [INFO] Attempting to install the default code profiler.
[2024_03_24_13_43_14] [appsvc_profiler.installer] [DEBUG] viztracer would save traces to /tmp/0fe1e5_profiler_trace.json
[2024_03_24_13_43_14] [appsvc_profiler.installer] [INFO] Successfully installed code profiler.
[2024_03_24_13_43_14] [appsvc_profiler.installer] [INFO] Signal Handlers SIGUSR for needed code-profiler have been initialized for gunicorn process on instance 0fe1e59899343760e874df09464bea20bcaf305629db644825fe57ceb27d120b
[2024_03_24_13_43_14] [appsvc_profiler.installer] [DEBUG] Code Profiler Installer is exiting as installation is completed
[2024_03_24_13_47_27] [appsvc_profiler.installer] [INFO] Code Profiler Installer is starting up
[2024_03_24_13_47_27] [appsvc_profiler.installer] [INFO] Cleaning up any existing status file which indicated signal handlers initialized status
[2024_03_24_13_47_27] [appsvc_profiler.installer] [INFO] Attempting to delete the signal_handler status file for instance id 0fe1e59899343760e874df09464bea20bcaf305629db644825fe57ceb27d120b
[2024_03_24_13_47_27] [appsvc_profiler.installer] [INFO] successfully deleted the status file
[2024_03_24_13_47_27] [appsvc_profiler.installer] [DEBUG] APPSETTING_WEBSITE_ENABLE_DEFAULT_CODE_PROFILER : None
[2024_03_24_13_47_28] [appsvc_profiler.installer] [INFO] Attempting to install the default code profiler.
[2024_03_24_13_47_28] [appsvc_profiler.installer] [DEBUG] viztracer would save traces to /tmp/0fe1e5_profiler_trace.json
[2024_03_24_13_47_28] [appsvc_profiler.installer] [INFO] Successfully installed code profiler.
[2024_03_24_13_47_28] [appsvc_profiler.installer] [INFO] Signal Handlers SIGUSR for needed code-profiler have been initialized for gunicorn process on instance 0fe1e59899343760e874df09464bea20bcaf305629db644825fe57ceb27d120b
[2024_03_24_13_47_28] [appsvc_profiler.installer] [DEBUG] Code Profiler Installer is exiting as installation is completed
[2024_03_24_13_55_30] [appsvc_profiler.installer] [INFO] Code Profiler Installer is starting up
[2024_03_24_13_55_30] [appsvc_profiler.installer] [INFO] Cleaning up any existing status file which indicated signal handlers initialized status
[2024_03_24_13_55_30] [appsvc_profiler.installer] [INFO] Attempting to delete the signal_handler status file for instance id 0fe1e59899343760e874df09464bea20bcaf305629db644825fe57ceb27d120b
[2024_03_24_13_55_30] [appsvc_profiler.installer] [INFO] successfully deleted the status file
[2024_03_24_13_55_30] [appsvc_profiler.installer] [DEBUG] APPSETTING_WEBSITE_ENABLE_DEFAULT_CODE_PROFILER : None
[2024_03_24_13_55_31] [appsvc_profiler.installer] [INFO] Attempting to install the default code profiler.
[2024_03_24_13_55_31] [appsvc_profiler.installer] [DEBUG] viztracer would save traces to /tmp/0fe1e5_profiler_trace.json
[2024_03_24_13_55_31] [appsvc_profiler.installer] [INFO] Successfully installed code profiler.
[2024_03_24_13_55_31] [appsvc_profiler.installer] [INFO] Signal Handlers SIGUSR for needed code-profiler have been initialized for gunicorn process on instance 0fe1e59899343760e874df09464bea20bcaf305629db644825fe57ceb27d120b
[2024_03_24_13_55_31] [appsvc_profiler.installer] [DEBUG] Code Profiler Installer is exiting as installation is completed
[2024_03_24_14_00_43] [appsvc_profiler.installer] [INFO] Code Profiler Installer is starting up
[2024_03_24_14_00_43] [appsvc_profiler.installer] [INFO] Cleaning up any existing status file which indicated signal handlers initialized status
[2024_03_24_14_00_43] [appsvc_profiler.installer] [INFO] Attempting to delete the signal_handler status file for instance id 0fe1e59899343760e874df09464bea20bcaf305629db644825fe57ceb27d120b
[2024_03_24_14_00_43] [appsvc_profiler.installer] [INFO] successfully deleted the status file
[2024_03_24_14_00_43] [appsvc_profiler.installer] [DEBUG] APPSETTING_WEBSITE_ENABLE_DEFAULT_CODE_PROFILER : None
[2024_03_24_14_00_43] [appsvc_profiler.installer] [INFO] Attempting to install the default code profiler.
[2024_03_24_14_00_43] [appsvc_profiler.installer] [DEBUG] viztracer would save traces to /tmp/0fe1e5_profiler_trace.json
[2024_03_24_14_00_43] [appsvc_profiler.installer] [INFO] Successfully installed code profiler.
[2024_03_24_14_00_43] [appsvc_profiler.installer] [INFO] Signal Handlers SIGUSR for needed code-profiler have been initialized for gunicorn process on instance 0fe1e59899343760e874df09464bea20bcaf305629db644825fe57ceb27d120b
[2024_03_24_14_00_43] [appsvc_profiler.installer] [DEBUG] Code Profiler Installer is exiting as installation is completed
[2024_03_24_15_18_29] [appsvc_profiler.installer] [INFO] Code Profiler Installer is starting up
[2024_03_24_15_18_29] [appsvc_profiler.installer] [INFO] Cleaning up any existing status file which indicated signal handlers initialized status
[2024_03_24_15_18_30] [appsvc_profiler.installer] [INFO] Attempting to delete the signal_handler status file for instance id 0fe1e59899343760e874df09464bea20bcaf305629db644825fe57ceb27d120b
[2024_03_24_15_18_30] [appsvc_profiler.installer] [INFO] successfully deleted the status file
[2024_03_24_15_18_30] [appsvc_profiler.installer] [DEBUG] APPSETTING_WEBSITE_ENABLE_DEFAULT_CODE_PROFILER : None
[2024_03_24_15_18_30] [appsvc_profiler.installer] [INFO] Attempting to install the default code profiler.
[2024_03_24_15_18_30] [appsvc_profiler.installer] [DEBUG] viztracer would save traces to /tmp/0fe1e5_profiler_trace.json
[2024_03_24_15_18_30] [appsvc_profiler.installer] [INFO] Successfully installed code profiler.
[2024_03_24_15_18_30] [appsvc_profiler.installer] [INFO] Signal Handlers SIGUSR for needed code-profiler have been initialized for gunicorn process on instance 0fe1e59899343760e874df09464bea20bcaf305629db644825fe57ceb27d120b
[2024_03_24_15_18_30] [appsvc_profiler.installer] [DEBUG] Code Profiler Installer is exiting as installation is completed
[2024_03_24_15_35_58] [appsvc_profiler.installer] [INFO] Code Profiler Installer is starting up
[2024_03_24_15_35_58] [appsvc_profiler.installer] [INFO] Cleaning up any existing status file which indicated signal handlers initialized status
[2024_03_24_15_35_58] [appsvc_profiler.installer] [INFO] Attempting to delete the signal_handler status file for instance id 0fe1e59899343760e874df09464bea20bcaf305629db644825fe57ceb27d120b
[2024_03_24_15_35_58] [appsvc_profiler.installer] [INFO] successfully deleted the status file
[2024_03_24_15_35_58] [appsvc_profiler.installer] [DEBUG] APPSETTING_WEBSITE_ENABLE_DEFAULT_CODE_PROFILER : None
[2024_03_24_15_35_58] [appsvc_profiler.installer] [INFO] Attempting to install the default code profiler.
[2024_03_24_15_35_58] [appsvc_profiler.installer] [DEBUG] viztracer would save traces to /tmp/0fe1e5_profiler_trace.json
[2024_03_24_15_35_58] [appsvc_profiler.installer] [INFO] Successfully installed code profiler.
[2024_03_24_15_35_58] [appsvc_profiler.installer] [INFO] Signal Handlers SIGUSR for needed code-profiler have been initialized for gunicorn process on instance 0fe1e59899343760e874df09464bea20bcaf305629db644825fe57ceb27d120b
[2024_03_24_15_35_58] [appsvc_profiler.installer] [DEBUG] Code Profiler Installer is exiting as installation is completed
[2024_03_24_16_00_30] [appsvc_profiler.installer] [INFO] Code Profiler Installer is starting up
[2024_03_24_16_00_30] [appsvc_profiler.installer] [INFO] Cleaning up any existing status file which indicated signal handlers initialized status
[2024_03_24_16_00_30] [appsvc_profiler.installer] [INFO] Attempting to delete the signal_handler status file for instance id 0fe1e59899343760e874df09464bea20bcaf305629db644825fe57ceb27d120b
[2024_03_24_16_00_30] [appsvc_profiler.installer] [INFO] successfully deleted the status file
[2024_03_24_16_00_30] [appsvc_profiler.installer] [DEBUG] APPSETTING_WEBSITE_ENABLE_DEFAULT_CODE_PROFILER : None
[2024_03_24_16_00_30] [appsvc_profiler.installer] [INFO] Attempting to install the default code profiler.
[2024_03_24_16_00_30] [appsvc_profiler.installer] [DEBUG] viztracer would save traces to /tmp/0fe1e5_profiler_trace.json
[2024_03_24_16_00_30] [appsvc_profiler.installer] [INFO] Successfully installed code profiler.
[2024_03_24_16_00_30] [appsvc_profiler.installer] [INFO] Signal Handlers SIGUSR for needed code-profiler have been initialized for gunicorn process on instance 0fe1e59899343760e874df09464bea20bcaf305629db644825fe57ceb27d120b
[2024_03_24_16_00_30] [appsvc_profiler.installer] [DEBUG] Code Profiler Installer is exiting as installation is completed
[2024_03_24_16_31_00] [appsvc_profiler.installer] [INFO] Code Profiler Installer is starting up
[2024_03_24_16_31_00] [appsvc_profiler.installer] [INFO] Cleaning up any existing status file which indicated signal handlers initialized status
[2024_03_24_16_31_00] [appsvc_profiler.installer] [INFO] Attempting to delete the signal_handler status file for instance id 0fe1e59899343760e874df09464bea20bcaf305629db644825fe57ceb27d120b
[2024_03_24_16_31_00] [appsvc_profiler.installer] [INFO] successfully deleted the status file
[2024_03_24_16_31_00] [appsvc_profiler.installer] [DEBUG] APPSETTING_WEBSITE_ENABLE_DEFAULT_CODE_PROFILER : None
[2024_03_24_16_31_00] [appsvc_profiler.installer] [INFO] Attempting to install the default code profiler.
[2024_03_24_16_31_00] [appsvc_profiler.installer] [DEBUG] viztracer would save traces to /tmp/0fe1e5_profiler_trace.json
[2024_03_24_16_31_00] [appsvc_profiler.installer] [INFO] Successfully installed code profiler.
[2024_03_24_16_31_00] [appsvc_profiler.installer] [INFO] Signal Handlers SIGUSR for needed code-profiler have been initialized for gunicorn process on instance 0fe1e59899343760e874df09464bea20bcaf305629db644825fe57ceb27d120b
[2024_03_24_16_31_00] [appsvc_profiler.installer] [DEBUG] Code Profiler Installer is exiting as installation is completed
