2024-03-24T12:30:09.9541379Z,Updating submodules.,21339b21-844a-48bb-b88f-8e04bb69b53b,0
2024-03-24T12:30:11.0534060Z,Preparing deployment for commit id 'bca63e84-7'.,daea8a82-cb8d-41f6-8bd7-a5245763e25a,0
2024-03-24T12:30:11.3145581Z,PreDeployment: context.CleanOutputPath False,dc23e04c-0040-421b-a1a3-2b2c4ca78330,0
2024-03-24T12:30:11.4286217Z,PreDeployment: context.OutputPath /home/site/wwwroot,c80e7e39-36c2-4b28-8fae-dd1410ec6e60,0
2024-03-24T12:30:11.5252611Z,Repository path is /tmp/zipdeploy/extracted,2cf1250c-a84b-41b8-9b71-ca560474793e,0
2024-03-24T12:30:11.6051414Z,Running oryx build...,dc9748d2-97b6-48c7-96a3-6dc76105b071,0
	2024-03-24T12:30:11.6114654Z,Command: oryx build /tmp/zipdeploy/extracted -o /home/site/wwwroot --platform python --platform-version 3.11 -p virtualenv_name=antenv --log-file /tmp/build-debug.log  -i /tmp/8dc4bfe260b1ab7 --compress-destination-dir | tee /tmp/oryx-build.log,,0
	2024-03-24T12:30:13.8965286Z,Operation performed by Microsoft Oryx&comma; https://github.com/Microsoft/Oryx,,0
	2024-03-24T12:30:13.9356773Z,You can report issues at https://github.com/Microsoft/Oryx/issues,,0
	2024-03-24T12:30:13.9587270Z,,,0
	2024-03-24T12:30:13.9746778Z,Oryx Version: 0.2.20230508.1&comma; Commit: 7fe2bf39b357dd68572b438a85ca50b5ecfb4592&comma; ReleaseTagName: 20230508.1,,0
	2024-03-24T12:30:13.9937664Z,,,0
	2024-03-24T12:30:14.0150673Z,Build Operation ID: 5fcf601ccecc3a68,,0
	2024-03-24T12:30:14.0440964Z,Repository Commit : bca63e84-7e65-4c7d-be4d-5faa1746c0ae,,0
	2024-03-24T12:30:14.1217144Z,OS Type           : bullseye,,0
	2024-03-24T12:30:14.1327655Z,Image Type        : githubactions,,0
	2024-03-24T12:30:14.1835497Z,,,0
	2024-03-24T12:30:14.2213956Z,Detecting platforms...,,0
	2024-03-24T12:30:16.3886918Z,Detected following platforms:,,0
	2024-03-24T12:30:16.4081394Z,  python: 3.11.8,,0
	2024-03-24T12:30:16.9148967Z,,,0
	2024-03-24T12:30:17.0919066Z,Using intermediate directory '/tmp/8dc4bfe260b1ab7'.,,0
	2024-03-24T12:30:17.1292613Z,,,0
	2024-03-24T12:30:17.1472978Z,Copying files to the intermediate directory...,,0
	2024-03-24T12:30:17.2340541Z,Done in 0 sec(s).,,0
	2024-03-24T12:30:17.2650259Z,,,0
	2024-03-24T12:30:17.2754078Z,Source directory     : /tmp/8dc4bfe260b1ab7,,0
	2024-03-24T12:30:17.3120968Z,Destination directory: /home/site/wwwroot,,0
	2024-03-24T12:30:17.3311182Z,,,0
	2024-03-24T12:30:17.8730936Z,Python Version: /tmp/oryx/platforms/python/3.11.8/bin/python3.11,,0
	2024-03-24T12:30:17.9141390Z,Creating directory for command manifest file if it does not exist,,0
	2024-03-24T12:30:17.9918090Z,Removing existing manifest file,,0
	2024-03-24T12:30:18.0464290Z,Python Virtual Environment: antenv,,0
	2024-03-24T12:30:18.0763436Z,Creating virtual environment...,,0
	2024-03-24T12:30:54.5838959Z,Activating virtual environment...,,0
	2024-03-24T12:30:54.7596626Z,Running pip install...,,0
	2024-03-24T12:32:53.8368003Z,[12:31:00+0000] Collecting blinker==1.6.2 (from -r requirements.txt (line 1)),,0
	2024-03-24T12:32:53.8950013Z,[12:31:00+0000]   Using cached blinker-1.6.2-py3-none-any.whl.metadata (2.0 kB),,0
	2024-03-24T12:32:53.9361708Z,[12:31:00+0000] Collecting cachetools==5.3.1 (from -r requirements.txt (line 2)),,0
	2024-03-24T12:32:53.9657718Z,[12:31:00+0000]   Using cached cachetools-5.3.1-py3-none-any.whl.metadata (5.2 kB),,0
	2024-03-24T12:32:53.9767760Z,[12:31:01+0000] Collecting certifi==2023.7.22 (from -r requirements.txt (line 3)),,0
	2024-03-24T12:32:54.0125507Z,[12:31:01+0000]   Using cached certifi-2023.7.22-py3-none-any.whl.metadata (2.2 kB),,0
	2024-03-24T12:32:54.0724219Z,[12:31:01+0000] Collecting charset-normalizer==3.2.0 (from -r requirements.txt (line 4)),,0
	2024-03-24T12:32:54.0929458Z,[12:31:01+0000]   Using cached charset_normalizer-3.2.0-cp311-cp311-manylinux_2_17_x86_64.manylinux2014_x86_64.whl.metadata (31 kB),,0
	2024-03-24T12:32:54.1519563Z,[12:31:02+0000] Collecting click==8.1.7 (from -r requirements.txt (line 5)),,0
	2024-03-24T12:32:54.2275007Z,[12:31:02+0000]   Using cached click-8.1.7-py3-none-any.whl.metadata (3.0 kB),,0
	2024-03-24T12:32:54.2499249Z,[12:31:02+0000] Collecting colorama==0.4.6 (from -r requirements.txt (line 6)),,0
	2024-03-24T12:32:54.3270024Z,[12:31:02+0000]   Using cached colorama-0.4.6-py2.py3-none-any.whl.metadata (17 kB),,0
	2024-03-24T12:32:54.3479546Z,[12:31:02+0000] Collecting config==0.5.1 (from -r requirements.txt (line 7)),,0
	2024-03-24T12:32:54.3767922Z,[12:31:02+0000]   Using cached config-0.5.1-py2.py3-none-any.whl.metadata (1.4 kB),,0
	2024-03-24T12:32:54.4161800Z,[12:31:02+0000] Collecting DateTime==5.4 (from -r requirements.txt (line 8)),,0
	2024-03-24T12:32:54.5518298Z,[12:31:02+0000]   Using cached DateTime-5.4-py3-none-any.whl.metadata (33 kB),,0
	2024-03-24T12:32:54.5900353Z,[12:31:03+0000] Collecting Flask==2.3.2 (from -r requirements.txt (line 9)),,0
	2024-03-24T12:32:54.6082757Z,[12:31:03+0000]   Using cached Flask-2.3.2-py3-none-any.whl.metadata (3.7 kB),,0
	2024-03-24T12:32:54.6298120Z,[12:31:03+0000] Collecting Flask-Cors==4.0.0 (from -r requirements.txt (line 10)),,0
	2024-03-24T12:32:54.6987870Z,[12:31:03+0000]   Using cached Flask_Cors-4.0.0-py2.py3-none-any.whl.metadata (5.4 kB),,0
	2024-03-24T12:32:54.7660493Z,[12:31:04+0000] Collecting Flask-SQLAlchemy==3.0.5 (from -r requirements.txt (line 11)),,0
	2024-03-24T12:32:54.7935270Z,[12:31:04+0000]   Using cached flask_sqlalchemy-3.0.5-py3-none-any.whl.metadata (3.3 kB),,0
	2024-03-24T12:32:54.8231076Z,[12:31:05+0000] Collecting google-api-core==2.11.1 (from -r requirements.txt (line 12)),,0
	2024-03-24T12:32:54.8437069Z,[12:31:05+0000]   Using cached google_api_core-2.11.1-py3-none-any.whl.metadata (2.7 kB),,0
	2024-03-24T12:32:54.8810659Z,[12:31:05+0000] Collecting google-api-python-client==2.100.0 (from -r requirements.txt (line 13)),,0
	2024-03-24T12:32:54.9231497Z,[12:31:05+0000]   Using cached google_api_python_client-2.100.0-py2.py3-none-any.whl.metadata (6.6 kB),,0
	2024-03-24T12:32:54.9887603Z,[12:31:06+0000] Collecting google-auth==2.23.0 (from -r requirements.txt (line 14)),,0
	2024-03-24T12:32:55.0197119Z,[12:31:06+0000]   Using cached google_auth-2.23.0-py2.py3-none-any.whl.metadata (4.2 kB),,0
	2024-03-24T12:32:55.0969522Z,[12:31:06+0000] Collecting google-auth-httplib2==0.1.1 (from -r requirements.txt (line 15)),,0
	2024-03-24T12:32:55.2347735Z,[12:31:06+0000]   Using cached google_auth_httplib2-0.1.1-py2.py3-none-any.whl.metadata (2.1 kB),,0
	2024-03-24T12:32:55.3425437Z,[12:31:06+0000] Collecting google-auth-oauthlib==1.1.0 (from -r requirements.txt (line 16)),,0
	2024-03-24T12:32:55.4287798Z,[12:31:06+0000]   Using cached google_auth_oauthlib-1.1.0-py2.py3-none-any.whl.metadata (2.7 kB),,0
	2024-03-24T12:32:55.4485530Z,[12:31:06+0000] Collecting googleapis-common-protos==1.60.0 (from -r requirements.txt (line 17)),,0
	2024-03-24T12:32:55.4979267Z,[12:31:06+0000]   Using cached googleapis_common_protos-1.60.0-py2.py3-none-any.whl.metadata (1.5 kB),,0
	2024-03-24T12:32:55.5436151Z,[12:31:07+0000] Collecting greenlet==2.0.2 (from -r requirements.txt (line 18)),,0
	2024-03-24T12:32:55.5724634Z,[12:31:07+0000]   Using cached greenlet-2.0.2-cp311-cp311-manylinux_2_17_x86_64.manylinux2014_x86_64.whl.metadata (4.1 kB),,0
	2024-03-24T12:32:55.6031173Z,[12:31:07+0000] Collecting gspread==5.11.2 (from -r requirements.txt (line 19)),,0
	2024-03-24T12:32:55.6333595Z,[12:31:07+0000]   Using cached gspread-5.11.2-py3-none-any.whl.metadata (7.0 kB),,0
	2024-03-24T12:32:55.6804342Z,[12:31:07+0000] Collecting gunicorn==21.2.0 (from -r requirements.txt (line 20)),,0
	2024-03-24T12:32:55.7368318Z,[12:31:07+0000]   Using cached gunicorn-21.2.0-py3-none-any.whl.metadata (4.1 kB),,0
	2024-03-24T12:32:55.7592213Z,[12:31:07+0000] Collecting httplib2==0.22.0 (from -r requirements.txt (line 21)),,0
	2024-03-24T12:32:55.7775385Z,[12:31:07+0000]   Using cached httplib2-0.22.0-py3-none-any.whl.metadata (2.6 kB),,0
	2024-03-24T12:32:55.7976153Z,[12:31:07+0000] Collecting idna==3.4 (from -r requirements.txt (line 22)),,0
	2024-03-24T12:32:55.8161545Z,[12:31:07+0000]   Using cached idna-3.4-py3-none-any.whl.metadata (9.8 kB),,0
	2024-03-24T12:32:55.8261432Z,[12:31:07+0000] Collecting itsdangerous==2.1.2 (from -r requirements.txt (line 23)),,0
	2024-03-24T12:32:55.8662259Z,[12:31:07+0000]   Using cached itsdangerous-2.1.2-py3-none-any.whl.metadata (2.9 kB),,0
	2024-03-24T12:32:55.9318177Z,[12:31:08+0000] Collecting Jinja2==3.1.2 (from -r requirements.txt (line 24)),,0
	2024-03-24T12:32:55.9794824Z,[12:31:08+0000]   Using cached Jinja2-3.1.2-py3-none-any.whl.metadata (3.5 kB),,0
	2024-03-24T12:32:56.0568643Z,[12:31:08+0000] Collecting MarkupSafe==2.1.3 (from -r requirements.txt (line 25)),,0
	2024-03-24T12:32:56.0776573Z,[12:31:08+0000]   Using cached MarkupSafe-2.1.3-cp311-cp311-manylinux_2_17_x86_64.manylinux2014_x86_64.whl.metadata (3.0 kB),,0
	2024-03-24T12:32:56.0955328Z,[12:31:09+0000] Collecting numpy==1.26.4 (from -r requirements.txt (line 26)),,0
	2024-03-24T12:32:56.1082035Z,[12:31:09+0000]   Using cached numpy-1.26.4-cp311-cp311-manylinux_2_17_x86_64.manylinux2014_x86_64.whl.metadata (61 kB),,0
	2024-03-24T12:32:56.1347851Z,[12:31:09+0000] Collecting oauth2client==4.1.3 (from -r requirements.txt (line 27)),,0
	2024-03-24T12:32:56.2397636Z,[12:31:09+0000]   Using cached oauth2client-4.1.3-py2.py3-none-any.whl.metadata (1.2 kB),,0
	2024-03-24T12:32:56.2805393Z,[12:31:09+0000] Collecting oauthlib==3.2.2 (from -r requirements.txt (line 28)),,0
	2024-03-24T12:32:56.3180881Z,[12:31:09+0000]   Using cached oauthlib-3.2.2-py3-none-any.whl.metadata (7.5 kB),,0
	2024-03-24T12:32:56.3597547Z,[12:31:10+0000] Collecting packaging==23.2 (from -r requirements.txt (line 29)),,0
	2024-03-24T12:32:56.3964563Z,[12:31:10+0000]   Using cached packaging-23.2-py3-none-any.whl.metadata (3.2 kB),,0
	2024-03-24T12:32:56.4431727Z,[12:31:10+0000] Collecting pandas==2.2.1 (from -r requirements.txt (line 30)),,0
	2024-03-24T12:32:56.4853616Z,[12:31:10+0000]   Using cached pandas-2.2.1-cp311-cp311-manylinux_2_17_x86_64.manylinux2014_x86_64.whl.metadata (19 kB),,0
	2024-03-24T12:32:56.5615086Z,[12:31:11+0000] Collecting protobuf==4.24.3 (from -r requirements.txt (line 31)),,0
	2024-03-24T12:32:56.5992987Z,[12:31:11+0000]   Using cached protobuf-4.24.3-cp37-abi3-manylinux2014_x86_64.whl.metadata (540 bytes),,0
	2024-03-24T12:32:56.6205173Z,[12:31:12+0000] Collecting pyasn1==0.5.0 (from -r requirements.txt (line 32)),,0
	2024-03-24T12:32:56.6421024Z,[12:31:12+0000]   Using cached pyasn1-0.5.0-py2.py3-none-any.whl.metadata (8.5 kB),,0
	2024-03-24T12:32:56.7151467Z,[12:31:12+0000] Collecting pyasn1-modules==0.3.0 (from -r requirements.txt (line 33)),,0
	2024-03-24T12:32:56.7462470Z,[12:31:12+0000]   Using cached pyasn1_modules-0.3.0-py2.py3-none-any.whl.metadata (3.6 kB),,0
	2024-03-24T12:32:56.7854101Z,[12:31:12+0000] Collecting pyodbc==4.0.39 (from -r requirements.txt (line 34)),,0
	2024-03-24T12:32:56.8714125Z,[12:31:12+0000]   Using cached pyodbc-4.0.39-cp311-cp311-manylinux_2_17_x86_64.manylinux2014_x86_64.whl.metadata (3.2 kB),,0
	2024-03-24T12:32:56.9586252Z,[12:31:12+0000] Collecting pyparsing==3.1.1 (from -r requirements.txt (line 35)),,0
	2024-03-24T12:32:56.9876730Z,[12:31:12+0000]   Using cached pyparsing-3.1.1-py3-none-any.whl.metadata (5.1 kB),,0
	2024-03-24T12:32:57.0170354Z,[12:31:12+0000] Collecting python-dateutil==2.9.0.post0 (from -r requirements.txt (line 36)),,0
	2024-03-24T12:32:57.0648915Z,[12:31:12+0000]   Using cached python_dateutil-2.9.0.post0-py2.py3-none-any.whl.metadata (8.4 kB),,0
	2024-03-24T12:32:57.1023886Z,[12:31:13+0000] Collecting pytz==2024.1 (from -r requirements.txt (line 37)),,0
	2024-03-24T12:32:57.1807803Z,[12:31:13+0000]   Using cached pytz-2024.1-py2.py3-none-any.whl.metadata (22 kB),,0
	2024-03-24T12:32:57.2220185Z,[12:31:13+0000] Collecting requests==2.31.0 (from -r requirements.txt (line 38)),,0
	2024-03-24T12:32:57.2586716Z,[12:31:13+0000]   Using cached requests-2.31.0-py3-none-any.whl.metadata (4.6 kB),,0
	2024-03-24T12:32:57.2878603Z,[12:31:13+0000] Collecting requests-oauthlib==1.3.1 (from -r requirements.txt (line 39)),,0
	2024-03-24T12:32:57.3094358Z,[12:31:13+0000]   Using cached requests_oauthlib-1.3.1-py2.py3-none-any.whl.metadata (10 kB),,0
	2024-03-24T12:32:57.3583362Z,[12:31:13+0000] Collecting rsa==4.9 (from -r requirements.txt (line 40)),,0
	2024-03-24T12:32:57.3775983Z,[12:31:13+0000]   Using cached rsa-4.9-py3-none-any.whl.metadata (4.2 kB),,0
	2024-03-24T12:32:57.3960957Z,[12:31:13+0000] Collecting six==1.16.0 (from -r requirements.txt (line 41)),,0
	2024-03-24T12:32:57.4138521Z,[12:31:13+0000]   Using cached six-1.16.0-py2.py3-none-any.whl.metadata (1.8 kB),,0
	2024-03-24T12:32:57.4727386Z,[12:31:15+0000] Collecting SQLAlchemy==2.0.20 (from -r requirements.txt (line 42)),,0
	2024-03-24T12:32:57.5137152Z,[12:31:15+0000]   Using cached SQLAlchemy-2.0.20-cp311-cp311-manylinux_2_17_x86_64.manylinux2014_x86_64.whl.metadata (9.4 kB),,0
	2024-03-24T12:32:57.5503413Z,[12:31:15+0000] Collecting StrEnum==0.4.15 (from -r requirements.txt (line 43)),,0
	2024-03-24T12:32:57.5726275Z,[12:31:15+0000]   Using cached StrEnum-0.4.15-py3-none-any.whl.metadata (5.3 kB),,0
	2024-03-24T12:32:57.6089100Z,[12:31:15+0000] Collecting typing_extensions==4.7.1 (from -r requirements.txt (line 44)),,0
	2024-03-24T12:32:57.6310146Z,[12:31:15+0000]   Using cached typing_extensions-4.7.1-py3-none-any.whl.metadata (3.1 kB),,0
	2024-03-24T12:32:57.6579426Z,[12:31:15+0000] Collecting tzdata==2024.1 (from -r requirements.txt (line 45)),,0
	2024-03-24T12:32:57.6690993Z,[12:31:15+0000]   Using cached tzdata-2024.1-py2.py3-none-any.whl.metadata (1.4 kB),,0
	2024-03-24T12:32:57.6887403Z,[12:31:16+0000] Collecting uritemplate==4.1.1 (from -r requirements.txt (line 46)),,0
	2024-03-24T12:32:57.6992489Z,[12:31:16+0000]   Using cached uritemplate-4.1.1-py2.py3-none-any.whl.metadata (2.9 kB),,0
	2024-03-24T12:32:57.7171845Z,[12:31:16+0000] Collecting urllib3==1.26.16 (from -r requirements.txt (line 47)),,0
	2024-03-24T12:32:57.7365457Z,[12:31:16+0000]   Using cached urllib3-1.26.16-py2.py3-none-any.whl.metadata (48 kB),,0
	2024-03-24T12:32:57.7488646Z,[12:31:16+0000] Collecting Werkzeug==2.3.7 (from -r requirements.txt (line 48)),,0
	2024-03-24T12:32:57.8235055Z,[12:31:16+0000]   Using cached werkzeug-2.3.7-py3-none-any.whl.metadata (4.1 kB),,0
	2024-03-24T12:32:57.8463966Z,[12:31:17+0000] Collecting zope.interface==6.2 (from -r requirements.txt (line 49)),,0
	2024-03-24T12:32:57.9514921Z,[12:31:17+0000]   Using cached zope.interface-6.2-cp311-cp311-manylinux_2_5_x86_64.manylinux1_x86_64.manylinux_2_17_x86_64.manylinux2014_x86_64.whl.metadata (41 kB),,0
	2024-03-24T12:32:57.9733295Z,[12:31:22+0000] Requirement already satisfied: setuptools in ./antenv/lib/python3.11/site-packages (from zope.interface==6.2->-r requirements.txt (line 49)) (65.5.0),,0
	2024-03-24T12:32:58.0124255Z,[12:31:22+0000] Using cached blinker-1.6.2-py3-none-any.whl (13 kB),,0
	2024-03-24T12:32:58.0811614Z,[12:31:22+0000] Using cached cachetools-5.3.1-py3-none-any.whl (9.3 kB),,0
	2024-03-24T12:32:58.1097860Z,[12:31:22+0000] Using cached certifi-2023.7.22-py3-none-any.whl (158 kB),,0
	2024-03-24T12:32:58.1463501Z,[12:31:22+0000] Using cached charset_normalizer-3.2.0-cp311-cp311-manylinux_2_17_x86_64.manylinux2014_x86_64.whl (199 kB),,0
	2024-03-24T12:32:58.1674404Z,[12:31:22+0000] Using cached click-8.1.7-py3-none-any.whl (97 kB),,0
	2024-03-24T12:32:58.1878395Z,[12:31:22+0000] Using cached colorama-0.4.6-py2.py3-none-any.whl (25 kB),,0
	2024-03-24T12:32:58.2367849Z,[12:31:22+0000] Using cached config-0.5.1-py2.py3-none-any.whl (20 kB),,0
	2024-03-24T12:32:58.2751727Z,[12:31:22+0000] Using cached DateTime-5.4-py3-none-any.whl (52 kB),,0
	2024-03-24T12:32:58.3291454Z,[12:31:22+0000] Using cached Flask-2.3.2-py3-none-any.whl (96 kB),,0
	2024-03-24T12:32:58.3491514Z,[12:31:22+0000] Using cached Flask_Cors-4.0.0-py2.py3-none-any.whl (14 kB),,0
	2024-03-24T12:32:58.3700984Z,[12:31:22+0000] Using cached flask_sqlalchemy-3.0.5-py3-none-any.whl (24 kB),,0
	2024-03-24T12:32:58.4061744Z,[12:31:22+0000] Using cached google_api_core-2.11.1-py3-none-any.whl (120 kB),,0
	2024-03-24T12:32:58.4655588Z,[12:31:22+0000] Using cached google_api_python_client-2.100.0-py2.py3-none-any.whl (12.2 MB),,0
	2024-03-24T12:32:58.5034500Z,[12:31:22+0000] Using cached google_auth-2.23.0-py2.py3-none-any.whl (181 kB),,0
	2024-03-24T12:32:58.5407386Z,[12:31:22+0000] Using cached google_auth_httplib2-0.1.1-py2.py3-none-any.whl (9.3 kB),,0
	2024-03-24T12:32:58.5527554Z,[12:31:22+0000] Using cached google_auth_oauthlib-1.1.0-py2.py3-none-any.whl (19 kB),,0
	2024-03-24T12:32:58.5801003Z,[12:31:22+0000] Using cached googleapis_common_protos-1.60.0-py2.py3-none-any.whl (227 kB),,0
	2024-03-24T12:32:58.5931259Z,[12:31:22+0000] Using cached greenlet-2.0.2-cp311-cp311-manylinux_2_17_x86_64.manylinux2014_x86_64.whl (618 kB),,0
	2024-03-24T12:32:58.6204417Z,[12:31:22+0000] Using cached gspread-5.11.2-py3-none-any.whl (46 kB),,0
	2024-03-24T12:32:58.6389743Z,[12:31:22+0000] Using cached gunicorn-21.2.0-py3-none-any.whl (80 kB),,0
	2024-03-24T12:32:58.6586214Z,[12:31:22+0000] Using cached httplib2-0.22.0-py3-none-any.whl (96 kB),,0
	2024-03-24T12:32:58.6792344Z,[12:31:22+0000] Using cached idna-3.4-py3-none-any.whl (61 kB),,0
	2024-03-24T12:32:58.6985775Z,[12:31:22+0000] Using cached itsdangerous-2.1.2-py3-none-any.whl (15 kB),,0
	2024-03-24T12:32:58.7088945Z,[12:31:22+0000] Using cached Jinja2-3.1.2-py3-none-any.whl (133 kB),,0
	2024-03-24T12:32:58.7386516Z,[12:31:23+0000] Using cached MarkupSafe-2.1.3-cp311-cp311-manylinux_2_17_x86_64.manylinux2014_x86_64.whl (28 kB),,0
	2024-03-24T12:32:58.7590755Z,[12:31:23+0000] Using cached numpy-1.26.4-cp311-cp311-manylinux_2_17_x86_64.manylinux2014_x86_64.whl (18.3 MB),,0
	2024-03-24T12:32:58.7798736Z,[12:31:23+0000] Using cached oauth2client-4.1.3-py2.py3-none-any.whl (98 kB),,0
	2024-03-24T12:32:58.8248561Z,[12:31:23+0000] Using cached oauthlib-3.2.2-py3-none-any.whl (151 kB),,0
	2024-03-24T12:32:58.8461473Z,[12:31:23+0000] Using cached packaging-23.2-py3-none-any.whl (53 kB),,0
	2024-03-24T12:32:58.8733931Z,[12:31:23+0000] Using cached pandas-2.2.1-cp311-cp311-manylinux_2_17_x86_64.manylinux2014_x86_64.whl (13.0 MB),,0
	2024-03-24T12:32:58.8954851Z,[12:31:23+0000] Using cached protobuf-4.24.3-cp37-abi3-manylinux2014_x86_64.whl (311 kB),,0
	2024-03-24T12:32:58.9049319Z,[12:31:23+0000] Using cached pyasn1-0.5.0-py2.py3-none-any.whl (83 kB),,0
	2024-03-24T12:32:58.9348785Z,[12:31:23+0000] Using cached pyasn1_modules-0.3.0-py2.py3-none-any.whl (181 kB),,0
	2024-03-24T12:32:58.9712742Z,[12:31:24+0000] Using cached pyodbc-4.0.39-cp311-cp311-manylinux_2_17_x86_64.manylinux2014_x86_64.whl (352 kB),,0
	2024-03-24T12:32:58.9928959Z,[12:31:24+0000] Using cached pyparsing-3.1.1-py3-none-any.whl (103 kB),,0
	2024-03-24T12:32:59.0196351Z,[12:31:24+0000] Using cached python_dateutil-2.9.0.post0-py2.py3-none-any.whl (229 kB),,0
	2024-03-24T12:32:59.0320838Z,[12:31:24+0000] Using cached pytz-2024.1-py2.py3-none-any.whl (505 kB),,0
	2024-03-24T12:32:59.0875894Z,[12:31:24+0000] Using cached requests-2.31.0-py3-none-any.whl (62 kB),,0
	2024-03-24T12:32:59.1089802Z,[12:31:24+0000] Using cached requests_oauthlib-1.3.1-py2.py3-none-any.whl (23 kB),,0
	2024-03-24T12:32:59.1295663Z,[12:31:24+0000] Using cached rsa-4.9-py3-none-any.whl (34 kB),,0
	2024-03-24T12:32:59.1746377Z,[12:31:24+0000] Using cached six-1.16.0-py2.py3-none-any.whl (11 kB),,0
	2024-03-24T12:32:59.2019158Z,[12:31:24+0000] Using cached SQLAlchemy-2.0.20-cp311-cp311-manylinux_2_17_x86_64.manylinux2014_x86_64.whl (3.2 MB),,0
	2024-03-24T12:32:59.2207325Z,[12:31:24+0000] Using cached StrEnum-0.4.15-py3-none-any.whl (8.9 kB),,0
	2024-03-24T12:32:59.2337815Z,[12:31:24+0000] Using cached typing_extensions-4.7.1-py3-none-any.whl (33 kB),,0
	2024-03-24T12:32:59.2600027Z,[12:31:24+0000] Using cached tzdata-2024.1-py2.py3-none-any.whl (345 kB),,0
	2024-03-24T12:32:59.2737818Z,[12:31:24+0000] Using cached uritemplate-4.1.1-py2.py3-none-any.whl (10 kB),,0
	2024-03-24T12:32:59.3085539Z,[12:31:24+0000] Using cached urllib3-1.26.16-py2.py3-none-any.whl (143 kB),,0
	2024-03-24T12:32:59.3304501Z,[12:31:24+0000] Using cached werkzeug-2.3.7-py3-none-any.whl (242 kB),,0
	2024-03-24T12:32:59.3513398Z,[12:31:24+0000] Using cached zope.interface-6.2-cp311-cp311-manylinux_2_5_x86_64.manylinux1_x86_64.manylinux_2_17_x86_64.manylinux2014_x86_64.whl (249 kB),,0
	2024-03-24T12:32:59.4167300Z,[12:31:29+0000] Installing collected packages: StrEnum&comma; pytz&comma; config&comma; zope.interface&comma; urllib3&comma; uritemplate&comma; tzdata&comma; typing_extensions&comma; six&comma; pyparsing&comma; pyodbc&comma; pyasn1&comma; protobuf&comma; packaging&comma; oauthlib&comma; numpy&comma; MarkupSafe&comma; itsdangerous&comma; idna&comma; greenlet&comma; colorama&comma; click&comma; charset-normalizer&comma; certifi&comma; cachetools&comma; blinker&comma; Werkzeug&comma; SQLAlchemy&comma; rsa&comma; requests&comma; python-dateutil&comma; pyasn1-modules&comma; Jinja2&comma; httplib2&comma; gunicorn&comma; googleapis-common-protos&comma; DateTime&comma; requests-oauthlib&comma; pandas&comma; oauth2client&comma; google-auth&comma; Flask&comma; google-auth-oauthlib&comma; google-auth-httplib2&comma; google-api-core&comma; Flask-SQLAlchemy&comma; Flask-Cors&comma; gspread&comma; google-api-python-client,,0
	2024-03-24T12:32:59.4565406Z,[12:32:48+0000] Successfully installed DateTime-5.4 Flask-2.3.2 Flask-Cors-4.0.0 Flask-SQLAlchemy-3.0.5 Jinja2-3.1.2 MarkupSafe-2.1.3 SQLAlchemy-2.0.20 StrEnum-0.4.15 Werkzeug-2.3.7 blinker-1.6.2 cachetools-5.3.1 certifi-2023.7.22 charset-normalizer-3.2.0 click-8.1.7 colorama-0.4.6 config-0.5.1 google-api-core-2.11.1 google-api-python-client-2.100.0 google-auth-2.23.0 google-auth-httplib2-0.1.1 google-auth-oauthlib-1.1.0 googleapis-common-protos-1.60.0 greenlet-2.0.2 gspread-5.11.2 gunicorn-21.2.0 httplib2-0.22.0 idna-3.4 itsdangerous-2.1.2 numpy-1.26.4 oauth2client-4.1.3 oauthlib-3.2.2 packaging-23.2 pandas-2.2.1 protobuf-4.24.3 pyasn1-0.5.0 pyasn1-modules-0.3.0 pyodbc-4.0.39 pyparsing-3.1.1 python-dateutil-2.9.0.post0 pytz-2024.1 requests-2.31.0 requests-oauthlib-1.3.1 rsa-4.9 six-1.16.0 typing_extensions-4.7.1 tzdata-2024.1 uritemplate-4.1.1 urllib3-1.26.16 zope.interface-6.2,,0
	2024-03-24T12:32:59.5958149Z,Not a vso image&comma; so not writing build commands,,0
	2024-03-24T12:32:59.6702842Z,Preparing output...,,0
	2024-03-24T12:32:59.6928441Z,,,0
	2024-03-24T12:32:59.7770536Z,Copying files to destination directory '/tmp/_preCompressedDestinationDir'...,,0
	2024-03-24T12:33:20.6151489Z,Done in 22 sec(s).,,0
	2024-03-24T12:33:20.6533361Z,Compressing content of directory '/tmp/_preCompressedDestinationDir'...,,0
	2024-03-24T12:34:17.4170907Z,Copied the compressed output to '/home/site/wwwroot',,0
	2024-03-24T12:34:17.4954185Z,,,0
	2024-03-24T12:34:17.5156839Z,Removing existing manifest file,,0
	2024-03-24T12:34:17.5656685Z,Creating a manifest file...,,0
	2024-03-24T12:34:17.6244095Z,Manifest file created.,,0
	2024-03-24T12:34:17.6889675Z,Copying .ostype to manifest output directory.,,0
	2024-03-24T12:34:17.7373072Z,,,0
	2024-03-24T12:34:17.7854937Z,Done in 240 sec(s).,,0
2024-03-24T12:34:18.7391808Z,Running post deployment command(s)...,340155d6-1e04-4207-9464-7f2031839b38,0
2024-03-24T12:34:18.8222776Z,,2a07b0f7-7234-477b-9549-b4c9bf92e582,0
2024-03-24T12:34:18.9225281Z,Generating summary of Oryx build,31276a7d-6430-4a17-a87a-630cf971bfa4,0
2024-03-24T12:34:19.0449808Z,Parsing the build logs,68ad7333-83e5-4c19-9e8c-d611e7bf9704,0
2024-03-24T12:34:19.1631821Z,Found 0 issue(s),052a3fb2-a270-46dc-9bd3-1a1b8be45959,0
2024-03-24T12:34:19.2422360Z,,aec9d450-4b91-49f8-976c-4ab8d9552c03,0
2024-03-24T12:34:19.3212517Z,Build Summary :,13b05141-adfa-48ef-ad17-0f207963f3d5,0
2024-03-24T12:34:19.4431395Z,===============,6ad5d79f-9729-44e7-881f-ca2888e09859,0
2024-03-24T12:34:19.5829719Z,Errors (0),e55c4bc1-b3f2-4fad-b581-efc87e761d19,0
2024-03-24T12:34:19.6868498Z,Warnings (0),fe71ecf8-a682-47fd-a8c0-254e3f6c324d,0
2024-03-24T12:34:19.8720661Z,,2bbb6ed7-6e7d-402e-9b00-ceb0013c3c91,0
2024-03-24T12:34:20.1572995Z,Triggering recycle (preview mode disabled).,94121b81-9751-4492-a365-741edf18a3a8,0
2024-03-24T12:34:20.3814163Z,Deployment successful. deployer = GITHUB_ZIP_DEPLOY deploymentPath = ZipDeploy. Extract zip. Remote build.,0e1278ea-c75b-4762-ac27-2d03e788ec78,0
