2024-03-24T12:54:18.2900467Z,Updating submodules.,06d7d7b2-117f-4d6f-ac86-16cc69ddf0e7,0
2024-03-24T12:54:19.3845256Z,Preparing deployment for commit id '7b2e926d-c'.,34323250-52cd-4325-b432-677e84985691,0
2024-03-24T12:54:19.6019912Z,PreDeployment: context.CleanOutputPath False,7685fb06-b599-47f6-b36b-000e6e3e1db9,0
2024-03-24T12:54:19.7906094Z,PreDeployment: context.OutputPath /home/site/wwwroot,42d44ad7-e16a-42f9-9e88-1c7e7254a247,0
2024-03-24T12:54:19.8953316Z,Repository path is /tmp/zipdeploy/extracted,4929d4b9-25b2-4581-b50e-beeb6e186e05,0
2024-03-24T12:54:19.9700045Z,Running oryx build...,08c01a47-7842-41d5-ab39-7a9fdf0fa494,0
	2024-03-24T12:54:19.9760952Z,Command: oryx build /tmp/zipdeploy/extracted -o /home/site/wwwroot --platform python --platform-version 3.11 -p virtualenv_name=antenv --log-file /tmp/build-debug.log  -i /tmp/8dc4c01854be6cf --compress-destination-dir | tee /tmp/oryx-build.log,,0
	2024-03-24T12:54:22.3982777Z,Operation performed by Microsoft Oryx&comma; https://github.com/Microsoft/Oryx,,0
	2024-03-24T12:54:22.4436984Z,You can report issues at https://github.com/Microsoft/Oryx/issues,,0
	2024-03-24T12:54:22.4562671Z,,,0
	2024-03-24T12:54:22.4726485Z,Oryx Version: 0.2.20230508.1&comma; Commit: 7fe2bf39b357dd68572b438a85ca50b5ecfb4592&comma; ReleaseTagName: 20230508.1,,0
	2024-03-24T12:54:22.4940639Z,,,0
	2024-03-24T12:54:22.5149114Z,Build Operation ID: 265eff30abe7120d,,0
	2024-03-24T12:54:22.5333237Z,Repository Commit : 7b2e926d-c4c3-408b-a5df-266a84be00dd,,0
	2024-03-24T12:54:22.5449579Z,OS Type           : bullseye,,0
	2024-03-24T12:54:22.5904236Z,Image Type        : githubactions,,0
	2024-03-24T12:54:22.6410694Z,,,0
	2024-03-24T12:54:22.6886852Z,Detecting platforms...,,0
	2024-03-24T12:54:24.5524896Z,Detected following platforms:,,0
	2024-03-24T12:54:24.5889563Z,  python: 3.11.8,,0
	2024-03-24T12:54:25.4089914Z,,,0
	2024-03-24T12:54:25.5656337Z,Using intermediate directory '/tmp/8dc4c01854be6cf'.,,0
	2024-03-24T12:54:25.5957263Z,,,0
	2024-03-24T12:54:25.6126915Z,Copying files to the intermediate directory...,,0
	2024-03-24T12:54:25.7078598Z,Done in 0 sec(s).,,0
	2024-03-24T12:54:25.7187418Z,,,0
	2024-03-24T12:54:25.7358868Z,Source directory     : /tmp/8dc4c01854be6cf,,0
	2024-03-24T12:54:25.7628954Z,Destination directory: /home/site/wwwroot,,0
	2024-03-24T12:54:25.7754282Z,,,0
	2024-03-24T12:54:26.2699098Z,Python Version: /tmp/oryx/platforms/python/3.11.8/bin/python3.11,,0
	2024-03-24T12:54:26.2996274Z,Creating directory for command manifest file if it does not exist,,0
	2024-03-24T12:54:26.3401757Z,Removing existing manifest file,,0
	2024-03-24T12:54:26.4107031Z,Python Virtual Environment: antenv,,0
	2024-03-24T12:54:26.4502790Z,Creating virtual environment...,,0
	2024-03-24T12:54:43.7485364Z,Activating virtual environment...,,0
	2024-03-24T12:54:43.8963678Z,Running pip install...,,0
	2024-03-24T12:56:16.3868986Z,[12:54:46+0000] Collecting blinker==1.6.2 (from -r requirements.txt (line 1)),,0
	2024-03-24T12:56:16.4166667Z,[12:54:46+0000]   Using cached blinker-1.6.2-py3-none-any.whl.metadata (2.0 kB),,0
	2024-03-24T12:56:16.4333816Z,[12:54:46+0000] Collecting cachetools==5.3.1 (from -r requirements.txt (line 2)),,0
	2024-03-24T12:56:16.4635880Z,[12:54:46+0000]   Using cached cachetools-5.3.1-py3-none-any.whl.metadata (5.2 kB),,0
	2024-03-24T12:56:16.4747552Z,[12:54:46+0000] Collecting certifi==2023.7.22 (from -r requirements.txt (line 3)),,0
	2024-03-24T12:56:16.4946625Z,[12:54:46+0000]   Using cached certifi-2023.7.22-py3-none-any.whl.metadata (2.2 kB),,0
	2024-03-24T12:56:16.5324833Z,[12:54:46+0000] Collecting charset-normalizer==3.2.0 (from -r requirements.txt (line 4)),,0
	2024-03-24T12:56:16.5539012Z,[12:54:46+0000]   Using cached charset_normalizer-3.2.0-cp311-cp311-manylinux_2_17_x86_64.manylinux2014_x86_64.whl.metadata (31 kB),,0
	2024-03-24T12:56:16.5797516Z,[12:54:46+0000] Collecting click==8.1.7 (from -r requirements.txt (line 5)),,0
	2024-03-24T12:56:16.5992743Z,[12:54:46+0000]   Using cached click-8.1.7-py3-none-any.whl.metadata (3.0 kB),,0
	2024-03-24T12:56:16.6114634Z,[12:54:46+0000] Collecting colorama==0.4.6 (from -r requirements.txt (line 6)),,0
	2024-03-24T12:56:16.6708305Z,[12:54:46+0000]   Using cached colorama-0.4.6-py2.py3-none-any.whl.metadata (17 kB),,0
	2024-03-24T12:56:16.6997764Z,[12:54:46+0000] Collecting config==0.5.1 (from -r requirements.txt (line 7)),,0
	2024-03-24T12:56:16.7365664Z,[12:54:46+0000]   Using cached config-0.5.1-py2.py3-none-any.whl.metadata (1.4 kB),,0
	2024-03-24T12:56:16.7749338Z,[12:54:46+0000] Collecting DateTime==5.4 (from -r requirements.txt (line 8)),,0
	2024-03-24T12:56:16.7955273Z,[12:54:46+0000]   Using cached DateTime-5.4-py3-none-any.whl.metadata (33 kB),,0
	2024-03-24T12:56:16.8170517Z,[12:54:47+0000] Collecting Flask==2.3.2 (from -r requirements.txt (line 9)),,0
	2024-03-24T12:56:16.8525076Z,[12:54:47+0000]   Using cached Flask-2.3.2-py3-none-any.whl.metadata (3.7 kB),,0
	2024-03-24T12:56:16.8747149Z,[12:54:47+0000] Collecting Flask-Cors==4.0.0 (from -r requirements.txt (line 10)),,0
	2024-03-24T12:56:16.9126196Z,[12:54:47+0000]   Using cached Flask_Cors-4.0.0-py2.py3-none-any.whl.metadata (5.4 kB),,0
	2024-03-24T12:56:16.9405950Z,[12:54:47+0000] Collecting Flask-SQLAlchemy==3.0.5 (from -r requirements.txt (line 11)),,0
	2024-03-24T12:56:16.9804804Z,[12:54:47+0000]   Using cached flask_sqlalchemy-3.0.5-py3-none-any.whl.metadata (3.3 kB),,0
	2024-03-24T12:56:17.0027778Z,[12:54:47+0000] Collecting google-api-core==2.11.1 (from -r requirements.txt (line 12)),,0
	2024-03-24T12:56:17.0133445Z,[12:54:47+0000]   Using cached google_api_core-2.11.1-py3-none-any.whl.metadata (2.7 kB),,0
	2024-03-24T12:56:17.0250567Z,[12:54:47+0000] Collecting google-api-python-client==2.100.0 (from -r requirements.txt (line 13)),,0
	2024-03-24T12:56:17.0408399Z,[12:54:47+0000]   Using cached google_api_python_client-2.100.0-py2.py3-none-any.whl.metadata (6.6 kB),,0
	2024-03-24T12:56:17.0530225Z,[12:54:48+0000] Collecting google-auth==2.23.0 (from -r requirements.txt (line 14)),,0
	2024-03-24T12:56:17.0648701Z,[12:54:48+0000]   Using cached google_auth-2.23.0-py2.py3-none-any.whl.metadata (4.2 kB),,0
	2024-03-24T12:56:17.0802806Z,[12:54:48+0000] Collecting google-auth-httplib2==0.1.1 (from -r requirements.txt (line 15)),,0
	2024-03-24T12:56:17.1018825Z,[12:54:48+0000]   Using cached google_auth_httplib2-0.1.1-py2.py3-none-any.whl.metadata (2.1 kB),,0
	2024-03-24T12:56:17.1558169Z,[12:54:48+0000] Collecting google-auth-oauthlib==1.1.0 (from -r requirements.txt (line 16)),,0
	2024-03-24T12:56:17.1835385Z,[12:54:48+0000]   Using cached google_auth_oauthlib-1.1.0-py2.py3-none-any.whl.metadata (2.7 kB),,0
	2024-03-24T12:56:17.1956979Z,[12:54:48+0000] Collecting googleapis-common-protos==1.60.0 (from -r requirements.txt (line 17)),,0
	2024-03-24T12:56:17.2157522Z,[12:54:48+0000]   Using cached googleapis_common_protos-1.60.0-py2.py3-none-any.whl.metadata (1.5 kB),,0
	2024-03-24T12:56:17.2567017Z,[12:54:49+0000] Collecting greenlet==2.0.2 (from -r requirements.txt (line 18)),,0
	2024-03-24T12:56:17.2908186Z,[12:54:49+0000]   Using cached greenlet-2.0.2-cp311-cp311-manylinux_2_17_x86_64.manylinux2014_x86_64.whl.metadata (4.1 kB),,0
	2024-03-24T12:56:17.3110078Z,[12:54:49+0000] Collecting gspread==5.11.2 (from -r requirements.txt (line 19)),,0
	2024-03-24T12:56:17.3234489Z,[12:54:49+0000]   Using cached gspread-5.11.2-py3-none-any.whl.metadata (7.0 kB),,0
	2024-03-24T12:56:17.3602022Z,[12:54:49+0000] Collecting gunicorn==21.2.0 (from -r requirements.txt (line 20)),,0
	2024-03-24T12:56:17.3912728Z,[12:54:49+0000]   Using cached gunicorn-21.2.0-py3-none-any.whl.metadata (4.1 kB),,0
	2024-03-24T12:56:17.4192636Z,[12:54:49+0000] Collecting httplib2==0.22.0 (from -r requirements.txt (line 21)),,0
	2024-03-24T12:56:17.4731207Z,[12:54:49+0000]   Using cached httplib2-0.22.0-py3-none-any.whl.metadata (2.6 kB),,0
	2024-03-24T12:56:17.5020310Z,[12:54:50+0000] Collecting idna==3.4 (from -r requirements.txt (line 22)),,0
	2024-03-24T12:56:17.5246311Z,[12:54:50+0000]   Using cached idna-3.4-py3-none-any.whl.metadata (9.8 kB),,0
	2024-03-24T12:56:17.5343834Z,[12:54:50+0000] Collecting itsdangerous==2.1.2 (from -r requirements.txt (line 23)),,0
	2024-03-24T12:56:17.5622540Z,[12:54:50+0000]   Using cached itsdangerous-2.1.2-py3-none-any.whl.metadata (2.9 kB),,0
	2024-03-24T12:56:17.5921334Z,[12:54:50+0000] Collecting Jinja2==3.1.2 (from -r requirements.txt (line 24)),,0
	2024-03-24T12:56:17.6374472Z,[12:54:50+0000]   Using cached Jinja2-3.1.2-py3-none-any.whl.metadata (3.5 kB),,0
	2024-03-24T12:56:17.6768453Z,[12:54:50+0000] Collecting MarkupSafe==2.1.3 (from -r requirements.txt (line 25)),,0
	2024-03-24T12:56:17.6878893Z,[12:54:50+0000]   Using cached MarkupSafe-2.1.3-cp311-cp311-manylinux_2_17_x86_64.manylinux2014_x86_64.whl.metadata (3.0 kB),,0
	2024-03-24T12:56:17.7317686Z,[12:54:51+0000] Collecting numpy==1.26.4 (from -r requirements.txt (line 26)),,0
	2024-03-24T12:56:17.7531380Z,[12:54:51+0000]   Using cached numpy-1.26.4-cp311-cp311-manylinux_2_17_x86_64.manylinux2014_x86_64.whl.metadata (61 kB),,0
	2024-03-24T12:56:17.7713873Z,[12:54:51+0000] Collecting oauth2client==4.1.3 (from -r requirements.txt (line 27)),,0
	2024-03-24T12:56:17.7831762Z,[12:54:51+0000]   Using cached oauth2client-4.1.3-py2.py3-none-any.whl.metadata (1.2 kB),,0
	2024-03-24T12:56:17.8203930Z,[12:54:51+0000] Collecting oauthlib==3.2.2 (from -r requirements.txt (line 28)),,0
	2024-03-24T12:56:17.8399286Z,[12:54:51+0000]   Using cached oauthlib-3.2.2-py3-none-any.whl.metadata (7.5 kB),,0
	2024-03-24T12:56:17.8684509Z,[12:54:51+0000] Collecting packaging==23.2 (from -r requirements.txt (line 29)),,0
	2024-03-24T12:56:17.9074107Z,[12:54:51+0000]   Using cached packaging-23.2-py3-none-any.whl.metadata (3.2 kB),,0
	2024-03-24T12:56:17.9318390Z,[12:54:52+0000] Collecting pandas==2.2.1 (from -r requirements.txt (line 30)),,0
	2024-03-24T12:56:17.9773189Z,[12:54:52+0000]   Using cached pandas-2.2.1-cp311-cp311-manylinux_2_17_x86_64.manylinux2014_x86_64.whl.metadata (19 kB),,0
	2024-03-24T12:56:18.0182567Z,[12:54:53+0000] Collecting protobuf==4.24.3 (from -r requirements.txt (line 31)),,0
	2024-03-24T12:56:18.1016149Z,[12:54:53+0000]   Using cached protobuf-4.24.3-cp37-abi3-manylinux2014_x86_64.whl.metadata (540 bytes),,0
	2024-03-24T12:56:18.1620148Z,[12:54:53+0000] Collecting pyasn1==0.5.0 (from -r requirements.txt (line 32)),,0
	2024-03-24T12:56:18.2668490Z,[12:54:53+0000]   Using cached pyasn1-0.5.0-py2.py3-none-any.whl.metadata (8.5 kB),,0
	2024-03-24T12:56:18.3085078Z,[12:54:53+0000] Collecting pyasn1-modules==0.3.0 (from -r requirements.txt (line 33)),,0
	2024-03-24T12:56:18.3577969Z,[12:54:53+0000]   Using cached pyasn1_modules-0.3.0-py2.py3-none-any.whl.metadata (3.6 kB),,0
	2024-03-24T12:56:18.4167479Z,[12:54:54+0000] Collecting pyodbc==4.0.39 (from -r requirements.txt (line 34)),,0
	2024-03-24T12:56:18.4853103Z,[12:54:54+0000]   Using cached pyodbc-4.0.39-cp311-cp311-manylinux_2_17_x86_64.manylinux2014_x86_64.whl.metadata (3.2 kB),,0
	2024-03-24T12:56:18.5631060Z,[12:54:54+0000] Collecting pyparsing==3.1.1 (from -r requirements.txt (line 35)),,0
	2024-03-24T12:56:18.5997741Z,[12:54:54+0000]   Using cached pyparsing-3.1.1-py3-none-any.whl.metadata (5.1 kB),,0
	2024-03-24T12:56:18.6693970Z,[12:54:54+0000] Collecting python-dateutil==2.9.0.post0 (from -r requirements.txt (line 36)),,0
	2024-03-24T12:56:18.7108780Z,[12:54:54+0000]   Using cached python_dateutil-2.9.0.post0-py2.py3-none-any.whl.metadata (8.4 kB),,0
	2024-03-24T12:56:18.7388035Z,[12:54:55+0000] Collecting pytz==2024.1 (from -r requirements.txt (line 37)),,0
	2024-03-24T12:56:18.7677779Z,[12:54:55+0000]   Using cached pytz-2024.1-py2.py3-none-any.whl.metadata (22 kB),,0
	2024-03-24T12:56:18.7991056Z,[12:54:55+0000] Collecting requests==2.31.0 (from -r requirements.txt (line 38)),,0
	2024-03-24T12:56:18.8758937Z,[12:54:55+0000]   Using cached requests-2.31.0-py3-none-any.whl.metadata (4.6 kB),,0
	2024-03-24T12:56:18.9333551Z,[12:54:55+0000] Collecting requests-oauthlib==1.3.1 (from -r requirements.txt (line 39)),,0
	2024-03-24T12:56:18.9544405Z,[12:54:55+0000]   Using cached requests_oauthlib-1.3.1-py2.py3-none-any.whl.metadata (10 kB),,0
	2024-03-24T12:56:19.0189227Z,[12:54:56+0000] Collecting rsa==4.9 (from -r requirements.txt (line 40)),,0
	2024-03-24T12:56:19.0319229Z,[12:54:56+0000]   Using cached rsa-4.9-py3-none-any.whl.metadata (4.2 kB),,0
	2024-03-24T12:56:19.0579438Z,[12:54:56+0000] Collecting six==1.16.0 (from -r requirements.txt (line 41)),,0
	2024-03-24T12:56:19.1446329Z,[12:54:56+0000]   Using cached six-1.16.0-py2.py3-none-any.whl.metadata (1.8 kB),,0
	2024-03-24T12:56:19.1759997Z,[12:54:59+0000] Collecting SQLAlchemy==2.0.20 (from -r requirements.txt (line 42)),,0
	2024-03-24T12:56:19.2082696Z,[12:54:59+0000]   Using cached SQLAlchemy-2.0.20-cp311-cp311-manylinux_2_17_x86_64.manylinux2014_x86_64.whl.metadata (9.4 kB),,0
	2024-03-24T12:56:19.2519081Z,[12:54:59+0000] Collecting StrEnum==0.4.15 (from -r requirements.txt (line 43)),,0
	2024-03-24T12:56:19.2740785Z,[12:54:59+0000]   Using cached StrEnum-0.4.15-py3-none-any.whl.metadata (5.3 kB),,0
	2024-03-24T12:56:19.2937565Z,[12:54:59+0000] Collecting typing_extensions==4.7.1 (from -r requirements.txt (line 44)),,0
	2024-03-24T12:56:19.3808588Z,[12:54:59+0000]   Using cached typing_extensions-4.7.1-py3-none-any.whl.metadata (3.1 kB),,0
	2024-03-24T12:56:19.4013382Z,[12:54:59+0000] Collecting tzdata==2024.1 (from -r requirements.txt (line 45)),,0
	2024-03-24T12:56:19.4952452Z,[12:54:59+0000]   Using cached tzdata-2024.1-py2.py3-none-any.whl.metadata (1.4 kB),,0
	2024-03-24T12:56:19.5260731Z,[12:55:00+0000] Collecting uritemplate==4.1.1 (from -r requirements.txt (line 46)),,0
	2024-03-24T12:56:19.5460967Z,[12:55:00+0000]   Using cached uritemplate-4.1.1-py2.py3-none-any.whl.metadata (2.9 kB),,0
	2024-03-24T12:56:19.5659273Z,[12:55:00+0000] Collecting urllib3==1.26.16 (from -r requirements.txt (line 47)),,0
	2024-03-24T12:56:19.5846477Z,[12:55:00+0000]   Using cached urllib3-1.26.16-py2.py3-none-any.whl.metadata (48 kB),,0
	2024-03-24T12:56:19.6358605Z,[12:55:00+0000] Collecting Werkzeug==2.3.7 (from -r requirements.txt (line 48)),,0
	2024-03-24T12:56:19.6821829Z,[12:55:00+0000]   Using cached werkzeug-2.3.7-py3-none-any.whl.metadata (4.1 kB),,0
	2024-03-24T12:56:19.7077007Z,[12:55:01+0000] Collecting zope.interface==6.2 (from -r requirements.txt (line 49)),,0
	2024-03-24T12:56:19.7288054Z,[12:55:01+0000]   Using cached zope.interface-6.2-cp311-cp311-manylinux_2_5_x86_64.manylinux1_x86_64.manylinux_2_17_x86_64.manylinux2014_x86_64.whl.metadata (41 kB),,0
	2024-03-24T12:56:19.7567804Z,[12:55:08+0000] Requirement already satisfied: setuptools in ./antenv/lib/python3.11/site-packages (from zope.interface==6.2->-r requirements.txt (line 49)) (65.5.0),,0
	2024-03-24T12:56:19.8175845Z,[12:55:08+0000] Using cached blinker-1.6.2-py3-none-any.whl (13 kB),,0
	2024-03-24T12:56:19.8835915Z,[12:55:08+0000] Using cached cachetools-5.3.1-py3-none-any.whl (9.3 kB),,0
	2024-03-24T12:56:19.9219580Z,[12:55:08+0000] Using cached certifi-2023.7.22-py3-none-any.whl (158 kB),,0
	2024-03-24T12:56:19.9819341Z,[12:55:09+0000] Using cached charset_normalizer-3.2.0-cp311-cp311-manylinux_2_17_x86_64.manylinux2014_x86_64.whl (199 kB),,0
	2024-03-24T12:56:20.0123568Z,[12:55:09+0000] Using cached click-8.1.7-py3-none-any.whl (97 kB),,0
	2024-03-24T12:56:20.0487738Z,[12:55:09+0000] Using cached colorama-0.4.6-py2.py3-none-any.whl (25 kB),,0
	2024-03-24T12:56:20.0807593Z,[12:55:09+0000] Using cached config-0.5.1-py2.py3-none-any.whl (20 kB),,0
	2024-03-24T12:56:20.1079957Z,[12:55:09+0000] Using cached DateTime-5.4-py3-none-any.whl (52 kB),,0
	2024-03-24T12:56:20.1363552Z,[12:55:09+0000] Using cached Flask-2.3.2-py3-none-any.whl (96 kB),,0
	2024-03-24T12:56:20.1854934Z,[12:55:09+0000] Using cached Flask_Cors-4.0.0-py2.py3-none-any.whl (14 kB),,0
	2024-03-24T12:56:20.2073231Z,[12:55:09+0000] Using cached flask_sqlalchemy-3.0.5-py3-none-any.whl (24 kB),,0
	2024-03-24T12:56:20.2381487Z,[12:55:09+0000] Using cached google_api_core-2.11.1-py3-none-any.whl (120 kB),,0
	2024-03-24T12:56:20.2562475Z,[12:55:09+0000] Using cached google_api_python_client-2.100.0-py2.py3-none-any.whl (12.2 MB),,0
	2024-03-24T12:56:20.2681681Z,[12:55:09+0000] Using cached google_auth-2.23.0-py2.py3-none-any.whl (181 kB),,0
	2024-03-24T12:56:20.2842480Z,[12:55:09+0000] Using cached google_auth_httplib2-0.1.1-py2.py3-none-any.whl (9.3 kB),,0
	2024-03-24T12:56:20.3130072Z,[12:55:09+0000] Using cached google_auth_oauthlib-1.1.0-py2.py3-none-any.whl (19 kB),,0
	2024-03-24T12:56:20.3678508Z,[12:55:09+0000] Using cached googleapis_common_protos-1.60.0-py2.py3-none-any.whl (227 kB),,0
	2024-03-24T12:56:20.4195649Z,[12:55:09+0000] Using cached greenlet-2.0.2-cp311-cp311-manylinux_2_17_x86_64.manylinux2014_x86_64.whl (618 kB),,0
	2024-03-24T12:56:20.4856219Z,[12:55:09+0000] Using cached gspread-5.11.2-py3-none-any.whl (46 kB),,0
	2024-03-24T12:56:20.5069073Z,[12:55:09+0000] Using cached gunicorn-21.2.0-py3-none-any.whl (80 kB),,0
	2024-03-24T12:56:20.5259986Z,[12:55:09+0000] Using cached httplib2-0.22.0-py3-none-any.whl (96 kB),,0
	2024-03-24T12:56:20.5529983Z,[12:55:09+0000] Using cached idna-3.4-py3-none-any.whl (61 kB),,0
	2024-03-24T12:56:20.5856740Z,[12:55:09+0000] Using cached itsdangerous-2.1.2-py3-none-any.whl (15 kB),,0
	2024-03-24T12:56:20.6331407Z,[12:55:09+0000] Using cached Jinja2-3.1.2-py3-none-any.whl (133 kB),,0
	2024-03-24T12:56:20.6708090Z,[12:55:09+0000] Using cached MarkupSafe-2.1.3-cp311-cp311-manylinux_2_17_x86_64.manylinux2014_x86_64.whl (28 kB),,0
	2024-03-24T12:56:20.6999566Z,[12:55:09+0000] Using cached numpy-1.26.4-cp311-cp311-manylinux_2_17_x86_64.manylinux2014_x86_64.whl (18.3 MB),,0
	2024-03-24T12:56:20.7296126Z,[12:55:09+0000] Using cached oauth2client-4.1.3-py2.py3-none-any.whl (98 kB),,0
	2024-03-24T12:56:20.7690530Z,[12:55:09+0000] Using cached oauthlib-3.2.2-py3-none-any.whl (151 kB),,0
	2024-03-24T12:56:20.8078615Z,[12:55:09+0000] Using cached packaging-23.2-py3-none-any.whl (53 kB),,0
	2024-03-24T12:56:20.8458847Z,[12:55:09+0000] Using cached pandas-2.2.1-cp311-cp311-manylinux_2_17_x86_64.manylinux2014_x86_64.whl (13.0 MB),,0
	2024-03-24T12:56:20.8650545Z,[12:55:10+0000] Using cached protobuf-4.24.3-cp37-abi3-manylinux2014_x86_64.whl (311 kB),,0
	2024-03-24T12:56:20.8763297Z,[12:55:10+0000] Using cached pyasn1-0.5.0-py2.py3-none-any.whl (83 kB),,0
	2024-03-24T12:56:20.8875341Z,[12:55:10+0000] Using cached pyasn1_modules-0.3.0-py2.py3-none-any.whl (181 kB),,0
	2024-03-24T12:56:20.9143521Z,[12:55:10+0000] Using cached pyodbc-4.0.39-cp311-cp311-manylinux_2_17_x86_64.manylinux2014_x86_64.whl (352 kB),,0
	2024-03-24T12:56:20.9524395Z,[12:55:10+0000] Using cached pyparsing-3.1.1-py3-none-any.whl (103 kB),,0
	2024-03-24T12:56:20.9826761Z,[12:55:10+0000] Using cached python_dateutil-2.9.0.post0-py2.py3-none-any.whl (229 kB),,0
	2024-03-24T12:56:21.0201835Z,[12:55:10+0000] Using cached pytz-2024.1-py2.py3-none-any.whl (505 kB),,0
	2024-03-24T12:56:21.0402219Z,[12:55:10+0000] Using cached requests-2.31.0-py3-none-any.whl (62 kB),,0
	2024-03-24T12:56:21.0692571Z,[12:55:10+0000] Using cached requests_oauthlib-1.3.1-py2.py3-none-any.whl (23 kB),,0
	2024-03-24T12:56:21.0809515Z,[12:55:10+0000] Using cached rsa-4.9-py3-none-any.whl (34 kB),,0
	2024-03-24T12:56:21.1089044Z,[12:55:10+0000] Using cached six-1.16.0-py2.py3-none-any.whl (11 kB),,0
	2024-03-24T12:56:21.1283356Z,[12:55:10+0000] Using cached SQLAlchemy-2.0.20-cp311-cp311-manylinux_2_17_x86_64.manylinux2014_x86_64.whl (3.2 MB),,0
	2024-03-24T12:56:21.1950058Z,[12:55:10+0000] Using cached StrEnum-0.4.15-py3-none-any.whl (8.9 kB),,0
	2024-03-24T12:56:21.2163230Z,[12:55:10+0000] Using cached typing_extensions-4.7.1-py3-none-any.whl (33 kB),,0
	2024-03-24T12:56:21.2369525Z,[12:55:10+0000] Using cached tzdata-2024.1-py2.py3-none-any.whl (345 kB),,0
	2024-03-24T12:56:21.2552061Z,[12:55:10+0000] Using cached uritemplate-4.1.1-py2.py3-none-any.whl (10 kB),,0
	2024-03-24T12:56:21.2663247Z,[12:55:10+0000] Using cached urllib3-1.26.16-py2.py3-none-any.whl (143 kB),,0
	2024-03-24T12:56:21.2917197Z,[12:55:10+0000] Using cached werkzeug-2.3.7-py3-none-any.whl (242 kB),,0
	2024-03-24T12:56:21.3131683Z,[12:55:10+0000] Using cached zope.interface-6.2-cp311-cp311-manylinux_2_5_x86_64.manylinux1_x86_64.manylinux_2_17_x86_64.manylinux2014_x86_64.whl (249 kB),,0
	2024-03-24T12:56:21.3494969Z,[12:55:12+0000] Installing collected packages: StrEnum&comma; pytz&comma; config&comma; zope.interface&comma; urllib3&comma; uritemplate&comma; tzdata&comma; typing_extensions&comma; six&comma; pyparsing&comma; pyodbc&comma; pyasn1&comma; protobuf&comma; packaging&comma; oauthlib&comma; numpy&comma; MarkupSafe&comma; itsdangerous&comma; idna&comma; greenlet&comma; colorama&comma; click&comma; charset-normalizer&comma; certifi&comma; cachetools&comma; blinker&comma; Werkzeug&comma; SQLAlchemy&comma; rsa&comma; requests&comma; python-dateutil&comma; pyasn1-modules&comma; Jinja2&comma; httplib2&comma; gunicorn&comma; googleapis-common-protos&comma; DateTime&comma; requests-oauthlib&comma; pandas&comma; oauth2client&comma; google-auth&comma; Flask&comma; google-auth-oauthlib&comma; google-auth-httplib2&comma; google-api-core&comma; Flask-SQLAlchemy&comma; Flask-Cors&comma; gspread&comma; google-api-python-client,,0
	2024-03-24T12:56:21.3787068Z,[12:56:13+0000] Successfully installed DateTime-5.4 Flask-2.3.2 Flask-Cors-4.0.0 Flask-SQLAlchemy-3.0.5 Jinja2-3.1.2 MarkupSafe-2.1.3 SQLAlchemy-2.0.20 StrEnum-0.4.15 Werkzeug-2.3.7 blinker-1.6.2 cachetools-5.3.1 certifi-2023.7.22 charset-normalizer-3.2.0 click-8.1.7 colorama-0.4.6 config-0.5.1 google-api-core-2.11.1 google-api-python-client-2.100.0 google-auth-2.23.0 google-auth-httplib2-0.1.1 google-auth-oauthlib-1.1.0 googleapis-common-protos-1.60.0 greenlet-2.0.2 gspread-5.11.2 gunicorn-21.2.0 httplib2-0.22.0 idna-3.4 itsdangerous-2.1.2 numpy-1.26.4 oauth2client-4.1.3 oauthlib-3.2.2 packaging-23.2 pandas-2.2.1 protobuf-4.24.3 pyasn1-0.5.0 pyasn1-modules-0.3.0 pyodbc-4.0.39 pyparsing-3.1.1 python-dateutil-2.9.0.post0 pytz-2024.1 requests-2.31.0 requests-oauthlib-1.3.1 rsa-4.9 six-1.16.0 typing_extensions-4.7.1 tzdata-2024.1 uritemplate-4.1.1 urllib3-1.26.16 zope.interface-6.2,,0
	2024-03-24T12:56:21.4083068Z,Not a vso image&comma; so not writing build commands,,0
	2024-03-24T12:56:21.4636439Z,Preparing output...,,0
	2024-03-24T12:56:22.6170072Z,,,0
	2024-03-24T12:56:22.6452569Z,Copying files to destination directory '/tmp/_preCompressedDestinationDir'...,,0
	2024-03-24T12:56:40.7891476Z,Done in 18 sec(s).,,0
	2024-03-24T12:56:40.8316689Z,Compressing content of directory '/tmp/_preCompressedDestinationDir'...,,0
	2024-03-24T12:58:06.3430651Z,Copied the compressed output to '/home/site/wwwroot',,0
	2024-03-24T12:58:06.4122867Z,,,0
	2024-03-24T12:58:06.4249588Z,Removing existing manifest file,,0
	2024-03-24T12:58:06.4417634Z,Creating a manifest file...,,0
	2024-03-24T12:58:06.4840635Z,Manifest file created.,,0
	2024-03-24T12:58:06.5790846Z,Copying .ostype to manifest output directory.,,0
	2024-03-24T12:58:06.6967209Z,,,0
	2024-03-24T12:58:06.7241446Z,Done in 221 sec(s).,,0
2024-03-24T12:58:07.4425465Z,Running post deployment command(s)...,00beb443-bdad-42b3-ab52-e73a201bdaf5,0
2024-03-24T12:58:07.5193351Z,,760d0906-9d4b-4048-bb7b-ff6816b75078,0
2024-03-24T12:58:07.5865668Z,Generating summary of Oryx build,2d765d3f-af05-4753-9f22-db73a83681b0,0
2024-03-24T12:58:07.7280592Z,Parsing the build logs,6f7ac5a0-0ffe-4777-96b1-fb629bfe0d6f,0
2024-03-24T12:58:07.8116832Z,Found 0 issue(s),81e0e0b6-4b64-4fc4-9bb5-8b973a91e266,0
2024-03-24T12:58:07.8709892Z,,54d62f83-2516-4cf2-ab61-c4e58f10bfa6,0
2024-03-24T12:58:07.9277213Z,Build Summary :,f46262fa-0498-43fa-b244-3e1c27f4fc6a,0
2024-03-24T12:58:08.0031205Z,===============,5e4d217d-b675-48a4-b2b5-45d144ece16a,0
2024-03-24T12:58:08.0682089Z,Errors (0),e5d257c9-dd2e-4cf2-a44c-4d0019baa140,0
2024-03-24T12:58:08.1380780Z,Warnings (0),8e486328-3ce0-4b61-9b2b-23f8356368e6,0
2024-03-24T12:58:08.2074265Z,,2a944302-edb9-46b1-ad05-279b54e0bdcf,0
2024-03-24T12:58:08.3161525Z,Triggering recycle (preview mode disabled).,3c5ba039-153c-47d9-aba1-62787eae454f,0
2024-03-24T12:58:08.4767566Z,Deployment successful. deployer = GITHUB_ZIP_DEPLOY deploymentPath = ZipDeploy. Extract zip. Remote build.,58d8f2de-883e-41cb-907b-dffd7e2aad98,0
